TpTrace Verbose: 0 : 28480, 1, 2024/10/24, 16:16:26.241, 5114970186726, vstest.console.dll, Version: 17.11.1-release-24455-02 Current process architecture: X64
TpTrace Verbose: 0 : 28480, 1, 2024/10/24, 16:16:26.243, 5114970209370, vstest.console.dll, Runtime location: C:\Program Files\dotnet\shared\Microsoft.NETCore.App\8.0.10
TpTrace Verbose: 0 : 28480, 1, 2024/10/24, 16:16:26.247, 5114970243422, vstest.console.dll, ArtifactProcessingPostProcessModeProcessorExecutor.Initialize: ArtifactProcessingMode.Collect
TpTrace Verbose: 0 : 28480, 1, 2024/10/24, 16:16:26.247, 5114970244870, vstest.console.dll, TestSessionCorrelationIdProcessorModeProcessorExecutor.Initialize: TestSessionCorrelationId '28384_4ad60f15-22c2-46fd-a8f1-56db0879c489'
TpTrace Information: 0 : 28480, 1, 2024/10/24, 16:16:26.299, 5114970770357, vstest.console.dll, FilePatternParser: The given file C:\Users\sandeep.kumar\source\repos\LifeInsuranceApplication\LifeInsuranceTests\bin\Debug\net8.0\fine-code-coverage\build-output\LifeInsuranceTests.dll is a full path.
TpTrace Verbose: 0 : 28480, 1, 2024/10/24, 16:16:26.306, 5114970837820, vstest.console.dll, TestPluginCache.DiscoverTestExtensions: finding test extensions in assemblies ends with: RuntimeProvider.dll TPluginInfo: Microsoft.VisualStudio.TestPlatform.Common.ExtensionFramework.Utilities.TestRuntimePluginInformation TExtension: Microsoft.VisualStudio.TestPlatform.ObjectModel.Host.ITestRuntimeProvider
TpTrace Verbose: 0 : 28480, 1, 2024/10/24, 16:16:26.306, 5114970841762, vstest.console.dll, TestPluginCache.GetExtensionPaths: Filtered extension paths: 
TpTrace Verbose: 0 : 28480, 1, 2024/10/24, 16:16:26.307, 5114970842638, vstest.console.dll, TestPluginCache.GetExtensionPaths: Added default extension paths: C:\Program Files\dotnet\sdk\8.0.403\Extensions\Microsoft.Diagnostics.NETCore.Client.dll
C:\Program Files\dotnet\sdk\8.0.403\Extensions\Microsoft.TestPlatform.Extensions.BlameDataCollector.dll
C:\Program Files\dotnet\sdk\8.0.403\Extensions\Microsoft.TestPlatform.Extensions.EventLogCollector.dll
C:\Program Files\dotnet\sdk\8.0.403\Extensions\Microsoft.TestPlatform.TestHostRuntimeProvider.dll
C:\Program Files\dotnet\sdk\8.0.403\Extensions\Microsoft.VisualStudio.TestPlatform.Extensions.Html.TestLogger.dll
C:\Program Files\dotnet\sdk\8.0.403\Extensions\Microsoft.VisualStudio.TestPlatform.Extensions.Trx.TestLogger.dll
TpTrace Verbose: 0 : 28480, 1, 2024/10/24, 16:16:26.307, 5114970843109, vstest.console.dll, TestPluginCache.GetExtensionPaths: Added unfilterableExtensionPaths: 
TpTrace Information: 0 : 28480, 1, 2024/10/24, 16:16:26.307, 5114970848180, vstest.console.dll, AssemblyResolver.ctor: Creating AssemblyResolver with searchDirectories C:\Program Files\dotnet\sdk\8.0.403\Extensions,C:\Program Files\dotnet\sdk\8.0.403
TpTrace Verbose: 0 : 28480, 1, 2024/10/24, 16:16:26.310, 5114970872374, vstest.console.dll, TestPluginCache.DiscoverTestExtensions: Discovering the extensions using extension path.
TpTrace Verbose: 0 : 28480, 1, 2024/10/24, 16:16:26.310, 5114970874003, vstest.console.dll, TestPluginCache.GetExtensionPaths: Filtered extension paths: 
TpTrace Verbose: 0 : 28480, 1, 2024/10/24, 16:16:26.310, 5114970874515, vstest.console.dll, TestPluginCache.GetExtensionPaths: Added default extension paths: C:\Program Files\dotnet\sdk\8.0.403\Extensions\Microsoft.Diagnostics.NETCore.Client.dll
C:\Program Files\dotnet\sdk\8.0.403\Extensions\Microsoft.TestPlatform.Extensions.BlameDataCollector.dll
C:\Program Files\dotnet\sdk\8.0.403\Extensions\Microsoft.TestPlatform.Extensions.EventLogCollector.dll
C:\Program Files\dotnet\sdk\8.0.403\Extensions\Microsoft.TestPlatform.TestHostRuntimeProvider.dll
C:\Program Files\dotnet\sdk\8.0.403\Extensions\Microsoft.VisualStudio.TestPlatform.Extensions.Html.TestLogger.dll
C:\Program Files\dotnet\sdk\8.0.403\Extensions\Microsoft.VisualStudio.TestPlatform.Extensions.Trx.TestLogger.dll
TpTrace Verbose: 0 : 28480, 1, 2024/10/24, 16:16:26.310, 5114970874859, vstest.console.dll, TestPluginCache.GetExtensionPaths: Added unfilterableExtensionPaths: 
TpTrace Verbose: 0 : 28480, 1, 2024/10/24, 16:16:26.310, 5114970875523, vstest.console.dll, TestPluginCache.DiscoverTestExtensions: Discovering the extensions using allExtensionPaths: C:\Program Files\dotnet\sdk\8.0.403\Extensions\Microsoft.Diagnostics.NETCore.Client.dll
C:\Program Files\dotnet\sdk\8.0.403\Extensions\Microsoft.TestPlatform.Extensions.BlameDataCollector.dll
C:\Program Files\dotnet\sdk\8.0.403\Extensions\Microsoft.TestPlatform.Extensions.EventLogCollector.dll
C:\Program Files\dotnet\sdk\8.0.403\Extensions\Microsoft.TestPlatform.TestHostRuntimeProvider.dll
C:\Program Files\dotnet\sdk\8.0.403\Extensions\Microsoft.VisualStudio.TestPlatform.Extensions.Html.TestLogger.dll
C:\Program Files\dotnet\sdk\8.0.403\Extensions\Microsoft.VisualStudio.TestPlatform.Extensions.Trx.TestLogger.dll
TpTrace Information: 0 : 28480, 1, 2024/10/24, 16:16:26.310, 5114970877190, vstest.console.dll, AssemblyResolver.AddSearchDirectories: Adding more searchDirectories C:\Program Files\dotnet\sdk\8.0.403\Extensions,C:\Program Files\dotnet\sdk\8.0.403
TpTrace Information: 0 : 28480, 1, 2024/10/24, 16:16:26.310, 5114970877862, vstest.console.dll, AssemblyResolver.AddSearchDirectories: Adding more searchDirectories C:\Program Files\dotnet\sdk\8.0.403\Extensions,C:\Program Files\dotnet\sdk\8.0.403
TpTrace Information: 0 : 28480, 1, 2024/10/24, 16:16:26.310, 5114970878180, vstest.console.dll, AssemblyResolver.AddSearchDirectories: Adding more searchDirectories C:\Program Files\dotnet\sdk\8.0.403\Extensions,C:\Program Files\dotnet\sdk\8.0.403
TpTrace Information: 0 : 28480, 1, 2024/10/24, 16:16:26.310, 5114970879493, vstest.console.dll, AssemblyResolver.AddSearchDirectories: Adding more searchDirectories C:\Program Files\dotnet\sdk\8.0.403\Extensions,C:\Program Files\dotnet\sdk\8.0.403
TpTrace Information: 0 : 28480, 1, 2024/10/24, 16:16:26.310, 5114970879888, vstest.console.dll, AssemblyResolver.AddSearchDirectories: Adding more searchDirectories C:\Program Files\dotnet\sdk\8.0.403\Extensions,C:\Program Files\dotnet\sdk\8.0.403
TpTrace Information: 0 : 28480, 1, 2024/10/24, 16:16:26.310, 5114970880531, vstest.console.dll, AssemblyResolver.AddSearchDirectories: Adding more searchDirectories C:\Program Files\dotnet\sdk\8.0.403\Extensions,C:\Program Files\dotnet\sdk\8.0.403
TpTrace Information: 0 : 28480, 1, 2024/10/24, 16:16:26.311, 5114970884682, vstest.console.dll, AssemblyResolver.OnResolve: Microsoft.Diagnostics.NETCore.Client: Resolving assembly.
TpTrace Information: 0 : 28480, 1, 2024/10/24, 16:16:26.311, 5114970885764, vstest.console.dll, AssemblyResolver.OnResolve: Microsoft.Diagnostics.NETCore.Client: Searching in: 'C:\Program Files\dotnet\sdk\8.0.403\Extensions'.
TpTrace Information: 0 : 28480, 1, 2024/10/24, 16:16:26.323, 5114971009453, vstest.console.dll, AssemblyResolver.OnResolve: Microsoft.Diagnostics.NETCore.Client: Loading assembly 'C:\Program Files\dotnet\sdk\8.0.403\Extensions\Microsoft.Diagnostics.NETCore.Client.dll'.
TpTrace Information: 0 : 28480, 1, 2024/10/24, 16:16:26.325, 5114971023588, vstest.console.dll, AssemblyResolver.OnResolve: Resolved assembly: Microsoft.Diagnostics.NETCore.Client, from path: C:\Program Files\dotnet\sdk\8.0.403\Extensions\Microsoft.Diagnostics.NETCore.Client.dll
TpTrace Verbose: 0 : 28480, 1, 2024/10/24, 16:16:26.329, 5114971069476, vstest.console.dll, MetadataReaderExtensionsHelper: Discovering extensions inside assembly 'Microsoft.Diagnostics.NETCore.Client, Version=0.2.10.30701, Culture=neutral, PublicKeyToken=31bf3856ad364e35' file path 'C:\Program Files\dotnet\sdk\8.0.403\Extensions\Microsoft.Diagnostics.NETCore.Client.dll'
TpTrace Information: 0 : 28480, 1, 2024/10/24, 16:16:26.337, 5114971143465, vstest.console.dll, AssemblyResolver.OnResolve: Microsoft.Bcl.AsyncInterfaces: Resolving assembly.
TpTrace Information: 0 : 28480, 1, 2024/10/24, 16:16:26.337, 5114971144433, vstest.console.dll, AssemblyResolver.OnResolve: Microsoft.Bcl.AsyncInterfaces: Searching in: 'C:\Program Files\dotnet\sdk\8.0.403\Extensions'.
TpTrace Information: 0 : 28480, 1, 2024/10/24, 16:16:26.337, 5114971145185, vstest.console.dll, AssemblyResolver.OnResolve: Microsoft.Bcl.AsyncInterfaces: Assembly path does not exist: 'C:\Program Files\dotnet\sdk\8.0.403\Extensions\Microsoft.Bcl.AsyncInterfaces.dll', returning.
TpTrace Information: 0 : 28480, 1, 2024/10/24, 16:16:26.337, 5114971146161, vstest.console.dll, AssemblyResolver.OnResolve: Microsoft.Bcl.AsyncInterfaces: Assembly path does not exist: 'C:\Program Files\dotnet\sdk\8.0.403\Extensions\Microsoft.Bcl.AsyncInterfaces.exe', returning.
TpTrace Information: 0 : 28480, 1, 2024/10/24, 16:16:26.337, 5114971146538, vstest.console.dll, AssemblyResolver.OnResolve: Microsoft.Bcl.AsyncInterfaces: Searching in: 'C:\Program Files\dotnet\sdk\8.0.403'.
TpTrace Information: 0 : 28480, 1, 2024/10/24, 16:16:26.337, 5114971147178, vstest.console.dll, AssemblyResolver.OnResolve: Microsoft.Bcl.AsyncInterfaces: Assembly path does not exist: 'C:\Program Files\dotnet\sdk\8.0.403\Microsoft.Bcl.AsyncInterfaces.dll', returning.
TpTrace Information: 0 : 28480, 1, 2024/10/24, 16:16:26.337, 5114971147745, vstest.console.dll, AssemblyResolver.OnResolve: Microsoft.Bcl.AsyncInterfaces: Assembly path does not exist: 'C:\Program Files\dotnet\sdk\8.0.403\Microsoft.Bcl.AsyncInterfaces.exe', returning.
TpTrace Information: 0 : 28480, 1, 2024/10/24, 16:16:26.337, 5114971148038, vstest.console.dll, AssemblyResolver.OnResolve: Microsoft.Bcl.AsyncInterfaces: Failed to load assembly.
TpTrace Verbose: 0 : 28480, 1, 2024/10/24, 16:16:26.337, 5114971148397, vstest.console.dll, CurrentDomainAssemblyResolve: Resolving assembly 'Microsoft.Bcl.AsyncInterfaces'.
TpTrace Information: 0 : 28480, 1, 2024/10/24, 16:16:26.337, 5114971148949, vstest.console.dll, AssemblyResolver.OnResolve: Microsoft.Bcl.AsyncInterfaces: Resolving assembly.
TpTrace Information: 0 : 28480, 1, 2024/10/24, 16:16:26.337, 5114971149320, vstest.console.dll, AssemblyResolver.OnResolve: Microsoft.Bcl.AsyncInterfaces: Resolved from cache.
TpTrace Verbose: 0 : 28480, 1, 2024/10/24, 16:16:26.337, 5114971149644, vstest.console.dll, CurrentDomainAssemblyResolve: Resolving assembly 'Microsoft.Bcl.AsyncInterfaces'.
TpTrace Verbose: 0 : 28480, 1, 2024/10/24, 16:16:26.337, 5114971150823, vstest.console.dll, CurrentDomainAssemblyResolve: Failed to resolve assembly 'Microsoft.Bcl.AsyncInterfaces'.
TpTrace Verbose: 0 : 28480, 1, 2024/10/24, 16:16:26.339, 5114971169793, vstest.console.dll, CurrentDomainAssemblyResolve: Failed to resolve assembly 'Microsoft.Bcl.AsyncInterfaces'.
TpTrace Warning: 0 : 28480, 1, 2024/10/24, 16:16:26.353, 5114971303683, vstest.console.dll, TestPluginDiscoverer: Failed to get types from assembly 'Microsoft.Diagnostics.NETCore.Client, Version=0.2.10.30701, Culture=neutral, PublicKeyToken=31bf3856ad364e35'. Error: System.Reflection.ReflectionTypeLoadException: Unable to load one or more of the requested types.
Could not load file or assembly 'Microsoft.Bcl.AsyncInterfaces, Version=6.0.0.0, Culture=neutral, PublicKeyToken=cc7b13ffcd2ddd51'. The system cannot find the file specified.
   at System.Reflection.RuntimeModule.GetTypes(RuntimeModule module)
   at System.Reflection.RuntimeModule.GetTypes()
   at Microsoft.VisualStudio.TestPlatform.Common.ExtensionFramework.TestPluginDiscoverer.GetTestExtensionsFromAssembly[TPluginInfo,TExtension](Assembly assembly, Dictionary`2 pluginInfos, String filePath) in /_/src/Microsoft.TestPlatform.Common/ExtensionFramework/TestPluginDiscoverer.cs:line 158
System.IO.FileNotFoundException: Could not load file or assembly 'Microsoft.Bcl.AsyncInterfaces, Version=6.0.0.0, Culture=neutral, PublicKeyToken=cc7b13ffcd2ddd51'. The system cannot find the file specified.
File name: 'Microsoft.Bcl.AsyncInterfaces, Version=6.0.0.0, Culture=neutral, PublicKeyToken=cc7b13ffcd2ddd51'
 ---> System.IO.FileNotFoundException: Could not load file or assembly 'Microsoft.Bcl.AsyncInterfaces, Culture=neutral, PublicKeyToken=null'. The system cannot find the file specified.
File name: 'Microsoft.Bcl.AsyncInterfaces, Culture=neutral, PublicKeyToken=null'
   at System.Reflection.RuntimeAssembly.InternalLoad(AssemblyName assemblyName, StackCrawlMark& stackMark, AssemblyLoadContext assemblyLoadContext, RuntimeAssembly requestingAssembly, Boolean throwOnFileNotFound)
   at System.Reflection.Assembly.Load(AssemblyName assemblyRef)
   at Microsoft.VisualStudio.TestPlatform.Common.ExtensionFramework.TestPluginCache.CurrentDomainAssemblyResolve(Object sender, AssemblyResolveEventArgs args) in /_/src/Microsoft.TestPlatform.Common/ExtensionFramework/TestPluginCache.cs:line 513
   at System.Runtime.Loader.AssemblyLoadContext.GetFirstResolvedAssemblyFromResolvingEvent(AssemblyName assemblyName)
   at System.Runtime.Loader.AssemblyLoadContext.ResolveUsingEvent(AssemblyName assemblyName)
   at System.Runtime.Loader.AssemblyLoadContext.ResolveUsingResolvingEvent(IntPtr gchManagedAssemblyLoadContext, AssemblyName assemblyName)
TpTrace Warning: 0 : 28480, 1, 2024/10/24, 16:16:26.353, 5114971306952, vstest.console.dll, LoaderExceptions: System.IO.FileNotFoundException: Could not load file or assembly 'Microsoft.Bcl.AsyncInterfaces, Version=6.0.0.0, Culture=neutral, PublicKeyToken=cc7b13ffcd2ddd51'. The system cannot find the file specified.
File name: 'Microsoft.Bcl.AsyncInterfaces, Version=6.0.0.0, Culture=neutral, PublicKeyToken=cc7b13ffcd2ddd51'
 ---> System.IO.FileNotFoundException: Could not load file or assembly 'Microsoft.Bcl.AsyncInterfaces, Culture=neutral, PublicKeyToken=null'. The system cannot find the file specified.
File name: 'Microsoft.Bcl.AsyncInterfaces, Culture=neutral, PublicKeyToken=null'
   at System.Reflection.RuntimeAssembly.InternalLoad(AssemblyName assemblyName, StackCrawlMark& stackMark, AssemblyLoadContext assemblyLoadContext, RuntimeAssembly requestingAssembly, Boolean throwOnFileNotFound)
   at System.Reflection.Assembly.Load(AssemblyName assemblyRef)
   at Microsoft.VisualStudio.TestPlatform.Common.ExtensionFramework.TestPluginCache.CurrentDomainAssemblyResolve(Object sender, AssemblyResolveEventArgs args) in /_/src/Microsoft.TestPlatform.Common/ExtensionFramework/TestPluginCache.cs:line 513
   at System.Runtime.Loader.AssemblyLoadContext.GetFirstResolvedAssemblyFromResolvingEvent(AssemblyName assemblyName)
   at System.Runtime.Loader.AssemblyLoadContext.ResolveUsingEvent(AssemblyName assemblyName)
   at System.Runtime.Loader.AssemblyLoadContext.ResolveUsingResolvingEvent(IntPtr gchManagedAssemblyLoadContext, AssemblyName assemblyName)
TpTrace Information: 0 : 28480, 1, 2024/10/24, 16:16:26.353, 5114971308173, vstest.console.dll, AssemblyResolver.OnResolve: Microsoft.TestPlatform.Extensions.BlameDataCollector: Resolving assembly.
TpTrace Information: 0 : 28480, 1, 2024/10/24, 16:16:26.353, 5114971308580, vstest.console.dll, AssemblyResolver.OnResolve: Microsoft.TestPlatform.Extensions.BlameDataCollector: Searching in: 'C:\Program Files\dotnet\sdk\8.0.403\Extensions'.
TpTrace Information: 0 : 28480, 1, 2024/10/24, 16:16:26.354, 5114971317881, vstest.console.dll, AssemblyResolver.OnResolve: Microsoft.TestPlatform.Extensions.BlameDataCollector: Loading assembly 'C:\Program Files\dotnet\sdk\8.0.403\Extensions\Microsoft.TestPlatform.Extensions.BlameDataCollector.dll'.
TpTrace Information: 0 : 28480, 1, 2024/10/24, 16:16:26.355, 5114971330478, vstest.console.dll, AssemblyResolver.OnResolve: Resolved assembly: Microsoft.TestPlatform.Extensions.BlameDataCollector, from path: C:\Program Files\dotnet\sdk\8.0.403\Extensions\Microsoft.TestPlatform.Extensions.BlameDataCollector.dll
TpTrace Verbose: 0 : 28480, 1, 2024/10/24, 16:16:26.355, 5114971331236, vstest.console.dll, MetadataReaderExtensionsHelper: Discovering extensions inside assembly 'Microsoft.TestPlatform.Extensions.BlameDataCollector, Version=15.0.0.0, Culture=neutral, PublicKeyToken=b03f5f7f11d50a3a' file path 'C:\Program Files\dotnet\sdk\8.0.403\Extensions\Microsoft.TestPlatform.Extensions.BlameDataCollector.dll'
TpTrace Information: 0 : 28480, 1, 2024/10/24, 16:16:26.357, 5114971346634, vstest.console.dll, AssemblyResolver.OnResolve: Microsoft.TestPlatform.Extensions.EventLogCollector: Resolving assembly.
TpTrace Information: 0 : 28480, 1, 2024/10/24, 16:16:26.357, 5114971347322, vstest.console.dll, AssemblyResolver.OnResolve: Microsoft.TestPlatform.Extensions.EventLogCollector: Searching in: 'C:\Program Files\dotnet\sdk\8.0.403\Extensions'.
TpTrace Information: 0 : 28480, 1, 2024/10/24, 16:16:26.358, 5114971357082, vstest.console.dll, AssemblyResolver.OnResolve: Microsoft.TestPlatform.Extensions.EventLogCollector: Loading assembly 'C:\Program Files\dotnet\sdk\8.0.403\Extensions\Microsoft.TestPlatform.Extensions.EventLogCollector.dll'.
TpTrace Information: 0 : 28480, 1, 2024/10/24, 16:16:26.360, 5114971375313, vstest.console.dll, AssemblyResolver.OnResolve: Resolved assembly: Microsoft.TestPlatform.Extensions.EventLogCollector, from path: C:\Program Files\dotnet\sdk\8.0.403\Extensions\Microsoft.TestPlatform.Extensions.EventLogCollector.dll
TpTrace Verbose: 0 : 28480, 1, 2024/10/24, 16:16:26.360, 5114971376336, vstest.console.dll, MetadataReaderExtensionsHelper: Discovering extensions inside assembly 'Microsoft.TestPlatform.Extensions.EventLogCollector, Version=15.0.0.0, Culture=neutral, PublicKeyToken=b03f5f7f11d50a3a' file path 'C:\Program Files\dotnet\sdk\8.0.403\Extensions\Microsoft.TestPlatform.Extensions.EventLogCollector.dll'
TpTrace Information: 0 : 28480, 1, 2024/10/24, 16:16:26.365, 5114971429681, vstest.console.dll, AssemblyResolver.OnResolve: Microsoft.TestPlatform.TestHostRuntimeProvider: Resolving assembly.
TpTrace Information: 0 : 28480, 1, 2024/10/24, 16:16:26.365, 5114971430590, vstest.console.dll, AssemblyResolver.OnResolve: Microsoft.TestPlatform.TestHostRuntimeProvider: Searching in: 'C:\Program Files\dotnet\sdk\8.0.403\Extensions'.
TpTrace Information: 0 : 28480, 1, 2024/10/24, 16:16:26.366, 5114971437548, vstest.console.dll, AssemblyResolver.OnResolve: Microsoft.TestPlatform.TestHostRuntimeProvider: Loading assembly 'C:\Program Files\dotnet\sdk\8.0.403\Extensions\Microsoft.TestPlatform.TestHostRuntimeProvider.dll'.
TpTrace Information: 0 : 28480, 1, 2024/10/24, 16:16:26.368, 5114971452533, vstest.console.dll, AssemblyResolver.OnResolve: Resolved assembly: Microsoft.TestPlatform.TestHostRuntimeProvider, from path: C:\Program Files\dotnet\sdk\8.0.403\Extensions\Microsoft.TestPlatform.TestHostRuntimeProvider.dll
TpTrace Verbose: 0 : 28480, 1, 2024/10/24, 16:16:26.368, 5114971453537, vstest.console.dll, MetadataReaderExtensionsHelper: Discovering extensions inside assembly 'Microsoft.TestPlatform.TestHostRuntimeProvider, Version=15.0.0.0, Culture=neutral, PublicKeyToken=b03f5f7f11d50a3a' file path 'C:\Program Files\dotnet\sdk\8.0.403\Extensions\Microsoft.TestPlatform.TestHostRuntimeProvider.dll'
TpTrace Information: 0 : 28480, 1, 2024/10/24, 16:16:26.369, 5114971470877, vstest.console.dll, GetTestExtensionFromType: Register extension with identifier data 'HostProvider://DefaultTestHost' and type 'Microsoft.VisualStudio.TestPlatform.CrossPlatEngine.Hosting.DefaultTestHostManager, Microsoft.TestPlatform.TestHostRuntimeProvider, Version=15.0.0.0, Culture=neutral, PublicKeyToken=b03f5f7f11d50a3a' inside file 'C:\Program Files\dotnet\sdk\8.0.403\Extensions\Microsoft.TestPlatform.TestHostRuntimeProvider.dll'
TpTrace Information: 0 : 28480, 1, 2024/10/24, 16:16:26.370, 5114971473079, vstest.console.dll, GetTestExtensionFromType: Register extension with identifier data 'HostProvider://DotnetTestHost' and type 'Microsoft.VisualStudio.TestPlatform.CrossPlatEngine.Hosting.DotnetTestHostManager, Microsoft.TestPlatform.TestHostRuntimeProvider, Version=15.0.0.0, Culture=neutral, PublicKeyToken=b03f5f7f11d50a3a' inside file 'C:\Program Files\dotnet\sdk\8.0.403\Extensions\Microsoft.TestPlatform.TestHostRuntimeProvider.dll'
TpTrace Information: 0 : 28480, 1, 2024/10/24, 16:16:26.370, 5114971473826, vstest.console.dll, AssemblyResolver.OnResolve: Microsoft.VisualStudio.TestPlatform.Extensions.Html.TestLogger: Resolving assembly.
TpTrace Information: 0 : 28480, 1, 2024/10/24, 16:16:26.370, 5114971474253, vstest.console.dll, AssemblyResolver.OnResolve: Microsoft.VisualStudio.TestPlatform.Extensions.Html.TestLogger: Searching in: 'C:\Program Files\dotnet\sdk\8.0.403\Extensions'.
TpTrace Information: 0 : 28480, 1, 2024/10/24, 16:16:26.370, 5114971482196, vstest.console.dll, AssemblyResolver.OnResolve: Microsoft.VisualStudio.TestPlatform.Extensions.Html.TestLogger: Loading assembly 'C:\Program Files\dotnet\sdk\8.0.403\Extensions\Microsoft.VisualStudio.TestPlatform.Extensions.Html.TestLogger.dll'.
TpTrace Information: 0 : 28480, 1, 2024/10/24, 16:16:26.372, 5114971495267, vstest.console.dll, AssemblyResolver.OnResolve: Resolved assembly: Microsoft.VisualStudio.TestPlatform.Extensions.Html.TestLogger, from path: C:\Program Files\dotnet\sdk\8.0.403\Extensions\Microsoft.VisualStudio.TestPlatform.Extensions.Html.TestLogger.dll
TpTrace Verbose: 0 : 28480, 1, 2024/10/24, 16:16:26.372, 5114971495980, vstest.console.dll, MetadataReaderExtensionsHelper: Discovering extensions inside assembly 'Microsoft.VisualStudio.TestPlatform.Extensions.Html.TestLogger, Version=15.0.0.0, Culture=neutral, PublicKeyToken=b03f5f7f11d50a3a' file path 'C:\Program Files\dotnet\sdk\8.0.403\Extensions\Microsoft.VisualStudio.TestPlatform.Extensions.Html.TestLogger.dll'
TpTrace Information: 0 : 28480, 1, 2024/10/24, 16:16:26.373, 5114971505717, vstest.console.dll, AssemblyResolver.OnResolve: Microsoft.VisualStudio.TestPlatform.Extensions.Trx.TestLogger: Resolving assembly.
TpTrace Information: 0 : 28480, 1, 2024/10/24, 16:16:26.373, 5114971506298, vstest.console.dll, AssemblyResolver.OnResolve: Microsoft.VisualStudio.TestPlatform.Extensions.Trx.TestLogger: Searching in: 'C:\Program Files\dotnet\sdk\8.0.403\Extensions'.
TpTrace Information: 0 : 28480, 1, 2024/10/24, 16:16:26.374, 5114971512606, vstest.console.dll, AssemblyResolver.OnResolve: Microsoft.VisualStudio.TestPlatform.Extensions.Trx.TestLogger: Loading assembly 'C:\Program Files\dotnet\sdk\8.0.403\Extensions\Microsoft.VisualStudio.TestPlatform.Extensions.Trx.TestLogger.dll'.
TpTrace Information: 0 : 28480, 1, 2024/10/24, 16:16:26.375, 5114971526380, vstest.console.dll, AssemblyResolver.OnResolve: Resolved assembly: Microsoft.VisualStudio.TestPlatform.Extensions.Trx.TestLogger, from path: C:\Program Files\dotnet\sdk\8.0.403\Extensions\Microsoft.VisualStudio.TestPlatform.Extensions.Trx.TestLogger.dll
TpTrace Verbose: 0 : 28480, 1, 2024/10/24, 16:16:26.375, 5114971527340, vstest.console.dll, MetadataReaderExtensionsHelper: Discovering extensions inside assembly 'Microsoft.VisualStudio.TestPlatform.Extensions.Trx.TestLogger, Version=15.0.0.0, Culture=neutral, PublicKeyToken=b03f5f7f11d50a3a' file path 'C:\Program Files\dotnet\sdk\8.0.403\Extensions\Microsoft.VisualStudio.TestPlatform.Extensions.Trx.TestLogger.dll'
TpTrace Verbose: 0 : 28480, 1, 2024/10/24, 16:16:26.376, 5114971540101, vstest.console.dll, TestPluginCache: Discovered the extensions using extension path ''.
TpTrace Verbose: 0 : 28480, 1, 2024/10/24, 16:16:26.376, 5114971541260, vstest.console.dll, TestPluginCache: Discoverers are ''.
TpTrace Verbose: 0 : 28480, 1, 2024/10/24, 16:16:26.376, 5114971541749, vstest.console.dll, TestPluginCache: Executors are ''.
TpTrace Verbose: 0 : 28480, 1, 2024/10/24, 16:16:26.376, 5114971542111, vstest.console.dll, TestPluginCache: Executors2 are ''.
TpTrace Verbose: 0 : 28480, 1, 2024/10/24, 16:16:26.377, 5114971542459, vstest.console.dll, TestPluginCache: Setting providers are ''.
TpTrace Verbose: 0 : 28480, 1, 2024/10/24, 16:16:26.377, 5114971543042, vstest.console.dll, TestPluginCache: Loggers are ''.
TpTrace Verbose: 0 : 28480, 1, 2024/10/24, 16:16:26.377, 5114971544780, vstest.console.dll, TestPluginCache: TestHosts are 'HostProvider://DefaultTestHost,HostProvider://DotnetTestHost'.
TpTrace Verbose: 0 : 28480, 1, 2024/10/24, 16:16:26.377, 5114971545123, vstest.console.dll, TestPluginCache: DataCollectors are ''.
TpTrace Information: 0 : 28480, 1, 2024/10/24, 16:16:26.392, 5114971699285, vstest.console.dll, RunTestsArgumentProcessor:Execute: Test run is starting.
TpTrace Verbose: 0 : 28480, 1, 2024/10/24, 16:16:26.392, 5114971700272, vstest.console.dll, RunTestsArgumentProcessor:Execute: Queuing Test run.
TpTrace Information: 0 : 28480, 1, 2024/10/24, 16:16:26.393, 5114971702934, vstest.console.dll, TestRequestManager.RunTests: run tests started.
TpTrace Information: 0 : 28480, 1, 2024/10/24, 16:16:26.522, 5114972998978, vstest.console.dll, AssemblyMetadataProvider.GetFrameworkName: Determined framework:'.NETCoreApp,Version=v8.0' for source: 'C:\Users\sandeep.kumar\source\repos\LifeInsuranceApplication\LifeInsuranceTests\bin\Debug\net8.0\fine-code-coverage\build-output\LifeInsuranceTests.dll'
TpTrace Information: 0 : 28480, 1, 2024/10/24, 16:16:26.522, 5114973001481, vstest.console.dll, Determined framework for all sources: .NETCoreApp,Version=v8.0
TpTrace Verbose: 0 : 28480, 1, 2024/10/24, 16:16:26.523, 5114973005288, vstest.console.dll, TestRequestManager.UpdateRunSettingsIfRequired: Default architecture: X64 IsDefaultTargetArchitecture: True, Current process architecture: X64 OperatingSystem: Windows.
TpTrace Information: 0 : 28480, 1, 2024/10/24, 16:16:26.526, 5114973036251, vstest.console.dll, AssemblyMetadataProvider.GetArchitecture: Determined architecture:AnyCPU info for assembly: C:\Users\sandeep.kumar\source\repos\LifeInsuranceApplication\LifeInsuranceTests\bin\Debug\net8.0\fine-code-coverage\build-output\LifeInsuranceTests.dll
TpTrace Information: 0 : 28480, 1, 2024/10/24, 16:16:26.526, 5114973037210, vstest.console.dll, Determined platform for source 'C:\Users\sandeep.kumar\source\repos\LifeInsuranceApplication\LifeInsuranceTests\bin\Debug\net8.0\fine-code-coverage\build-output\LifeInsuranceTests.dll' was AnyCPU and it will use the default plaform X64.
TpTrace Information: 0 : 28480, 1, 2024/10/24, 16:16:26.526, 5114973037563, vstest.console.dll, None of the sources provided any runnable platform, using the default platform: X64
TpTrace Information: 0 : 28480, 1, 2024/10/24, 16:16:26.526, 5114973038713, vstest.console.dll, Platform was updated to 'X64'.
TpTrace Information: 0 : 28480, 1, 2024/10/24, 16:16:26.530, 5114973073009, vstest.console.dll, InferRunSettingsHelper.IsTestSettingsEnabled: Unable to navigate to RunSettings/MSTest. Current node: RunSettings
TpTrace Information: 0 : 28480, 1, 2024/10/24, 16:16:26.530, 5114973080194, vstest.console.dll, AssemblyResolver.OnResolve: Microsoft.VisualStudio.TestPlatform.Fakes: Resolving assembly.
TpTrace Information: 0 : 28480, 1, 2024/10/24, 16:16:26.530, 5114973081125, vstest.console.dll, AssemblyResolver.OnResolve: Microsoft.VisualStudio.TestPlatform.Fakes: Searching in: 'C:\Program Files\dotnet\sdk\8.0.403\Extensions'.
TpTrace Information: 0 : 28480, 1, 2024/10/24, 16:16:26.530, 5114973082206, vstest.console.dll, AssemblyResolver.OnResolve: Microsoft.VisualStudio.TestPlatform.Fakes: Assembly path does not exist: 'C:\Program Files\dotnet\sdk\8.0.403\Extensions\Microsoft.VisualStudio.TestPlatform.Fakes.dll', returning.
TpTrace Information: 0 : 28480, 1, 2024/10/24, 16:16:26.531, 5114973083138, vstest.console.dll, AssemblyResolver.OnResolve: Microsoft.VisualStudio.TestPlatform.Fakes: Assembly path does not exist: 'C:\Program Files\dotnet\sdk\8.0.403\Extensions\Microsoft.VisualStudio.TestPlatform.Fakes.exe', returning.
TpTrace Information: 0 : 28480, 1, 2024/10/24, 16:16:26.531, 5114973083562, vstest.console.dll, AssemblyResolver.OnResolve: Microsoft.VisualStudio.TestPlatform.Fakes: Searching in: 'C:\Program Files\dotnet\sdk\8.0.403'.
TpTrace Information: 0 : 28480, 1, 2024/10/24, 16:16:26.531, 5114973084283, vstest.console.dll, AssemblyResolver.OnResolve: Microsoft.VisualStudio.TestPlatform.Fakes: Assembly path does not exist: 'C:\Program Files\dotnet\sdk\8.0.403\Microsoft.VisualStudio.TestPlatform.Fakes.dll', returning.
TpTrace Information: 0 : 28480, 1, 2024/10/24, 16:16:26.531, 5114973084980, vstest.console.dll, AssemblyResolver.OnResolve: Microsoft.VisualStudio.TestPlatform.Fakes: Assembly path does not exist: 'C:\Program Files\dotnet\sdk\8.0.403\Microsoft.VisualStudio.TestPlatform.Fakes.exe', returning.
TpTrace Information: 0 : 28480, 1, 2024/10/24, 16:16:26.531, 5114973085326, vstest.console.dll, AssemblyResolver.OnResolve: Microsoft.VisualStudio.TestPlatform.Fakes: Failed to load assembly.
TpTrace Information: 0 : 28480, 1, 2024/10/24, 16:16:26.531, 5114973088054, vstest.console.dll, Failed to load assembly Microsoft.VisualStudio.TestPlatform.Fakes, Version=17.0.0.0, Culture=neutral. Reason:System.IO.FileNotFoundException: Could not load file or assembly 'Microsoft.VisualStudio.TestPlatform.Fakes, Version=17.0.0.0, Culture=neutral, PublicKeyToken=null'. The system cannot find the file specified.
File name: 'Microsoft.VisualStudio.TestPlatform.Fakes, Version=17.0.0.0, Culture=neutral, PublicKeyToken=null'
   at System.Reflection.RuntimeAssembly.InternalLoad(AssemblyName assemblyName, StackCrawlMark& stackMark, AssemblyLoadContext assemblyLoadContext, RuntimeAssembly requestingAssembly, Boolean throwOnFileNotFound)
   at System.Reflection.Assembly.Load(AssemblyName assemblyRef)
   at Microsoft.VisualStudio.TestPlatform.Common.Utilities.FakesUtilities.LoadTestPlatformAssembly() in /_/src/Microsoft.TestPlatform.Common/Utilities/FakesUtilities.cs:line 272
TpTrace Verbose: 0 : 28480, 1, 2024/10/24, 16:16:26.535, 5114973127488, vstest.console.dll, TestPluginCache.DiscoverTestExtensions: finding test extensions in assemblies ends with: TestLogger.dll TPluginInfo: Microsoft.VisualStudio.TestPlatform.Common.ExtensionFramework.Utilities.TestLoggerPluginInformation TExtension: Microsoft.VisualStudio.TestPlatform.ObjectModel.Client.ITestLogger
TpTrace Verbose: 0 : 28480, 1, 2024/10/24, 16:16:26.535, 5114973128855, vstest.console.dll, TestPluginCache.GetExtensionPaths: Filtered extension paths: 
TpTrace Verbose: 0 : 28480, 1, 2024/10/24, 16:16:26.535, 5114973129315, vstest.console.dll, TestPluginCache.GetExtensionPaths: Added default extension paths: C:\Program Files\dotnet\sdk\8.0.403\Extensions\Microsoft.Diagnostics.NETCore.Client.dll
C:\Program Files\dotnet\sdk\8.0.403\Extensions\Microsoft.TestPlatform.Extensions.BlameDataCollector.dll
C:\Program Files\dotnet\sdk\8.0.403\Extensions\Microsoft.TestPlatform.Extensions.EventLogCollector.dll
C:\Program Files\dotnet\sdk\8.0.403\Extensions\Microsoft.TestPlatform.TestHostRuntimeProvider.dll
C:\Program Files\dotnet\sdk\8.0.403\Extensions\Microsoft.VisualStudio.TestPlatform.Extensions.Html.TestLogger.dll
C:\Program Files\dotnet\sdk\8.0.403\Extensions\Microsoft.VisualStudio.TestPlatform.Extensions.Trx.TestLogger.dll
TpTrace Verbose: 0 : 28480, 1, 2024/10/24, 16:16:26.535, 5114973129666, vstest.console.dll, TestPluginCache.GetExtensionPaths: Added unfilterableExtensionPaths: 
TpTrace Information: 0 : 28480, 1, 2024/10/24, 16:16:26.535, 5114973131160, vstest.console.dll, AssemblyResolver.AddSearchDirectories: Adding more searchDirectories C:\Program Files\dotnet\sdk\8.0.403\Extensions,C:\Program Files\dotnet\sdk\8.0.403
TpTrace Verbose: 0 : 28480, 1, 2024/10/24, 16:16:26.535, 5114973131639, vstest.console.dll, TestPluginCache.DiscoverTestExtensions: Discovering the extensions using extension path.
TpTrace Verbose: 0 : 28480, 1, 2024/10/24, 16:16:26.535, 5114973132082, vstest.console.dll, TestPluginCache.GetExtensionPaths: Filtered extension paths: 
TpTrace Verbose: 0 : 28480, 1, 2024/10/24, 16:16:26.536, 5114973132465, vstest.console.dll, TestPluginCache.GetExtensionPaths: Added default extension paths: C:\Program Files\dotnet\sdk\8.0.403\Extensions\Microsoft.Diagnostics.NETCore.Client.dll
C:\Program Files\dotnet\sdk\8.0.403\Extensions\Microsoft.TestPlatform.Extensions.BlameDataCollector.dll
C:\Program Files\dotnet\sdk\8.0.403\Extensions\Microsoft.TestPlatform.Extensions.EventLogCollector.dll
C:\Program Files\dotnet\sdk\8.0.403\Extensions\Microsoft.TestPlatform.TestHostRuntimeProvider.dll
C:\Program Files\dotnet\sdk\8.0.403\Extensions\Microsoft.VisualStudio.TestPlatform.Extensions.Html.TestLogger.dll
C:\Program Files\dotnet\sdk\8.0.403\Extensions\Microsoft.VisualStudio.TestPlatform.Extensions.Trx.TestLogger.dll
TpTrace Verbose: 0 : 28480, 1, 2024/10/24, 16:16:26.536, 5114973132823, vstest.console.dll, TestPluginCache.GetExtensionPaths: Added unfilterableExtensionPaths: 
TpTrace Verbose: 0 : 28480, 1, 2024/10/24, 16:16:26.536, 5114973133195, vstest.console.dll, TestPluginCache.DiscoverTestExtensions: Discovering the extensions using allExtensionPaths: C:\Program Files\dotnet\sdk\8.0.403\Extensions\Microsoft.Diagnostics.NETCore.Client.dll
C:\Program Files\dotnet\sdk\8.0.403\Extensions\Microsoft.TestPlatform.Extensions.BlameDataCollector.dll
C:\Program Files\dotnet\sdk\8.0.403\Extensions\Microsoft.TestPlatform.Extensions.EventLogCollector.dll
C:\Program Files\dotnet\sdk\8.0.403\Extensions\Microsoft.TestPlatform.TestHostRuntimeProvider.dll
C:\Program Files\dotnet\sdk\8.0.403\Extensions\Microsoft.VisualStudio.TestPlatform.Extensions.Html.TestLogger.dll
C:\Program Files\dotnet\sdk\8.0.403\Extensions\Microsoft.VisualStudio.TestPlatform.Extensions.Trx.TestLogger.dll
TpTrace Information: 0 : 28480, 1, 2024/10/24, 16:16:26.536, 5114973134289, vstest.console.dll, AssemblyResolver.AddSearchDirectories: Adding more searchDirectories C:\Program Files\dotnet\sdk\8.0.403\Extensions,C:\Program Files\dotnet\sdk\8.0.403
TpTrace Information: 0 : 28480, 1, 2024/10/24, 16:16:26.536, 5114973134818, vstest.console.dll, AssemblyResolver.AddSearchDirectories: Adding more searchDirectories C:\Program Files\dotnet\sdk\8.0.403\Extensions,C:\Program Files\dotnet\sdk\8.0.403
TpTrace Information: 0 : 28480, 1, 2024/10/24, 16:16:26.536, 5114973135168, vstest.console.dll, AssemblyResolver.AddSearchDirectories: Adding more searchDirectories C:\Program Files\dotnet\sdk\8.0.403\Extensions,C:\Program Files\dotnet\sdk\8.0.403
TpTrace Information: 0 : 28480, 1, 2024/10/24, 16:16:26.536, 5114973135505, vstest.console.dll, AssemblyResolver.AddSearchDirectories: Adding more searchDirectories C:\Program Files\dotnet\sdk\8.0.403\Extensions,C:\Program Files\dotnet\sdk\8.0.403
TpTrace Information: 0 : 28480, 1, 2024/10/24, 16:16:26.536, 5114973135836, vstest.console.dll, AssemblyResolver.AddSearchDirectories: Adding more searchDirectories C:\Program Files\dotnet\sdk\8.0.403\Extensions,C:\Program Files\dotnet\sdk\8.0.403
TpTrace Information: 0 : 28480, 1, 2024/10/24, 16:16:26.536, 5114973136229, vstest.console.dll, AssemblyResolver.AddSearchDirectories: Adding more searchDirectories C:\Program Files\dotnet\sdk\8.0.403\Extensions,C:\Program Files\dotnet\sdk\8.0.403
TpTrace Verbose: 0 : 28480, 1, 2024/10/24, 16:16:26.536, 5114973137272, vstest.console.dll, MetadataReaderExtensionsHelper: Discovering extensions inside assembly 'Microsoft.Diagnostics.NETCore.Client, Version=0.2.10.30701, Culture=neutral, PublicKeyToken=31bf3856ad364e35' file path 'C:\Program Files\dotnet\sdk\8.0.403\Extensions\Microsoft.Diagnostics.NETCore.Client.dll'
TpTrace Information: 0 : 28480, 1, 2024/10/24, 16:16:26.537, 5114973151229, vstest.console.dll, AssemblyResolver.OnResolve: Microsoft.Bcl.AsyncInterfaces: Resolving assembly.
TpTrace Information: 0 : 28480, 1, 2024/10/24, 16:16:26.537, 5114973152098, vstest.console.dll, AssemblyResolver.OnResolve: Microsoft.Bcl.AsyncInterfaces: Resolved from cache.
TpTrace Verbose: 0 : 28480, 1, 2024/10/24, 16:16:26.538, 5114973152502, vstest.console.dll, CurrentDomainAssemblyResolve: Resolving assembly 'Microsoft.Bcl.AsyncInterfaces'.
TpTrace Information: 0 : 28480, 1, 2024/10/24, 16:16:26.538, 5114973153653, vstest.console.dll, AssemblyResolver.OnResolve: Microsoft.Bcl.AsyncInterfaces: Resolving assembly.
TpTrace Information: 0 : 28480, 1, 2024/10/24, 16:16:26.538, 5114973154281, vstest.console.dll, AssemblyResolver.OnResolve: Microsoft.Bcl.AsyncInterfaces: Resolved from cache.
TpTrace Verbose: 0 : 28480, 1, 2024/10/24, 16:16:26.538, 5114973154724, vstest.console.dll, CurrentDomainAssemblyResolve: Resolving assembly 'Microsoft.Bcl.AsyncInterfaces'.
TpTrace Verbose: 0 : 28480, 1, 2024/10/24, 16:16:26.538, 5114973155049, vstest.console.dll, CurrentDomainAssemblyResolve: Failed to resolve assembly 'Microsoft.Bcl.AsyncInterfaces'.
TpTrace Verbose: 0 : 28480, 1, 2024/10/24, 16:16:26.538, 5114973156476, vstest.console.dll, CurrentDomainAssemblyResolve: Failed to resolve assembly 'Microsoft.Bcl.AsyncInterfaces'.
TpTrace Warning: 0 : 28480, 1, 2024/10/24, 16:16:26.538, 5114973160098, vstest.console.dll, TestPluginDiscoverer: Failed to get types from assembly 'Microsoft.Diagnostics.NETCore.Client, Version=0.2.10.30701, Culture=neutral, PublicKeyToken=31bf3856ad364e35'. Error: System.Reflection.ReflectionTypeLoadException: Unable to load one or more of the requested types.
Could not load file or assembly 'Microsoft.Bcl.AsyncInterfaces, Version=6.0.0.0, Culture=neutral, PublicKeyToken=cc7b13ffcd2ddd51'. The system cannot find the file specified.
   at System.Reflection.RuntimeModule.GetTypes(RuntimeModule module)
   at System.Reflection.RuntimeModule.GetTypes()
   at Microsoft.VisualStudio.TestPlatform.Common.ExtensionFramework.TestPluginDiscoverer.GetTestExtensionsFromAssembly[TPluginInfo,TExtension](Assembly assembly, Dictionary`2 pluginInfos, String filePath) in /_/src/Microsoft.TestPlatform.Common/ExtensionFramework/TestPluginDiscoverer.cs:line 158
System.IO.FileNotFoundException: Could not load file or assembly 'Microsoft.Bcl.AsyncInterfaces, Version=6.0.0.0, Culture=neutral, PublicKeyToken=cc7b13ffcd2ddd51'. The system cannot find the file specified.
File name: 'Microsoft.Bcl.AsyncInterfaces, Version=6.0.0.0, Culture=neutral, PublicKeyToken=cc7b13ffcd2ddd51'
 ---> System.IO.FileNotFoundException: Could not load file or assembly 'Microsoft.Bcl.AsyncInterfaces, Culture=neutral, PublicKeyToken=null'. The system cannot find the file specified.
File name: 'Microsoft.Bcl.AsyncInterfaces, Culture=neutral, PublicKeyToken=null'
   at System.Reflection.RuntimeAssembly.InternalLoad(AssemblyName assemblyName, StackCrawlMark& stackMark, AssemblyLoadContext assemblyLoadContext, RuntimeAssembly requestingAssembly, Boolean throwOnFileNotFound)
   at System.Reflection.Assembly.Load(AssemblyName assemblyRef)
   at Microsoft.VisualStudio.TestPlatform.Common.ExtensionFramework.TestPluginCache.CurrentDomainAssemblyResolve(Object sender, AssemblyResolveEventArgs args) in /_/src/Microsoft.TestPlatform.Common/ExtensionFramework/TestPluginCache.cs:line 513
   at System.Runtime.Loader.AssemblyLoadContext.GetFirstResolvedAssemblyFromResolvingEvent(AssemblyName assemblyName)
   at System.Runtime.Loader.AssemblyLoadContext.ResolveUsingEvent(AssemblyName assemblyName)
   at System.Runtime.Loader.AssemblyLoadContext.ResolveUsingResolvingEvent(IntPtr gchManagedAssemblyLoadContext, AssemblyName assemblyName)
TpTrace Warning: 0 : 28480, 1, 2024/10/24, 16:16:26.538, 5114973161852, vstest.console.dll, LoaderExceptions: System.IO.FileNotFoundException: Could not load file or assembly 'Microsoft.Bcl.AsyncInterfaces, Version=6.0.0.0, Culture=neutral, PublicKeyToken=cc7b13ffcd2ddd51'. The system cannot find the file specified.
File name: 'Microsoft.Bcl.AsyncInterfaces, Version=6.0.0.0, Culture=neutral, PublicKeyToken=cc7b13ffcd2ddd51'
 ---> System.IO.FileNotFoundException: Could not load file or assembly 'Microsoft.Bcl.AsyncInterfaces, Culture=neutral, PublicKeyToken=null'. The system cannot find the file specified.
File name: 'Microsoft.Bcl.AsyncInterfaces, Culture=neutral, PublicKeyToken=null'
   at System.Reflection.RuntimeAssembly.InternalLoad(AssemblyName assemblyName, StackCrawlMark& stackMark, AssemblyLoadContext assemblyLoadContext, RuntimeAssembly requestingAssembly, Boolean throwOnFileNotFound)
   at System.Reflection.Assembly.Load(AssemblyName assemblyRef)
   at Microsoft.VisualStudio.TestPlatform.Common.ExtensionFramework.TestPluginCache.CurrentDomainAssemblyResolve(Object sender, AssemblyResolveEventArgs args) in /_/src/Microsoft.TestPlatform.Common/ExtensionFramework/TestPluginCache.cs:line 513
   at System.Runtime.Loader.AssemblyLoadContext.GetFirstResolvedAssemblyFromResolvingEvent(AssemblyName assemblyName)
   at System.Runtime.Loader.AssemblyLoadContext.ResolveUsingEvent(AssemblyName assemblyName)
   at System.Runtime.Loader.AssemblyLoadContext.ResolveUsingResolvingEvent(IntPtr gchManagedAssemblyLoadContext, AssemblyName assemblyName)
TpTrace Verbose: 0 : 28480, 1, 2024/10/24, 16:16:26.539, 5114973162910, vstest.console.dll, MetadataReaderExtensionsHelper: Discovering extensions inside assembly 'Microsoft.TestPlatform.Extensions.BlameDataCollector, Version=15.0.0.0, Culture=neutral, PublicKeyToken=b03f5f7f11d50a3a' file path 'C:\Program Files\dotnet\sdk\8.0.403\Extensions\Microsoft.TestPlatform.Extensions.BlameDataCollector.dll'
TpTrace Information: 0 : 28480, 1, 2024/10/24, 16:16:26.540, 5114973173971, vstest.console.dll, GetTestExtensionFromType: Register extension with identifier data 'logger://Microsoft/TestPlatform/Extensions/Blame/v1' and type 'Microsoft.TestPlatform.Extensions.BlameDataCollector.BlameLogger, Microsoft.TestPlatform.Extensions.BlameDataCollector, Version=15.0.0.0, Culture=neutral, PublicKeyToken=b03f5f7f11d50a3a' inside file 'C:\Program Files\dotnet\sdk\8.0.403\Extensions\Microsoft.TestPlatform.Extensions.BlameDataCollector.dll'
TpTrace Verbose: 0 : 28480, 1, 2024/10/24, 16:16:26.540, 5114973174970, vstest.console.dll, MetadataReaderExtensionsHelper: Discovering extensions inside assembly 'Microsoft.TestPlatform.Extensions.EventLogCollector, Version=15.0.0.0, Culture=neutral, PublicKeyToken=b03f5f7f11d50a3a' file path 'C:\Program Files\dotnet\sdk\8.0.403\Extensions\Microsoft.TestPlatform.Extensions.EventLogCollector.dll'
TpTrace Verbose: 0 : 28480, 1, 2024/10/24, 16:16:26.540, 5114973181761, vstest.console.dll, MetadataReaderExtensionsHelper: Discovering extensions inside assembly 'Microsoft.TestPlatform.TestHostRuntimeProvider, Version=15.0.0.0, Culture=neutral, PublicKeyToken=b03f5f7f11d50a3a' file path 'C:\Program Files\dotnet\sdk\8.0.403\Extensions\Microsoft.TestPlatform.TestHostRuntimeProvider.dll'
TpTrace Verbose: 0 : 28480, 1, 2024/10/24, 16:16:26.541, 5114973189673, vstest.console.dll, MetadataReaderExtensionsHelper: Discovering extensions inside assembly 'Microsoft.VisualStudio.TestPlatform.Extensions.Html.TestLogger, Version=15.0.0.0, Culture=neutral, PublicKeyToken=b03f5f7f11d50a3a' file path 'C:\Program Files\dotnet\sdk\8.0.403\Extensions\Microsoft.VisualStudio.TestPlatform.Extensions.Html.TestLogger.dll'
TpTrace Information: 0 : 28480, 1, 2024/10/24, 16:16:26.542, 5114973200163, vstest.console.dll, GetTestExtensionFromType: Register extension with identifier data 'logger://Microsoft/TestPlatform/HtmlLogger/v1' and type 'Microsoft.VisualStudio.TestPlatform.Extensions.HtmlLogger.HtmlLogger, Microsoft.VisualStudio.TestPlatform.Extensions.Html.TestLogger, Version=15.0.0.0, Culture=neutral, PublicKeyToken=b03f5f7f11d50a3a' inside file 'C:\Program Files\dotnet\sdk\8.0.403\Extensions\Microsoft.VisualStudio.TestPlatform.Extensions.Html.TestLogger.dll'
TpTrace Verbose: 0 : 28480, 1, 2024/10/24, 16:16:26.542, 5114973201147, vstest.console.dll, MetadataReaderExtensionsHelper: Discovering extensions inside assembly 'Microsoft.VisualStudio.TestPlatform.Extensions.Trx.TestLogger, Version=15.0.0.0, Culture=neutral, PublicKeyToken=b03f5f7f11d50a3a' file path 'C:\Program Files\dotnet\sdk\8.0.403\Extensions\Microsoft.VisualStudio.TestPlatform.Extensions.Trx.TestLogger.dll'
TpTrace Information: 0 : 28480, 1, 2024/10/24, 16:16:26.543, 5114973209961, vstest.console.dll, GetTestExtensionFromType: Register extension with identifier data 'logger://Microsoft/TestPlatform/TrxLogger/v1' and type 'Microsoft.VisualStudio.TestPlatform.Extensions.TrxLogger.TrxLogger, Microsoft.VisualStudio.TestPlatform.Extensions.Trx.TestLogger, Version=15.0.0.0, Culture=neutral, PublicKeyToken=b03f5f7f11d50a3a' inside file 'C:\Program Files\dotnet\sdk\8.0.403\Extensions\Microsoft.VisualStudio.TestPlatform.Extensions.Trx.TestLogger.dll'
TpTrace Verbose: 0 : 28480, 1, 2024/10/24, 16:16:26.543, 5114973210937, vstest.console.dll, TestPluginCache: Discovered the extensions using extension path ''.
TpTrace Verbose: 0 : 28480, 1, 2024/10/24, 16:16:26.543, 5114973211315, vstest.console.dll, TestPluginCache: Discoverers are ''.
TpTrace Verbose: 0 : 28480, 1, 2024/10/24, 16:16:26.543, 5114973211628, vstest.console.dll, TestPluginCache: Executors are ''.
TpTrace Verbose: 0 : 28480, 1, 2024/10/24, 16:16:26.543, 5114973211934, vstest.console.dll, TestPluginCache: Executors2 are ''.
TpTrace Verbose: 0 : 28480, 1, 2024/10/24, 16:16:26.543, 5114973212246, vstest.console.dll, TestPluginCache: Setting providers are ''.
TpTrace Verbose: 0 : 28480, 1, 2024/10/24, 16:16:26.544, 5114973213112, vstest.console.dll, TestPluginCache: Loggers are 'logger://Microsoft/TestPlatform/Extensions/Blame/v1,logger://Microsoft/TestPlatform/HtmlLogger/v1,logger://Microsoft/TestPlatform/TrxLogger/v1'.
TpTrace Verbose: 0 : 28480, 1, 2024/10/24, 16:16:26.544, 5114973213607, vstest.console.dll, TestPluginCache: TestHosts are 'HostProvider://DefaultTestHost,HostProvider://DotnetTestHost'.
TpTrace Verbose: 0 : 28480, 1, 2024/10/24, 16:16:26.544, 5114973213934, vstest.console.dll, TestPluginCache: DataCollectors are ''.
TpTrace Information: 0 : 28480, 1, 2024/10/24, 16:16:26.545, 5114973222381, vstest.console.dll, TestPluginManager.CreateTestExtension: Attempting to load test extension: Microsoft.TestPlatform.Extensions.BlameDataCollector.BlameLogger
TpTrace Verbose: 0 : 28480, 1, 2024/10/24, 16:16:26.554, 5114973316570, vstest.console.dll, TestEngine: Initializing Parallel Execution as MaxCpuCount is set to: 1
TpTrace Information: 0 : 28480, 1, 2024/10/24, 16:16:26.555, 5114973330657, vstest.console.dll, TestPluginManager.CreateTestExtension: Attempting to load test extension: Microsoft.VisualStudio.TestPlatform.CrossPlatEngine.Hosting.DefaultTestHostManager
TpTrace Information: 0 : 28480, 1, 2024/10/24, 16:16:26.557, 5114973349997, vstest.console.dll, TestPluginManager.CreateTestExtension: Attempting to load test extension: Microsoft.VisualStudio.TestPlatform.CrossPlatEngine.Hosting.DotnetTestHostManager
TpTrace Verbose: 0 : 28480, 1, 2024/10/24, 16:16:26.558, 5114973352446, vstest.console.dll, TestHostManagerCallbacks.ctor: Forwarding output is enabled.
TpTrace Information: 0 : 28480, 1, 2024/10/24, 16:16:26.558, 5114973356584, vstest.console.dll, InferRunSettingsHelper.IsTestSettingsEnabled: Unable to navigate to RunSettings/MSTest. Current node: RunSettings
TpTrace Verbose: 0 : 28480, 1, 2024/10/24, 16:16:26.559, 5114973372002, vstest.console.dll, ParallelOperationManager.ClearSlots: Clearing all slots. Slots should accept more work: True
TpTrace Verbose: 0 : 28480, 1, 2024/10/24, 16:16:26.560, 5114973378442, vstest.console.dll, ParallelOperationManager.SetOccupiedSlotCount: Setting slot counts AvailableSlotCount = 1, OccupiedSlotCount = 0.
TpTrace Verbose: 0 : 28480, 1, 2024/10/24, 16:16:26.560, 5114973381211, vstest.console.dll, Occupied slots:

TpTrace Verbose: 0 : 28480, 1, 2024/10/24, 16:16:26.564, 5114973413080, vstest.console.dll, TestEngine.GetExecutionManager: Chosen execution manager 'Microsoft.VisualStudio.TestPlatform.CrossPlatEngine.Client.Parallel.ParallelProxyExecutionManager, Microsoft.TestPlatform.CrossPlatEngine, Version=15.0.0.0, Culture=neutral, PublicKeyToken=b03f5f7f11d50a3a' ParallelLevel '1'.
TpTrace Verbose: 0 : 28480, 1, 2024/10/24, 16:16:26.564, 5114973416066, vstest.console.dll, TestPlatform.GetSkipDefaultAdapters: Not skipping default adapters SkipDefaultAdapters was false.
TpTrace Verbose: 0 : 28480, 1, 2024/10/24, 16:16:26.564, 5114973417370, vstest.console.dll, TestRunRequest.ExecuteAsync: Creating test run request.
TpTrace Verbose: 0 : 28480, 1, 2024/10/24, 16:16:26.564, 5114973419555, vstest.console.dll, TestRunRequest.ExecuteAsync: Starting.
TpTrace Information: 0 : 28480, 1, 2024/10/24, 16:16:26.565, 5114973429014, vstest.console.dll, TestRunRequest.ExecuteAsync: Starting run with settings:TestRunCriteria:
   KeepAlive=False,FrequencyOfRunStatsChangeEvent=10,RunStatsChangeEventTimeout=00:00:01.5000000,TestCaseFilter=,TestExecutorLauncher=
   Settingsxml=<RunSettings>
  <RunConfiguration>
    <ResultsDirectory>C:\Users\sandeep.kumar\source\repos\LifeInsuranceApplication\LifeInsuranceTests\bin\Debug\net8.0\fine-code-coverage\coverage-tool-output</ResultsDirectory>
    <TargetPlatform>X64</TargetPlatform>
    <TargetFrameworkVersion>.NETCoreApp,Version=v8.0</TargetFrameworkVersion>
    <DesignMode>False</DesignMode>
    <CollectSourceInformation>False</CollectSourceInformation>
  </RunConfiguration>
  <LoggerRunSettings>
    <Loggers>
      <Logger friendlyName="blame" enabled="True" />
      <Logger friendlyName="Console" uri="logger://microsoft/TestPlatform/ConsoleLogger/v1" assemblyQualifiedName="Microsoft.VisualStudio.TestPlatform.CommandLine.Internal.ConsoleLogger, vstest.console, Version=15.0.0.0, Culture=neutral, PublicKeyToken=b03f5f7f11d50a3a" codeBase="C:\Program Files\dotnet\sdk\8.0.403\vstest.console.dll" enabled="True" />
    </Loggers>
  </LoggerRunSettings>
  <DataCollectionRunSettings>
    <DataCollectors>
      <DataCollector friendlyName="blame" enabled="True">
        <Configuration>
          <ResultsDirectory>C:\Users\sandeep.kumar\source\repos\LifeInsuranceApplication\LifeInsuranceTests\bin\Debug\net8.0\fine-code-coverage\coverage-tool-output</ResultsDirectory>
        </Configuration>
      </DataCollector>
    </DataCollectors>
  </DataCollectionRunSettings>
</RunSettings>

TpTrace Verbose: 0 : 28480, 1, 2024/10/24, 16:16:26.565, 5114973429672, vstest.console.dll, TestRunRequest.ExecuteAsync: Wait for the first run request is over.
TpTrace Verbose: 0 : 28480, 1, 2024/10/24, 16:16:26.565, 5114973431813, vstest.console.dll, MulticastDelegateUtilities.SafeInvoke: TestRun.TestRunStart: Invoking callbacks was skipped because there are no subscribers.
TpTrace Verbose: 0 : 28480, 4, 2024/10/24, 16:16:26.566, 5114973434605, vstest.console.dll, MulticastDelegateUtilities.SafeInvoke: InternalTestLoggerEvents.SendTestRunStart: Invoking callback 1/1 for Microsoft.VisualStudio.TestPlatform.CommandLine.Internal.ConsoleLogger., took 0 ms.
TpTrace Verbose: 0 : 28480, 1, 2024/10/24, 16:16:26.566, 5114973439994, vstest.console.dll, ParallelProxyExecutionManager: Start execution. Total sources: 1
TpTrace Verbose: 0 : 28480, 1, 2024/10/24, 16:16:26.567, 5114973442486, vstest.console.dll, ParallelOperationManager.StartWork: Starting adding 1 workloads.
TpTrace Verbose: 0 : 28480, 1, 2024/10/24, 16:16:26.567, 5114973443051, vstest.console.dll, ParallelOperationManager.ClearSlots: Clearing all slots. Slots should accept more work: True
TpTrace Verbose: 0 : 28480, 1, 2024/10/24, 16:16:26.567, 5114973443606, vstest.console.dll, ParallelOperationManager.SetOccupiedSlotCount: Setting slot counts AvailableSlotCount = 1, OccupiedSlotCount = 0.
TpTrace Verbose: 0 : 28480, 1, 2024/10/24, 16:16:26.567, 5114973443979, vstest.console.dll, Occupied slots:

TpTrace Verbose: 0 : 28480, 1, 2024/10/24, 16:16:26.568, 5114973454685, vstest.console.dll, TestHostManagerCallbacks.ctor: Forwarding output is enabled.
TpTrace Verbose: 0 : 28480, 1, 2024/10/24, 16:16:26.568, 5114973458810, vstest.console.dll, TestRequestSender is acting as server.
TpTrace Verbose: 0 : 28480, 1, 2024/10/24, 16:16:26.570, 5114973478155, vstest.console.dll, ParallelOperationManager.RunWorkInParallel: Adding 1 workload to slot, remaining workloads 0.
TpTrace Verbose: 0 : 28480, 1, 2024/10/24, 16:16:26.570, 5114973478832, vstest.console.dll, ParallelOperationManager.SetOccupiedSlotCount: Setting slot counts AvailableSlotCount = 0, OccupiedSlotCount = 1.
TpTrace Verbose: 0 : 28480, 1, 2024/10/24, 16:16:26.570, 5114973479722, vstest.console.dll, Occupied slots:
0: C:\Users\sandeep.kumar\source\repos\LifeInsuranceApplication\LifeInsuranceTests\bin\Debug\net8.0\fine-code-coverage\build-output\LifeInsuranceTests.dll
TpTrace Verbose: 0 : 28480, 1, 2024/10/24, 16:16:26.571, 5114973489531, vstest.console.dll, ParallelOperationManager.RunWorkInParallel: Started host in slot number 0 for work (source): C:\Users\sandeep.kumar\source\repos\LifeInsuranceApplication\LifeInsuranceTests\bin\Debug\net8.0\fine-code-coverage\build-output\LifeInsuranceTests.dll.
TpTrace Verbose: 0 : 28480, 1, 2024/10/24, 16:16:26.572, 5114973500073, vstest.console.dll, ParallelOperationManager.RunWorkInParallel: We started 1 work items, which is the max parallel level. Won't start more work.
TpTrace Verbose: 0 : 28480, 1, 2024/10/24, 16:16:26.572, 5114973500991, vstest.console.dll, ParallelOperationManager.RunWorkInParallel: We started 1 work items in here, returning True.
TpTrace Information: 0 : 28480, 1, 2024/10/24, 16:16:26.572, 5114973501433, vstest.console.dll, TestRunRequest.ExecuteAsync: Started.
TpTrace Verbose: 0 : 28480, 5, 2024/10/24, 16:16:26.573, 5114973503262, vstest.console.dll, ParallelProxyExecutionManager.StartTestRunOnConcurrentManager: Initializing uninitialized client. Started clients: 0
TpTrace Verbose: 0 : 28480, 5, 2024/10/24, 16:16:26.573, 5114973504916, vstest.console.dll, DataCollectionRequestSender.InitializeCommunication : Initialize communication. 
TpTrace Verbose: 0 : 28480, 1, 2024/10/24, 16:16:26.573, 5114973507476, vstest.console.dll, TestRunRequest.WaitForCompletion: Waiting with timeout -1.
TpTrace Information: 0 : 28480, 5, 2024/10/24, 16:16:26.583, 5114973608104, vstest.console.dll, Listening on Endpoint : 127.0.0.1:55133
TpTrace Verbose: 0 : 28480, 5, 2024/10/24, 16:16:26.590, 5114973678631, vstest.console.dll, DotnetDataCollectionLauncher: Adding  --runtimeconfig "C:\Program Files\dotnet\sdk\8.0.403\datacollector.runtimeconfig.json" in args
TpTrace Verbose: 0 : 28480, 5, 2024/10/24, 16:16:26.590, 5114973679953, vstest.console.dll, DotnetDataCollectionLauncher: Adding  --depsfile "C:\Program Files\dotnet\sdk\8.0.403\datacollector.deps.json" in args
TpTrace Verbose: 0 : 28480, 5, 2024/10/24, 16:16:26.591, 5114973690842, vstest.console.dll, DotnetDataCollectionLauncher: Full path of dotnet.exe is C:\Program Files\dotnet\dotnet.exe
TpTrace Information: 0 : 28480, 5, 2024/10/24, 16:16:26.601, 5114973786346, vstest.console.dll, ProxyDataCollectionManager.Initialize: Launched datacollector processId: 28576 port: 55133
TpTrace Information: 0 : 28480, 5, 2024/10/24, 16:16:26.601, 5114973787778, vstest.console.dll, ProxyDataCollectionManager.Initialize: waiting for connection with timeout: 90 seconds
TpTrace Verbose: 0 : 28480, 5, 2024/10/24, 16:16:26.601, 5114973788264, vstest.console.dll, DataCollectionRequestSender.WaitForRequestHandlerConnection : Waiting for connection with timeout: 90000
TpTrace Information: 0 : 28480, 7, 2024/10/24, 16:16:26.799, 5114975766655, vstest.console.dll, Using the buffer size of 16384 bytes
TpTrace Verbose: 0 : 28480, 5, 2024/10/24, 16:16:26.799, 5114975767275, vstest.console.dll, SocketCommunicationManager.WaitForClientConnection took: 197 ms, with 90000 ms timeout, and finished with True.
TpTrace Information: 0 : 28480, 7, 2024/10/24, 16:16:26.799, 5114975768388, vstest.console.dll, Accepted Client request and set the flag
TpTrace Verbose: 0 : 28480, 5, 2024/10/24, 16:16:26.799, 5114975769458, vstest.console.dll, ProxyDataCollectionManager.InvokeDataCollectionServiceAction: Starting.
TpTrace Information: 0 : 28480, 5, 2024/10/24, 16:16:26.799, 5114975771219, vstest.console.dll, ProxyDataCollectionManager.BeforeTestRunStart: Get environment variable and port for datacollector processId: 28576 port: 55133
TpTrace Verbose: 0 : 28480, 5, 2024/10/24, 16:16:26.799, 5114975772248, vstest.console.dll, DataCollectionRequestSender.SendBeforeTestRunStartAndGetResult: Send BeforeTestRunStart message with settingsXml <RunSettings><RunConfiguration><ResultsDirectory>C:\Users\sandeep.kumar\source\repos\LifeInsuranceApplication\LifeInsuranceTests\bin\Debug\net8.0\fine-code-coverage\coverage-tool-output</ResultsDirectory><TargetPlatform>X64</TargetPlatform><TargetFrameworkVersion>.NETCoreApp,Version=v8.0</TargetFrameworkVersion><DesignMode>False</DesignMode><CollectSourceInformation>False</CollectSourceInformation><TestAdaptersPaths>C:\Program Files\dotnet\sdk\8.0.403\Extensions</TestAdaptersPaths></RunConfiguration><LoggerRunSettings><Loggers><Logger friendlyName="blame" enabled="True" /><Logger friendlyName="Console" uri="logger://microsoft/TestPlatform/ConsoleLogger/v1" assemblyQualifiedName="Microsoft.VisualStudio.TestPlatform.CommandLine.Internal.ConsoleLogger, vstest.console, Version=15.0.0.0, Culture=neutral, PublicKeyToken=b03f5f7f11d50a3a" codeBase="C:\Program Files\dotnet\sdk\8.0.403\vstest.console.dll" enabled="True" /></Loggers></LoggerRunSettings><DataCollectionRunSettings><DataCollectors><DataCollector friendlyName="blame" enabled="True"><Configuration><ResultsDirectory>C:\Users\sandeep.kumar\source\repos\LifeInsuranceApplication\LifeInsuranceTests\bin\Debug\net8.0\fine-code-coverage\coverage-tool-output</ResultsDirectory></Configuration></DataCollector></DataCollectors></DataCollectionRunSettings></RunSettings> and sources System.Collections.Generic.List`1[System.String]: 
TpTrace Verbose: 0 : 28480, 5, 2024/10/24, 16:16:26.861, 5114976384250, vstest.console.dll, DataCollectionRequestSender.SendBeforeTestRunStartAndGetResult: Received message: (DataCollection.SendMessage) -> {"MessageType":"DataCollection.SendMessage","Payload":{"FriendlyName":null,"Uri":null,"TestCaseId":"00000000-0000-0000-0000-000000000000","Message":"Logging DataCollector Diagnostics in file: C:\\Users\\sandeep.kumar\\source\\repos\\LifeInsuranceApplication\\LifeInsuranceTests\\bin\\Debug\\net8.0\\fine-code-coverage\\coverage-tool-output\\diagnostics.datacollector.24-10-24_16-16-26_59042_5.log","Level":0}}
TpTrace Verbose: 0 : 28480, 5, 2024/10/24, 16:16:26.944, 5114977217284, vstest.console.dll, DataCollectionRequestSender.SendBeforeTestRunStartAndGetResult: Received message: (DataCollection.BeforeTestRunStartResult) -> {"MessageType":"DataCollection.BeforeTestRunStartResult","Payload":{"EnvironmentVariables":{},"DataCollectionEventsPort":55135}}
TpTrace Information: 0 : 28480, 5, 2024/10/24, 16:16:26.947, 5114977248841, vstest.console.dll, ProxyDataCollectionManager.BeforeTestRunStart: SendBeforeTestRunStartAndGetResult successful, env variable from datacollector:   and testhost port: 55135
TpTrace Information: 0 : 28480, 5, 2024/10/24, 16:16:26.947, 5114977249802, vstest.console.dll, ProxyDataCollectionManager.InvokeDataCollectionServiceAction: Completed.
TpTrace Verbose: 0 : 28480, 5, 2024/10/24, 16:16:26.948, 5114977257979, vstest.console.dll, ParallelProxyExecutionManager.StartTestRunOnConcurrentManager: Initializing test run. Started clients: 0
TpTrace Verbose: 0 : 28480, 5, 2024/10/24, 16:16:26.948, 5114977258792, vstest.console.dll, ProxyExecutionManager: Test host is always Lazy initialize.
TpTrace Verbose: 0 : 28480, 5, 2024/10/24, 16:16:26.948, 5114977260756, vstest.console.dll, TestRequestSender.InitializeCommunication: initialize communication. 
TpTrace Information: 0 : 28480, 5, 2024/10/24, 16:16:26.949, 5114977265066, vstest.console.dll, SocketServer.Start: Listening on endpoint : 127.0.0.1:55136
TpTrace Verbose: 0 : 28480, 5, 2024/10/24, 16:16:26.950, 5114977275962, vstest.console.dll, DotnetTestHostmanager.GetTestHostProcessStartInfo: Platform environment 'X64' target architecture 'X64' framework '.NETCoreApp,Version=v8.0' OS 'Windows'
TpTrace Verbose: 0 : 28480, 5, 2024/10/24, 16:16:26.950, 5114977278147, vstest.console.dll, DotnetTestHostmanager: Adding  --runtimeconfig "C:\Users\sandeep.kumar\source\repos\LifeInsuranceApplication\LifeInsuranceTests\bin\Debug\net8.0\fine-code-coverage\build-output\LifeInsuranceTests.runtimeconfig.json" in args
TpTrace Verbose: 0 : 28480, 5, 2024/10/24, 16:16:26.950, 5114977278899, vstest.console.dll, DotnetTestHostmanager: Adding  --depsfile "C:\Users\sandeep.kumar\source\repos\LifeInsuranceApplication\LifeInsuranceTests\bin\Debug\net8.0\fine-code-coverage\build-output\LifeInsuranceTests.deps.json" in args
TpTrace Verbose: 0 : 28480, 5, 2024/10/24, 16:16:26.950, 5114977282280, vstest.console.dll, DotnetTestHostmanager.IsWinOnArm: Current PROCESSOR_ARCHITECTURE from environment variable 'AMD64'
TpTrace Verbose: 0 : 28480, 5, 2024/10/24, 16:16:26.951, 5114977282990, vstest.console.dll, DotnetTestHostmanager.IsWinOnArm: Is Windows on ARM 'False'
TpTrace Verbose: 0 : 28480, 5, 2024/10/24, 16:16:26.951, 5114977283719, vstest.console.dll, DotnetTestHostManager: testhost.exe found at path: C:\Users\sandeep.kumar\source\repos\LifeInsuranceApplication\LifeInsuranceTests\bin\Debug\net8.0\fine-code-coverage\build-output\testhost.exe
TpTrace Verbose: 0 : 28480, 5, 2024/10/24, 16:16:26.951, 5114977284073, vstest.console.dll, DotnetTestHostmanager: Full path of host exe is C:\Users\sandeep.kumar\source\repos\LifeInsuranceApplication\LifeInsuranceTests\bin\Debug\net8.0\fine-code-coverage\build-output\testhost.exe
TpTrace Verbose: 0 : 28480, 5, 2024/10/24, 16:16:26.951, 5114977285122, vstest.console.dll, DotnetTestHostmanager.LaunchTestHostAsync: Found 'VSTEST_WINAPPHOST_DOTNET_ROOT' in env variables, value 'C:\Program Files\dotnet', forwarding to 'DOTNET_ROOT'
TpTrace Verbose: 0 : 28480, 5, 2024/10/24, 16:16:26.951, 5114977286102, vstest.console.dll, DotnetTestHostManager: Starting process 'C:\Users\sandeep.kumar\source\repos\LifeInsuranceApplication\LifeInsuranceTests\bin\Debug\net8.0\fine-code-coverage\build-output\testhost.exe' with command line ' --runtimeconfig "C:\Users\sandeep.kumar\source\repos\LifeInsuranceApplication\LifeInsuranceTests\bin\Debug\net8.0\fine-code-coverage\build-output\LifeInsuranceTests.runtimeconfig.json" --depsfile "C:\Users\sandeep.kumar\source\repos\LifeInsuranceApplication\LifeInsuranceTests\bin\Debug\net8.0\fine-code-coverage\build-output\LifeInsuranceTests.deps.json" --port 55136 --endpoint 127.0.0.1:055136 --role client --parentprocessid 28480 --diag "C:\Users\sandeep.kumar\source\repos\LifeInsuranceApplication\LifeInsuranceTests\bin\Debug\net8.0\fine-code-coverage\coverage-tool-output\diagnostics.host.24-10-24_16-16-26_95005_5.log" --tracelevel 4 --datacollectionport 55135 --telemetryoptedin false'
TpTrace Verbose: 0 : 28480, 5, 2024/10/24, 16:16:26.973, 5114977510160, vstest.console.dll, MulticastDelegateUtilities.SafeInvoke: HostProviderEvents.OnHostLaunched: Invoking callback 1/2 for Microsoft.VisualStudio.TestPlatform.CrossPlatEngine.Client.ProxyExecutionManagerWithDataCollection., took 1 ms.
TpTrace Verbose: 0 : 28480, 5, 2024/10/24, 16:16:26.974, 5114977513560, vstest.console.dll, Test Runtime launched
TpTrace Verbose: 0 : 28480, 5, 2024/10/24, 16:16:26.974, 5114977514204, vstest.console.dll, MulticastDelegateUtilities.SafeInvoke: HostProviderEvents.OnHostLaunched: Invoking callback 2/2 for Microsoft.VisualStudio.TestPlatform.CrossPlatEngine.Client.ProxyOperationManager., took 0 ms.
TpTrace Verbose: 0 : 28480, 5, 2024/10/24, 16:16:26.974, 5114977515334, vstest.console.dll, TestRequestSender.WaitForRequestHandlerConnection: waiting for connection with timeout: 90000.
TpTrace Verbose: 0 : 28480, 5, 2024/10/24, 16:16:27.221, 5114979984733, vstest.console.dll, TestRequestSender.WaitForRequestHandlerConnection: waiting took 246 ms, with timeout 90000 ms, and result 0, which is success.
TpTrace Verbose: 0 : 28480, 13, 2024/10/24, 16:16:27.221, 5114979984734, vstest.console.dll, MulticastDelegateUtilities.SafeInvoke: SocketServer: ClientConnected: Invoking callback 1/1 for Microsoft.VisualStudio.TestPlatform.CommunicationUtilities.TestRequestSender., took 0 ms.
TpTrace Verbose: 0 : 28480, 13, 2024/10/24, 16:16:27.221, 5114979986809, vstest.console.dll, SocketServer.OnClientConnected: Client connected for endPoint: 127.0.0.1:55136, starting MessageLoopAsync:
TpTrace Verbose: 0 : 28480, 13, 2024/10/24, 16:16:27.222, 5114979992988, vstest.console.dll, TcpClientExtensions.MessageLoopAsync: Polling on remoteEndPoint: 127.0.0.1:55137 localEndPoint: 127.0.0.1:55136 after 0 ms
TpTrace Verbose: 0 : 28480, 5, 2024/10/24, 16:16:27.222, 5114979994431, vstest.console.dll, TestRequestSender.CheckVersionWithTestHost: Sending check version message: {"MessageType":"ProtocolVersion","Payload":7}
TpTrace Verbose: 0 : 28480, 13, 2024/10/24, 16:16:27.320, 5114980981873, vstest.console.dll, TcpClientExtensions.MessageLoopAsync: NotifyDataAvailable remoteEndPoint: 127.0.0.1:55137 localEndPoint: 127.0.0.1:55136
TpTrace Verbose: 0 : 28480, 13, 2024/10/24, 16:16:27.321, 5114980984579, vstest.console.dll, TestRequestSender.CheckVersionWithTestHost: onMessageReceived received message: (ProtocolVersion) -> {"MessageType":"ProtocolVersion","Payload":7}
TpTrace Verbose: 0 : 28480, 13, 2024/10/24, 16:16:27.321, 5114980988665, vstest.console.dll, MulticastDelegateUtilities.SafeInvoke: LengthPrefixCommunicationChannel: MessageReceived: Invoking callback 1/1 for Microsoft.VisualStudio.TestPlatform.CommunicationUtilities.TestRequestSender+<>c__DisplayClass29_0., took 0 ms.
TpTrace Verbose: 0 : 28480, 13, 2024/10/24, 16:16:27.321, 5114980990222, vstest.console.dll, TcpClientExtensions.MessageLoopAsync: Polling on remoteEndPoint: 127.0.0.1:55137 localEndPoint: 127.0.0.1:55136 after 99 ms
TpTrace Verbose: 0 : 28480, 5, 2024/10/24, 16:16:27.321, 5114980990320, vstest.console.dll, TestPluginCache.GetExtensionPaths: Filtered extension paths: 
TpTrace Verbose: 0 : 28480, 5, 2024/10/24, 16:16:27.321, 5114980991308, vstest.console.dll, TestPluginCache.GetExtensionPaths: Added default extension paths: C:\Program Files\dotnet\sdk\8.0.403\Extensions\Microsoft.Diagnostics.NETCore.Client.dll
C:\Program Files\dotnet\sdk\8.0.403\Extensions\Microsoft.TestPlatform.Extensions.BlameDataCollector.dll
C:\Program Files\dotnet\sdk\8.0.403\Extensions\Microsoft.TestPlatform.Extensions.EventLogCollector.dll
C:\Program Files\dotnet\sdk\8.0.403\Extensions\Microsoft.TestPlatform.TestHostRuntimeProvider.dll
C:\Program Files\dotnet\sdk\8.0.403\Extensions\Microsoft.VisualStudio.TestPlatform.Extensions.Html.TestLogger.dll
C:\Program Files\dotnet\sdk\8.0.403\Extensions\Microsoft.VisualStudio.TestPlatform.Extensions.Trx.TestLogger.dll
TpTrace Verbose: 0 : 28480, 5, 2024/10/24, 16:16:27.321, 5114980991695, vstest.console.dll, TestPluginCache.GetExtensionPaths: Added unfilterableExtensionPaths: 
TpTrace Verbose: 0 : 28480, 5, 2024/10/24, 16:16:27.323, 5114981010365, vstest.console.dll, TestRequestSender.InitializeExecution: Sending initialize execution with message: {"Version":7,"MessageType":"TestExecution.Initialize","Payload":["C:\\Users\\sandeep.kumar\\source\\repos\\LifeInsuranceApplication\\LifeInsuranceTests\\bin\\Debug\\net8.0\\fine-code-coverage\\build-output\\NUnit3.TestAdapter.dll"]}
TpTrace Verbose: 0 : 28480, 5, 2024/10/24, 16:16:27.323, 5114981012226, vstest.console.dll, ParallelProxyExecutionManager.StartTestRunOnConcurrentManager: Execution starting. Started clients: 1
TpTrace Verbose: 0 : 28480, 5, 2024/10/24, 16:16:27.324, 5114981014120, vstest.console.dll, TestRunRequest:SendTestRunMessage: Starting.
TpTrace Verbose: 0 : 28480, 5, 2024/10/24, 16:16:27.324, 5114981015480, vstest.console.dll, MulticastDelegateUtilities.SafeInvoke: TestRun.LogMessages: Invoking callback 1/1 for Microsoft.VisualStudio.TestPlatform.CommandLine.TestRunResultAggregator., took 0 ms.
TpTrace Information: 0 : 28480, 5, 2024/10/24, 16:16:27.324, 5114981015858, vstest.console.dll, TestRunRequest:SendTestRunMessage: Completed.
TpTrace Verbose: 0 : 28480, 4, 2024/10/24, 16:16:27.324, 5114981017478, vstest.console.dll, MulticastDelegateUtilities.SafeInvoke: InternalTestLoggerEvents.SendTestRunMessage: Invoking callback 1/1 for Microsoft.VisualStudio.TestPlatform.CommandLine.Internal.ConsoleLogger., took 0 ms.
TpTrace Warning: 0 : 28480, 5, 2024/10/24, 16:16:27.324, 5114981018820, vstest.console.dll, InferRunSettingsHelper.MakeRunsettingsCompatible: Removing the following settings: TargetPlatform from RunSettings file. To use those settings please move to latest version of Microsoft.NET.Test.Sdk
TpTrace Verbose: 0 : 28480, 13, 2024/10/24, 16:16:27.325, 5114981022670, vstest.console.dll, TcpClientExtensions.MessageLoopAsync: NotifyDataAvailable remoteEndPoint: 127.0.0.1:55137 localEndPoint: 127.0.0.1:55136
TpTrace Verbose: 0 : 28480, 13, 2024/10/24, 16:16:27.325, 5114981025204, vstest.console.dll, TestRequestSender.OnExecutionMessageReceived: Received message: {"Version":7,"MessageType":"TestSession.Message","Payload":{"MessageLevel":0,"Message":"Logging TestHost Diagnostics in file: C:\\Users\\sandeep.kumar\\source\\repos\\LifeInsuranceApplication\\LifeInsuranceTests\\bin\\Debug\\net8.0\\fine-code-coverage\\coverage-tool-output\\diagnostics.host.24-10-24_16-16-26_95005_5.log"}}
TpTrace Verbose: 0 : 28480, 13, 2024/10/24, 16:16:27.327, 5114981043177, vstest.console.dll, TestRunRequest:SendTestRunMessage: Starting.
TpTrace Verbose: 0 : 28480, 13, 2024/10/24, 16:16:27.327, 5114981044406, vstest.console.dll, MulticastDelegateUtilities.SafeInvoke: TestRun.LogMessages: Invoking callback 1/1 for Microsoft.VisualStudio.TestPlatform.CommandLine.TestRunResultAggregator., took 0 ms.
TpTrace Information: 0 : 28480, 13, 2024/10/24, 16:16:27.327, 5114981044777, vstest.console.dll, TestRunRequest:SendTestRunMessage: Completed.
TpTrace Verbose: 0 : 28480, 4, 2024/10/24, 16:16:27.327, 5114981044925, vstest.console.dll, MulticastDelegateUtilities.SafeInvoke: InternalTestLoggerEvents.SendTestRunMessage: Invoking callback 1/1 for Microsoft.VisualStudio.TestPlatform.CommandLine.Internal.ConsoleLogger., took 0 ms.
TpTrace Verbose: 0 : 28480, 13, 2024/10/24, 16:16:27.327, 5114981045137, vstest.console.dll, MulticastDelegateUtilities.SafeInvoke: LengthPrefixCommunicationChannel: MessageReceived: Invoking callback 1/1 for Microsoft.VisualStudio.TestPlatform.CommunicationUtilities.TestRequestSender+<>c__DisplayClass34_0., took 2 ms.
TpTrace Verbose: 0 : 28480, 13, 2024/10/24, 16:16:27.330, 5114981074863, vstest.console.dll, TcpClientExtensions.MessageLoopAsync: Polling on remoteEndPoint: 127.0.0.1:55137 localEndPoint: 127.0.0.1:55136 after 8 ms
TpTrace Verbose: 0 : 28480, 5, 2024/10/24, 16:16:27.331, 5114981090986, vstest.console.dll, TestRequestSender.StartTestRun: Sending test run with message: {"Version":7,"MessageType":"TestExecution.StartWithSources","Payload":{"AdapterSourceMap":{"_none_":["C:\\Users\\sandeep.kumar\\source\\repos\\LifeInsuranceApplication\\LifeInsuranceTests\\bin\\Debug\\net8.0\\fine-code-coverage\\build-output\\LifeInsuranceTests.dll"]},"RunSettings":"<RunSettings>\r\n  <RunConfiguration>\r\n    <ResultsDirectory>C:\\Users\\sandeep.kumar\\source\\repos\\LifeInsuranceApplication\\LifeInsuranceTests\\bin\\Debug\\net8.0\\fine-code-coverage\\coverage-tool-output</ResultsDirectory>\r\n    <TargetFrameworkVersion>.NETCoreApp,Version=v8.0</TargetFrameworkVersion>\r\n    <DesignMode>False</DesignMode>\r\n    <CollectSourceInformation>False</CollectSourceInformation>\r\n  </RunConfiguration>\r\n  <LoggerRunSettings>\r\n    <Loggers>\r\n      <Logger friendlyName=\"blame\" enabled=\"True\" />\r\n      <Logger friendlyName=\"Console\" uri=\"logger://microsoft/TestPlatform/ConsoleLogger/v1\" assemblyQualifiedName=\"Microsoft.VisualStudio.TestPlatform.CommandLine.Internal.ConsoleLogger, vstest.console, Version=15.0.0.0, Culture=neutral, PublicKeyToken=b03f5f7f11d50a3a\" codeBase=\"C:\\Program Files\\dotnet\\sdk\\8.0.403\\vstest.console.dll\" enabled=\"True\" />\r\n    </Loggers>\r\n  </LoggerRunSettings>\r\n  <DataCollectionRunSettings>\r\n    <DataCollectors>\r\n      <DataCollector friendlyName=\"blame\" enabled=\"True\">\r\n        <Configuration>\r\n          <ResultsDirectory>C:\\Users\\sandeep.kumar\\source\\repos\\LifeInsuranceApplication\\LifeInsuranceTests\\bin\\Debug\\net8.0\\fine-code-coverage\\coverage-tool-output</ResultsDirectory>\r\n        </Configuration>\r\n      </DataCollector>\r\n    </DataCollectors>\r\n  </DataCollectionRunSettings>\r\n</RunSettings>","TestExecutionContext":{"FrequencyOfRunStatsChangeEvent":10,"RunStatsChangeEventTimeout":"00:00:01.5000000","InIsolation":false,"KeepAlive":false,"AreTestCaseLevelEventsRequired":false,"IsDebug":false,"TestCaseFilter":null,"FilterOptions":null},"Package":null}}
TpTrace Verbose: 0 : 28480, 5, 2024/10/24, 16:16:27.332, 5114981092658, vstest.console.dll, ParallelProxyExecutionManager.StartTestRunOnConcurrentManager: Execution started. Started clients: 1
TpTrace Verbose: 0 : 28480, 13, 2024/10/24, 16:16:27.456, 5114982334929, vstest.console.dll, TcpClientExtensions.MessageLoopAsync: NotifyDataAvailable remoteEndPoint: 127.0.0.1:55137 localEndPoint: 127.0.0.1:55136
TpTrace Verbose: 0 : 28480, 13, 2024/10/24, 16:16:27.456, 5114982336467, vstest.console.dll, TestRequestSender.OnExecutionMessageReceived: Received message: {"Version":7,"MessageType":"TestSession.Message","Payload":{"MessageLevel":0,"Message":"NUnit Adapter 4.4.0.0: Test execution started"}}
TpTrace Verbose: 0 : 28480, 13, 2024/10/24, 16:16:27.456, 5114982338041, vstest.console.dll, TestRunRequest:SendTestRunMessage: Starting.
TpTrace Verbose: 0 : 28480, 13, 2024/10/24, 16:16:27.456, 5114982338668, vstest.console.dll, MulticastDelegateUtilities.SafeInvoke: TestRun.LogMessages: Invoking callback 1/1 for Microsoft.VisualStudio.TestPlatform.CommandLine.TestRunResultAggregator., took 0 ms.
TpTrace Information: 0 : 28480, 13, 2024/10/24, 16:16:27.456, 5114982338984, vstest.console.dll, TestRunRequest:SendTestRunMessage: Completed.
TpTrace Verbose: 0 : 28480, 13, 2024/10/24, 16:16:27.456, 5114982339333, vstest.console.dll, MulticastDelegateUtilities.SafeInvoke: LengthPrefixCommunicationChannel: MessageReceived: Invoking callback 1/1 for Microsoft.VisualStudio.TestPlatform.CommunicationUtilities.TestRequestSender+<>c__DisplayClass34_0., took 0 ms.
TpTrace Verbose: 0 : 28480, 4, 2024/10/24, 16:16:27.456, 5114982339019, vstest.console.dll, MulticastDelegateUtilities.SafeInvoke: InternalTestLoggerEvents.SendTestRunMessage: Invoking callback 1/1 for Microsoft.VisualStudio.TestPlatform.CommandLine.Internal.ConsoleLogger., took 0 ms.
TpTrace Verbose: 0 : 28480, 13, 2024/10/24, 16:16:27.456, 5114982339675, vstest.console.dll, TcpClientExtensions.MessageLoopAsync: Polling on remoteEndPoint: 127.0.0.1:55137 localEndPoint: 127.0.0.1:55136 after 126 ms
TpTrace Verbose: 0 : 28480, 13, 2024/10/24, 16:16:27.476, 5114982533244, vstest.console.dll, TcpClientExtensions.MessageLoopAsync: NotifyDataAvailable remoteEndPoint: 127.0.0.1:55137 localEndPoint: 127.0.0.1:55136
TpTrace Verbose: 0 : 28480, 13, 2024/10/24, 16:16:27.476, 5114982534879, vstest.console.dll, TestRequestSender.OnExecutionMessageReceived: Received message: {"Version":7,"MessageType":"TestSession.Message","Payload":{"MessageLevel":0,"Message":"Running all tests in C:\\Users\\sandeep.kumar\\source\\repos\\LifeInsuranceApplication\\LifeInsuranceTests\\bin\\Debug\\net8.0\\fine-code-coverage\\build-output\\LifeInsuranceTests.dll"}}
TpTrace Verbose: 0 : 28480, 13, 2024/10/24, 16:16:27.476, 5114982536004, vstest.console.dll, TestRunRequest:SendTestRunMessage: Starting.
TpTrace Verbose: 0 : 28480, 13, 2024/10/24, 16:16:27.476, 5114982536568, vstest.console.dll, MulticastDelegateUtilities.SafeInvoke: TestRun.LogMessages: Invoking callback 1/1 for Microsoft.VisualStudio.TestPlatform.CommandLine.TestRunResultAggregator., took 0 ms.
TpTrace Information: 0 : 28480, 13, 2024/10/24, 16:16:27.476, 5114982536895, vstest.console.dll, TestRunRequest:SendTestRunMessage: Completed.
TpTrace Verbose: 0 : 28480, 13, 2024/10/24, 16:16:27.476, 5114982537237, vstest.console.dll, MulticastDelegateUtilities.SafeInvoke: LengthPrefixCommunicationChannel: MessageReceived: Invoking callback 1/1 for Microsoft.VisualStudio.TestPlatform.CommunicationUtilities.TestRequestSender+<>c__DisplayClass34_0., took 0 ms.
TpTrace Verbose: 0 : 28480, 13, 2024/10/24, 16:16:27.476, 5114982537557, vstest.console.dll, TcpClientExtensions.MessageLoopAsync: Polling on remoteEndPoint: 127.0.0.1:55137 localEndPoint: 127.0.0.1:55136 after 19 ms
TpTrace Verbose: 0 : 28480, 4, 2024/10/24, 16:16:27.476, 5114982537575, vstest.console.dll, MulticastDelegateUtilities.SafeInvoke: InternalTestLoggerEvents.SendTestRunMessage: Invoking callback 1/1 for Microsoft.VisualStudio.TestPlatform.CommandLine.Internal.ConsoleLogger., took 0 ms.
TpTrace Verbose: 0 : 28480, 13, 2024/10/24, 16:16:27.618, 5114983958099, vstest.console.dll, TcpClientExtensions.MessageLoopAsync: NotifyDataAvailable remoteEndPoint: 127.0.0.1:55137 localEndPoint: 127.0.0.1:55136
TpTrace Verbose: 0 : 28480, 13, 2024/10/24, 16:16:27.618, 5114983959812, vstest.console.dll, TestRequestSender.OnExecutionMessageReceived: Received message: {"Version":7,"MessageType":"TestSession.Message","Payload":{"MessageLevel":0,"Message":"   NUnit3TestExecutor discovered 10 of 10 NUnit test cases using Current Discovery mode, Non-Explicit run"}}
TpTrace Verbose: 0 : 28480, 13, 2024/10/24, 16:16:27.618, 5114983960981, vstest.console.dll, TestRunRequest:SendTestRunMessage: Starting.
TpTrace Verbose: 0 : 28480, 13, 2024/10/24, 16:16:27.618, 5114983961656, vstest.console.dll, MulticastDelegateUtilities.SafeInvoke: TestRun.LogMessages: Invoking callback 1/1 for Microsoft.VisualStudio.TestPlatform.CommandLine.TestRunResultAggregator., took 0 ms.
TpTrace Information: 0 : 28480, 13, 2024/10/24, 16:16:27.618, 5114983962186, vstest.console.dll, TestRunRequest:SendTestRunMessage: Completed.
TpTrace Verbose: 0 : 28480, 4, 2024/10/24, 16:16:27.618, 5114983962344, vstest.console.dll, MulticastDelegateUtilities.SafeInvoke: InternalTestLoggerEvents.SendTestRunMessage: Invoking callback 1/1 for Microsoft.VisualStudio.TestPlatform.CommandLine.Internal.ConsoleLogger., took 0 ms.
TpTrace Verbose: 0 : 28480, 13, 2024/10/24, 16:16:27.619, 5114983962518, vstest.console.dll, MulticastDelegateUtilities.SafeInvoke: LengthPrefixCommunicationChannel: MessageReceived: Invoking callback 1/1 for Microsoft.VisualStudio.TestPlatform.CommunicationUtilities.TestRequestSender+<>c__DisplayClass34_0., took 0 ms.
TpTrace Verbose: 0 : 28480, 13, 2024/10/24, 16:16:27.619, 5114983964057, vstest.console.dll, TcpClientExtensions.MessageLoopAsync: Polling on remoteEndPoint: 127.0.0.1:55137 localEndPoint: 127.0.0.1:55136 after 142 ms
TpTrace Verbose: 0 : 28480, 13, 2024/10/24, 16:16:28.240, 5114990179827, vstest.console.dll, TcpClientExtensions.MessageLoopAsync: NotifyDataAvailable remoteEndPoint: 127.0.0.1:55137 localEndPoint: 127.0.0.1:55136
TpTrace Verbose: 0 : 28480, 13, 2024/10/24, 16:16:28.241, 5114990183718, vstest.console.dll, TestRequestSender.OnExecutionMessageReceived: Received message: {"Version":7,"MessageType":"TestExecution.StatsChange","Payload":{"NewTestResults":[{"TestCase":{"Id":"5b2a4744-316e-e31e-e239-81032d57dd9c","FullyQualifiedName":"LifeInsuranceTests.ClaimControllerTest.AddClaimTest","DisplayName":"AddClaimTest","ExecutorUri":"executor://NUnit3TestExecutor","Source":"C:\\Users\\sandeep.kumar\\source\\repos\\LifeInsuranceApplication\\LifeInsuranceTests\\bin\\Debug\\net8.0\\fine-code-coverage\\build-output\\LifeInsuranceTests.dll","CodeFilePath":null,"LineNumber":0,"Properties":[{"Key":{"Id":"NUnit.Seed","Label":"Seed","Category":"","Description":"","Attributes":0,"ValueType":"System.String"},"Value":"1495379199"}]},"Attachments":[],"Outcome":1,"ErrorMessage":null,"ErrorStackTrace":null,"DisplayName":"AddClaimTest","Messages":[],"ComputerName":"5CD112KHSJ","Duration":"00:00:00.4979800","StartTime":"2024-10-24T10:46:27.6376288+00:00","EndTime":"2024-10-24T10:46:28.1355612+00:00","Properties":[{"Key":{"Id":"NUnit.Seed","Label":"Seed","Category":"","Description":"","Attributes":0,"ValueType":"System.String"},"Value":"1495379199"}]},{"TestCase":{"Id":"79c96a00-38af-b434-69da-24cb2d6e4867","FullyQualifiedName":"LifeInsuranceTests.ClaimRepositoryTest.TestAdd(1,1,\"rohit@gmail.com\",\"9876543210\")","DisplayName":"TestAdd(1,1,\"rohit@gmail.com\",\"9876543210\")","ExecutorUri":"executor://NUnit3TestExecutor","Source":"C:\\Users\\sandeep.kumar\\source\\repos\\LifeInsuranceApplication\\LifeInsuranceTests\\bin\\Debug\\net8.0\\fine-code-coverage\\build-output\\LifeInsuranceTests.dll","CodeFilePath":null,"LineNumber":0,"Properties":[{"Key":{"Id":"NUnit.Seed","Label":"Seed","Category":"","Description":"","Attributes":0,"ValueType":"System.String"},"Value":"1143321002"}]},"Attachments":[],"Outcome":1,"ErrorMessage":null,"ErrorStackTrace":null,"DisplayName":"TestAdd(1,1,\"rohit@gmail.com\",\"9876543210\")","Messages":[],"ComputerName":"5CD112KHSJ","Duration":"00:00:00.0222480","StartTime":"2024-10-24T10:46:28.1389333+00:00","EndTime":"2024-10-24T10:46:28.1611812+00:00","Properties":[{"Key":{"Id":"NUnit.Seed","Label":"Seed","Category":"","Description":"","Attributes":0,"ValueType":"System.String"},"Value":"1143321002"}]},{"TestCase":{"Id":"7c9f98e2-aa1f-a5e9-adb6-10ebbaeaaf5c","FullyQualifiedName":"LifeInsuranceTests.ClaimServiceTest.AddNewClaimTest","DisplayName":"AddNewClaimTest","ExecutorUri":"executor://NUnit3TestExecutor","Source":"C:\\Users\\sandeep.kumar\\source\\repos\\LifeInsuranceApplication\\LifeInsuranceTests\\bin\\Debug\\net8.0\\fine-code-coverage\\build-output\\LifeInsuranceTests.dll","CodeFilePath":null,"LineNumber":0,"Properties":[{"Key":{"Id":"NUnit.Seed","Label":"Seed","Category":"","Description":"","Attributes":0,"ValueType":"System.String"},"Value":"855206963"}]},"Attachments":[],"Outcome":1,"ErrorMessage":null,"ErrorStackTrace":null,"DisplayName":"AddNewClaimTest","Messages":[],"ComputerName":"5CD112KHSJ","Duration":"00:00:00.0111340","StartTime":"2024-10-24T10:46:28.16133+00:00","EndTime":"2024-10-24T10:46:28.172464+00:00","Properties":[{"Key":{"Id":"NUnit.Seed","Label":"Seed","Category":"","Description":"","Attributes":0,"ValueType":"System.String"},"Value":"855206963"}]},{"TestCase":{"Id":"8ebc8e2a-a833-eeb3-2c85-1788843e19d0","FullyQualifiedName":"LifeInsuranceTests.ClaimTypeControllerTest.AddClaimTypeTest","DisplayName":"AddClaimTypeTest","ExecutorUri":"executor://NUnit3TestExecutor","Source":"C:\\Users\\sandeep.kumar\\source\\repos\\LifeInsuranceApplication\\LifeInsuranceTests\\bin\\Debug\\net8.0\\fine-code-coverage\\build-output\\LifeInsuranceTests.dll","CodeFilePath":null,"LineNumber":0,"Properties":[{"Key":{"Id":"NUnit.Seed","Label":"Seed","Category":"","Description":"","Attributes":0,"ValueType":"System.String"},"Value":"950053653"}]},"Attachments":[],"Outcome":1,"ErrorMessage":null,"ErrorStackTrace":null,"DisplayName":"AddClaimTypeTest","Messages":[],"ComputerName":"5CD112KHSJ","Duration":"00:00:00.0178890","StartTime":"2024-10-24T10:46:28.1726019+00:00","EndTime":"2024-10-24T10:46:28.1904904+00:00","Properties":[{"Key":{"Id":"NUnit.Seed","Label":"Seed","Category":"","Description":"","Attributes":0,"ValueType":"System.String"},"Value":"950053653"}]},{"TestCase":{"Id":"322ff63d-381e-c66e-716c-80260ac67733","FullyQualifiedName":"LifeInsuranceTests.ClaimTypeRepositoryTest.TestAdd(\"Test ClaimName \")","DisplayName":"TestAdd(\"Test ClaimName \")","ExecutorUri":"executor://NUnit3TestExecutor","Source":"C:\\Users\\sandeep.kumar\\source\\repos\\LifeInsuranceApplication\\LifeInsuranceTests\\bin\\Debug\\net8.0\\fine-code-coverage\\build-output\\LifeInsuranceTests.dll","CodeFilePath":null,"LineNumber":0,"Properties":[{"Key":{"Id":"NUnit.Seed","Label":"Seed","Category":"","Description":"","Attributes":0,"ValueType":"System.String"},"Value":"1184012"}]},"Attachments":[],"Outcome":1,"ErrorMessage":null,"ErrorStackTrace":null,"DisplayName":"TestAdd(\"Test ClaimName \")","Messages":[],"ComputerName":"5CD112KHSJ","Duration":"00:00:00.0016510","StartTime":"2024-10-24T10:46:28.19064+00:00","EndTime":"2024-10-24T10:46:28.19229+00:00","Properties":[{"Key":{"Id":"NUnit.Seed","Label":"Seed","Category":"","Description":"","Attributes":0,"ValueType":"System.String"},"Value":"1184012"}]},{"TestCase":{"Id":"ad79c710-3dfb-b62f-853f-680d9a1eeae2","FullyQualifiedName":"LifeInsuranceTests.ClaimTypeSeviceTest.AddNewClaimTypeTest","DisplayName":"AddNewClaimTypeTest","ExecutorUri":"executor://NUnit3TestExecutor","Source":"C:\\Users\\sandeep.kumar\\source\\repos\\LifeInsuranceApplication\\LifeInsuranceTests\\bin\\Debug\\net8.0\\fine-code-coverage\\build-output\\LifeInsuranceTests.dll","CodeFilePath":null,"LineNumber":0,"Properties":[{"Key":{"Id":"NUnit.Seed","Label":"Seed","Category":"","Description":"","Attributes":0,"ValueType":"System.String"},"Value":"1451884466"}]},"Attachments":[],"Outcome":1,"ErrorMessage":null,"ErrorStackTrace":null,"DisplayName":"AddNewClaimTypeTest","Messages":[],"ComputerName":"5CD112KHSJ","Duration":"00:00:00.0029550","StartTime":"2024-10-24T10:46:28.192442+00:00","EndTime":"2024-10-24T10:46:28.1953966+00:00","Properties":[{"Key":{"Id":"NUnit.Seed","Label":"Seed","Category":"","Description":"","Attributes":0,"ValueType":"System.String"},"Value":"1451884466"}]},{"TestCase":{"Id":"4a3c65d2-cf4a-264f-3aa7-83a953422cb2","FullyQualifiedName":"LifeInsuranceTests.PolicyControllerTest.AddPolicyTest","DisplayName":"AddPolicyTest","ExecutorUri":"executor://NUnit3TestExecutor","Source":"C:\\Users\\sandeep.kumar\\source\\repos\\LifeInsuranceApplication\\LifeInsuranceTests\\bin\\Debug\\net8.0\\fine-code-coverage\\build-output\\LifeInsuranceTests.dll","CodeFilePath":null,"LineNumber":0,"Properties":[{"Key":{"Id":"NUnit.Seed","Label":"Seed","Category":"","Description":"","Attributes":0,"ValueType":"System.String"},"Value":"2046923194"}]},"Attachments":[],"Outcome":1,"ErrorMessage":null,"ErrorStackTrace":null,"DisplayName":"AddPolicyTest","Messages":[],"ComputerName":"5CD112KHSJ","Duration":"00:00:00.0122130","StartTime":"2024-10-24T10:46:28.1955816+00:00","EndTime":"2024-10-24T10:46:28.2077943+00:00","Properties":[{"Key":{"Id":"NUnit.Seed","Label":"Seed","Category":"","Description":"","Attributes":0,"ValueType":"System.String"},"Value":"2046923194"}]},{"TestCase":{"Id":"430f1946-acbe-447b-0290-c03fd353a9fe","FullyQualifiedName":"LifeInsuranceTests.PolicyRepositoryTest.TestAdd(\"Test PolicyNumber \")","DisplayName":"TestAdd(\"Test PolicyNumber \")","ExecutorUri":"executor://NUnit3TestExecutor","Source":"C:\\Users\\sandeep.kumar\\source\\repos\\LifeInsuranceApplication\\LifeInsuranceTests\\bin\\Debug\\net8.0\\fine-code-coverage\\build-output\\LifeInsuranceTests.dll","CodeFilePath":null,"LineNumber":0,"Properties":[{"Key":{"Id":"NUnit.Seed","Label":"Seed","Category":"","Description":"","Attributes":0,"ValueType":"System.String"},"Value":"2069738127"}]},"Attachments":[],"Outcome":1,"ErrorMessage":null,"ErrorStackTrace":null,"DisplayName":"TestAdd(\"Test PolicyNumber \")","Messages":[],"ComputerName":"5CD112KHSJ","Duration":"00:00:00.0012370","StartTime":"2024-10-24T10:46:28.2079471+00:00","EndTime":"2024-10-24T10:46:28.2091834+00:00","Properties":[{"Key":{"Id":"NUnit.Seed","Label":"Seed","Category":"","Description":"","Attributes":0,"ValueType":"System.String"},"Value":"2069738127"}]},{"TestCase":{"Id":"5492a734-a09d-da0d-66c0-51a5b04c26cd","FullyQualifiedName":"LifeInsuranceTests.PolicyServiceTest.AddNewPolicyTest","DisplayName":"AddNewPolicyTest","ExecutorUri":"executor://NUnit3TestExecutor","Source":"C:\\Users\\sandeep.kumar\\source\\repos\\LifeInsuranceApplication\\LifeInsuranceTests\\bin\\Debug\\net8.0\\fine-code-coverage\\build-output\\LifeInsuranceTests.dll","CodeFilePath":null,"LineNumber":0,"Properties":[{"Key":{"Id":"NUnit.Seed","Label":"Seed","Category":"","Description":"","Attributes":0,"ValueType":"System.String"},"Value":"245714285"}]},"Attachments":[],"Outcome":1,"ErrorMessage":null,"ErrorStackTrace":null,"DisplayName":"AddNewPolicyTest","Messages":[],"ComputerName":"5CD112KHSJ","Duration":"00:00:00.0015940","StartTime":"2024-10-24T10:46:28.2093067+00:00","EndTime":"2024-10-24T10:46:28.2109004+00:00","Properties":[{"Key":{"Id":"NUnit.Seed","Label":"Seed","Category":"","Description":"","Attributes":0,"ValueType":"System.String"},"Value":"245714285"}]}],"TestRunStatistics":{"ExecutedTests":9,"Stats":{"Passed":9}},"ActiveTests":[{"Id":"96469227-58fd-e344-1b04-ea893e33a6ba","FullyQualifiedName":"LifeInsuranceTests.Tests.Test1","DisplayName":"Test1","ExecutorUri":"executor://NUnit3TestExecutor","Source":"C:\\Users\\sandeep.kumar\\source\\repos\\LifeInsuranceApplication\\LifeInsuranceTests\\bin\\Debug\\net8.0\\fine-code-coverage\\build-output\\LifeInsuranceTests.dll","CodeFilePath":null,"LineNumber":0,"Properties":[{"Key":{"Id":"NUnit.Seed","Label":"Seed","Category":"","Description":"","Attributes":0,"ValueType":"System.String"},"Value":"1068191959"}]}]}}
TpTrace Verbose: 0 : 28480, 13, 2024/10/24, 16:16:28.264, 5114990419935, vstest.console.dll, TestRunRequest:SendTestRunStatsChange: Starting.
TpTrace Verbose: 0 : 28480, 13, 2024/10/24, 16:16:28.264, 5114990421595, vstest.console.dll, InProgress is Test1
TpTrace Verbose: 0 : 28480, 13, 2024/10/24, 16:16:28.265, 5114990423482, vstest.console.dll, MulticastDelegateUtilities.SafeInvoke: TestRun.RunStatsChanged: Invoking callbacks was skipped because there are no subscribers.
TpTrace Information: 0 : 28480, 13, 2024/10/24, 16:16:28.265, 5114990423927, vstest.console.dll, TestRunRequest:SendTestRunStatsChange: Completed.
TpTrace Verbose: 0 : 28480, 13, 2024/10/24, 16:16:28.265, 5114990424332, vstest.console.dll, MulticastDelegateUtilities.SafeInvoke: LengthPrefixCommunicationChannel: MessageReceived: Invoking callback 1/1 for Microsoft.VisualStudio.TestPlatform.CommunicationUtilities.TestRequestSender+<>c__DisplayClass34_0., took 24 ms.
TpTrace Verbose: 0 : 28480, 13, 2024/10/24, 16:16:28.265, 5114990424870, vstest.console.dll, TcpClientExtensions.MessageLoopAsync: Polling on remoteEndPoint: 127.0.0.1:55137 localEndPoint: 127.0.0.1:55136 after 646 ms
TpTrace Verbose: 0 : 28480, 13, 2024/10/24, 16:16:28.265, 5114990425515, vstest.console.dll, TcpClientExtensions.MessageLoopAsync: NotifyDataAvailable remoteEndPoint: 127.0.0.1:55137 localEndPoint: 127.0.0.1:55136
TpTrace Verbose: 0 : 28480, 13, 2024/10/24, 16:16:28.265, 5114990426631, vstest.console.dll, TestRequestSender.OnExecutionMessageReceived: Received message: {"Version":7,"MessageType":"TestSession.Message","Payload":{"MessageLevel":0,"Message":"NUnit Adapter 4.4.0.0: Test execution complete"}}
TpTrace Verbose: 0 : 28480, 13, 2024/10/24, 16:16:28.265, 5114990428689, vstest.console.dll, TestRunRequest:SendTestRunMessage: Starting.
TpTrace Verbose: 0 : 28480, 13, 2024/10/24, 16:16:28.265, 5114990429625, vstest.console.dll, MulticastDelegateUtilities.SafeInvoke: TestRun.LogMessages: Invoking callback 1/1 for Microsoft.VisualStudio.TestPlatform.CommandLine.TestRunResultAggregator., took 0 ms.
TpTrace Information: 0 : 28480, 13, 2024/10/24, 16:16:28.265, 5114990430110, vstest.console.dll, TestRunRequest:SendTestRunMessage: Completed.
TpTrace Verbose: 0 : 28480, 13, 2024/10/24, 16:16:28.265, 5114990430621, vstest.console.dll, MulticastDelegateUtilities.SafeInvoke: LengthPrefixCommunicationChannel: MessageReceived: Invoking callback 1/1 for Microsoft.VisualStudio.TestPlatform.CommunicationUtilities.TestRequestSender+<>c__DisplayClass34_0., took 0 ms.
TpTrace Verbose: 0 : 28480, 13, 2024/10/24, 16:16:28.265, 5114990430976, vstest.console.dll, TcpClientExtensions.MessageLoopAsync: Polling on remoteEndPoint: 127.0.0.1:55137 localEndPoint: 127.0.0.1:55136 after 0 ms
TpTrace Verbose: 0 : 28480, 13, 2024/10/24, 16:16:28.265, 5114990431489, vstest.console.dll, TcpClientExtensions.MessageLoopAsync: NotifyDataAvailable remoteEndPoint: 127.0.0.1:55137 localEndPoint: 127.0.0.1:55136
TpTrace Verbose: 0 : 28480, 13, 2024/10/24, 16:16:28.265, 5114990432316, vstest.console.dll, TestRequestSender.OnExecutionMessageReceived: Received message: {"Version":7,"MessageType":"TestExecution.Completed","Payload":{"TestRunCompleteArgs":{"TestRunStatistics":{"ExecutedTests":10,"Stats":{"Passed":10}},"IsCanceled":false,"IsAborted":false,"Error":null,"AttachmentSets":[],"InvokedDataCollectors":[],"ElapsedTimeInRunningTests":"00:00:00.8194746","Metrics":{},"DiscoveredExtensions":{"TestDiscoverers":["NUnit.VisualStudio.TestAdapter.NUnit3TestDiscoverer, NUnit3.TestAdapter, Version=4.4.0.0, Culture=neutral, PublicKeyToken=4cb40d35494691ac"],"TestExecutors":["executor://NUnit3TestExecutor"],"TestExecutors2":[],"TestSettingsProviders":[]}},"LastRunTests":{"NewTestResults":[{"TestCase":{"Id":"96469227-58fd-e344-1b04-ea893e33a6ba","FullyQualifiedName":"LifeInsuranceTests.Tests.Test1","DisplayName":"Test1","ExecutorUri":"executor://NUnit3TestExecutor","Source":"C:\\Users\\sandeep.kumar\\source\\repos\\LifeInsuranceApplication\\LifeInsuranceTests\\bin\\Debug\\net8.0\\fine-code-coverage\\build-output\\LifeInsuranceTests.dll","CodeFilePath":null,"LineNumber":0,"Properties":[{"Key":{"Id":"NUnit.Seed","Label":"Seed","Category":"","Description":"","Attributes":0,"ValueType":"System.String"},"Value":"1068191959"}]},"Attachments":[],"Outcome":1,"ErrorMessage":null,"ErrorStackTrace":null,"DisplayName":"Test1","Messages":[],"ComputerName":"5CD112KHSJ","Duration":"00:00:00.0249190","StartTime":"2024-10-24T10:46:28.2110151+00:00","EndTime":"2024-10-24T10:46:28.2359333+00:00","Properties":[{"Key":{"Id":"NUnit.Seed","Label":"Seed","Category":"","Description":"","Attributes":0,"ValueType":"System.String"},"Value":"1068191959"}]}],"TestRunStatistics":{"ExecutedTests":10,"Stats":{"Passed":10}},"ActiveTests":[]},"RunAttachments":[],"ExecutorUris":["executor://nunit3testexecutor/"]}}
TpTrace Verbose: 0 : 28480, 13, 2024/10/24, 16:16:28.266, 5114990433076, vstest.console.dll, TestRequestSender.EndSession: Sending end session.
TpTrace Verbose: 0 : 28480, 13, 2024/10/24, 16:16:28.266, 5114990435062, vstest.console.dll, ProxyOperationManager.Close: waiting for test host to exit for 100 ms
TpTrace Verbose: 0 : 28480, 4, 2024/10/24, 16:16:28.267, 5114990442526, vstest.console.dll, MulticastDelegateUtilities.SafeInvoke: InternalTestLoggerEvents.SendTestResult: Invoking callback 1/1 for Microsoft.VisualStudio.TestPlatform.CommandLine.Internal.ConsoleLogger., took 1 ms.
TpTrace Verbose: 0 : 28480, 4, 2024/10/24, 16:16:28.267, 5114990446469, vstest.console.dll, MulticastDelegateUtilities.SafeInvoke: InternalTestLoggerEvents.SendTestResult: Invoking callback 1/1 for Microsoft.VisualStudio.TestPlatform.CommandLine.Internal.ConsoleLogger., took 0 ms.
TpTrace Verbose: 0 : 28480, 4, 2024/10/24, 16:16:28.267, 5114990447336, vstest.console.dll, MulticastDelegateUtilities.SafeInvoke: InternalTestLoggerEvents.SendTestResult: Invoking callback 1/1 for Microsoft.VisualStudio.TestPlatform.CommandLine.Internal.ConsoleLogger., took 0 ms.
TpTrace Verbose: 0 : 28480, 4, 2024/10/24, 16:16:28.267, 5114990448165, vstest.console.dll, MulticastDelegateUtilities.SafeInvoke: InternalTestLoggerEvents.SendTestResult: Invoking callback 1/1 for Microsoft.VisualStudio.TestPlatform.CommandLine.Internal.ConsoleLogger., took 0 ms.
TpTrace Verbose: 0 : 28480, 4, 2024/10/24, 16:16:28.267, 5114990448858, vstest.console.dll, MulticastDelegateUtilities.SafeInvoke: InternalTestLoggerEvents.SendTestResult: Invoking callback 1/1 for Microsoft.VisualStudio.TestPlatform.CommandLine.Internal.ConsoleLogger., took 0 ms.
TpTrace Verbose: 0 : 28480, 4, 2024/10/24, 16:16:28.267, 5114990450508, vstest.console.dll, MulticastDelegateUtilities.SafeInvoke: InternalTestLoggerEvents.SendTestResult: Invoking callback 1/1 for Microsoft.VisualStudio.TestPlatform.CommandLine.Internal.ConsoleLogger., took 0 ms.
TpTrace Verbose: 0 : 28480, 4, 2024/10/24, 16:16:28.267, 5114990451222, vstest.console.dll, MulticastDelegateUtilities.SafeInvoke: InternalTestLoggerEvents.SendTestResult: Invoking callback 1/1 for Microsoft.VisualStudio.TestPlatform.CommandLine.Internal.ConsoleLogger., took 0 ms.
TpTrace Verbose: 0 : 28480, 4, 2024/10/24, 16:16:28.267, 5114990451792, vstest.console.dll, MulticastDelegateUtilities.SafeInvoke: InternalTestLoggerEvents.SendTestResult: Invoking callback 1/1 for Microsoft.VisualStudio.TestPlatform.CommandLine.Internal.ConsoleLogger., took 0 ms.
TpTrace Verbose: 0 : 28480, 4, 2024/10/24, 16:16:28.267, 5114990452336, vstest.console.dll, MulticastDelegateUtilities.SafeInvoke: InternalTestLoggerEvents.SendTestResult: Invoking callback 1/1 for Microsoft.VisualStudio.TestPlatform.CommandLine.Internal.ConsoleLogger., took 0 ms.
TpTrace Verbose: 0 : 28480, 4, 2024/10/24, 16:16:28.268, 5114990452838, vstest.console.dll, MulticastDelegateUtilities.SafeInvoke: InternalTestLoggerEvents.SendTestRunMessage: Invoking callback 1/1 for Microsoft.VisualStudio.TestPlatform.CommandLine.Internal.ConsoleLogger., took 0 ms.
TpTrace Verbose: 0 : 28480, 11, 2024/10/24, 16:16:28.295, 5114990731335, vstest.console.dll, TestHostManagerCallbacks.StandardOutputReceivedCallback Test host standard output line: 
TpTrace Warning: 0 : 28480, 12, 2024/10/24, 16:16:28.295, 5114990731365, vstest.console.dll, TestHostManagerCallbacks.ErrorReceivedCallback Test host standard error line: 
TpTrace Verbose: 0 : 28480, 12, 2024/10/24, 16:16:28.304, 5114990819791, vstest.console.dll, TestHostProvider.ExitCallBack: Host exited starting callback.
TpTrace Information: 0 : 28480, 12, 2024/10/24, 16:16:28.304, 5114990821021, vstest.console.dll, TestHostManagerCallbacks.ExitCallBack: Testhost processId: 28664 exited with exitcode: 0 error: ''
TpTrace Verbose: 0 : 28480, 12, 2024/10/24, 16:16:28.304, 5114990821365, vstest.console.dll, DotnetTestHostManager.OnHostExited: invoking OnHostExited callback
TpTrace Verbose: 0 : 28480, 12, 2024/10/24, 16:16:28.304, 5114990821801, vstest.console.dll, CrossPlatEngine.TestHostManagerHostExited: calling on client process exit callback.
TpTrace Information: 0 : 28480, 12, 2024/10/24, 16:16:28.304, 5114990822225, vstest.console.dll, TestRequestSender.OnClientProcessExit: Test host process exited. Standard error: 
TpTrace Information: 0 : 28480, 12, 2024/10/24, 16:16:28.305, 5114990822699, vstest.console.dll, SocketServer.Stop: Stop server endPoint: 127.0.0.1:55136
TpTrace Information: 0 : 28480, 12, 2024/10/24, 16:16:28.305, 5114990822986, vstest.console.dll, SocketServer.Stop: Cancellation requested. Stopping message loop.
TpTrace Verbose: 0 : 28480, 12, 2024/10/24, 16:16:28.305, 5114990824195, vstest.console.dll, MulticastDelegateUtilities.SafeInvoke: HostProviderEvents.OnHostExited: Invoking callback 1/1 for Microsoft.VisualStudio.TestPlatform.CrossPlatEngine.Client.ProxyOperationManager., took 0 ms.
TpTrace Information: 0 : 28480, 13, 2024/10/24, 16:16:28.305, 5114990826135, vstest.console.dll, SocketServer.Stop: Stop server endPoint: 127.0.0.1:55136
TpTrace Information: 0 : 28480, 13, 2024/10/24, 16:16:28.305, 5114990826669, vstest.console.dll, SocketServer.Stop: Cancellation requested. Stopping message loop.
TpTrace Information: 0 : 28480, 13, 2024/10/24, 16:16:28.305, 5114990827043, vstest.console.dll, Closing the connection
TpTrace Verbose: 0 : 28480, 13, 2024/10/24, 16:16:28.305, 5114990828447, vstest.console.dll, ProxyDataCollectionManager.InvokeDataCollectionServiceAction: Starting.
TpTrace Information: 0 : 28480, 13, 2024/10/24, 16:16:28.305, 5114990828816, vstest.console.dll, ProxyDataCollectionManager.AfterTestRunEnd: Get attachment set and invoked data collectors processId: 28576 port: 55133
TpTrace Verbose: 0 : 28480, 13, 2024/10/24, 16:16:28.305, 5114990829188, vstest.console.dll, DataCollectionRequestSender.SendAfterTestRunStartAndGetResult: Send AfterTestRunEnd message with isCancelled: False
TpTrace Verbose: 0 : 28480, 13, 2024/10/24, 16:16:28.310, 5114990878347, vstest.console.dll, DataCollectionRequestSender.SendAfterTestRunStartAndGetResult: Received message: (DataCollection.AfterTestRunEndResult) -> {"MessageType":"DataCollection.AfterTestRunEndResult","Payload":{"AttachmentSets":[],"InvokedDataCollectors":[{"Uri":"datacollector://Microsoft/TestPlatform/Extensions/Blame/v1","FriendlyName":"Blame","AssemblyQualifiedName":"Microsoft.TestPlatform.Extensions.BlameDataCollector.BlameCollector, Microsoft.TestPlatform.Extensions.BlameDataCollector, Version=15.0.0.0, Culture=neutral, PublicKeyToken=b03f5f7f11d50a3a","FilePath":"C:\\Program Files\\dotnet\\sdk\\8.0.403\\Extensions\\Microsoft.TestPlatform.Extensions.BlameDataCollector.dll","HasAttachmentProcessor":false}],"Metrics":{}}}
TpTrace Information: 0 : 28480, 13, 2024/10/24, 16:16:28.314, 5114990918987, vstest.console.dll, ProxyDataCollectionManager.InvokeDataCollectionServiceAction: Completed.
TpTrace Warning: 0 : 28480, 10, 2024/10/24, 16:16:28.327, 5114991044238, vstest.console.dll, DataCollectionLauncher.ErrorReceivedCallback datacollector standard error line: 
TpTrace Information: 0 : 28480, 10, 2024/10/24, 16:16:28.333, 5114991102504, vstest.console.dll, DataCollectionLauncher.ExitCallBack: Data collector exited with exitcode: 0 error: ''
TpTrace Verbose: 0 : 28480, 13, 2024/10/24, 16:16:28.340, 5114991172897, vstest.console.dll, TestRunRequest:SendTestRunStatsChange: Starting.
TpTrace Verbose: 0 : 28480, 13, 2024/10/24, 16:16:28.340, 5114991174290, vstest.console.dll, MulticastDelegateUtilities.SafeInvoke: TestRun.RunStatsChanged: Invoking callbacks was skipped because there are no subscribers.
TpTrace Information: 0 : 28480, 13, 2024/10/24, 16:16:28.340, 5114991174613, vstest.console.dll, TestRunRequest:SendTestRunStatsChange: Completed.
TpTrace Verbose: 0 : 28480, 13, 2024/10/24, 16:16:28.340, 5114991178168, vstest.console.dll, ParallelProxyExecutionManager: HandlePartialRunComplete: Total workloads = 1, Total started clients = 1 Total completed clients = 1, Run complete = True, Run canceled: False.
TpTrace Verbose: 0 : 28480, 13, 2024/10/24, 16:16:28.340, 5114991178832, vstest.console.dll, ParallelProxyExecutionManager: HandlePartialRunComplete: All runs completed stopping all managers.
TpTrace Verbose: 0 : 28480, 4, 2024/10/24, 16:16:28.340, 5114991178181, vstest.console.dll, MulticastDelegateUtilities.SafeInvoke: InternalTestLoggerEvents.SendTestResult: Invoking callback 1/1 for Microsoft.VisualStudio.TestPlatform.CommandLine.Internal.ConsoleLogger., took 0 ms.
TpTrace Verbose: 0 : 28480, 13, 2024/10/24, 16:16:28.340, 5114991179175, vstest.console.dll, ParallelOperationManager.StopAllManagers: Stopping all managers.
TpTrace Verbose: 0 : 28480, 13, 2024/10/24, 16:16:28.340, 5114991180848, vstest.console.dll, ParallelOperationManager.ClearSlots: Clearing all slots. Slots should accept more work: False
TpTrace Verbose: 0 : 28480, 13, 2024/10/24, 16:16:28.340, 5114991181770, vstest.console.dll, ParallelOperationManager.SetOccupiedSlotCount: Setting slot counts AvailableSlotCount = 1, OccupiedSlotCount = 0.
TpTrace Verbose: 0 : 28480, 13, 2024/10/24, 16:16:28.340, 5114991182242, vstest.console.dll, Occupied slots:

TpTrace Verbose: 0 : 28480, 4, 2024/10/24, 16:16:28.346, 5114991239223, vstest.console.dll, MulticastDelegateUtilities.SafeInvoke: InternalTestLoggerEvents.SendTestRunComplete: Invoking callback 1/2 for Microsoft.TestPlatform.Extensions.BlameDataCollector.BlameLogger., took 0 ms.
TpTrace Verbose: 0 : 28480, 4, 2024/10/24, 16:16:28.350, 5114991282284, vstest.console.dll, MulticastDelegateUtilities.SafeInvoke: InternalTestLoggerEvents.SendTestRunComplete: Invoking callback 2/2 for Microsoft.VisualStudio.TestPlatform.CommandLine.Internal.ConsoleLogger., took 4 ms.
TpTrace Verbose: 0 : 28480, 13, 2024/10/24, 16:16:28.351, 5114991285918, vstest.console.dll, TestRunRequest:TestRunComplete: Starting. IsAborted:False IsCanceled:False.
TpTrace Verbose: 0 : 28480, 13, 2024/10/24, 16:16:28.351, 5114991287236, vstest.console.dll, ParallelOperationManager.DoActionOnAllManagers: Calling an action on all managers.
TpTrace Verbose: 0 : 28480, 13, 2024/10/24, 16:16:28.352, 5114991293028, vstest.console.dll, TestLoggerManager.HandleTestRunComplete: Ignoring as the object is disposed.
TpTrace Verbose: 0 : 28480, 13, 2024/10/24, 16:16:28.352, 5114991294607, vstest.console.dll, MulticastDelegateUtilities.SafeInvoke: TestRun.TestRunComplete: Invoking callback 1/2 for Microsoft.VisualStudio.TestPlatform.CommandLine.TestRunResultAggregator., took 0 ms.
TpTrace Verbose: 0 : 28480, 13, 2024/10/24, 16:16:28.352, 5114991295526, vstest.console.dll, MulticastDelegateUtilities.SafeInvoke: TestRun.TestRunComplete: Invoking callback 2/2 for Microsoft.VisualStudio.TestPlatform.CommandLine.Processors.RunTestsArgumentExecutor+TestRunRequestEventsRegistrar., took 0 ms.
TpTrace Information: 0 : 28480, 13, 2024/10/24, 16:16:28.352, 5114991296466, vstest.console.dll, TestRunRequest:TestRunComplete: Completed.
TpTrace Verbose: 0 : 28480, 13, 2024/10/24, 16:16:28.352, 5114991296878, vstest.console.dll, TestRequestSender.SetOperationComplete: Setting operation complete.
TpTrace Information: 0 : 28480, 13, 2024/10/24, 16:16:28.352, 5114991297140, vstest.console.dll, SocketServer.Stop: Stop server endPoint: 127.0.0.1:55136
TpTrace Verbose: 0 : 28480, 1, 2024/10/24, 16:16:28.352, 5114991297320, vstest.console.dll, TestRunRequest.Dispose: Starting.
TpTrace Information: 0 : 28480, 1, 2024/10/24, 16:16:28.352, 5114991297997, vstest.console.dll, TestRunRequest.Dispose: Completed.
TpTrace Information: 0 : 28480, 13, 2024/10/24, 16:16:28.352, 5114991297381, vstest.console.dll, SocketServer.Stop: Cancellation requested. Stopping message loop.
TpTrace Verbose: 0 : 28480, 13, 2024/10/24, 16:16:28.352, 5114991298892, vstest.console.dll, MulticastDelegateUtilities.SafeInvoke: LengthPrefixCommunicationChannel: MessageReceived: Invoking callback 1/1 for Microsoft.VisualStudio.TestPlatform.CommunicationUtilities.TestRequestSender+<>c__DisplayClass34_0., took 86 ms.
TpTrace Information: 0 : 28480, 1, 2024/10/24, 16:16:28.352, 5114991298398, vstest.console.dll, TestRequestManager.RunTests: run tests completed.
TpTrace Information: 0 : 28480, 13, 2024/10/24, 16:16:28.352, 5114991299327, vstest.console.dll, SocketServer.PrivateStop: Stopping server endPoint: 127.0.0.1:55136 error: 
TpTrace Information: 0 : 28480, 1, 2024/10/24, 16:16:28.352, 5114991300054, vstest.console.dll, RunTestsArgumentProcessor:Execute: Test run is completed.
TpTrace Verbose: 0 : 28480, 1, 2024/10/24, 16:16:28.353, 5114991302807, vstest.console.dll, Executor.Execute: Exiting with exit code of 0
TpTrace Verbose: 0 : 28480, 13, 2024/10/24, 16:16:28.353, 5114991303459, vstest.console.dll, LengthPrefixCommunicationChannel.Dispose: Dispose reader and writer.
TpTrace Information: 0 : 28480, 13, 2024/10/24, 16:16:28.353, 5114991304117, vstest.console.dll, SocketServer.Stop: Raise disconnected event endPoint: 127.0.0.1:55136 error: 
TpTrace Verbose: 0 : 28480, 13, 2024/10/24, 16:16:28.353, 5114991304845, vstest.console.dll, TestRequestSender: OnTestRunAbort: Operation is already complete. Skip error message.
TpTrace Verbose: 0 : 28480, 13, 2024/10/24, 16:16:28.353, 5114991305232, vstest.console.dll, MulticastDelegateUtilities.SafeInvoke: SocketServer: ClientDisconnected: Invoking callback 1/1 for Microsoft.VisualStudio.TestPlatform.CommunicationUtilities.TestRequestSender., took 0 ms.
TpTrace Verbose: 0 : 28480, 13, 2024/10/24, 16:16:28.353, 5114991305596, vstest.console.dll, TcpClientExtensions.MessageLoopAsync: exiting MessageLoopAsync remoteEndPoint: 127.0.0.1:55137 localEndPoint: 127.0.0.1:55136
