TpTrace Verbose: 0 : 29028, 1, 2024/10/28, 19:25:51.750, 8684786075173, vstest.console.dll, Version: 17.11.1-release-24455-02 Current process architecture: X64
TpTrace Verbose: 0 : 29028, 1, 2024/10/28, 19:25:51.756, 8684786127199, vstest.console.dll, Runtime location: C:\Program Files\dotnet\shared\Microsoft.NETCore.App\8.0.10
TpTrace Verbose: 0 : 29028, 1, 2024/10/28, 19:25:51.762, 8684786191181, vstest.console.dll, ArtifactProcessingPostProcessModeProcessorExecutor.Initialize: ArtifactProcessingMode.Collect
TpTrace Verbose: 0 : 29028, 1, 2024/10/28, 19:25:51.762, 8684786194446, vstest.console.dll, TestSessionCorrelationIdProcessorModeProcessorExecutor.Initialize: TestSessionCorrelationId '23568_3d6d4225-30c0-493d-873f-f9895919215c'
TpTrace Information: 0 : 29028, 1, 2024/10/28, 19:25:51.786, 8684786433955, vstest.console.dll, FilePatternParser: The given file C:\Users\sandeep.kumar\source\repos\EFCoreFirstAPI\EFCoreTest\bin\Debug\net8.0\fine-code-coverage\build-output\EFCoreTest.dll is a full path.
TpTrace Verbose: 0 : 29028, 1, 2024/10/28, 19:25:51.810, 8684786666117, vstest.console.dll, TestPluginCache.DiscoverTestExtensions: finding test extensions in assemblies ends with: RuntimeProvider.dll TPluginInfo: Microsoft.VisualStudio.TestPlatform.Common.ExtensionFramework.Utilities.TestRuntimePluginInformation TExtension: Microsoft.VisualStudio.TestPlatform.ObjectModel.Host.ITestRuntimeProvider
TpTrace Verbose: 0 : 29028, 1, 2024/10/28, 19:25:51.811, 8684786682828, vstest.console.dll, TestPluginCache.GetExtensionPaths: Filtered extension paths: 
TpTrace Verbose: 0 : 29028, 1, 2024/10/28, 19:25:51.812, 8684786691162, vstest.console.dll, TestPluginCache.GetExtensionPaths: Added default extension paths: C:\Program Files\dotnet\sdk\8.0.403\Extensions\Microsoft.Diagnostics.NETCore.Client.dll
C:\Program Files\dotnet\sdk\8.0.403\Extensions\Microsoft.TestPlatform.Extensions.BlameDataCollector.dll
C:\Program Files\dotnet\sdk\8.0.403\Extensions\Microsoft.TestPlatform.Extensions.EventLogCollector.dll
C:\Program Files\dotnet\sdk\8.0.403\Extensions\Microsoft.TestPlatform.TestHostRuntimeProvider.dll
C:\Program Files\dotnet\sdk\8.0.403\Extensions\Microsoft.VisualStudio.TestPlatform.Extensions.Html.TestLogger.dll
C:\Program Files\dotnet\sdk\8.0.403\Extensions\Microsoft.VisualStudio.TestPlatform.Extensions.Trx.TestLogger.dll
TpTrace Verbose: 0 : 29028, 1, 2024/10/28, 19:25:51.812, 8684786693249, vstest.console.dll, TestPluginCache.GetExtensionPaths: Added unfilterableExtensionPaths: 
TpTrace Information: 0 : 29028, 1, 2024/10/28, 19:25:51.814, 8684786706293, vstest.console.dll, AssemblyResolver.ctor: Creating AssemblyResolver with searchDirectories C:\Program Files\dotnet\sdk\8.0.403\Extensions,C:\Program Files\dotnet\sdk\8.0.403
TpTrace Verbose: 0 : 29028, 1, 2024/10/28, 19:25:51.819, 8684786759494, vstest.console.dll, TestPluginCache.DiscoverTestExtensions: Discovering the extensions using extension path.
TpTrace Verbose: 0 : 29028, 1, 2024/10/28, 19:25:51.819, 8684786762240, vstest.console.dll, TestPluginCache.GetExtensionPaths: Filtered extension paths: 
TpTrace Verbose: 0 : 29028, 1, 2024/10/28, 19:25:51.819, 8684786763155, vstest.console.dll, TestPluginCache.GetExtensionPaths: Added default extension paths: C:\Program Files\dotnet\sdk\8.0.403\Extensions\Microsoft.Diagnostics.NETCore.Client.dll
C:\Program Files\dotnet\sdk\8.0.403\Extensions\Microsoft.TestPlatform.Extensions.BlameDataCollector.dll
C:\Program Files\dotnet\sdk\8.0.403\Extensions\Microsoft.TestPlatform.Extensions.EventLogCollector.dll
C:\Program Files\dotnet\sdk\8.0.403\Extensions\Microsoft.TestPlatform.TestHostRuntimeProvider.dll
C:\Program Files\dotnet\sdk\8.0.403\Extensions\Microsoft.VisualStudio.TestPlatform.Extensions.Html.TestLogger.dll
C:\Program Files\dotnet\sdk\8.0.403\Extensions\Microsoft.VisualStudio.TestPlatform.Extensions.Trx.TestLogger.dll
TpTrace Verbose: 0 : 29028, 1, 2024/10/28, 19:25:51.819, 8684786763807, vstest.console.dll, TestPluginCache.GetExtensionPaths: Added unfilterableExtensionPaths: 
TpTrace Verbose: 0 : 29028, 1, 2024/10/28, 19:25:51.819, 8684786764934, vstest.console.dll, TestPluginCache.DiscoverTestExtensions: Discovering the extensions using allExtensionPaths: C:\Program Files\dotnet\sdk\8.0.403\Extensions\Microsoft.Diagnostics.NETCore.Client.dll
C:\Program Files\dotnet\sdk\8.0.403\Extensions\Microsoft.TestPlatform.Extensions.BlameDataCollector.dll
C:\Program Files\dotnet\sdk\8.0.403\Extensions\Microsoft.TestPlatform.Extensions.EventLogCollector.dll
C:\Program Files\dotnet\sdk\8.0.403\Extensions\Microsoft.TestPlatform.TestHostRuntimeProvider.dll
C:\Program Files\dotnet\sdk\8.0.403\Extensions\Microsoft.VisualStudio.TestPlatform.Extensions.Html.TestLogger.dll
C:\Program Files\dotnet\sdk\8.0.403\Extensions\Microsoft.VisualStudio.TestPlatform.Extensions.Trx.TestLogger.dll
TpTrace Information: 0 : 29028, 1, 2024/10/28, 19:25:51.820, 8684786767464, vstest.console.dll, AssemblyResolver.AddSearchDirectories: Adding more searchDirectories C:\Program Files\dotnet\sdk\8.0.403\Extensions,C:\Program Files\dotnet\sdk\8.0.403
TpTrace Information: 0 : 29028, 1, 2024/10/28, 19:25:51.820, 8684786768592, vstest.console.dll, AssemblyResolver.AddSearchDirectories: Adding more searchDirectories C:\Program Files\dotnet\sdk\8.0.403\Extensions,C:\Program Files\dotnet\sdk\8.0.403
TpTrace Information: 0 : 29028, 1, 2024/10/28, 19:25:51.820, 8684786769296, vstest.console.dll, AssemblyResolver.AddSearchDirectories: Adding more searchDirectories C:\Program Files\dotnet\sdk\8.0.403\Extensions,C:\Program Files\dotnet\sdk\8.0.403
TpTrace Information: 0 : 29028, 1, 2024/10/28, 19:25:51.820, 8684786769883, vstest.console.dll, AssemblyResolver.AddSearchDirectories: Adding more searchDirectories C:\Program Files\dotnet\sdk\8.0.403\Extensions,C:\Program Files\dotnet\sdk\8.0.403
TpTrace Information: 0 : 29028, 1, 2024/10/28, 19:25:51.820, 8684786770516, vstest.console.dll, AssemblyResolver.AddSearchDirectories: Adding more searchDirectories C:\Program Files\dotnet\sdk\8.0.403\Extensions,C:\Program Files\dotnet\sdk\8.0.403
TpTrace Information: 0 : 29028, 1, 2024/10/28, 19:25:51.820, 8684786771082, vstest.console.dll, AssemblyResolver.AddSearchDirectories: Adding more searchDirectories C:\Program Files\dotnet\sdk\8.0.403\Extensions,C:\Program Files\dotnet\sdk\8.0.403
TpTrace Information: 0 : 29028, 1, 2024/10/28, 19:25:51.821, 8684786778402, vstest.console.dll, AssemblyResolver.OnResolve: Microsoft.Diagnostics.NETCore.Client: Resolving assembly.
TpTrace Information: 0 : 29028, 1, 2024/10/28, 19:25:51.821, 8684786779681, vstest.console.dll, AssemblyResolver.OnResolve: Microsoft.Diagnostics.NETCore.Client: Searching in: 'C:\Program Files\dotnet\sdk\8.0.403\Extensions'.
TpTrace Information: 0 : 29028, 1, 2024/10/28, 19:25:51.849, 8684787056674, vstest.console.dll, AssemblyResolver.OnResolve: Microsoft.Diagnostics.NETCore.Client: Loading assembly 'C:\Program Files\dotnet\sdk\8.0.403\Extensions\Microsoft.Diagnostics.NETCore.Client.dll'.
TpTrace Information: 0 : 29028, 1, 2024/10/28, 19:25:51.853, 8684787098920, vstest.console.dll, AssemblyResolver.OnResolve: Resolved assembly: Microsoft.Diagnostics.NETCore.Client, from path: C:\Program Files\dotnet\sdk\8.0.403\Extensions\Microsoft.Diagnostics.NETCore.Client.dll
TpTrace Verbose: 0 : 29028, 1, 2024/10/28, 19:25:51.875, 8684787323020, vstest.console.dll, MetadataReaderExtensionsHelper: Discovering extensions inside assembly 'Microsoft.Diagnostics.NETCore.Client, Version=0.2.10.30701, Culture=neutral, PublicKeyToken=31bf3856ad364e35' file path 'C:\Program Files\dotnet\sdk\8.0.403\Extensions\Microsoft.Diagnostics.NETCore.Client.dll'
TpTrace Information: 0 : 29028, 1, 2024/10/28, 19:25:51.893, 8684787503623, vstest.console.dll, AssemblyResolver.OnResolve: Microsoft.Bcl.AsyncInterfaces: Resolving assembly.
TpTrace Information: 0 : 29028, 1, 2024/10/28, 19:25:51.894, 8684787506086, vstest.console.dll, AssemblyResolver.OnResolve: Microsoft.Bcl.AsyncInterfaces: Searching in: 'C:\Program Files\dotnet\sdk\8.0.403\Extensions'.
TpTrace Information: 0 : 29028, 1, 2024/10/28, 19:25:51.894, 8684787508426, vstest.console.dll, AssemblyResolver.OnResolve: Microsoft.Bcl.AsyncInterfaces: Assembly path does not exist: 'C:\Program Files\dotnet\sdk\8.0.403\Extensions\Microsoft.Bcl.AsyncInterfaces.dll', returning.
TpTrace Information: 0 : 29028, 1, 2024/10/28, 19:25:51.894, 8684787511597, vstest.console.dll, AssemblyResolver.OnResolve: Microsoft.Bcl.AsyncInterfaces: Assembly path does not exist: 'C:\Program Files\dotnet\sdk\8.0.403\Extensions\Microsoft.Bcl.AsyncInterfaces.exe', returning.
TpTrace Information: 0 : 29028, 1, 2024/10/28, 19:25:51.894, 8684787512586, vstest.console.dll, AssemblyResolver.OnResolve: Microsoft.Bcl.AsyncInterfaces: Searching in: 'C:\Program Files\dotnet\sdk\8.0.403'.
TpTrace Information: 0 : 29028, 1, 2024/10/28, 19:25:51.894, 8684787513981, vstest.console.dll, AssemblyResolver.OnResolve: Microsoft.Bcl.AsyncInterfaces: Assembly path does not exist: 'C:\Program Files\dotnet\sdk\8.0.403\Microsoft.Bcl.AsyncInterfaces.dll', returning.
TpTrace Information: 0 : 29028, 1, 2024/10/28, 19:25:51.894, 8684787515548, vstest.console.dll, AssemblyResolver.OnResolve: Microsoft.Bcl.AsyncInterfaces: Assembly path does not exist: 'C:\Program Files\dotnet\sdk\8.0.403\Microsoft.Bcl.AsyncInterfaces.exe', returning.
TpTrace Information: 0 : 29028, 1, 2024/10/28, 19:25:51.895, 8684787516353, vstest.console.dll, AssemblyResolver.OnResolve: Microsoft.Bcl.AsyncInterfaces: Failed to load assembly.
TpTrace Verbose: 0 : 29028, 1, 2024/10/28, 19:25:51.895, 8684787517621, vstest.console.dll, CurrentDomainAssemblyResolve: Resolving assembly 'Microsoft.Bcl.AsyncInterfaces'.
TpTrace Information: 0 : 29028, 1, 2024/10/28, 19:25:51.895, 8684787519283, vstest.console.dll, AssemblyResolver.OnResolve: Microsoft.Bcl.AsyncInterfaces: Resolving assembly.
TpTrace Information: 0 : 29028, 1, 2024/10/28, 19:25:51.895, 8684787520798, vstest.console.dll, AssemblyResolver.OnResolve: Microsoft.Bcl.AsyncInterfaces: Resolved from cache.
TpTrace Verbose: 0 : 29028, 1, 2024/10/28, 19:25:51.895, 8684787521670, vstest.console.dll, CurrentDomainAssemblyResolve: Resolving assembly 'Microsoft.Bcl.AsyncInterfaces'.
TpTrace Verbose: 0 : 29028, 1, 2024/10/28, 19:25:51.895, 8684787522954, vstest.console.dll, CurrentDomainAssemblyResolve: Failed to resolve assembly 'Microsoft.Bcl.AsyncInterfaces'.
TpTrace Verbose: 0 : 29028, 1, 2024/10/28, 19:25:51.900, 8684787572845, vstest.console.dll, CurrentDomainAssemblyResolve: Failed to resolve assembly 'Microsoft.Bcl.AsyncInterfaces'.
TpTrace Warning: 0 : 29028, 1, 2024/10/28, 19:25:51.933, 8684787898481, vstest.console.dll, TestPluginDiscoverer: Failed to get types from assembly 'Microsoft.Diagnostics.NETCore.Client, Version=0.2.10.30701, Culture=neutral, PublicKeyToken=31bf3856ad364e35'. Error: System.Reflection.ReflectionTypeLoadException: Unable to load one or more of the requested types.
Could not load file or assembly 'Microsoft.Bcl.AsyncInterfaces, Version=6.0.0.0, Culture=neutral, PublicKeyToken=cc7b13ffcd2ddd51'. The system cannot find the file specified.
   at System.Reflection.RuntimeModule.GetTypes(RuntimeModule module)
   at System.Reflection.RuntimeModule.GetTypes()
   at Microsoft.VisualStudio.TestPlatform.Common.ExtensionFramework.TestPluginDiscoverer.GetTestExtensionsFromAssembly[TPluginInfo,TExtension](Assembly assembly, Dictionary`2 pluginInfos, String filePath) in /_/src/Microsoft.TestPlatform.Common/ExtensionFramework/TestPluginDiscoverer.cs:line 158
System.IO.FileNotFoundException: Could not load file or assembly 'Microsoft.Bcl.AsyncInterfaces, Version=6.0.0.0, Culture=neutral, PublicKeyToken=cc7b13ffcd2ddd51'. The system cannot find the file specified.
File name: 'Microsoft.Bcl.AsyncInterfaces, Version=6.0.0.0, Culture=neutral, PublicKeyToken=cc7b13ffcd2ddd51'
 ---> System.IO.FileNotFoundException: Could not load file or assembly 'Microsoft.Bcl.AsyncInterfaces, Culture=neutral, PublicKeyToken=null'. The system cannot find the file specified.
File name: 'Microsoft.Bcl.AsyncInterfaces, Culture=neutral, PublicKeyToken=null'
   at System.Reflection.RuntimeAssembly.InternalLoad(AssemblyName assemblyName, StackCrawlMark& stackMark, AssemblyLoadContext assemblyLoadContext, RuntimeAssembly requestingAssembly, Boolean throwOnFileNotFound)
   at System.Reflection.Assembly.Load(AssemblyName assemblyRef)
   at Microsoft.VisualStudio.TestPlatform.Common.ExtensionFramework.TestPluginCache.CurrentDomainAssemblyResolve(Object sender, AssemblyResolveEventArgs args) in /_/src/Microsoft.TestPlatform.Common/ExtensionFramework/TestPluginCache.cs:line 513
   at System.Runtime.Loader.AssemblyLoadContext.GetFirstResolvedAssemblyFromResolvingEvent(AssemblyName assemblyName)
   at System.Runtime.Loader.AssemblyLoadContext.ResolveUsingEvent(AssemblyName assemblyName)
   at System.Runtime.Loader.AssemblyLoadContext.ResolveUsingResolvingEvent(IntPtr gchManagedAssemblyLoadContext, AssemblyName assemblyName)
TpTrace Warning: 0 : 29028, 1, 2024/10/28, 19:25:51.933, 8684787904414, vstest.console.dll, LoaderExceptions: System.IO.FileNotFoundException: Could not load file or assembly 'Microsoft.Bcl.AsyncInterfaces, Version=6.0.0.0, Culture=neutral, PublicKeyToken=cc7b13ffcd2ddd51'. The system cannot find the file specified.
File name: 'Microsoft.Bcl.AsyncInterfaces, Version=6.0.0.0, Culture=neutral, PublicKeyToken=cc7b13ffcd2ddd51'
 ---> System.IO.FileNotFoundException: Could not load file or assembly 'Microsoft.Bcl.AsyncInterfaces, Culture=neutral, PublicKeyToken=null'. The system cannot find the file specified.
File name: 'Microsoft.Bcl.AsyncInterfaces, Culture=neutral, PublicKeyToken=null'
   at System.Reflection.RuntimeAssembly.InternalLoad(AssemblyName assemblyName, StackCrawlMark& stackMark, AssemblyLoadContext assemblyLoadContext, RuntimeAssembly requestingAssembly, Boolean throwOnFileNotFound)
   at System.Reflection.Assembly.Load(AssemblyName assemblyRef)
   at Microsoft.VisualStudio.TestPlatform.Common.ExtensionFramework.TestPluginCache.CurrentDomainAssemblyResolve(Object sender, AssemblyResolveEventArgs args) in /_/src/Microsoft.TestPlatform.Common/ExtensionFramework/TestPluginCache.cs:line 513
   at System.Runtime.Loader.AssemblyLoadContext.GetFirstResolvedAssemblyFromResolvingEvent(AssemblyName assemblyName)
   at System.Runtime.Loader.AssemblyLoadContext.ResolveUsingEvent(AssemblyName assemblyName)
   at System.Runtime.Loader.AssemblyLoadContext.ResolveUsingResolvingEvent(IntPtr gchManagedAssemblyLoadContext, AssemblyName assemblyName)
TpTrace Information: 0 : 29028, 1, 2024/10/28, 19:25:51.934, 8684787906814, vstest.console.dll, AssemblyResolver.OnResolve: Microsoft.TestPlatform.Extensions.BlameDataCollector: Resolving assembly.
TpTrace Information: 0 : 29028, 1, 2024/10/28, 19:25:51.934, 8684787907631, vstest.console.dll, AssemblyResolver.OnResolve: Microsoft.TestPlatform.Extensions.BlameDataCollector: Searching in: 'C:\Program Files\dotnet\sdk\8.0.403\Extensions'.
TpTrace Information: 0 : 29028, 1, 2024/10/28, 19:25:51.936, 8684787930429, vstest.console.dll, AssemblyResolver.OnResolve: Microsoft.TestPlatform.Extensions.BlameDataCollector: Loading assembly 'C:\Program Files\dotnet\sdk\8.0.403\Extensions\Microsoft.TestPlatform.Extensions.BlameDataCollector.dll'.
TpTrace Information: 0 : 29028, 1, 2024/10/28, 19:25:51.939, 8684787958995, vstest.console.dll, AssemblyResolver.OnResolve: Resolved assembly: Microsoft.TestPlatform.Extensions.BlameDataCollector, from path: C:\Program Files\dotnet\sdk\8.0.403\Extensions\Microsoft.TestPlatform.Extensions.BlameDataCollector.dll
TpTrace Verbose: 0 : 29028, 1, 2024/10/28, 19:25:51.939, 8684787961278, vstest.console.dll, MetadataReaderExtensionsHelper: Discovering extensions inside assembly 'Microsoft.TestPlatform.Extensions.BlameDataCollector, Version=15.0.0.0, Culture=neutral, PublicKeyToken=b03f5f7f11d50a3a' file path 'C:\Program Files\dotnet\sdk\8.0.403\Extensions\Microsoft.TestPlatform.Extensions.BlameDataCollector.dll'
TpTrace Information: 0 : 29028, 1, 2024/10/28, 19:25:51.942, 8684787992023, vstest.console.dll, AssemblyResolver.OnResolve: Microsoft.TestPlatform.Extensions.EventLogCollector: Resolving assembly.
TpTrace Information: 0 : 29028, 1, 2024/10/28, 19:25:51.942, 8684787993371, vstest.console.dll, AssemblyResolver.OnResolve: Microsoft.TestPlatform.Extensions.EventLogCollector: Searching in: 'C:\Program Files\dotnet\sdk\8.0.403\Extensions'.
TpTrace Information: 0 : 29028, 1, 2024/10/28, 19:25:51.944, 8684788010065, vstest.console.dll, AssemblyResolver.OnResolve: Microsoft.TestPlatform.Extensions.EventLogCollector: Loading assembly 'C:\Program Files\dotnet\sdk\8.0.403\Extensions\Microsoft.TestPlatform.Extensions.EventLogCollector.dll'.
TpTrace Information: 0 : 29028, 1, 2024/10/28, 19:25:51.946, 8684788029834, vstest.console.dll, AssemblyResolver.OnResolve: Resolved assembly: Microsoft.TestPlatform.Extensions.EventLogCollector, from path: C:\Program Files\dotnet\sdk\8.0.403\Extensions\Microsoft.TestPlatform.Extensions.EventLogCollector.dll
TpTrace Verbose: 0 : 29028, 1, 2024/10/28, 19:25:51.946, 8684788031531, vstest.console.dll, MetadataReaderExtensionsHelper: Discovering extensions inside assembly 'Microsoft.TestPlatform.Extensions.EventLogCollector, Version=15.0.0.0, Culture=neutral, PublicKeyToken=b03f5f7f11d50a3a' file path 'C:\Program Files\dotnet\sdk\8.0.403\Extensions\Microsoft.TestPlatform.Extensions.EventLogCollector.dll'
TpTrace Information: 0 : 29028, 1, 2024/10/28, 19:25:51.956, 8684788134286, vstest.console.dll, AssemblyResolver.OnResolve: Microsoft.TestPlatform.TestHostRuntimeProvider: Resolving assembly.
TpTrace Information: 0 : 29028, 1, 2024/10/28, 19:25:51.957, 8684788135979, vstest.console.dll, AssemblyResolver.OnResolve: Microsoft.TestPlatform.TestHostRuntimeProvider: Searching in: 'C:\Program Files\dotnet\sdk\8.0.403\Extensions'.
TpTrace Information: 0 : 29028, 1, 2024/10/28, 19:25:51.958, 8684788151837, vstest.console.dll, AssemblyResolver.OnResolve: Microsoft.TestPlatform.TestHostRuntimeProvider: Loading assembly 'C:\Program Files\dotnet\sdk\8.0.403\Extensions\Microsoft.TestPlatform.TestHostRuntimeProvider.dll'.
TpTrace Information: 0 : 29028, 1, 2024/10/28, 19:25:51.960, 8684788175405, vstest.console.dll, AssemblyResolver.OnResolve: Resolved assembly: Microsoft.TestPlatform.TestHostRuntimeProvider, from path: C:\Program Files\dotnet\sdk\8.0.403\Extensions\Microsoft.TestPlatform.TestHostRuntimeProvider.dll
TpTrace Verbose: 0 : 29028, 1, 2024/10/28, 19:25:51.961, 8684788177239, vstest.console.dll, MetadataReaderExtensionsHelper: Discovering extensions inside assembly 'Microsoft.TestPlatform.TestHostRuntimeProvider, Version=15.0.0.0, Culture=neutral, PublicKeyToken=b03f5f7f11d50a3a' file path 'C:\Program Files\dotnet\sdk\8.0.403\Extensions\Microsoft.TestPlatform.TestHostRuntimeProvider.dll'
TpTrace Information: 0 : 29028, 1, 2024/10/28, 19:25:51.964, 8684788215226, vstest.console.dll, GetTestExtensionFromType: Register extension with identifier data 'HostProvider://DefaultTestHost' and type 'Microsoft.VisualStudio.TestPlatform.CrossPlatEngine.Hosting.DefaultTestHostManager, Microsoft.TestPlatform.TestHostRuntimeProvider, Version=15.0.0.0, Culture=neutral, PublicKeyToken=b03f5f7f11d50a3a' inside file 'C:\Program Files\dotnet\sdk\8.0.403\Extensions\Microsoft.TestPlatform.TestHostRuntimeProvider.dll'
TpTrace Information: 0 : 29028, 1, 2024/10/28, 19:25:51.965, 8684788220315, vstest.console.dll, GetTestExtensionFromType: Register extension with identifier data 'HostProvider://DotnetTestHost' and type 'Microsoft.VisualStudio.TestPlatform.CrossPlatEngine.Hosting.DotnetTestHostManager, Microsoft.TestPlatform.TestHostRuntimeProvider, Version=15.0.0.0, Culture=neutral, PublicKeyToken=b03f5f7f11d50a3a' inside file 'C:\Program Files\dotnet\sdk\8.0.403\Extensions\Microsoft.TestPlatform.TestHostRuntimeProvider.dll'
TpTrace Information: 0 : 29028, 1, 2024/10/28, 19:25:51.965, 8684788222069, vstest.console.dll, AssemblyResolver.OnResolve: Microsoft.VisualStudio.TestPlatform.Extensions.Html.TestLogger: Resolving assembly.
TpTrace Information: 0 : 29028, 1, 2024/10/28, 19:25:51.965, 8684788222960, vstest.console.dll, AssemblyResolver.OnResolve: Microsoft.VisualStudio.TestPlatform.Extensions.Html.TestLogger: Searching in: 'C:\Program Files\dotnet\sdk\8.0.403\Extensions'.
TpTrace Information: 0 : 29028, 1, 2024/10/28, 19:25:51.967, 8684788241049, vstest.console.dll, AssemblyResolver.OnResolve: Microsoft.VisualStudio.TestPlatform.Extensions.Html.TestLogger: Loading assembly 'C:\Program Files\dotnet\sdk\8.0.403\Extensions\Microsoft.VisualStudio.TestPlatform.Extensions.Html.TestLogger.dll'.
TpTrace Information: 0 : 29028, 1, 2024/10/28, 19:25:51.970, 8684788268169, vstest.console.dll, AssemblyResolver.OnResolve: Resolved assembly: Microsoft.VisualStudio.TestPlatform.Extensions.Html.TestLogger, from path: C:\Program Files\dotnet\sdk\8.0.403\Extensions\Microsoft.VisualStudio.TestPlatform.Extensions.Html.TestLogger.dll
TpTrace Verbose: 0 : 29028, 1, 2024/10/28, 19:25:51.970, 8684788270678, vstest.console.dll, MetadataReaderExtensionsHelper: Discovering extensions inside assembly 'Microsoft.VisualStudio.TestPlatform.Extensions.Html.TestLogger, Version=15.0.0.0, Culture=neutral, PublicKeyToken=b03f5f7f11d50a3a' file path 'C:\Program Files\dotnet\sdk\8.0.403\Extensions\Microsoft.VisualStudio.TestPlatform.Extensions.Html.TestLogger.dll'
TpTrace Information: 0 : 29028, 1, 2024/10/28, 19:25:51.973, 8684788296862, vstest.console.dll, AssemblyResolver.OnResolve: Microsoft.VisualStudio.TestPlatform.Extensions.Trx.TestLogger: Resolving assembly.
TpTrace Information: 0 : 29028, 1, 2024/10/28, 19:25:51.973, 8684788298731, vstest.console.dll, AssemblyResolver.OnResolve: Microsoft.VisualStudio.TestPlatform.Extensions.Trx.TestLogger: Searching in: 'C:\Program Files\dotnet\sdk\8.0.403\Extensions'.
TpTrace Information: 0 : 29028, 1, 2024/10/28, 19:25:51.974, 8684788315027, vstest.console.dll, AssemblyResolver.OnResolve: Microsoft.VisualStudio.TestPlatform.Extensions.Trx.TestLogger: Loading assembly 'C:\Program Files\dotnet\sdk\8.0.403\Extensions\Microsoft.VisualStudio.TestPlatform.Extensions.Trx.TestLogger.dll'.
TpTrace Information: 0 : 29028, 1, 2024/10/28, 19:25:51.977, 8684788340866, vstest.console.dll, AssemblyResolver.OnResolve: Resolved assembly: Microsoft.VisualStudio.TestPlatform.Extensions.Trx.TestLogger, from path: C:\Program Files\dotnet\sdk\8.0.403\Extensions\Microsoft.VisualStudio.TestPlatform.Extensions.Trx.TestLogger.dll
TpTrace Verbose: 0 : 29028, 1, 2024/10/28, 19:25:51.977, 8684788342860, vstest.console.dll, MetadataReaderExtensionsHelper: Discovering extensions inside assembly 'Microsoft.VisualStudio.TestPlatform.Extensions.Trx.TestLogger, Version=15.0.0.0, Culture=neutral, PublicKeyToken=b03f5f7f11d50a3a' file path 'C:\Program Files\dotnet\sdk\8.0.403\Extensions\Microsoft.VisualStudio.TestPlatform.Extensions.Trx.TestLogger.dll'
TpTrace Verbose: 0 : 29028, 1, 2024/10/28, 19:25:51.980, 8684788369111, vstest.console.dll, TestPluginCache: Discovered the extensions using extension path ''.
TpTrace Verbose: 0 : 29028, 1, 2024/10/28, 19:25:51.980, 8684788370978, vstest.console.dll, TestPluginCache: Discoverers are ''.
TpTrace Verbose: 0 : 29028, 1, 2024/10/28, 19:25:51.980, 8684788371704, vstest.console.dll, TestPluginCache: Executors are ''.
TpTrace Verbose: 0 : 29028, 1, 2024/10/28, 19:25:51.980, 8684788372359, vstest.console.dll, TestPluginCache: Executors2 are ''.
TpTrace Verbose: 0 : 29028, 1, 2024/10/28, 19:25:51.980, 8684788372999, vstest.console.dll, TestPluginCache: Setting providers are ''.
TpTrace Verbose: 0 : 29028, 1, 2024/10/28, 19:25:51.980, 8684788373635, vstest.console.dll, TestPluginCache: Loggers are ''.
TpTrace Verbose: 0 : 29028, 1, 2024/10/28, 19:25:51.981, 8684788376749, vstest.console.dll, TestPluginCache: TestHosts are 'HostProvider://DefaultTestHost,HostProvider://DotnetTestHost'.
TpTrace Verbose: 0 : 29028, 1, 2024/10/28, 19:25:51.981, 8684788377899, vstest.console.dll, TestPluginCache: DataCollectors are ''.
TpTrace Information: 0 : 29028, 1, 2024/10/28, 19:25:52.043, 8684788998526, vstest.console.dll, RunTestsArgumentProcessor:Execute: Test run is starting.
TpTrace Verbose: 0 : 29028, 1, 2024/10/28, 19:25:52.043, 8684789001449, vstest.console.dll, RunTestsArgumentProcessor:Execute: Queuing Test run.
TpTrace Information: 0 : 29028, 1, 2024/10/28, 19:25:52.044, 8684789011195, vstest.console.dll, TestRequestManager.RunTests: run tests started.
TpTrace Information: 0 : 29028, 1, 2024/10/28, 19:25:52.052, 8684789093410, vstest.console.dll, AssemblyMetadataProvider.GetFrameworkName: Determined framework:'.NETCoreApp,Version=v8.0' for source: 'C:\Users\sandeep.kumar\source\repos\EFCoreFirstAPI\EFCoreTest\bin\Debug\net8.0\fine-code-coverage\build-output\EFCoreTest.dll'
TpTrace Information: 0 : 29028, 1, 2024/10/28, 19:25:52.053, 8684789098895, vstest.console.dll, Determined framework for all sources: .NETCoreApp,Version=v8.0
TpTrace Verbose: 0 : 29028, 1, 2024/10/28, 19:25:52.054, 8684789107052, vstest.console.dll, TestRequestManager.UpdateRunSettingsIfRequired: Default architecture: X64 IsDefaultTargetArchitecture: True, Current process architecture: X64 OperatingSystem: Windows.
TpTrace Information: 0 : 29028, 1, 2024/10/28, 19:25:52.061, 8684789176110, vstest.console.dll, AssemblyMetadataProvider.GetArchitecture: Determined architecture:AnyCPU info for assembly: C:\Users\sandeep.kumar\source\repos\EFCoreFirstAPI\EFCoreTest\bin\Debug\net8.0\fine-code-coverage\build-output\EFCoreTest.dll
TpTrace Information: 0 : 29028, 1, 2024/10/28, 19:25:52.061, 8684789177458, vstest.console.dll, Determined platform for source 'C:\Users\sandeep.kumar\source\repos\EFCoreFirstAPI\EFCoreTest\bin\Debug\net8.0\fine-code-coverage\build-output\EFCoreTest.dll' was AnyCPU and it will use the default plaform X64.
TpTrace Information: 0 : 29028, 1, 2024/10/28, 19:25:52.061, 8684789178045, vstest.console.dll, None of the sources provided any runnable platform, using the default platform: X64
TpTrace Information: 0 : 29028, 1, 2024/10/28, 19:25:52.061, 8684789179907, vstest.console.dll, Platform was updated to 'X64'.
TpTrace Information: 0 : 29028, 1, 2024/10/28, 19:25:52.066, 8684789233262, vstest.console.dll, InferRunSettingsHelper.IsTestSettingsEnabled: Unable to navigate to RunSettings/MSTest. Current node: RunSettings
TpTrace Information: 0 : 29028, 1, 2024/10/28, 19:25:52.068, 8684789247947, vstest.console.dll, AssemblyResolver.OnResolve: Microsoft.VisualStudio.TestPlatform.Fakes: Resolving assembly.
TpTrace Information: 0 : 29028, 1, 2024/10/28, 19:25:52.068, 8684789250241, vstest.console.dll, AssemblyResolver.OnResolve: Microsoft.VisualStudio.TestPlatform.Fakes: Searching in: 'C:\Program Files\dotnet\sdk\8.0.403\Extensions'.
TpTrace Information: 0 : 29028, 1, 2024/10/28, 19:25:52.068, 8684789252699, vstest.console.dll, AssemblyResolver.OnResolve: Microsoft.VisualStudio.TestPlatform.Fakes: Assembly path does not exist: 'C:\Program Files\dotnet\sdk\8.0.403\Extensions\Microsoft.VisualStudio.TestPlatform.Fakes.dll', returning.
TpTrace Information: 0 : 29028, 1, 2024/10/28, 19:25:52.068, 8684789254356, vstest.console.dll, AssemblyResolver.OnResolve: Microsoft.VisualStudio.TestPlatform.Fakes: Assembly path does not exist: 'C:\Program Files\dotnet\sdk\8.0.403\Extensions\Microsoft.VisualStudio.TestPlatform.Fakes.exe', returning.
TpTrace Information: 0 : 29028, 1, 2024/10/28, 19:25:52.069, 8684789255711, vstest.console.dll, AssemblyResolver.OnResolve: Microsoft.VisualStudio.TestPlatform.Fakes: Searching in: 'C:\Program Files\dotnet\sdk\8.0.403'.
TpTrace Information: 0 : 29028, 1, 2024/10/28, 19:25:52.069, 8684789257339, vstest.console.dll, AssemblyResolver.OnResolve: Microsoft.VisualStudio.TestPlatform.Fakes: Assembly path does not exist: 'C:\Program Files\dotnet\sdk\8.0.403\Microsoft.VisualStudio.TestPlatform.Fakes.dll', returning.
TpTrace Information: 0 : 29028, 1, 2024/10/28, 19:25:52.069, 8684789259010, vstest.console.dll, AssemblyResolver.OnResolve: Microsoft.VisualStudio.TestPlatform.Fakes: Assembly path does not exist: 'C:\Program Files\dotnet\sdk\8.0.403\Microsoft.VisualStudio.TestPlatform.Fakes.exe', returning.
TpTrace Information: 0 : 29028, 1, 2024/10/28, 19:25:52.069, 8684789260215, vstest.console.dll, AssemblyResolver.OnResolve: Microsoft.VisualStudio.TestPlatform.Fakes: Failed to load assembly.
TpTrace Information: 0 : 29028, 1, 2024/10/28, 19:25:52.070, 8684789268277, vstest.console.dll, Failed to load assembly Microsoft.VisualStudio.TestPlatform.Fakes, Version=17.0.0.0, Culture=neutral. Reason:System.IO.FileNotFoundException: Could not load file or assembly 'Microsoft.VisualStudio.TestPlatform.Fakes, Version=17.0.0.0, Culture=neutral, PublicKeyToken=null'. The system cannot find the file specified.
File name: 'Microsoft.VisualStudio.TestPlatform.Fakes, Version=17.0.0.0, Culture=neutral, PublicKeyToken=null'
   at System.Reflection.RuntimeAssembly.InternalLoad(AssemblyName assemblyName, StackCrawlMark& stackMark, AssemblyLoadContext assemblyLoadContext, RuntimeAssembly requestingAssembly, Boolean throwOnFileNotFound)
   at System.Reflection.Assembly.Load(AssemblyName assemblyRef)
   at Microsoft.VisualStudio.TestPlatform.Common.Utilities.FakesUtilities.LoadTestPlatformAssembly() in /_/src/Microsoft.TestPlatform.Common/Utilities/FakesUtilities.cs:line 272
TpTrace Verbose: 0 : 29028, 1, 2024/10/28, 19:25:52.077, 8684789345278, vstest.console.dll, TestPluginCache.DiscoverTestExtensions: finding test extensions in assemblies ends with: TestLogger.dll TPluginInfo: Microsoft.VisualStudio.TestPlatform.Common.ExtensionFramework.Utilities.TestLoggerPluginInformation TExtension: Microsoft.VisualStudio.TestPlatform.ObjectModel.Client.ITestLogger
TpTrace Verbose: 0 : 29028, 1, 2024/10/28, 19:25:52.078, 8684789348155, vstest.console.dll, TestPluginCache.GetExtensionPaths: Filtered extension paths: 
TpTrace Verbose: 0 : 29028, 1, 2024/10/28, 19:25:52.078, 8684789349228, vstest.console.dll, TestPluginCache.GetExtensionPaths: Added default extension paths: C:\Program Files\dotnet\sdk\8.0.403\Extensions\Microsoft.Diagnostics.NETCore.Client.dll
C:\Program Files\dotnet\sdk\8.0.403\Extensions\Microsoft.TestPlatform.Extensions.BlameDataCollector.dll
C:\Program Files\dotnet\sdk\8.0.403\Extensions\Microsoft.TestPlatform.Extensions.EventLogCollector.dll
C:\Program Files\dotnet\sdk\8.0.403\Extensions\Microsoft.TestPlatform.TestHostRuntimeProvider.dll
C:\Program Files\dotnet\sdk\8.0.403\Extensions\Microsoft.VisualStudio.TestPlatform.Extensions.Html.TestLogger.dll
C:\Program Files\dotnet\sdk\8.0.403\Extensions\Microsoft.VisualStudio.TestPlatform.Extensions.Trx.TestLogger.dll
TpTrace Verbose: 0 : 29028, 1, 2024/10/28, 19:25:52.078, 8684789350111, vstest.console.dll, TestPluginCache.GetExtensionPaths: Added unfilterableExtensionPaths: 
TpTrace Information: 0 : 29028, 1, 2024/10/28, 19:25:52.078, 8684789353289, vstest.console.dll, AssemblyResolver.AddSearchDirectories: Adding more searchDirectories C:\Program Files\dotnet\sdk\8.0.403\Extensions,C:\Program Files\dotnet\sdk\8.0.403
TpTrace Verbose: 0 : 29028, 1, 2024/10/28, 19:25:52.078, 8684789354859, vstest.console.dll, TestPluginCache.DiscoverTestExtensions: Discovering the extensions using extension path.
TpTrace Verbose: 0 : 29028, 1, 2024/10/28, 19:25:52.079, 8684789356205, vstest.console.dll, TestPluginCache.GetExtensionPaths: Filtered extension paths: 
TpTrace Verbose: 0 : 29028, 1, 2024/10/28, 19:25:52.079, 8684789357171, vstest.console.dll, TestPluginCache.GetExtensionPaths: Added default extension paths: C:\Program Files\dotnet\sdk\8.0.403\Extensions\Microsoft.Diagnostics.NETCore.Client.dll
C:\Program Files\dotnet\sdk\8.0.403\Extensions\Microsoft.TestPlatform.Extensions.BlameDataCollector.dll
C:\Program Files\dotnet\sdk\8.0.403\Extensions\Microsoft.TestPlatform.Extensions.EventLogCollector.dll
C:\Program Files\dotnet\sdk\8.0.403\Extensions\Microsoft.TestPlatform.TestHostRuntimeProvider.dll
C:\Program Files\dotnet\sdk\8.0.403\Extensions\Microsoft.VisualStudio.TestPlatform.Extensions.Html.TestLogger.dll
C:\Program Files\dotnet\sdk\8.0.403\Extensions\Microsoft.VisualStudio.TestPlatform.Extensions.Trx.TestLogger.dll
TpTrace Verbose: 0 : 29028, 1, 2024/10/28, 19:25:52.079, 8684789357966, vstest.console.dll, TestPluginCache.GetExtensionPaths: Added unfilterableExtensionPaths: 
TpTrace Verbose: 0 : 29028, 1, 2024/10/28, 19:25:52.079, 8684789359044, vstest.console.dll, TestPluginCache.DiscoverTestExtensions: Discovering the extensions using allExtensionPaths: C:\Program Files\dotnet\sdk\8.0.403\Extensions\Microsoft.Diagnostics.NETCore.Client.dll
C:\Program Files\dotnet\sdk\8.0.403\Extensions\Microsoft.TestPlatform.Extensions.BlameDataCollector.dll
C:\Program Files\dotnet\sdk\8.0.403\Extensions\Microsoft.TestPlatform.Extensions.EventLogCollector.dll
C:\Program Files\dotnet\sdk\8.0.403\Extensions\Microsoft.TestPlatform.TestHostRuntimeProvider.dll
C:\Program Files\dotnet\sdk\8.0.403\Extensions\Microsoft.VisualStudio.TestPlatform.Extensions.Html.TestLogger.dll
C:\Program Files\dotnet\sdk\8.0.403\Extensions\Microsoft.VisualStudio.TestPlatform.Extensions.Trx.TestLogger.dll
TpTrace Information: 0 : 29028, 1, 2024/10/28, 19:25:52.079, 8684789362216, vstest.console.dll, AssemblyResolver.AddSearchDirectories: Adding more searchDirectories C:\Program Files\dotnet\sdk\8.0.403\Extensions,C:\Program Files\dotnet\sdk\8.0.403
TpTrace Information: 0 : 29028, 1, 2024/10/28, 19:25:52.079, 8684789363945, vstest.console.dll, AssemblyResolver.AddSearchDirectories: Adding more searchDirectories C:\Program Files\dotnet\sdk\8.0.403\Extensions,C:\Program Files\dotnet\sdk\8.0.403
TpTrace Information: 0 : 29028, 1, 2024/10/28, 19:25:52.079, 8684789365171, vstest.console.dll, AssemblyResolver.AddSearchDirectories: Adding more searchDirectories C:\Program Files\dotnet\sdk\8.0.403\Extensions,C:\Program Files\dotnet\sdk\8.0.403
TpTrace Information: 0 : 29028, 1, 2024/10/28, 19:25:52.080, 8684789366362, vstest.console.dll, AssemblyResolver.AddSearchDirectories: Adding more searchDirectories C:\Program Files\dotnet\sdk\8.0.403\Extensions,C:\Program Files\dotnet\sdk\8.0.403
TpTrace Information: 0 : 29028, 1, 2024/10/28, 19:25:52.080, 8684789367512, vstest.console.dll, AssemblyResolver.AddSearchDirectories: Adding more searchDirectories C:\Program Files\dotnet\sdk\8.0.403\Extensions,C:\Program Files\dotnet\sdk\8.0.403
TpTrace Information: 0 : 29028, 1, 2024/10/28, 19:25:52.080, 8684789369031, vstest.console.dll, AssemblyResolver.AddSearchDirectories: Adding more searchDirectories C:\Program Files\dotnet\sdk\8.0.403\Extensions,C:\Program Files\dotnet\sdk\8.0.403
TpTrace Verbose: 0 : 29028, 1, 2024/10/28, 19:25:52.080, 8684789372160, vstest.console.dll, MetadataReaderExtensionsHelper: Discovering extensions inside assembly 'Microsoft.Diagnostics.NETCore.Client, Version=0.2.10.30701, Culture=neutral, PublicKeyToken=31bf3856ad364e35' file path 'C:\Program Files\dotnet\sdk\8.0.403\Extensions\Microsoft.Diagnostics.NETCore.Client.dll'
TpTrace Information: 0 : 29028, 1, 2024/10/28, 19:25:52.083, 8684789399808, vstest.console.dll, AssemblyResolver.OnResolve: Microsoft.Bcl.AsyncInterfaces: Resolving assembly.
TpTrace Information: 0 : 29028, 1, 2024/10/28, 19:25:52.083, 8684789401136, vstest.console.dll, AssemblyResolver.OnResolve: Microsoft.Bcl.AsyncInterfaces: Resolved from cache.
TpTrace Verbose: 0 : 29028, 1, 2024/10/28, 19:25:52.083, 8684789401768, vstest.console.dll, CurrentDomainAssemblyResolve: Resolving assembly 'Microsoft.Bcl.AsyncInterfaces'.
TpTrace Information: 0 : 29028, 1, 2024/10/28, 19:25:52.083, 8684789402629, vstest.console.dll, AssemblyResolver.OnResolve: Microsoft.Bcl.AsyncInterfaces: Resolving assembly.
TpTrace Information: 0 : 29028, 1, 2024/10/28, 19:25:52.083, 8684789403364, vstest.console.dll, AssemblyResolver.OnResolve: Microsoft.Bcl.AsyncInterfaces: Resolved from cache.
TpTrace Verbose: 0 : 29028, 1, 2024/10/28, 19:25:52.083, 8684789404018, vstest.console.dll, CurrentDomainAssemblyResolve: Resolving assembly 'Microsoft.Bcl.AsyncInterfaces'.
TpTrace Verbose: 0 : 29028, 1, 2024/10/28, 19:25:52.083, 8684789404663, vstest.console.dll, CurrentDomainAssemblyResolve: Failed to resolve assembly 'Microsoft.Bcl.AsyncInterfaces'.
TpTrace Verbose: 0 : 29028, 1, 2024/10/28, 19:25:52.084, 8684789408110, vstest.console.dll, CurrentDomainAssemblyResolve: Failed to resolve assembly 'Microsoft.Bcl.AsyncInterfaces'.
TpTrace Warning: 0 : 29028, 1, 2024/10/28, 19:25:52.085, 8684789416217, vstest.console.dll, TestPluginDiscoverer: Failed to get types from assembly 'Microsoft.Diagnostics.NETCore.Client, Version=0.2.10.30701, Culture=neutral, PublicKeyToken=31bf3856ad364e35'. Error: System.Reflection.ReflectionTypeLoadException: Unable to load one or more of the requested types.
Could not load file or assembly 'Microsoft.Bcl.AsyncInterfaces, Version=6.0.0.0, Culture=neutral, PublicKeyToken=cc7b13ffcd2ddd51'. The system cannot find the file specified.
   at System.Reflection.RuntimeModule.GetTypes(RuntimeModule module)
   at System.Reflection.RuntimeModule.GetTypes()
   at Microsoft.VisualStudio.TestPlatform.Common.ExtensionFramework.TestPluginDiscoverer.GetTestExtensionsFromAssembly[TPluginInfo,TExtension](Assembly assembly, Dictionary`2 pluginInfos, String filePath) in /_/src/Microsoft.TestPlatform.Common/ExtensionFramework/TestPluginDiscoverer.cs:line 158
System.IO.FileNotFoundException: Could not load file or assembly 'Microsoft.Bcl.AsyncInterfaces, Version=6.0.0.0, Culture=neutral, PublicKeyToken=cc7b13ffcd2ddd51'. The system cannot find the file specified.
File name: 'Microsoft.Bcl.AsyncInterfaces, Version=6.0.0.0, Culture=neutral, PublicKeyToken=cc7b13ffcd2ddd51'
 ---> System.IO.FileNotFoundException: Could not load file or assembly 'Microsoft.Bcl.AsyncInterfaces, Culture=neutral, PublicKeyToken=null'. The system cannot find the file specified.
File name: 'Microsoft.Bcl.AsyncInterfaces, Culture=neutral, PublicKeyToken=null'
   at System.Reflection.RuntimeAssembly.InternalLoad(AssemblyName assemblyName, StackCrawlMark& stackMark, AssemblyLoadContext assemblyLoadContext, RuntimeAssembly requestingAssembly, Boolean throwOnFileNotFound)
   at System.Reflection.Assembly.Load(AssemblyName assemblyRef)
   at Microsoft.VisualStudio.TestPlatform.Common.ExtensionFramework.TestPluginCache.CurrentDomainAssemblyResolve(Object sender, AssemblyResolveEventArgs args) in /_/src/Microsoft.TestPlatform.Common/ExtensionFramework/TestPluginCache.cs:line 513
   at System.Runtime.Loader.AssemblyLoadContext.GetFirstResolvedAssemblyFromResolvingEvent(AssemblyName assemblyName)
   at System.Runtime.Loader.AssemblyLoadContext.ResolveUsingEvent(AssemblyName assemblyName)
   at System.Runtime.Loader.AssemblyLoadContext.ResolveUsingResolvingEvent(IntPtr gchManagedAssemblyLoadContext, AssemblyName assemblyName)
TpTrace Warning: 0 : 29028, 1, 2024/10/28, 19:25:52.085, 8684789421335, vstest.console.dll, LoaderExceptions: System.IO.FileNotFoundException: Could not load file or assembly 'Microsoft.Bcl.AsyncInterfaces, Version=6.0.0.0, Culture=neutral, PublicKeyToken=cc7b13ffcd2ddd51'. The system cannot find the file specified.
File name: 'Microsoft.Bcl.AsyncInterfaces, Version=6.0.0.0, Culture=neutral, PublicKeyToken=cc7b13ffcd2ddd51'
 ---> System.IO.FileNotFoundException: Could not load file or assembly 'Microsoft.Bcl.AsyncInterfaces, Culture=neutral, PublicKeyToken=null'. The system cannot find the file specified.
File name: 'Microsoft.Bcl.AsyncInterfaces, Culture=neutral, PublicKeyToken=null'
   at System.Reflection.RuntimeAssembly.InternalLoad(AssemblyName assemblyName, StackCrawlMark& stackMark, AssemblyLoadContext assemblyLoadContext, RuntimeAssembly requestingAssembly, Boolean throwOnFileNotFound)
   at System.Reflection.Assembly.Load(AssemblyName assemblyRef)
   at Microsoft.VisualStudio.TestPlatform.Common.ExtensionFramework.TestPluginCache.CurrentDomainAssemblyResolve(Object sender, AssemblyResolveEventArgs args) in /_/src/Microsoft.TestPlatform.Common/ExtensionFramework/TestPluginCache.cs:line 513
   at System.Runtime.Loader.AssemblyLoadContext.GetFirstResolvedAssemblyFromResolvingEvent(AssemblyName assemblyName)
   at System.Runtime.Loader.AssemblyLoadContext.ResolveUsingEvent(AssemblyName assemblyName)
   at System.Runtime.Loader.AssemblyLoadContext.ResolveUsingResolvingEvent(IntPtr gchManagedAssemblyLoadContext, AssemblyName assemblyName)
TpTrace Verbose: 0 : 29028, 1, 2024/10/28, 19:25:52.085, 8684789423845, vstest.console.dll, MetadataReaderExtensionsHelper: Discovering extensions inside assembly 'Microsoft.TestPlatform.Extensions.BlameDataCollector, Version=15.0.0.0, Culture=neutral, PublicKeyToken=b03f5f7f11d50a3a' file path 'C:\Program Files\dotnet\sdk\8.0.403\Extensions\Microsoft.TestPlatform.Extensions.BlameDataCollector.dll'
TpTrace Information: 0 : 29028, 1, 2024/10/28, 19:25:52.088, 8684789454029, vstest.console.dll, GetTestExtensionFromType: Register extension with identifier data 'logger://Microsoft/TestPlatform/Extensions/Blame/v1' and type 'Microsoft.TestPlatform.Extensions.BlameDataCollector.BlameLogger, Microsoft.TestPlatform.Extensions.BlameDataCollector, Version=15.0.0.0, Culture=neutral, PublicKeyToken=b03f5f7f11d50a3a' inside file 'C:\Program Files\dotnet\sdk\8.0.403\Extensions\Microsoft.TestPlatform.Extensions.BlameDataCollector.dll'
TpTrace Verbose: 0 : 29028, 1, 2024/10/28, 19:25:52.089, 8684789456355, vstest.console.dll, MetadataReaderExtensionsHelper: Discovering extensions inside assembly 'Microsoft.TestPlatform.Extensions.EventLogCollector, Version=15.0.0.0, Culture=neutral, PublicKeyToken=b03f5f7f11d50a3a' file path 'C:\Program Files\dotnet\sdk\8.0.403\Extensions\Microsoft.TestPlatform.Extensions.EventLogCollector.dll'
TpTrace Verbose: 0 : 29028, 1, 2024/10/28, 19:25:52.091, 8684789476008, vstest.console.dll, MetadataReaderExtensionsHelper: Discovering extensions inside assembly 'Microsoft.TestPlatform.TestHostRuntimeProvider, Version=15.0.0.0, Culture=neutral, PublicKeyToken=b03f5f7f11d50a3a' file path 'C:\Program Files\dotnet\sdk\8.0.403\Extensions\Microsoft.TestPlatform.TestHostRuntimeProvider.dll'
TpTrace Verbose: 0 : 29028, 1, 2024/10/28, 19:25:52.092, 8684789494686, vstest.console.dll, MetadataReaderExtensionsHelper: Discovering extensions inside assembly 'Microsoft.VisualStudio.TestPlatform.Extensions.Html.TestLogger, Version=15.0.0.0, Culture=neutral, PublicKeyToken=b03f5f7f11d50a3a' file path 'C:\Program Files\dotnet\sdk\8.0.403\Extensions\Microsoft.VisualStudio.TestPlatform.Extensions.Html.TestLogger.dll'
TpTrace Information: 0 : 29028, 1, 2024/10/28, 19:25:52.095, 8684789523878, vstest.console.dll, GetTestExtensionFromType: Register extension with identifier data 'logger://Microsoft/TestPlatform/HtmlLogger/v1' and type 'Microsoft.VisualStudio.TestPlatform.Extensions.HtmlLogger.HtmlLogger, Microsoft.VisualStudio.TestPlatform.Extensions.Html.TestLogger, Version=15.0.0.0, Culture=neutral, PublicKeyToken=b03f5f7f11d50a3a' inside file 'C:\Program Files\dotnet\sdk\8.0.403\Extensions\Microsoft.VisualStudio.TestPlatform.Extensions.Html.TestLogger.dll'
TpTrace Verbose: 0 : 29028, 1, 2024/10/28, 19:25:52.096, 8684789527234, vstest.console.dll, MetadataReaderExtensionsHelper: Discovering extensions inside assembly 'Microsoft.VisualStudio.TestPlatform.Extensions.Trx.TestLogger, Version=15.0.0.0, Culture=neutral, PublicKeyToken=b03f5f7f11d50a3a' file path 'C:\Program Files\dotnet\sdk\8.0.403\Extensions\Microsoft.VisualStudio.TestPlatform.Extensions.Trx.TestLogger.dll'
TpTrace Information: 0 : 29028, 1, 2024/10/28, 19:25:52.098, 8684789550064, vstest.console.dll, GetTestExtensionFromType: Register extension with identifier data 'logger://Microsoft/TestPlatform/TrxLogger/v1' and type 'Microsoft.VisualStudio.TestPlatform.Extensions.TrxLogger.TrxLogger, Microsoft.VisualStudio.TestPlatform.Extensions.Trx.TestLogger, Version=15.0.0.0, Culture=neutral, PublicKeyToken=b03f5f7f11d50a3a' inside file 'C:\Program Files\dotnet\sdk\8.0.403\Extensions\Microsoft.VisualStudio.TestPlatform.Extensions.Trx.TestLogger.dll'
TpTrace Verbose: 0 : 29028, 1, 2024/10/28, 19:25:52.098, 8684789552500, vstest.console.dll, TestPluginCache: Discovered the extensions using extension path ''.
TpTrace Verbose: 0 : 29028, 1, 2024/10/28, 19:25:52.098, 8684789553693, vstest.console.dll, TestPluginCache: Discoverers are ''.
TpTrace Verbose: 0 : 29028, 1, 2024/10/28, 19:25:52.098, 8684789554652, vstest.console.dll, TestPluginCache: Executors are ''.
TpTrace Verbose: 0 : 29028, 1, 2024/10/28, 19:25:52.099, 8684789555641, vstest.console.dll, TestPluginCache: Executors2 are ''.
TpTrace Verbose: 0 : 29028, 1, 2024/10/28, 19:25:52.099, 8684789556533, vstest.console.dll, TestPluginCache: Setting providers are ''.
TpTrace Verbose: 0 : 29028, 1, 2024/10/28, 19:25:52.099, 8684789558721, vstest.console.dll, TestPluginCache: Loggers are 'logger://Microsoft/TestPlatform/Extensions/Blame/v1,logger://Microsoft/TestPlatform/HtmlLogger/v1,logger://Microsoft/TestPlatform/TrxLogger/v1'.
TpTrace Verbose: 0 : 29028, 1, 2024/10/28, 19:25:52.099, 8684789560153, vstest.console.dll, TestPluginCache: TestHosts are 'HostProvider://DefaultTestHost,HostProvider://DotnetTestHost'.
TpTrace Verbose: 0 : 29028, 1, 2024/10/28, 19:25:52.099, 8684789561183, vstest.console.dll, TestPluginCache: DataCollectors are ''.
TpTrace Information: 0 : 29028, 1, 2024/10/28, 19:25:52.101, 8684789585295, vstest.console.dll, TestPluginManager.CreateTestExtension: Attempting to load test extension: Microsoft.TestPlatform.Extensions.BlameDataCollector.BlameLogger
TpTrace Verbose: 0 : 29028, 1, 2024/10/28, 19:25:52.129, 8684789857287, vstest.console.dll, TestEngine: Initializing Parallel Execution as MaxCpuCount is set to: 1
TpTrace Information: 0 : 29028, 1, 2024/10/28, 19:25:52.132, 8684789891173, vstest.console.dll, TestPluginManager.CreateTestExtension: Attempting to load test extension: Microsoft.VisualStudio.TestPlatform.CrossPlatEngine.Hosting.DefaultTestHostManager
TpTrace Information: 0 : 29028, 1, 2024/10/28, 19:25:52.138, 8684789947504, vstest.console.dll, TestPluginManager.CreateTestExtension: Attempting to load test extension: Microsoft.VisualStudio.TestPlatform.CrossPlatEngine.Hosting.DotnetTestHostManager
TpTrace Verbose: 0 : 29028, 1, 2024/10/28, 19:25:52.139, 8684789958757, vstest.console.dll, TestHostManagerCallbacks.ctor: Forwarding output is enabled.
TpTrace Information: 0 : 29028, 1, 2024/10/28, 19:25:52.141, 8684789980393, vstest.console.dll, InferRunSettingsHelper.IsTestSettingsEnabled: Unable to navigate to RunSettings/MSTest. Current node: RunSettings
TpTrace Verbose: 0 : 29028, 1, 2024/10/28, 19:25:52.145, 8684790023500, vstest.console.dll, ParallelOperationManager.ClearSlots: Clearing all slots. Slots should accept more work: True
TpTrace Verbose: 0 : 29028, 1, 2024/10/28, 19:25:52.148, 8684790047406, vstest.console.dll, ParallelOperationManager.SetOccupiedSlotCount: Setting slot counts AvailableSlotCount = 1, OccupiedSlotCount = 0.
TpTrace Verbose: 0 : 29028, 1, 2024/10/28, 19:25:52.149, 8684790056884, vstest.console.dll, Occupied slots:

TpTrace Verbose: 0 : 29028, 1, 2024/10/28, 19:25:52.157, 8684790138079, vstest.console.dll, TestEngine.GetExecutionManager: Chosen execution manager 'Microsoft.VisualStudio.TestPlatform.CrossPlatEngine.Client.Parallel.ParallelProxyExecutionManager, Microsoft.TestPlatform.CrossPlatEngine, Version=15.0.0.0, Culture=neutral, PublicKeyToken=b03f5f7f11d50a3a' ParallelLevel '1'.
TpTrace Verbose: 0 : 29028, 1, 2024/10/28, 19:25:52.158, 8684790147604, vstest.console.dll, TestPlatform.GetSkipDefaultAdapters: Not skipping default adapters SkipDefaultAdapters was false.
TpTrace Verbose: 0 : 29028, 1, 2024/10/28, 19:25:52.158, 8684790151371, vstest.console.dll, TestRunRequest.ExecuteAsync: Creating test run request.
TpTrace Verbose: 0 : 29028, 1, 2024/10/28, 19:25:52.159, 8684790159032, vstest.console.dll, TestRunRequest.ExecuteAsync: Starting.
TpTrace Information: 0 : 29028, 1, 2024/10/28, 19:25:52.163, 8684790204823, vstest.console.dll, TestRunRequest.ExecuteAsync: Starting run with settings:TestRunCriteria:
   KeepAlive=False,FrequencyOfRunStatsChangeEvent=10,RunStatsChangeEventTimeout=00:00:01.5000000,TestCaseFilter=,TestExecutorLauncher=
   Settingsxml=<RunSettings>
  <RunConfiguration>
    <ResultsDirectory>C:\Users\sandeep.kumar\source\repos\EFCoreFirstAPI\EFCoreTest\bin\Debug\net8.0\fine-code-coverage\coverage-tool-output</ResultsDirectory>
    <TargetPlatform>X64</TargetPlatform>
    <TargetFrameworkVersion>.NETCoreApp,Version=v8.0</TargetFrameworkVersion>
    <DesignMode>False</DesignMode>
    <CollectSourceInformation>False</CollectSourceInformation>
  </RunConfiguration>
  <LoggerRunSettings>
    <Loggers>
      <Logger friendlyName="blame" enabled="True" />
      <Logger friendlyName="Console" uri="logger://microsoft/TestPlatform/ConsoleLogger/v1" assemblyQualifiedName="Microsoft.VisualStudio.TestPlatform.CommandLine.Internal.ConsoleLogger, vstest.console, Version=15.0.0.0, Culture=neutral, PublicKeyToken=b03f5f7f11d50a3a" codeBase="C:\Program Files\dotnet\sdk\8.0.403\vstest.console.dll" enabled="True" />
    </Loggers>
  </LoggerRunSettings>
  <DataCollectionRunSettings>
    <DataCollectors>
      <DataCollector friendlyName="blame" enabled="True">
        <Configuration>
          <ResultsDirectory>C:\Users\sandeep.kumar\source\repos\EFCoreFirstAPI\EFCoreTest\bin\Debug\net8.0\fine-code-coverage\coverage-tool-output</ResultsDirectory>
        </Configuration>
      </DataCollector>
    </DataCollectors>
  </DataCollectionRunSettings>
</RunSettings>

TpTrace Verbose: 0 : 29028, 1, 2024/10/28, 19:25:52.164, 8684790206880, vstest.console.dll, TestRunRequest.ExecuteAsync: Wait for the first run request is over.
TpTrace Verbose: 0 : 29028, 1, 2024/10/28, 19:25:52.164, 8684790212289, vstest.console.dll, MulticastDelegateUtilities.SafeInvoke: TestRun.TestRunStart: Invoking callbacks was skipped because there are no subscribers.
TpTrace Verbose: 0 : 29028, 4, 2024/10/28, 19:25:52.165, 8684790215964, vstest.console.dll, MulticastDelegateUtilities.SafeInvoke: InternalTestLoggerEvents.SendTestRunStart: Invoking callback 1/1 for Microsoft.VisualStudio.TestPlatform.CommandLine.Internal.ConsoleLogger., took 0 ms.
TpTrace Verbose: 0 : 29028, 1, 2024/10/28, 19:25:52.166, 8684790233981, vstest.console.dll, ParallelProxyExecutionManager: Start execution. Total sources: 1
TpTrace Verbose: 0 : 29028, 1, 2024/10/28, 19:25:52.168, 8684790247946, vstest.console.dll, ParallelOperationManager.StartWork: Starting adding 1 workloads.
TpTrace Verbose: 0 : 29028, 1, 2024/10/28, 19:25:52.168, 8684790251665, vstest.console.dll, ParallelOperationManager.ClearSlots: Clearing all slots. Slots should accept more work: True
TpTrace Verbose: 0 : 29028, 1, 2024/10/28, 19:25:52.168, 8684790255268, vstest.console.dll, ParallelOperationManager.SetOccupiedSlotCount: Setting slot counts AvailableSlotCount = 1, OccupiedSlotCount = 0.
TpTrace Verbose: 0 : 29028, 1, 2024/10/28, 19:25:52.169, 8684790257561, vstest.console.dll, Occupied slots:

TpTrace Verbose: 0 : 29028, 1, 2024/10/28, 19:25:52.173, 8684790297310, vstest.console.dll, TestHostManagerCallbacks.ctor: Forwarding output is enabled.
TpTrace Verbose: 0 : 29028, 1, 2024/10/28, 19:25:52.173, 8684790301838, vstest.console.dll, TestRequestSender is acting as server.
TpTrace Verbose: 0 : 29028, 1, 2024/10/28, 19:25:52.177, 8684790341475, vstest.console.dll, ParallelOperationManager.RunWorkInParallel: Adding 1 workload to slot, remaining workloads 0.
TpTrace Verbose: 0 : 29028, 1, 2024/10/28, 19:25:52.177, 8684790343271, vstest.console.dll, ParallelOperationManager.SetOccupiedSlotCount: Setting slot counts AvailableSlotCount = 0, OccupiedSlotCount = 1.
TpTrace Verbose: 0 : 29028, 1, 2024/10/28, 19:25:52.178, 8684790346101, vstest.console.dll, Occupied slots:
0: C:\Users\sandeep.kumar\source\repos\EFCoreFirstAPI\EFCoreTest\bin\Debug\net8.0\fine-code-coverage\build-output\EFCoreTest.dll
TpTrace Verbose: 0 : 29028, 1, 2024/10/28, 19:25:52.180, 8684790372605, vstest.console.dll, ParallelOperationManager.RunWorkInParallel: Started host in slot number 0 for work (source): C:\Users\sandeep.kumar\source\repos\EFCoreFirstAPI\EFCoreTest\bin\Debug\net8.0\fine-code-coverage\build-output\EFCoreTest.dll.
TpTrace Verbose: 0 : 29028, 1, 2024/10/28, 19:25:52.183, 8684790396171, vstest.console.dll, ParallelOperationManager.RunWorkInParallel: We started 1 work items, which is the max parallel level. Won't start more work.
TpTrace Verbose: 0 : 29028, 5, 2024/10/28, 19:25:52.183, 8684790396722, vstest.console.dll, ParallelProxyExecutionManager.StartTestRunOnConcurrentManager: Initializing uninitialized client. Started clients: 0
TpTrace Verbose: 0 : 29028, 1, 2024/10/28, 19:25:52.183, 8684790397780, vstest.console.dll, ParallelOperationManager.RunWorkInParallel: We started 1 work items in here, returning True.
TpTrace Information: 0 : 29028, 1, 2024/10/28, 19:25:52.183, 8684790403014, vstest.console.dll, TestRunRequest.ExecuteAsync: Started.
TpTrace Verbose: 0 : 29028, 5, 2024/10/28, 19:25:52.183, 8684790403162, vstest.console.dll, DataCollectionRequestSender.InitializeCommunication : Initialize communication. 
TpTrace Verbose: 0 : 29028, 1, 2024/10/28, 19:25:52.186, 8684790433780, vstest.console.dll, TestRunRequest.WaitForCompletion: Waiting with timeout -1.
TpTrace Information: 0 : 29028, 5, 2024/10/28, 19:25:52.214, 8684790708469, vstest.console.dll, Listening on Endpoint : 127.0.0.1:56157
TpTrace Verbose: 0 : 29028, 5, 2024/10/28, 19:25:52.233, 8684790895668, vstest.console.dll, DotnetDataCollectionLauncher: Adding  --runtimeconfig "C:\Program Files\dotnet\sdk\8.0.403\datacollector.runtimeconfig.json" in args
TpTrace Verbose: 0 : 29028, 5, 2024/10/28, 19:25:52.233, 8684790899011, vstest.console.dll, DotnetDataCollectionLauncher: Adding  --depsfile "C:\Program Files\dotnet\sdk\8.0.403\datacollector.deps.json" in args
TpTrace Verbose: 0 : 29028, 5, 2024/10/28, 19:25:52.236, 8684790930982, vstest.console.dll, DotnetDataCollectionLauncher: Full path of dotnet.exe is C:\Program Files\dotnet\dotnet.exe
TpTrace Information: 0 : 29028, 5, 2024/10/28, 19:25:52.264, 8684791213031, vstest.console.dll, ProxyDataCollectionManager.Initialize: Launched datacollector processId: 12736 port: 56157
TpTrace Information: 0 : 29028, 5, 2024/10/28, 19:25:52.265, 8684791217047, vstest.console.dll, ProxyDataCollectionManager.Initialize: waiting for connection with timeout: 90 seconds
TpTrace Verbose: 0 : 29028, 5, 2024/10/28, 19:25:52.265, 8684791218744, vstest.console.dll, DataCollectionRequestSender.WaitForRequestHandlerConnection : Waiting for connection with timeout: 90000
TpTrace Information: 0 : 29028, 7, 2024/10/28, 19:25:52.893, 8684797505166, vstest.console.dll, Using the buffer size of 16384 bytes
TpTrace Verbose: 0 : 29028, 5, 2024/10/28, 19:25:52.894, 8684797506063, vstest.console.dll, SocketCommunicationManager.WaitForClientConnection took: 628 ms, with 90000 ms timeout, and finished with True.
TpTrace Information: 0 : 29028, 7, 2024/10/28, 19:25:52.894, 8684797508324, vstest.console.dll, Accepted Client request and set the flag
TpTrace Verbose: 0 : 29028, 5, 2024/10/28, 19:25:52.894, 8684797511339, vstest.console.dll, ProxyDataCollectionManager.InvokeDataCollectionServiceAction: Starting.
TpTrace Information: 0 : 29028, 5, 2024/10/28, 19:25:52.895, 8684797519872, vstest.console.dll, ProxyDataCollectionManager.BeforeTestRunStart: Get environment variable and port for datacollector processId: 12736 port: 56157
TpTrace Verbose: 0 : 29028, 5, 2024/10/28, 19:25:52.895, 8684797523867, vstest.console.dll, DataCollectionRequestSender.SendBeforeTestRunStartAndGetResult: Send BeforeTestRunStart message with settingsXml <RunSettings><RunConfiguration><ResultsDirectory>C:\Users\sandeep.kumar\source\repos\EFCoreFirstAPI\EFCoreTest\bin\Debug\net8.0\fine-code-coverage\coverage-tool-output</ResultsDirectory><TargetPlatform>X64</TargetPlatform><TargetFrameworkVersion>.NETCoreApp,Version=v8.0</TargetFrameworkVersion><DesignMode>False</DesignMode><CollectSourceInformation>False</CollectSourceInformation><TestAdaptersPaths>C:\Program Files\dotnet\sdk\8.0.403\Extensions</TestAdaptersPaths></RunConfiguration><LoggerRunSettings><Loggers><Logger friendlyName="blame" enabled="True" /><Logger friendlyName="Console" uri="logger://microsoft/TestPlatform/ConsoleLogger/v1" assemblyQualifiedName="Microsoft.VisualStudio.TestPlatform.CommandLine.Internal.ConsoleLogger, vstest.console, Version=15.0.0.0, Culture=neutral, PublicKeyToken=b03f5f7f11d50a3a" codeBase="C:\Program Files\dotnet\sdk\8.0.403\vstest.console.dll" enabled="True" /></Loggers></LoggerRunSettings><DataCollectionRunSettings><DataCollectors><DataCollector friendlyName="blame" enabled="True"><Configuration><ResultsDirectory>C:\Users\sandeep.kumar\source\repos\EFCoreFirstAPI\EFCoreTest\bin\Debug\net8.0\fine-code-coverage\coverage-tool-output</ResultsDirectory></Configuration></DataCollector></DataCollectors></DataCollectionRunSettings></RunSettings> and sources System.Collections.Generic.List`1[System.String]: 
TpTrace Verbose: 0 : 29028, 5, 2024/10/28, 19:25:53.115, 8684799720580, vstest.console.dll, DataCollectionRequestSender.SendBeforeTestRunStartAndGetResult: Received message: (DataCollection.SendMessage) -> {"MessageType":"DataCollection.SendMessage","Payload":{"FriendlyName":null,"Uri":null,"TestCaseId":"00000000-0000-0000-0000-000000000000","Message":"Logging DataCollector Diagnostics in file: C:\\Users\\sandeep.kumar\\source\\repos\\EFCoreFirstAPI\\EFCoreTest\\bin\\Debug\\net8.0\\fine-code-coverage\\coverage-tool-output\\diagnostics.datacollector.24-10-28_19-25-52_23239_5.log","Level":0}}
TpTrace Verbose: 0 : 29028, 5, 2024/10/28, 19:25:53.360, 8684802166522, vstest.console.dll, DataCollectionRequestSender.SendBeforeTestRunStartAndGetResult: Received message: (DataCollection.BeforeTestRunStartResult) -> {"MessageType":"DataCollection.BeforeTestRunStartResult","Payload":{"EnvironmentVariables":{},"DataCollectionEventsPort":56159}}
TpTrace Information: 0 : 29028, 5, 2024/10/28, 19:25:53.372, 8684802289311, vstest.console.dll, ProxyDataCollectionManager.BeforeTestRunStart: SendBeforeTestRunStartAndGetResult successful, env variable from datacollector:   and testhost port: 56159
TpTrace Information: 0 : 29028, 5, 2024/10/28, 19:25:53.372, 8684802291971, vstest.console.dll, ProxyDataCollectionManager.InvokeDataCollectionServiceAction: Completed.
TpTrace Verbose: 0 : 29028, 5, 2024/10/28, 19:25:53.372, 8684802292944, vstest.console.dll, ParallelProxyExecutionManager.StartTestRunOnConcurrentManager: Initializing test run. Started clients: 0
TpTrace Verbose: 0 : 29028, 5, 2024/10/28, 19:25:53.372, 8684802294563, vstest.console.dll, ProxyExecutionManager: Test host is always Lazy initialize.
TpTrace Verbose: 0 : 29028, 5, 2024/10/28, 19:25:53.373, 8684802298178, vstest.console.dll, TestRequestSender.InitializeCommunication: initialize communication. 
TpTrace Information: 0 : 29028, 5, 2024/10/28, 19:25:53.374, 8684802306064, vstest.console.dll, SocketServer.Start: Listening on endpoint : 127.0.0.1:56160
TpTrace Verbose: 0 : 29028, 5, 2024/10/28, 19:25:53.375, 8684802321357, vstest.console.dll, DotnetTestHostmanager.GetTestHostProcessStartInfo: Platform environment 'X64' target architecture 'X64' framework '.NETCoreApp,Version=v8.0' OS 'Windows'
TpTrace Verbose: 0 : 29028, 5, 2024/10/28, 19:25:53.376, 8684802325686, vstest.console.dll, DotnetTestHostmanager: Adding  --runtimeconfig "C:\Users\sandeep.kumar\source\repos\EFCoreFirstAPI\EFCoreTest\bin\Debug\net8.0\fine-code-coverage\build-output\EFCoreTest.runtimeconfig.json" in args
TpTrace Verbose: 0 : 29028, 5, 2024/10/28, 19:25:53.376, 8684802328524, vstest.console.dll, DotnetTestHostmanager: Adding  --depsfile "C:\Users\sandeep.kumar\source\repos\EFCoreFirstAPI\EFCoreTest\bin\Debug\net8.0\fine-code-coverage\build-output\EFCoreTest.deps.json" in args
TpTrace Verbose: 0 : 29028, 5, 2024/10/28, 19:25:53.376, 8684802335554, vstest.console.dll, DotnetTestHostmanager.IsWinOnArm: Current PROCESSOR_ARCHITECTURE from environment variable 'AMD64'
TpTrace Verbose: 0 : 29028, 5, 2024/10/28, 19:25:53.377, 8684802338008, vstest.console.dll, DotnetTestHostmanager.IsWinOnArm: Is Windows on ARM 'False'
TpTrace Verbose: 0 : 29028, 5, 2024/10/28, 19:25:53.377, 8684802340233, vstest.console.dll, DotnetTestHostManager: testhost.exe found at path: C:\Users\sandeep.kumar\source\repos\EFCoreFirstAPI\EFCoreTest\bin\Debug\net8.0\fine-code-coverage\build-output\testhost.exe
TpTrace Verbose: 0 : 29028, 5, 2024/10/28, 19:25:53.377, 8684802341516, vstest.console.dll, DotnetTestHostmanager: Full path of host exe is C:\Users\sandeep.kumar\source\repos\EFCoreFirstAPI\EFCoreTest\bin\Debug\net8.0\fine-code-coverage\build-output\testhost.exe
TpTrace Verbose: 0 : 29028, 5, 2024/10/28, 19:25:53.377, 8684802344441, vstest.console.dll, DotnetTestHostmanager.LaunchTestHostAsync: Found 'VSTEST_WINAPPHOST_DOTNET_ROOT' in env variables, value 'C:\Program Files\dotnet', forwarding to 'DOTNET_ROOT'
TpTrace Verbose: 0 : 29028, 5, 2024/10/28, 19:25:53.378, 8684802347606, vstest.console.dll, DotnetTestHostManager: Starting process 'C:\Users\sandeep.kumar\source\repos\EFCoreFirstAPI\EFCoreTest\bin\Debug\net8.0\fine-code-coverage\build-output\testhost.exe' with command line ' --runtimeconfig "C:\Users\sandeep.kumar\source\repos\EFCoreFirstAPI\EFCoreTest\bin\Debug\net8.0\fine-code-coverage\build-output\EFCoreTest.runtimeconfig.json" --depsfile "C:\Users\sandeep.kumar\source\repos\EFCoreFirstAPI\EFCoreTest\bin\Debug\net8.0\fine-code-coverage\build-output\EFCoreTest.deps.json" --port 56160 --endpoint 127.0.0.1:056160 --role client --parentprocessid 29028 --diag "C:\Users\sandeep.kumar\source\repos\EFCoreFirstAPI\EFCoreTest\bin\Debug\net8.0\fine-code-coverage\coverage-tool-output\diagnostics.host.24-10-28_19-25-53_37488_5.log" --tracelevel 4 --datacollectionport 56159 --telemetryoptedin false'
TpTrace Verbose: 0 : 29028, 5, 2024/10/28, 19:25:53.411, 8684802683791, vstest.console.dll, MulticastDelegateUtilities.SafeInvoke: HostProviderEvents.OnHostLaunched: Invoking callback 1/2 for Microsoft.VisualStudio.TestPlatform.CrossPlatEngine.Client.ProxyExecutionManagerWithDataCollection., took 2 ms.
TpTrace Verbose: 0 : 29028, 5, 2024/10/28, 19:25:53.412, 8684802692207, vstest.console.dll, Test Runtime launched
TpTrace Verbose: 0 : 29028, 5, 2024/10/28, 19:25:53.412, 8684802694571, vstest.console.dll, MulticastDelegateUtilities.SafeInvoke: HostProviderEvents.OnHostLaunched: Invoking callback 2/2 for Microsoft.VisualStudio.TestPlatform.CrossPlatEngine.Client.ProxyOperationManager., took 0 ms.
TpTrace Verbose: 0 : 29028, 5, 2024/10/28, 19:25:53.413, 8684802699966, vstest.console.dll, TestRequestSender.WaitForRequestHandlerConnection: waiting for connection with timeout: 90000.
TpTrace Verbose: 0 : 29028, 5, 2024/10/28, 19:25:54.197, 8684810541896, vstest.console.dll, TestRequestSender.WaitForRequestHandlerConnection: waiting took 784 ms, with timeout 90000 ms, and result 0, which is success.
TpTrace Verbose: 0 : 29028, 12, 2024/10/28, 19:25:54.197, 8684810541944, vstest.console.dll, MulticastDelegateUtilities.SafeInvoke: SocketServer: ClientConnected: Invoking callback 1/1 for Microsoft.VisualStudio.TestPlatform.CommunicationUtilities.TestRequestSender., took 0 ms.
TpTrace Verbose: 0 : 29028, 12, 2024/10/28, 19:25:54.198, 8684810547249, vstest.console.dll, SocketServer.OnClientConnected: Client connected for endPoint: 127.0.0.1:56160, starting MessageLoopAsync:
TpTrace Verbose: 0 : 29028, 13, 2024/10/28, 19:25:54.199, 8684810562350, vstest.console.dll, TcpClientExtensions.MessageLoopAsync: Polling on remoteEndPoint: 127.0.0.1:56161 localEndPoint: 127.0.0.1:56160 after 0 ms
TpTrace Verbose: 0 : 29028, 5, 2024/10/28, 19:25:54.200, 8684810569213, vstest.console.dll, TestRequestSender.CheckVersionWithTestHost: Sending check version message: {"MessageType":"ProtocolVersion","Payload":7}
TpTrace Verbose: 0 : 29028, 13, 2024/10/28, 19:25:54.432, 8684812894820, vstest.console.dll, TcpClientExtensions.MessageLoopAsync: NotifyDataAvailable remoteEndPoint: 127.0.0.1:56161 localEndPoint: 127.0.0.1:56160
TpTrace Verbose: 0 : 29028, 13, 2024/10/28, 19:25:54.433, 8684812899807, vstest.console.dll, TestRequestSender.CheckVersionWithTestHost: onMessageReceived received message: (ProtocolVersion) -> {"MessageType":"ProtocolVersion","Payload":7}
TpTrace Verbose: 0 : 29028, 13, 2024/10/28, 19:25:54.435, 8684812917958, vstest.console.dll, MulticastDelegateUtilities.SafeInvoke: LengthPrefixCommunicationChannel: MessageReceived: Invoking callback 1/1 for Microsoft.VisualStudio.TestPlatform.CommunicationUtilities.TestRequestSender+<>c__DisplayClass29_0., took 1 ms.
TpTrace Verbose: 0 : 29028, 13, 2024/10/28, 19:25:54.435, 8684812920293, vstest.console.dll, TcpClientExtensions.MessageLoopAsync: Polling on remoteEndPoint: 127.0.0.1:56161 localEndPoint: 127.0.0.1:56160 after 235 ms
TpTrace Verbose: 0 : 29028, 5, 2024/10/28, 19:25:54.435, 8684812924823, vstest.console.dll, TestPluginCache.GetExtensionPaths: Filtered extension paths: 
TpTrace Verbose: 0 : 29028, 5, 2024/10/28, 19:25:54.436, 8684812927840, vstest.console.dll, TestPluginCache.GetExtensionPaths: Added default extension paths: C:\Program Files\dotnet\sdk\8.0.403\Extensions\Microsoft.Diagnostics.NETCore.Client.dll
C:\Program Files\dotnet\sdk\8.0.403\Extensions\Microsoft.TestPlatform.Extensions.BlameDataCollector.dll
C:\Program Files\dotnet\sdk\8.0.403\Extensions\Microsoft.TestPlatform.Extensions.EventLogCollector.dll
C:\Program Files\dotnet\sdk\8.0.403\Extensions\Microsoft.TestPlatform.TestHostRuntimeProvider.dll
C:\Program Files\dotnet\sdk\8.0.403\Extensions\Microsoft.VisualStudio.TestPlatform.Extensions.Html.TestLogger.dll
C:\Program Files\dotnet\sdk\8.0.403\Extensions\Microsoft.VisualStudio.TestPlatform.Extensions.Trx.TestLogger.dll
TpTrace Verbose: 0 : 29028, 5, 2024/10/28, 19:25:54.436, 8684812929347, vstest.console.dll, TestPluginCache.GetExtensionPaths: Added unfilterableExtensionPaths: 
TpTrace Verbose: 0 : 29028, 5, 2024/10/28, 19:25:54.448, 8684813055090, vstest.console.dll, TestRequestSender.InitializeExecution: Sending initialize execution with message: {"Version":7,"MessageType":"TestExecution.Initialize","Payload":["C:\\Users\\sandeep.kumar\\source\\repos\\EFCoreFirstAPI\\EFCoreTest\\bin\\Debug\\net8.0\\fine-code-coverage\\build-output\\NUnit3.TestAdapter.dll"]}
TpTrace Verbose: 0 : 29028, 5, 2024/10/28, 19:25:54.449, 8684813061426, vstest.console.dll, ParallelProxyExecutionManager.StartTestRunOnConcurrentManager: Execution starting. Started clients: 1
TpTrace Verbose: 0 : 29028, 13, 2024/10/28, 19:25:54.450, 8684813065798, vstest.console.dll, TcpClientExtensions.MessageLoopAsync: NotifyDataAvailable remoteEndPoint: 127.0.0.1:56161 localEndPoint: 127.0.0.1:56160
TpTrace Verbose: 0 : 29028, 5, 2024/10/28, 19:25:54.450, 8684813070414, vstest.console.dll, TestRunRequest:SendTestRunMessage: Starting.
TpTrace Verbose: 0 : 29028, 5, 2024/10/28, 19:25:54.450, 8684813074188, vstest.console.dll, MulticastDelegateUtilities.SafeInvoke: TestRun.LogMessages: Invoking callback 1/1 for Microsoft.VisualStudio.TestPlatform.CommandLine.TestRunResultAggregator., took 0 ms.
TpTrace Information: 0 : 29028, 5, 2024/10/28, 19:25:54.451, 8684813075983, vstest.console.dll, TestRunRequest:SendTestRunMessage: Completed.
TpTrace Verbose: 0 : 29028, 4, 2024/10/28, 19:25:54.451, 8684813081970, vstest.console.dll, MulticastDelegateUtilities.SafeInvoke: InternalTestLoggerEvents.SendTestRunMessage: Invoking callback 1/1 for Microsoft.VisualStudio.TestPlatform.CommandLine.Internal.ConsoleLogger., took 0 ms.
TpTrace Warning: 0 : 29028, 5, 2024/10/28, 19:25:54.452, 8684813086369, vstest.console.dll, InferRunSettingsHelper.MakeRunsettingsCompatible: Removing the following settings: TargetPlatform from RunSettings file. To use those settings please move to latest version of Microsoft.NET.Test.Sdk
TpTrace Verbose: 0 : 29028, 13, 2024/10/28, 19:25:54.453, 8684813102857, vstest.console.dll, TestRequestSender.OnExecutionMessageReceived: Received message: {"Version":7,"MessageType":"TestSession.Message","Payload":{"MessageLevel":0,"Message":"Logging TestHost Diagnostics in file: C:\\Users\\sandeep.kumar\\source\\repos\\EFCoreFirstAPI\\EFCoreTest\\bin\\Debug\\net8.0\\fine-code-coverage\\coverage-tool-output\\diagnostics.host.24-10-28_19-25-53_37488_5.log"}}
TpTrace Verbose: 0 : 29028, 13, 2024/10/28, 19:25:54.459, 8684813162159, vstest.console.dll, TestRunRequest:SendTestRunMessage: Starting.
TpTrace Verbose: 0 : 29028, 13, 2024/10/28, 19:25:54.459, 8684813165310, vstest.console.dll, MulticastDelegateUtilities.SafeInvoke: TestRun.LogMessages: Invoking callback 1/1 for Microsoft.VisualStudio.TestPlatform.CommandLine.TestRunResultAggregator., took 0 ms.
TpTrace Verbose: 0 : 29028, 4, 2024/10/28, 19:25:54.460, 8684813165844, vstest.console.dll, MulticastDelegateUtilities.SafeInvoke: InternalTestLoggerEvents.SendTestRunMessage: Invoking callback 1/1 for Microsoft.VisualStudio.TestPlatform.CommandLine.Internal.ConsoleLogger., took 0 ms.
TpTrace Information: 0 : 29028, 13, 2024/10/28, 19:25:54.460, 8684813166640, vstest.console.dll, TestRunRequest:SendTestRunMessage: Completed.
TpTrace Verbose: 0 : 29028, 13, 2024/10/28, 19:25:54.460, 8684813170426, vstest.console.dll, MulticastDelegateUtilities.SafeInvoke: LengthPrefixCommunicationChannel: MessageReceived: Invoking callback 1/1 for Microsoft.VisualStudio.TestPlatform.CommunicationUtilities.TestRequestSender+<>c__DisplayClass34_0., took 7 ms.
TpTrace Verbose: 0 : 29028, 13, 2024/10/28, 19:25:54.460, 8684813171926, vstest.console.dll, TcpClientExtensions.MessageLoopAsync: Polling on remoteEndPoint: 127.0.0.1:56161 localEndPoint: 127.0.0.1:56160 after 25 ms
TpTrace Verbose: 0 : 29028, 5, 2024/10/28, 19:25:54.479, 8684813363999, vstest.console.dll, TestRequestSender.StartTestRun: Sending test run with message: {"Version":7,"MessageType":"TestExecution.StartWithSources","Payload":{"AdapterSourceMap":{"_none_":["C:\\Users\\sandeep.kumar\\source\\repos\\EFCoreFirstAPI\\EFCoreTest\\bin\\Debug\\net8.0\\fine-code-coverage\\build-output\\EFCoreTest.dll"]},"RunSettings":"<RunSettings>\r\n  <RunConfiguration>\r\n    <ResultsDirectory>C:\\Users\\sandeep.kumar\\source\\repos\\EFCoreFirstAPI\\EFCoreTest\\bin\\Debug\\net8.0\\fine-code-coverage\\coverage-tool-output</ResultsDirectory>\r\n    <TargetFrameworkVersion>.NETCoreApp,Version=v8.0</TargetFrameworkVersion>\r\n    <DesignMode>False</DesignMode>\r\n    <CollectSourceInformation>False</CollectSourceInformation>\r\n  </RunConfiguration>\r\n  <LoggerRunSettings>\r\n    <Loggers>\r\n      <Logger friendlyName=\"blame\" enabled=\"True\" />\r\n      <Logger friendlyName=\"Console\" uri=\"logger://microsoft/TestPlatform/ConsoleLogger/v1\" assemblyQualifiedName=\"Microsoft.VisualStudio.TestPlatform.CommandLine.Internal.ConsoleLogger, vstest.console, Version=15.0.0.0, Culture=neutral, PublicKeyToken=b03f5f7f11d50a3a\" codeBase=\"C:\\Program Files\\dotnet\\sdk\\8.0.403\\vstest.console.dll\" enabled=\"True\" />\r\n    </Loggers>\r\n  </LoggerRunSettings>\r\n  <DataCollectionRunSettings>\r\n    <DataCollectors>\r\n      <DataCollector friendlyName=\"blame\" enabled=\"True\">\r\n        <Configuration>\r\n          <ResultsDirectory>C:\\Users\\sandeep.kumar\\source\\repos\\EFCoreFirstAPI\\EFCoreTest\\bin\\Debug\\net8.0\\fine-code-coverage\\coverage-tool-output</ResultsDirectory>\r\n        </Configuration>\r\n      </DataCollector>\r\n    </DataCollectors>\r\n  </DataCollectionRunSettings>\r\n</RunSettings>","TestExecutionContext":{"FrequencyOfRunStatsChangeEvent":10,"RunStatsChangeEventTimeout":"00:00:01.5000000","InIsolation":false,"KeepAlive":false,"AreTestCaseLevelEventsRequired":false,"IsDebug":false,"TestCaseFilter":null,"FilterOptions":null},"Package":null}}
TpTrace Verbose: 0 : 29028, 5, 2024/10/28, 19:25:54.480, 8684813369126, vstest.console.dll, ParallelProxyExecutionManager.StartTestRunOnConcurrentManager: Execution started. Started clients: 1
TpTrace Verbose: 0 : 29028, 13, 2024/10/28, 19:25:54.904, 8684817607432, vstest.console.dll, TcpClientExtensions.MessageLoopAsync: NotifyDataAvailable remoteEndPoint: 127.0.0.1:56161 localEndPoint: 127.0.0.1:56160
TpTrace Verbose: 0 : 29028, 13, 2024/10/28, 19:25:54.905, 8684817615796, vstest.console.dll, TestRequestSender.OnExecutionMessageReceived: Received message: {"Version":7,"MessageType":"TestSession.Message","Payload":{"MessageLevel":0,"Message":"NUnit Adapter 4.4.0.0: Test execution started"}}
TpTrace Verbose: 0 : 29028, 13, 2024/10/28, 19:25:54.905, 8684817624837, vstest.console.dll, TestRunRequest:SendTestRunMessage: Starting.
TpTrace Verbose: 0 : 29028, 13, 2024/10/28, 19:25:54.906, 8684817628677, vstest.console.dll, MulticastDelegateUtilities.SafeInvoke: TestRun.LogMessages: Invoking callback 1/1 for Microsoft.VisualStudio.TestPlatform.CommandLine.TestRunResultAggregator., took 0 ms.
TpTrace Verbose: 0 : 29028, 4, 2024/10/28, 19:25:54.906, 8684817629192, vstest.console.dll, MulticastDelegateUtilities.SafeInvoke: InternalTestLoggerEvents.SendTestRunMessage: Invoking callback 1/1 for Microsoft.VisualStudio.TestPlatform.CommandLine.Internal.ConsoleLogger., took 0 ms.
TpTrace Information: 0 : 29028, 13, 2024/10/28, 19:25:54.906, 8684817631682, vstest.console.dll, TestRunRequest:SendTestRunMessage: Completed.
TpTrace Verbose: 0 : 29028, 13, 2024/10/28, 19:25:54.907, 8684817639520, vstest.console.dll, MulticastDelegateUtilities.SafeInvoke: LengthPrefixCommunicationChannel: MessageReceived: Invoking callback 1/1 for Microsoft.VisualStudio.TestPlatform.CommunicationUtilities.TestRequestSender+<>c__DisplayClass34_0., took 2 ms.
TpTrace Verbose: 0 : 29028, 13, 2024/10/28, 19:25:54.907, 8684817642114, vstest.console.dll, TcpClientExtensions.MessageLoopAsync: Polling on remoteEndPoint: 127.0.0.1:56161 localEndPoint: 127.0.0.1:56160 after 446 ms
TpTrace Verbose: 0 : 29028, 13, 2024/10/28, 19:25:54.973, 8684818304796, vstest.console.dll, TcpClientExtensions.MessageLoopAsync: NotifyDataAvailable remoteEndPoint: 127.0.0.1:56161 localEndPoint: 127.0.0.1:56160
TpTrace Verbose: 0 : 29028, 13, 2024/10/28, 19:25:54.974, 8684818309544, vstest.console.dll, TestRequestSender.OnExecutionMessageReceived: Received message: {"Version":7,"MessageType":"TestSession.Message","Payload":{"MessageLevel":0,"Message":"Running all tests in C:\\Users\\sandeep.kumar\\source\\repos\\EFCoreFirstAPI\\EFCoreTest\\bin\\Debug\\net8.0\\fine-code-coverage\\build-output\\EFCoreTest.dll"}}
TpTrace Verbose: 0 : 29028, 13, 2024/10/28, 19:25:54.974, 8684818311534, vstest.console.dll, TestRunRequest:SendTestRunMessage: Starting.
TpTrace Verbose: 0 : 29028, 13, 2024/10/28, 19:25:54.974, 8684818312607, vstest.console.dll, MulticastDelegateUtilities.SafeInvoke: TestRun.LogMessages: Invoking callback 1/1 for Microsoft.VisualStudio.TestPlatform.CommandLine.TestRunResultAggregator., took 0 ms.
TpTrace Information: 0 : 29028, 13, 2024/10/28, 19:25:54.974, 8684818313274, vstest.console.dll, TestRunRequest:SendTestRunMessage: Completed.
TpTrace Verbose: 0 : 29028, 4, 2024/10/28, 19:25:54.974, 8684818313401, vstest.console.dll, MulticastDelegateUtilities.SafeInvoke: InternalTestLoggerEvents.SendTestRunMessage: Invoking callback 1/1 for Microsoft.VisualStudio.TestPlatform.CommandLine.Internal.ConsoleLogger., took 0 ms.
TpTrace Verbose: 0 : 29028, 13, 2024/10/28, 19:25:54.974, 8684818313950, vstest.console.dll, MulticastDelegateUtilities.SafeInvoke: LengthPrefixCommunicationChannel: MessageReceived: Invoking callback 1/1 for Microsoft.VisualStudio.TestPlatform.CommunicationUtilities.TestRequestSender+<>c__DisplayClass34_0., took 0 ms.
TpTrace Verbose: 0 : 29028, 13, 2024/10/28, 19:25:54.975, 8684818316575, vstest.console.dll, TcpClientExtensions.MessageLoopAsync: Polling on remoteEndPoint: 127.0.0.1:56161 localEndPoint: 127.0.0.1:56160 after 67 ms
TpTrace Verbose: 0 : 29028, 13, 2024/10/28, 19:25:55.306, 8684821630839, vstest.console.dll, TcpClientExtensions.MessageLoopAsync: NotifyDataAvailable remoteEndPoint: 127.0.0.1:56161 localEndPoint: 127.0.0.1:56160
TpTrace Verbose: 0 : 29028, 13, 2024/10/28, 19:25:55.308, 8684821649834, vstest.console.dll, TestRequestSender.OnExecutionMessageReceived: Received message: {"Version":7,"MessageType":"TestSession.Message","Payload":{"MessageLevel":0,"Message":"   NUnit3TestExecutor discovered 12 of 12 NUnit test cases using Current Discovery mode, Non-Explicit run"}}
TpTrace Verbose: 0 : 29028, 13, 2024/10/28, 19:25:55.308, 8684821653678, vstest.console.dll, TestRunRequest:SendTestRunMessage: Starting.
TpTrace Verbose: 0 : 29028, 13, 2024/10/28, 19:25:55.308, 8684821655282, vstest.console.dll, MulticastDelegateUtilities.SafeInvoke: TestRun.LogMessages: Invoking callback 1/1 for Microsoft.VisualStudio.TestPlatform.CommandLine.TestRunResultAggregator., took 0 ms.
TpTrace Information: 0 : 29028, 13, 2024/10/28, 19:25:55.309, 8684821656379, vstest.console.dll, TestRunRequest:SendTestRunMessage: Completed.
TpTrace Verbose: 0 : 29028, 4, 2024/10/28, 19:25:55.309, 8684821655914, vstest.console.dll, MulticastDelegateUtilities.SafeInvoke: InternalTestLoggerEvents.SendTestRunMessage: Invoking callback 1/1 for Microsoft.VisualStudio.TestPlatform.CommandLine.Internal.ConsoleLogger., took 0 ms.
TpTrace Verbose: 0 : 29028, 13, 2024/10/28, 19:25:55.309, 8684821657421, vstest.console.dll, MulticastDelegateUtilities.SafeInvoke: LengthPrefixCommunicationChannel: MessageReceived: Invoking callback 1/1 for Microsoft.VisualStudio.TestPlatform.CommunicationUtilities.TestRequestSender+<>c__DisplayClass34_0., took 0 ms.
TpTrace Verbose: 0 : 29028, 13, 2024/10/28, 19:25:55.309, 8684821660515, vstest.console.dll, TcpClientExtensions.MessageLoopAsync: Polling on remoteEndPoint: 127.0.0.1:56161 localEndPoint: 127.0.0.1:56160 after 334 ms
TpTrace Verbose: 0 : 29028, 13, 2024/10/28, 19:25:56.250, 8684831066560, vstest.console.dll, TcpClientExtensions.MessageLoopAsync: NotifyDataAvailable remoteEndPoint: 127.0.0.1:56161 localEndPoint: 127.0.0.1:56160
TpTrace Verbose: 0 : 29028, 13, 2024/10/28, 19:25:56.250, 8684831071259, vstest.console.dll, TestRequestSender.OnExecutionMessageReceived: Received message: {"Version":7,"MessageType":"TestExecution.StatsChange","Payload":{"NewTestResults":[],"TestRunStatistics":{"ExecutedTests":0,"Stats":{}},"ActiveTests":[{"Id":"c77a3663-db45-2d5b-8224-85dbafdd75b4","FullyQualifiedName":"EFCoreTest.ProductControllerTest.AddProductTest","DisplayName":"AddProductTest","ExecutorUri":"executor://NUnit3TestExecutor","Source":"C:\\Users\\sandeep.kumar\\source\\repos\\EFCoreFirstAPI\\EFCoreTest\\bin\\Debug\\net8.0\\fine-code-coverage\\build-output\\EFCoreTest.dll","CodeFilePath":null,"LineNumber":0,"Properties":[{"Key":{"Id":"NUnit.Seed","Label":"Seed","Category":"","Description":"","Attributes":0,"ValueType":"System.String"},"Value":"1229623947"}]}]}}
TpTrace Verbose: 0 : 29028, 13, 2024/10/28, 19:25:56.350, 8684832070522, vstest.console.dll, TestRunRequest:SendTestRunStatsChange: Starting.
TpTrace Verbose: 0 : 29028, 13, 2024/10/28, 19:25:56.350, 8684832074405, vstest.console.dll, InProgress is AddProductTest
TpTrace Verbose: 0 : 29028, 13, 2024/10/28, 19:25:56.351, 8684832076791, vstest.console.dll, MulticastDelegateUtilities.SafeInvoke: TestRun.RunStatsChanged: Invoking callbacks was skipped because there are no subscribers.
TpTrace Information: 0 : 29028, 13, 2024/10/28, 19:25:56.351, 8684832078250, vstest.console.dll, TestRunRequest:SendTestRunStatsChange: Completed.
TpTrace Verbose: 0 : 29028, 13, 2024/10/28, 19:25:56.351, 8684832080015, vstest.console.dll, MulticastDelegateUtilities.SafeInvoke: LengthPrefixCommunicationChannel: MessageReceived: Invoking callback 1/1 for Microsoft.VisualStudio.TestPlatform.CommunicationUtilities.TestRequestSender+<>c__DisplayClass34_0., took 100 ms.
TpTrace Verbose: 0 : 29028, 13, 2024/10/28, 19:25:56.351, 8684832081323, vstest.console.dll, TcpClientExtensions.MessageLoopAsync: Polling on remoteEndPoint: 127.0.0.1:56161 localEndPoint: 127.0.0.1:56160 after 1041 ms
TpTrace Verbose: 0 : 29028, 13, 2024/10/28, 19:25:57.363, 8684842204322, vstest.console.dll, TcpClientExtensions.MessageLoopAsync: Polling on remoteEndPoint: 127.0.0.1:56161 localEndPoint: 127.0.0.1:56160 after 1012 ms
TpTrace Verbose: 0 : 29028, 13, 2024/10/28, 19:25:57.775, 8684846323515, vstest.console.dll, TcpClientExtensions.MessageLoopAsync: NotifyDataAvailable remoteEndPoint: 127.0.0.1:56161 localEndPoint: 127.0.0.1:56160
TpTrace Verbose: 0 : 29028, 13, 2024/10/28, 19:25:57.776, 8684846334548, vstest.console.dll, TestRequestSender.OnExecutionMessageReceived: Received message: {"Version":7,"MessageType":"TestExecution.StatsChange","Payload":{"NewTestResults":[{"TestCase":{"Id":"c77a3663-db45-2d5b-8224-85dbafdd75b4","FullyQualifiedName":"EFCoreTest.ProductControllerTest.AddProductTest","DisplayName":"AddProductTest","ExecutorUri":"executor://NUnit3TestExecutor","Source":"C:\\Users\\sandeep.kumar\\source\\repos\\EFCoreFirstAPI\\EFCoreTest\\bin\\Debug\\net8.0\\fine-code-coverage\\build-output\\EFCoreTest.dll","CodeFilePath":null,"LineNumber":0,"Properties":[{"Key":{"Id":"NUnit.Seed","Label":"Seed","Category":"","Description":"","Attributes":0,"ValueType":"System.String"},"Value":"1229623947"}]},"Attachments":[],"Outcome":1,"ErrorMessage":null,"ErrorStackTrace":null,"DisplayName":"AddProductTest","Messages":[],"ComputerName":"5CD112KHSJ","Duration":"00:00:01.7930360","StartTime":"2024-10-28T13:55:55.3573628+00:00","EndTime":"2024-10-28T13:55:57.1501759+00:00","Properties":[{"Key":{"Id":"NUnit.Seed","Label":"Seed","Category":"","Description":"","Attributes":0,"ValueType":"System.String"},"Value":"1229623947"}]},{"TestCase":{"Id":"138d9271-cda0-5067-c387-ec90518f28e3","FullyQualifiedName":"EFCoreTest.ProductRepositoryTest.TestAdd(\"TestAdd1\",120,4,\"\",\"Test description for Product\",1)","DisplayName":"TestAdd(\"TestAdd1\",120,4,\"\",\"Test description for Product\",1)","ExecutorUri":"executor://NUnit3TestExecutor","Source":"C:\\Users\\sandeep.kumar\\source\\repos\\EFCoreFirstAPI\\EFCoreTest\\bin\\Debug\\net8.0\\fine-code-coverage\\build-output\\EFCoreTest.dll","CodeFilePath":null,"LineNumber":0,"Properties":[{"Key":{"Id":"NUnit.Seed","Label":"Seed","Category":"","Description":"","Attributes":0,"ValueType":"System.String"},"Value":"33861390"}]},"Attachments":[],"Outcome":2,"ErrorMessage":"  Expected: 1\r\n  But was:  2\r\n","ErrorStackTrace":"   at EFCoreTest.ProductRepositoryTest.TestAdd(String name, Single price, Int32 quantity, String image, String desc, Int32 id) in C:\\Users\\sandeep.kumar\\source\\repos\\EFCoreFirstAPI\\EFCoreTest\\ProductRepositoryTest.cs:line 53\r\n   at NUnit.Framework.Internal.TaskAwaitAdapter.GenericAdapter`1.GetResult()\r\n   at NUnit.Framework.Internal.AsyncToSyncAdapter.Await(Func`1 invoke)\r\n   at NUnit.Framework.Internal.Commands.TestMethodCommand.RunTestMethod(TestExecutionContext context)\r\n   at NUnit.Framework.Internal.Commands.TestMethodCommand.Execute(TestExecutionContext context)\r\n   at NUnit.Framework.Internal.Commands.BeforeAndAfterTestCommand.<>c__DisplayClass1_0.<Execute>b__0()\r\n   at NUnit.Framework.Internal.Commands.DelegatingTestCommand.RunTestMethodInThreadAbortSafeZone(TestExecutionContext context, Action action)\r\n\n1)    at EFCoreTest.ProductRepositoryTest.TestAdd(String name, Single price, Int32 quantity, String image, String desc, Int32 id) in C:\\Users\\sandeep.kumar\\source\\repos\\EFCoreFirstAPI\\EFCoreTest\\ProductRepositoryTest.cs:line 53\r\n   at System.Runtime.CompilerServices.AsyncMethodBuilderCore.Start[TStateMachine](TStateMachine& stateMachine)\r\n   at EFCoreTest.ProductRepositoryTest.TestAdd(String name, Single price, Int32 quantity, String image, String desc, Int32 id)\r\n\n","DisplayName":"TestAdd(\"TestAdd1\",120,4,\"\",\"Test description for Product\",1)","Messages":[],"ComputerName":"5CD112KHSJ","Duration":"00:00:00.1931219","StartTime":"2024-10-28T13:55:57.1691345+00:00","EndTime":"2024-10-28T13:55:57.3622559+00:00","Properties":[{"Key":{"Id":"NUnit.Seed","Label":"Seed","Category":"","Description":"","Attributes":0,"ValueType":"System.String"},"Value":"33861390"}]},{"TestCase":{"Id":"0904dffd-f440-21b8-fc96-60c347527d09","FullyQualifiedName":"EFCoreTest.ProductRepositoryTest.TestAdd(\"TestAdd2\",120,4,\"\",\"Test description for Product\",2)","DisplayName":"TestAdd(\"TestAdd2\",120,4,\"\",\"Test description for Product\",2)","ExecutorUri":"executor://NUnit3TestExecutor","Source":"C:\\Users\\sandeep.kumar\\source\\repos\\EFCoreFirstAPI\\EFCoreTest\\bin\\Debug\\net8.0\\fine-code-coverage\\build-output\\EFCoreTest.dll","CodeFilePath":null,"LineNumber":0,"Properties":[{"Key":{"Id":"NUnit.Seed","Label":"Seed","Category":"","Description":"","Attributes":0,"ValueType":"System.String"},"Value":"450248099"}]},"Attachments":[],"Outcome":2,"ErrorMessage":"  Expected: 2\r\n  But was:  3\r\n","ErrorStackTrace":"   at EFCoreTest.ProductRepositoryTest.TestAdd(String name, Single price, Int32 quantity, String image, String desc, Int32 id) in C:\\Users\\sandeep.kumar\\source\\repos\\EFCoreFirstAPI\\EFCoreTest\\ProductRepositoryTest.cs:line 53\r\n   at NUnit.Framework.Internal.TaskAwaitAdapter.GenericAdapter`1.GetResult()\r\n   at NUnit.Framework.Internal.AsyncToSyncAdapter.Await(Func`1 invoke)\r\n   at NUnit.Framework.Internal.Commands.TestMethodCommand.RunTestMethod(TestExecutionContext context)\r\n   at NUnit.Framework.Internal.Commands.TestMethodCommand.Execute(TestExecutionContext context)\r\n   at NUnit.Framework.Internal.Commands.BeforeAndAfterTestCommand.<>c__DisplayClass1_0.<Execute>b__0()\r\n   at NUnit.Framework.Internal.Commands.DelegatingTestCommand.RunTestMethodInThreadAbortSafeZone(TestExecutionContext context, Action action)\r\n\n1)    at EFCoreTest.ProductRepositoryTest.TestAdd(String name, Single price, Int32 quantity, String image, String desc, Int32 id) in C:\\Users\\sandeep.kumar\\source\\repos\\EFCoreFirstAPI\\EFCoreTest\\ProductRepositoryTest.cs:line 53\r\n   at System.Runtime.CompilerServices.AsyncMethodBuilderCore.Start[TStateMachine](TStateMachine& stateMachine)\r\n   at EFCoreTest.ProductRepositoryTest.TestAdd(String name, Single price, Int32 quantity, String image, String desc, Int32 id)\r\n   at InvokeStub_ProductRepositoryTest.TestAdd(Object, Span`1)\r\n\n","DisplayName":"TestAdd(\"TestAdd2\",120,4,\"\",\"Test description for Product\",2)","Messages":[],"ComputerName":"5CD112KHSJ","Duration":"00:00:00.0446970","StartTime":"2024-10-28T13:55:57.3625633+00:00","EndTime":"2024-10-28T13:55:57.4072602+00:00","Properties":[{"Key":{"Id":"NUnit.Seed","Label":"Seed","Category":"","Description":"","Attributes":0,"ValueType":"System.String"},"Value":"450248099"}]},{"TestCase":{"Id":"dd9c38f2-ca87-e675-45d4-576be917811d","FullyQualifiedName":"EFCoreTest.ProductRepositoryTest.TestAddException(\"TestAdd1\",120,4,\"\",\"Test description for Product\",1)","DisplayName":"TestAddException(\"TestAdd1\",120,4,\"\",\"Test description for Product\",1)","ExecutorUri":"executor://NUnit3TestExecutor","Source":"C:\\Users\\sandeep.kumar\\source\\repos\\EFCoreFirstAPI\\EFCoreTest\\bin\\Debug\\net8.0\\fine-code-coverage\\build-output\\EFCoreTest.dll","CodeFilePath":null,"LineNumber":0,"Properties":[{"Key":{"Id":"NUnit.Seed","Label":"Seed","Category":"","Description":"","Attributes":0,"ValueType":"System.String"},"Value":"1698499667"}]},"Attachments":[],"Outcome":1,"ErrorMessage":null,"ErrorStackTrace":null,"DisplayName":"TestAddException(\"TestAdd1\",120,4,\"\",\"Test description for Product\",1)","Messages":[],"ComputerName":"5CD112KHSJ","Duration":"00:00:00.0133160","StartTime":"2024-10-28T13:55:57.4074419+00:00","EndTime":"2024-10-28T13:55:57.4207571+00:00","Properties":[{"Key":{"Id":"NUnit.Seed","Label":"Seed","Category":"","Description":"","Attributes":0,"ValueType":"System.String"},"Value":"1698499667"}]},{"TestCase":{"Id":"856c2ad4-87e9-ac3d-16fa-22337be9a247","FullyQualifiedName":"EFCoreTest.ProductServiceTest.AddNewProductTest","DisplayName":"AddNewProductTest","ExecutorUri":"executor://NUnit3TestExecutor","Source":"C:\\Users\\sandeep.kumar\\source\\repos\\EFCoreFirstAPI\\EFCoreTest\\bin\\Debug\\net8.0\\fine-code-coverage\\build-output\\EFCoreTest.dll","CodeFilePath":null,"LineNumber":0,"Properties":[{"Key":{"Id":"NUnit.Seed","Label":"Seed","Category":"","Description":"","Attributes":0,"ValueType":"System.String"},"Value":"825648136"}]},"Attachments":[],"Outcome":1,"ErrorMessage":null,"ErrorStackTrace":null,"DisplayName":"AddNewProductTest","Messages":[],"ComputerName":"5CD112KHSJ","Duration":"00:00:00.0069910","StartTime":"2024-10-28T13:55:57.4210672+00:00","EndTime":"2024-10-28T13:55:57.4280579+00:00","Properties":[{"Key":{"Id":"NUnit.Seed","Label":"Seed","Category":"","Description":"","Attributes":0,"ValueType":"System.String"},"Value":"825648136"}]},{"TestCase":{"Id":"2848c777-dbbf-fc57-90fd-dad595d2ad74","FullyQualifiedName":"EFCoreTest.Tests.AddTest(10,20,30)","DisplayName":"AddTest(10,20,30)","ExecutorUri":"executor://NUnit3TestExecutor","Source":"C:\\Users\\sandeep.kumar\\source\\repos\\EFCoreFirstAPI\\EFCoreTest\\bin\\Debug\\net8.0\\fine-code-coverage\\build-output\\EFCoreTest.dll","CodeFilePath":null,"LineNumber":0,"Properties":[{"Key":{"Id":"NUnit.Seed","Label":"Seed","Category":"","Description":"","Attributes":0,"ValueType":"System.String"},"Value":"636208865"}]},"Attachments":[],"Outcome":1,"ErrorMessage":null,"ErrorStackTrace":null,"DisplayName":"AddTest(10,20,30)","Messages":[],"ComputerName":"5CD112KHSJ","Duration":"00:00:00.0005620","StartTime":"2024-10-28T13:55:57.4283574+00:00","EndTime":"2024-10-28T13:55:57.428919+00:00","Properties":[{"Key":{"Id":"NUnit.Seed","Label":"Seed","Category":"","Description":"","Attributes":0,"ValueType":"System.String"},"Value":"636208865"}]},{"TestCase":{"Id":"552d3921-e6b1-e61d-1d68-5a876ff8b2c7","FullyQualifiedName":"EFCoreTest.Tests.AddTest(int.MaxValue,0,int.MaxValue)","DisplayName":"AddTest(int.MaxValue,0,int.MaxValue)","ExecutorUri":"executor://NUnit3TestExecutor","Source":"C:\\Users\\sandeep.kumar\\source\\repos\\EFCoreFirstAPI\\EFCoreTest\\bin\\Debug\\net8.0\\fine-code-coverage\\build-output\\EFCoreTest.dll","CodeFilePath":null,"LineNumber":0,"Properties":[{"Key":{"Id":"NUnit.Seed","Label":"Seed","Category":"","Description":"","Attributes":0,"ValueType":"System.String"},"Value":"1367821318"}]},"Attachments":[],"Outcome":1,"ErrorMessage":null,"ErrorStackTrace":null,"DisplayName":"AddTest(int.MaxValue,0,int.MaxValue)","Messages":[],"ComputerName":"5CD112KHSJ","Duration":"00:00:00.0006280","StartTime":"2024-10-28T13:55:57.4289405+00:00","EndTime":"2024-10-28T13:55:57.4295683+00:00","Properties":[{"Key":{"Id":"NUnit.Seed","Label":"Seed","Category":"","Description":"","Attributes":0,"ValueType":"System.String"},"Value":"1367821318"}]},{"TestCase":{"Id":"476a958d-a8ab-2faf-218e-b71f17846438","FullyQualifiedName":"EFCoreTest.UserControllerTest.TestRegister(\"sandeep\",\"common\",Admin)","DisplayName":"TestRegister(\"sandeep\",\"common\",Admin)","ExecutorUri":"executor://NUnit3TestExecutor","Source":"C:\\Users\\sandeep.kumar\\source\\repos\\EFCoreFirstAPI\\EFCoreTest\\bin\\Debug\\net8.0\\fine-code-coverage\\build-output\\EFCoreTest.dll","CodeFilePath":null,"LineNumber":0,"Properties":[{"Key":{"Id":"NUnit.Seed","Label":"Seed","Category":"","Description":"","Attributes":0,"ValueType":"System.String"},"Value":"1134644598"}]},"Attachments":[],"Outcome":1,"ErrorMessage":null,"ErrorStackTrace":null,"DisplayName":"TestRegister(\"sandeep\",\"common\",Admin)","Messages":[],"ComputerName":"5CD112KHSJ","Duration":"00:00:00.0764180","StartTime":"2024-10-28T13:55:57.4297896+00:00","EndTime":"2024-10-28T13:55:57.5062068+00:00","Properties":[{"Key":{"Id":"NUnit.Seed","Label":"Seed","Category":"","Description":"","Attributes":0,"ValueType":"System.String"},"Value":"1134644598"}]}],"TestRunStatistics":{"ExecutedTests":8,"Stats":{"Passed":6,"Failed":2}},"ActiveTests":[{"Id":"c31a954f-6346-7767-27e2-66190d40090d","FullyQualifiedName":"EFCoreTest.UserRepositoryTest.TesGet","DisplayName":"TesGet","ExecutorUri":"executor://NUnit3TestExecutor","Source":"C:\\Users\\sandeep.kumar\\source\\repos\\EFCoreFirstAPI\\EFCoreTest\\bin\\Debug\\net8.0\\fine-code-coverage\\build-output\\EFCoreTest.dll","CodeFilePath":null,"LineNumber":0,"Properties":[{"Key":{"Id":"NUnit.Seed","Label":"Seed","Category":"","Description":"","Attributes":0,"ValueType":"System.String"},"Value":"2092403815"}]}]}}
TpTrace Verbose: 0 : 29028, 13, 2024/10/28, 19:25:57.800, 8684846567379, vstest.console.dll, TestRunRequest:SendTestRunStatsChange: Starting.
TpTrace Verbose: 0 : 29028, 13, 2024/10/28, 19:25:57.800, 8684846569477, vstest.console.dll, InProgress is TesGet
TpTrace Verbose: 0 : 29028, 13, 2024/10/28, 19:25:57.801, 8684846576749, vstest.console.dll, MulticastDelegateUtilities.SafeInvoke: TestRun.RunStatsChanged: Invoking callbacks was skipped because there are no subscribers.
TpTrace Information: 0 : 29028, 13, 2024/10/28, 19:25:57.801, 8684846581358, vstest.console.dll, TestRunRequest:SendTestRunStatsChange: Completed.
TpTrace Verbose: 0 : 29028, 13, 2024/10/28, 19:25:57.801, 8684846584670, vstest.console.dll, MulticastDelegateUtilities.SafeInvoke: LengthPrefixCommunicationChannel: MessageReceived: Invoking callback 1/1 for Microsoft.VisualStudio.TestPlatform.CommunicationUtilities.TestRequestSender+<>c__DisplayClass34_0., took 25 ms.
TpTrace Verbose: 0 : 29028, 13, 2024/10/28, 19:25:57.802, 8684846585924, vstest.console.dll, TcpClientExtensions.MessageLoopAsync: Polling on remoteEndPoint: 127.0.0.1:56161 localEndPoint: 127.0.0.1:56160 after 437 ms
TpTrace Verbose: 0 : 29028, 4, 2024/10/28, 19:25:57.808, 8684846646572, vstest.console.dll, MulticastDelegateUtilities.SafeInvoke: InternalTestLoggerEvents.SendTestResult: Invoking callback 1/1 for Microsoft.VisualStudio.TestPlatform.CommandLine.Internal.ConsoleLogger., took 6 ms.
TpTrace Verbose: 0 : 29028, 4, 2024/10/28, 19:25:57.811, 8684846685089, vstest.console.dll, MulticastDelegateUtilities.SafeInvoke: InternalTestLoggerEvents.SendTestResult: Invoking callback 1/1 for Microsoft.VisualStudio.TestPlatform.CommandLine.Internal.ConsoleLogger., took 3 ms.
TpTrace Verbose: 0 : 29028, 4, 2024/10/28, 19:25:57.812, 8684846693783, vstest.console.dll, MulticastDelegateUtilities.SafeInvoke: InternalTestLoggerEvents.SendTestResult: Invoking callback 1/1 for Microsoft.VisualStudio.TestPlatform.CommandLine.Internal.ConsoleLogger., took 0 ms.
TpTrace Verbose: 0 : 29028, 4, 2024/10/28, 19:25:57.813, 8684846696105, vstest.console.dll, MulticastDelegateUtilities.SafeInvoke: InternalTestLoggerEvents.SendTestResult: Invoking callback 1/1 for Microsoft.VisualStudio.TestPlatform.CommandLine.Internal.ConsoleLogger., took 0 ms.
TpTrace Verbose: 0 : 29028, 4, 2024/10/28, 19:25:57.813, 8684846698247, vstest.console.dll, MulticastDelegateUtilities.SafeInvoke: InternalTestLoggerEvents.SendTestResult: Invoking callback 1/1 for Microsoft.VisualStudio.TestPlatform.CommandLine.Internal.ConsoleLogger., took 0 ms.
TpTrace Verbose: 0 : 29028, 4, 2024/10/28, 19:25:57.813, 8684846699892, vstest.console.dll, MulticastDelegateUtilities.SafeInvoke: InternalTestLoggerEvents.SendTestResult: Invoking callback 1/1 for Microsoft.VisualStudio.TestPlatform.CommandLine.Internal.ConsoleLogger., took 0 ms.
TpTrace Verbose: 0 : 29028, 4, 2024/10/28, 19:25:57.813, 8684846701251, vstest.console.dll, MulticastDelegateUtilities.SafeInvoke: InternalTestLoggerEvents.SendTestResult: Invoking callback 1/1 for Microsoft.VisualStudio.TestPlatform.CommandLine.Internal.ConsoleLogger., took 0 ms.
TpTrace Verbose: 0 : 29028, 4, 2024/10/28, 19:25:57.813, 8684846704602, vstest.console.dll, MulticastDelegateUtilities.SafeInvoke: InternalTestLoggerEvents.SendTestResult: Invoking callback 1/1 for Microsoft.VisualStudio.TestPlatform.CommandLine.Internal.ConsoleLogger., took 0 ms.
TpTrace Verbose: 0 : 29028, 13, 2024/10/28, 19:25:57.944, 8684848013143, vstest.console.dll, TcpClientExtensions.MessageLoopAsync: NotifyDataAvailable remoteEndPoint: 127.0.0.1:56161 localEndPoint: 127.0.0.1:56160
TpTrace Verbose: 0 : 29028, 13, 2024/10/28, 19:25:57.945, 8684848017614, vstest.console.dll, TestRequestSender.OnExecutionMessageReceived: Received message: {"Version":7,"MessageType":"TestSession.Message","Payload":{"MessageLevel":0,"Message":"NUnit Adapter 4.4.0.0: Test execution complete"}}
TpTrace Verbose: 0 : 29028, 13, 2024/10/28, 19:25:57.945, 8684848020667, vstest.console.dll, TestRunRequest:SendTestRunMessage: Starting.
TpTrace Verbose: 0 : 29028, 13, 2024/10/28, 19:25:57.945, 8684848022346, vstest.console.dll, MulticastDelegateUtilities.SafeInvoke: TestRun.LogMessages: Invoking callback 1/1 for Microsoft.VisualStudio.TestPlatform.CommandLine.TestRunResultAggregator., took 0 ms.
TpTrace Information: 0 : 29028, 13, 2024/10/28, 19:25:57.945, 8684848023811, vstest.console.dll, TestRunRequest:SendTestRunMessage: Completed.
TpTrace Verbose: 0 : 29028, 4, 2024/10/28, 19:25:57.945, 8684848022652, vstest.console.dll, MulticastDelegateUtilities.SafeInvoke: InternalTestLoggerEvents.SendTestRunMessage: Invoking callback 1/1 for Microsoft.VisualStudio.TestPlatform.CommandLine.Internal.ConsoleLogger., took 0 ms.
TpTrace Verbose: 0 : 29028, 13, 2024/10/28, 19:25:57.945, 8684848025125, vstest.console.dll, MulticastDelegateUtilities.SafeInvoke: LengthPrefixCommunicationChannel: MessageReceived: Invoking callback 1/1 for Microsoft.VisualStudio.TestPlatform.CommunicationUtilities.TestRequestSender+<>c__DisplayClass34_0., took 0 ms.
TpTrace Verbose: 0 : 29028, 13, 2024/10/28, 19:25:57.946, 8684848027849, vstest.console.dll, TcpClientExtensions.MessageLoopAsync: Polling on remoteEndPoint: 127.0.0.1:56161 localEndPoint: 127.0.0.1:56160 after 143 ms
TpTrace Verbose: 0 : 29028, 13, 2024/10/28, 19:25:57.982, 8684848393466, vstest.console.dll, TcpClientExtensions.MessageLoopAsync: NotifyDataAvailable remoteEndPoint: 127.0.0.1:56161 localEndPoint: 127.0.0.1:56160
TpTrace Verbose: 0 : 29028, 13, 2024/10/28, 19:25:57.983, 8684848399951, vstest.console.dll, TestRequestSender.OnExecutionMessageReceived: Received message: {"Version":7,"MessageType":"TestExecution.Completed","Payload":{"TestRunCompleteArgs":{"TestRunStatistics":{"ExecutedTests":12,"Stats":{"Passed":9,"Failed":3}},"IsCanceled":false,"IsAborted":false,"Error":null,"AttachmentSets":[],"InvokedDataCollectors":[],"ElapsedTimeInRunningTests":"00:00:03.1440040","Metrics":{},"DiscoveredExtensions":{"TestDiscoverers":["NUnit.VisualStudio.TestAdapter.NUnit3TestDiscoverer, NUnit3.TestAdapter, Version=4.4.0.0, Culture=neutral, PublicKeyToken=4cb40d35494691ac"],"TestExecutors":["executor://NUnit3TestExecutor"],"TestExecutors2":[],"TestSettingsProviders":[]}},"LastRunTests":{"NewTestResults":[{"TestCase":{"Id":"c31a954f-6346-7767-27e2-66190d40090d","FullyQualifiedName":"EFCoreTest.UserRepositoryTest.TesGet","DisplayName":"TesGet","ExecutorUri":"executor://NUnit3TestExecutor","Source":"C:\\Users\\sandeep.kumar\\source\\repos\\EFCoreFirstAPI\\EFCoreTest\\bin\\Debug\\net8.0\\fine-code-coverage\\build-output\\EFCoreTest.dll","CodeFilePath":null,"LineNumber":0,"Properties":[{"Key":{"Id":"NUnit.Seed","Label":"Seed","Category":"","Description":"","Attributes":0,"ValueType":"System.String"},"Value":"2092403815"}]},"Attachments":[],"Outcome":1,"ErrorMessage":null,"ErrorStackTrace":null,"DisplayName":"TesGet","Messages":[],"ComputerName":"5CD112KHSJ","Duration":"00:00:00.2869650","StartTime":"2024-10-28T13:55:57.5066282+00:00","EndTime":"2024-10-28T13:55:57.7935926+00:00","Properties":[{"Key":{"Id":"NUnit.Seed","Label":"Seed","Category":"","Description":"","Attributes":0,"ValueType":"System.String"},"Value":"2092403815"}]},{"TestCase":{"Id":"2a360db4-cbda-6605-5a34-2a697452dc50","FullyQualifiedName":"EFCoreTest.UserRepositoryTest.TestAdd","DisplayName":"TestAdd","ExecutorUri":"executor://NUnit3TestExecutor","Source":"C:\\Users\\sandeep.kumar\\source\\repos\\EFCoreFirstAPI\\EFCoreTest\\bin\\Debug\\net8.0\\fine-code-coverage\\build-output\\EFCoreTest.dll","CodeFilePath":null,"LineNumber":0,"Properties":[{"Key":{"Id":"NUnit.Seed","Label":"Seed","Category":"","Description":"","Attributes":0,"ValueType":"System.String"},"Value":"117881272"}]},"Attachments":[],"Outcome":2,"ErrorMessage":"EFCoreFirstAPI.Exceptions.CouldNotAddException : Could not add User","ErrorStackTrace":"   at EFCoreFirstAPI.Repositories.UserRepository.Add(User entity) in C:\\Users\\sandeep.kumar\\source\\repos\\EFCoreFirstAPI\\EFCoreFirstAPI\\Repositories\\UserRepository.cs:line 30\r\n   at EFCoreTest.UserRepositoryTest.TestAdd() in C:\\Users\\sandeep.kumar\\source\\repos\\EFCoreFirstAPI\\EFCoreTest\\UserRepositoryTest.cs:line 46\r\n   at NUnit.Framework.Internal.TaskAwaitAdapter.GenericAdapter`1.GetResult()\r\n   at NUnit.Framework.Internal.AsyncToSyncAdapter.Await(Func`1 invoke)\r\n   at NUnit.Framework.Internal.Commands.TestMethodCommand.RunTestMethod(TestExecutionContext context)\r\n   at NUnit.Framework.Internal.Commands.TestMethodCommand.Execute(TestExecutionContext context)\r\n   at NUnit.Framework.Internal.Commands.BeforeAndAfterTestCommand.<>c__DisplayClass1_0.<Execute>b__0()\r\n   at NUnit.Framework.Internal.Commands.DelegatingTestCommand.RunTestMethodInThreadAbortSafeZone(TestExecutionContext context, Action action)\n","DisplayName":"TestAdd","Messages":[],"ComputerName":"5CD112KHSJ","Duration":"00:00:00.0385310","StartTime":"2024-10-28T13:55:57.7936507+00:00","EndTime":"2024-10-28T13:55:57.8321806+00:00","Properties":[{"Key":{"Id":"NUnit.Seed","Label":"Seed","Category":"","Description":"","Attributes":0,"ValueType":"System.String"},"Value":"117881272"}]},{"TestCase":{"Id":"bcd534a3-8547-92d0-b73f-89f11ac57e88","FullyQualifiedName":"EFCoreTest.UserServiceTest.TestAdd(\"TestUser2\",\"TestPassword2\",\"TestHashKey\",Admin)","DisplayName":"TestAdd(\"TestUser2\",\"TestPassword2\",\"TestHashKey\",Admin)","ExecutorUri":"executor://NUnit3TestExecutor","Source":"C:\\Users\\sandeep.kumar\\source\\repos\\EFCoreFirstAPI\\EFCoreTest\\bin\\Debug\\net8.0\\fine-code-coverage\\build-output\\EFCoreTest.dll","CodeFilePath":null,"LineNumber":0,"Properties":[{"Key":{"Id":"NUnit.Seed","Label":"Seed","Category":"","Description":"","Attributes":0,"ValueType":"System.String"},"Value":"697157944"}]},"Attachments":[],"Outcome":1,"ErrorMessage":null,"ErrorStackTrace":null,"DisplayName":"TestAdd(\"TestUser2\",\"TestPassword2\",\"TestHashKey\",Admin)","Messages":[],"ComputerName":"5CD112KHSJ","Duration":"00:00:00.0714310","StartTime":"2024-10-28T13:55:57.8345877+00:00","EndTime":"2024-10-28T13:55:57.9060178+00:00","Properties":[{"Key":{"Id":"NUnit.Seed","Label":"Seed","Category":"","Description":"","Attributes":0,"ValueType":"System.String"},"Value":"697157944"}]},{"TestCase":{"Id":"ed6eb6f0-af8e-ef27-45da-e92fdfada3c5","FullyQualifiedName":"EFCoreTest.UserServiceTest.TestAuthenticate(\"TestUser1\",\"TestPassword1\",\"TestHashKey1\")","DisplayName":"TestAuthenticate(\"TestUser1\",\"TestPassword1\",\"TestHashKey1\")","ExecutorUri":"executor://NUnit3TestExecutor","Source":"C:\\Users\\sandeep.kumar\\source\\repos\\EFCoreFirstAPI\\EFCoreTest\\bin\\Debug\\net8.0\\fine-code-coverage\\build-output\\EFCoreTest.dll","CodeFilePath":null,"LineNumber":0,"Properties":[{"Key":{"Id":"NUnit.Seed","Label":"Seed","Category":"","Description":"","Attributes":0,"ValueType":"System.String"},"Value":"481896981"}]},"Attachments":[],"Outcome":1,"ErrorMessage":null,"ErrorStackTrace":null,"DisplayName":"TestAuthenticate(\"TestUser1\",\"TestPassword1\",\"TestHashKey1\")","Messages":[],"ComputerName":"5CD112KHSJ","Duration":"00:00:00.0206960","StartTime":"2024-10-28T13:55:57.9061524+00:00","EndTime":"2024-10-28T13:55:57.926847+00:00","Properties":[{"Key":{"Id":"NUnit.Seed","Label":"Seed","Category":"","Description":"","Attributes":0,"ValueType":"System.String"},"Value":"481896981"}]}],"TestRunStatistics":{"ExecutedTests":12,"Stats":{"Passed":9,"Failed":3}},"ActiveTests":[]},"RunAttachments":[],"ExecutorUris":["executor://nunit3testexecutor/"]}}
TpTrace Verbose: 0 : 29028, 13, 2024/10/28, 19:25:57.983, 8684848402682, vstest.console.dll, TestRequestSender.EndSession: Sending end session.
TpTrace Verbose: 0 : 29028, 13, 2024/10/28, 19:25:57.984, 8684848406747, vstest.console.dll, ProxyOperationManager.Close: waiting for test host to exit for 100 ms
TpTrace Warning: 0 : 29028, 7, 2024/10/28, 19:25:58.023, 8684848802878, vstest.console.dll, TestHostManagerCallbacks.ErrorReceivedCallback Test host standard error line: 
TpTrace Verbose: 0 : 29028, 11, 2024/10/28, 19:25:58.023, 8684848802833, vstest.console.dll, TestHostManagerCallbacks.StandardOutputReceivedCallback Test host standard output line: 
TpTrace Verbose: 0 : 29028, 11, 2024/10/28, 19:25:58.062, 8684849187805, vstest.console.dll, TestHostProvider.ExitCallBack: Host exited starting callback.
TpTrace Information: 0 : 29028, 11, 2024/10/28, 19:25:58.062, 8684849191454, vstest.console.dll, TestHostManagerCallbacks.ExitCallBack: Testhost processId: 14636 exited with exitcode: 0 error: ''
TpTrace Verbose: 0 : 29028, 11, 2024/10/28, 19:25:58.062, 8684849192888, vstest.console.dll, DotnetTestHostManager.OnHostExited: invoking OnHostExited callback
TpTrace Verbose: 0 : 29028, 11, 2024/10/28, 19:25:58.062, 8684849194320, vstest.console.dll, CrossPlatEngine.TestHostManagerHostExited: calling on client process exit callback.
TpTrace Information: 0 : 29028, 11, 2024/10/28, 19:25:58.063, 8684849195862, vstest.console.dll, TestRequestSender.OnClientProcessExit: Test host process exited. Standard error: 
TpTrace Information: 0 : 29028, 13, 2024/10/28, 19:25:58.063, 8684849196866, vstest.console.dll, SocketServer.Stop: Stop server endPoint: 127.0.0.1:56160
TpTrace Information: 0 : 29028, 11, 2024/10/28, 19:25:58.064, 8684849210317, vstest.console.dll, SocketServer.Stop: Stop server endPoint: 127.0.0.1:56160
TpTrace Information: 0 : 29028, 13, 2024/10/28, 19:25:58.064, 8684849212614, vstest.console.dll, SocketServer.Stop: Cancellation requested. Stopping message loop.
TpTrace Information: 0 : 29028, 11, 2024/10/28, 19:25:58.064, 8684849214361, vstest.console.dll, SocketServer.Stop: Cancellation requested. Stopping message loop.
TpTrace Information: 0 : 29028, 13, 2024/10/28, 19:25:58.065, 8684849218972, vstest.console.dll, Closing the connection
TpTrace Verbose: 0 : 29028, 11, 2024/10/28, 19:25:58.065, 8684849218815, vstest.console.dll, MulticastDelegateUtilities.SafeInvoke: HostProviderEvents.OnHostExited: Invoking callback 1/1 for Microsoft.VisualStudio.TestPlatform.CrossPlatEngine.Client.ProxyOperationManager., took 2 ms.
TpTrace Verbose: 0 : 29028, 13, 2024/10/28, 19:25:58.070, 8684849267912, vstest.console.dll, ProxyDataCollectionManager.InvokeDataCollectionServiceAction: Starting.
TpTrace Information: 0 : 29028, 13, 2024/10/28, 19:25:58.070, 8684849269892, vstest.console.dll, ProxyDataCollectionManager.AfterTestRunEnd: Get attachment set and invoked data collectors processId: 12736 port: 56157
TpTrace Verbose: 0 : 29028, 13, 2024/10/28, 19:25:58.070, 8684849271454, vstest.console.dll, DataCollectionRequestSender.SendAfterTestRunStartAndGetResult: Send AfterTestRunEnd message with isCancelled: False
TpTrace Verbose: 0 : 29028, 13, 2024/10/28, 19:25:58.100, 8684849568386, vstest.console.dll, DataCollectionRequestSender.SendAfterTestRunStartAndGetResult: Received message: (DataCollection.AfterTestRunEndResult) -> {"MessageType":"DataCollection.AfterTestRunEndResult","Payload":{"AttachmentSets":[],"InvokedDataCollectors":[{"Uri":"datacollector://Microsoft/TestPlatform/Extensions/Blame/v1","FriendlyName":"Blame","AssemblyQualifiedName":"Microsoft.TestPlatform.Extensions.BlameDataCollector.BlameCollector, Microsoft.TestPlatform.Extensions.BlameDataCollector, Version=15.0.0.0, Culture=neutral, PublicKeyToken=b03f5f7f11d50a3a","FilePath":"C:\\Program Files\\dotnet\\sdk\\8.0.403\\Extensions\\Microsoft.TestPlatform.Extensions.BlameDataCollector.dll","HasAttachmentProcessor":false}],"Metrics":{}}}
TpTrace Warning: 0 : 29028, 10, 2024/10/28, 19:25:58.110, 8684849671527, vstest.console.dll, DataCollectionLauncher.ErrorReceivedCallback datacollector standard error line: 
TpTrace Information: 0 : 29028, 13, 2024/10/28, 19:25:58.113, 8684849703696, vstest.console.dll, ProxyDataCollectionManager.InvokeDataCollectionServiceAction: Completed.
TpTrace Information: 0 : 29028, 10, 2024/10/28, 19:25:58.128, 8684849853479, vstest.console.dll, DataCollectionLauncher.ExitCallBack: Data collector exited with exitcode: 0 error: ''
TpTrace Verbose: 0 : 29028, 13, 2024/10/28, 19:25:58.235, 8684850922179, vstest.console.dll, TestRunRequest:SendTestRunStatsChange: Starting.
TpTrace Verbose: 0 : 29028, 13, 2024/10/28, 19:25:58.235, 8684850925101, vstest.console.dll, MulticastDelegateUtilities.SafeInvoke: TestRun.RunStatsChanged: Invoking callbacks was skipped because there are no subscribers.
TpTrace Information: 0 : 29028, 13, 2024/10/28, 19:25:58.236, 8684850926452, vstest.console.dll, TestRunRequest:SendTestRunStatsChange: Completed.
TpTrace Verbose: 0 : 29028, 4, 2024/10/28, 19:25:58.236, 8684850926495, vstest.console.dll, MulticastDelegateUtilities.SafeInvoke: InternalTestLoggerEvents.SendTestResult: Invoking callback 1/1 for Microsoft.VisualStudio.TestPlatform.CommandLine.Internal.ConsoleLogger., took 0 ms.
TpTrace Verbose: 0 : 29028, 4, 2024/10/28, 19:25:58.237, 8684850938291, vstest.console.dll, MulticastDelegateUtilities.SafeInvoke: InternalTestLoggerEvents.SendTestResult: Invoking callback 1/1 for Microsoft.VisualStudio.TestPlatform.CommandLine.Internal.ConsoleLogger., took 0 ms.
TpTrace Verbose: 0 : 29028, 4, 2024/10/28, 19:25:58.237, 8684850940942, vstest.console.dll, MulticastDelegateUtilities.SafeInvoke: InternalTestLoggerEvents.SendTestResult: Invoking callback 1/1 for Microsoft.VisualStudio.TestPlatform.CommandLine.Internal.ConsoleLogger., took 0 ms.
TpTrace Verbose: 0 : 29028, 4, 2024/10/28, 19:25:58.237, 8684850942758, vstest.console.dll, MulticastDelegateUtilities.SafeInvoke: InternalTestLoggerEvents.SendTestResult: Invoking callback 1/1 for Microsoft.VisualStudio.TestPlatform.CommandLine.Internal.ConsoleLogger., took 0 ms.
TpTrace Verbose: 0 : 29028, 13, 2024/10/28, 19:25:58.238, 8684850946199, vstest.console.dll, ParallelProxyExecutionManager: HandlePartialRunComplete: Total workloads = 1, Total started clients = 1 Total completed clients = 1, Run complete = True, Run canceled: False.
TpTrace Verbose: 0 : 29028, 13, 2024/10/28, 19:25:58.238, 8684850948725, vstest.console.dll, ParallelProxyExecutionManager: HandlePartialRunComplete: All runs completed stopping all managers.
TpTrace Verbose: 0 : 29028, 13, 2024/10/28, 19:25:58.238, 8684850950730, vstest.console.dll, ParallelOperationManager.StopAllManagers: Stopping all managers.
TpTrace Verbose: 0 : 29028, 13, 2024/10/28, 19:25:58.238, 8684850952054, vstest.console.dll, ParallelOperationManager.ClearSlots: Clearing all slots. Slots should accept more work: False
TpTrace Verbose: 0 : 29028, 13, 2024/10/28, 19:25:58.238, 8684850953866, vstest.console.dll, ParallelOperationManager.SetOccupiedSlotCount: Setting slot counts AvailableSlotCount = 1, OccupiedSlotCount = 0.
TpTrace Verbose: 0 : 29028, 13, 2024/10/28, 19:25:58.239, 8684850956345, vstest.console.dll, Occupied slots:

TpTrace Verbose: 0 : 29028, 4, 2024/10/28, 19:25:58.261, 8684851179565, vstest.console.dll, MulticastDelegateUtilities.SafeInvoke: InternalTestLoggerEvents.SendTestRunComplete: Invoking callback 1/2 for Microsoft.TestPlatform.Extensions.BlameDataCollector.BlameLogger., took 0 ms.
TpTrace Verbose: 0 : 29028, 4, 2024/10/28, 19:25:58.276, 8684851328122, vstest.console.dll, MulticastDelegateUtilities.SafeInvoke: InternalTestLoggerEvents.SendTestRunComplete: Invoking callback 2/2 for Microsoft.VisualStudio.TestPlatform.CommandLine.Internal.ConsoleLogger., took 14 ms.
TpTrace Verbose: 0 : 29028, 13, 2024/10/28, 19:25:58.276, 8684851334485, vstest.console.dll, TestRunRequest:TestRunComplete: Starting. IsAborted:False IsCanceled:False.
TpTrace Verbose: 0 : 29028, 13, 2024/10/28, 19:25:58.277, 8684851338871, vstest.console.dll, ParallelOperationManager.DoActionOnAllManagers: Calling an action on all managers.
TpTrace Verbose: 0 : 29028, 13, 2024/10/28, 19:25:58.279, 8684851360248, vstest.console.dll, TestLoggerManager.HandleTestRunComplete: Ignoring as the object is disposed.
TpTrace Verbose: 0 : 29028, 13, 2024/10/28, 19:25:58.279, 8684851364405, vstest.console.dll, MulticastDelegateUtilities.SafeInvoke: TestRun.TestRunComplete: Invoking callback 1/2 for Microsoft.VisualStudio.TestPlatform.CommandLine.TestRunResultAggregator., took 0 ms.
TpTrace Verbose: 0 : 29028, 13, 2024/10/28, 19:25:58.280, 8684851366986, vstest.console.dll, MulticastDelegateUtilities.SafeInvoke: TestRun.TestRunComplete: Invoking callback 2/2 for Microsoft.VisualStudio.TestPlatform.CommandLine.Processors.RunTestsArgumentExecutor+TestRunRequestEventsRegistrar., took 0 ms.
TpTrace Information: 0 : 29028, 13, 2024/10/28, 19:25:58.280, 8684851369603, vstest.console.dll, TestRunRequest:TestRunComplete: Completed.
TpTrace Verbose: 0 : 29028, 1, 2024/10/28, 19:25:58.280, 8684851370075, vstest.console.dll, TestRunRequest.Dispose: Starting.
TpTrace Verbose: 0 : 29028, 13, 2024/10/28, 19:25:58.280, 8684851372755, vstest.console.dll, TestRequestSender.SetOperationComplete: Setting operation complete.
TpTrace Information: 0 : 29028, 1, 2024/10/28, 19:25:58.280, 8684851372882, vstest.console.dll, TestRunRequest.Dispose: Completed.
TpTrace Information: 0 : 29028, 13, 2024/10/28, 19:25:58.280, 8684851375308, vstest.console.dll, SocketServer.Stop: Stop server endPoint: 127.0.0.1:56160
TpTrace Information: 0 : 29028, 1, 2024/10/28, 19:25:58.281, 8684851377420, vstest.console.dll, TestRequestManager.RunTests: run tests completed.
TpTrace Information: 0 : 29028, 13, 2024/10/28, 19:25:58.281, 8684851378488, vstest.console.dll, SocketServer.Stop: Cancellation requested. Stopping message loop.
TpTrace Information: 0 : 29028, 1, 2024/10/28, 19:25:58.281, 8684851380996, vstest.console.dll, RunTestsArgumentProcessor:Execute: Test run is completed.
TpTrace Verbose: 0 : 29028, 13, 2024/10/28, 19:25:58.281, 8684851381097, vstest.console.dll, MulticastDelegateUtilities.SafeInvoke: LengthPrefixCommunicationChannel: MessageReceived: Invoking callback 1/1 for Microsoft.VisualStudio.TestPlatform.CommunicationUtilities.TestRequestSender+<>c__DisplayClass34_0., took 298 ms.
TpTrace Information: 0 : 29028, 13, 2024/10/28, 19:25:58.281, 8684851383817, vstest.console.dll, SocketServer.PrivateStop: Stopping server endPoint: 127.0.0.1:56160 error: 
TpTrace Verbose: 0 : 29028, 1, 2024/10/28, 19:25:58.282, 8684851386856, vstest.console.dll, Executor.Execute: Exiting with exit code of 1
