TpTrace Verbose: 0 : 17752, 1, 2024/11/18, 13:02:38.532, 3581967236197, vstest.console.dll, Version: 17.11.1-release-24455-02 Current process architecture: X64
TpTrace Verbose: 0 : 17752, 1, 2024/11/18, 13:02:38.535, 3581967268663, vstest.console.dll, Runtime location: C:\Program Files\dotnet\shared\Microsoft.NETCore.App\8.0.10
TpTrace Verbose: 0 : 17752, 1, 2024/11/18, 13:02:38.540, 3581967314890, vstest.console.dll, ArtifactProcessingPostProcessModeProcessorExecutor.Initialize: ArtifactProcessingMode.Collect
TpTrace Verbose: 0 : 17752, 1, 2024/11/18, 13:02:38.540, 3581967316610, vstest.console.dll, TestSessionCorrelationIdProcessorModeProcessorExecutor.Initialize: TestSessionCorrelationId '23544_3b5bb33b-f717-48b5-bc89-6c904856a061'
TpTrace Information: 0 : 17752, 1, 2024/11/18, 13:02:38.548, 3581967397524, vstest.console.dll, FilePatternParser: The given file C:\Users\sandeep.kumar\source\repos\EShoppingApp\EShoppingTest\bin\Debug\net8.0\fine-code-coverage\build-output\EShoppingTest.dll is a full path.
TpTrace Verbose: 0 : 17752, 1, 2024/11/18, 13:02:38.561, 3581967526441, vstest.console.dll, TestPluginCache.DiscoverTestExtensions: finding test extensions in assemblies ends with: RuntimeProvider.dll TPluginInfo: Microsoft.VisualStudio.TestPlatform.Common.ExtensionFramework.Utilities.TestRuntimePluginInformation TExtension: Microsoft.VisualStudio.TestPlatform.ObjectModel.Host.ITestRuntimeProvider
TpTrace Verbose: 0 : 17752, 1, 2024/11/18, 13:02:38.562, 3581967532595, vstest.console.dll, TestPluginCache.GetExtensionPaths: Filtered extension paths: 
TpTrace Verbose: 0 : 17752, 1, 2024/11/18, 13:02:38.562, 3581967536036, vstest.console.dll, TestPluginCache.GetExtensionPaths: Added default extension paths: C:\Program Files\dotnet\sdk\8.0.403\Extensions\Microsoft.Diagnostics.NETCore.Client.dll
C:\Program Files\dotnet\sdk\8.0.403\Extensions\Microsoft.TestPlatform.Extensions.BlameDataCollector.dll
C:\Program Files\dotnet\sdk\8.0.403\Extensions\Microsoft.TestPlatform.Extensions.EventLogCollector.dll
C:\Program Files\dotnet\sdk\8.0.403\Extensions\Microsoft.TestPlatform.TestHostRuntimeProvider.dll
C:\Program Files\dotnet\sdk\8.0.403\Extensions\Microsoft.VisualStudio.TestPlatform.Extensions.Html.TestLogger.dll
C:\Program Files\dotnet\sdk\8.0.403\Extensions\Microsoft.VisualStudio.TestPlatform.Extensions.Trx.TestLogger.dll
TpTrace Verbose: 0 : 17752, 1, 2024/11/18, 13:02:38.562, 3581967536842, vstest.console.dll, TestPluginCache.GetExtensionPaths: Added unfilterableExtensionPaths: 
TpTrace Information: 0 : 17752, 1, 2024/11/18, 13:02:38.563, 3581967547451, vstest.console.dll, AssemblyResolver.ctor: Creating AssemblyResolver with searchDirectories C:\Program Files\dotnet\sdk\8.0.403\Extensions,C:\Program Files\dotnet\sdk\8.0.403
TpTrace Verbose: 0 : 17752, 1, 2024/11/18, 13:02:38.567, 3581967585081, vstest.console.dll, TestPluginCache.DiscoverTestExtensions: Discovering the extensions using extension path.
TpTrace Verbose: 0 : 17752, 1, 2024/11/18, 13:02:38.567, 3581967587477, vstest.console.dll, TestPluginCache.GetExtensionPaths: Filtered extension paths: 
TpTrace Verbose: 0 : 17752, 1, 2024/11/18, 13:02:38.567, 3581967588234, vstest.console.dll, TestPluginCache.GetExtensionPaths: Added default extension paths: C:\Program Files\dotnet\sdk\8.0.403\Extensions\Microsoft.Diagnostics.NETCore.Client.dll
C:\Program Files\dotnet\sdk\8.0.403\Extensions\Microsoft.TestPlatform.Extensions.BlameDataCollector.dll
C:\Program Files\dotnet\sdk\8.0.403\Extensions\Microsoft.TestPlatform.Extensions.EventLogCollector.dll
C:\Program Files\dotnet\sdk\8.0.403\Extensions\Microsoft.TestPlatform.TestHostRuntimeProvider.dll
C:\Program Files\dotnet\sdk\8.0.403\Extensions\Microsoft.VisualStudio.TestPlatform.Extensions.Html.TestLogger.dll
C:\Program Files\dotnet\sdk\8.0.403\Extensions\Microsoft.VisualStudio.TestPlatform.Extensions.Trx.TestLogger.dll
TpTrace Verbose: 0 : 17752, 1, 2024/11/18, 13:02:38.567, 3581967588813, vstest.console.dll, TestPluginCache.GetExtensionPaths: Added unfilterableExtensionPaths: 
TpTrace Verbose: 0 : 17752, 1, 2024/11/18, 13:02:38.568, 3581967589776, vstest.console.dll, TestPluginCache.DiscoverTestExtensions: Discovering the extensions using allExtensionPaths: C:\Program Files\dotnet\sdk\8.0.403\Extensions\Microsoft.Diagnostics.NETCore.Client.dll
C:\Program Files\dotnet\sdk\8.0.403\Extensions\Microsoft.TestPlatform.Extensions.BlameDataCollector.dll
C:\Program Files\dotnet\sdk\8.0.403\Extensions\Microsoft.TestPlatform.Extensions.EventLogCollector.dll
C:\Program Files\dotnet\sdk\8.0.403\Extensions\Microsoft.TestPlatform.TestHostRuntimeProvider.dll
C:\Program Files\dotnet\sdk\8.0.403\Extensions\Microsoft.VisualStudio.TestPlatform.Extensions.Html.TestLogger.dll
C:\Program Files\dotnet\sdk\8.0.403\Extensions\Microsoft.VisualStudio.TestPlatform.Extensions.Trx.TestLogger.dll
TpTrace Information: 0 : 17752, 1, 2024/11/18, 13:02:38.568, 3581967591903, vstest.console.dll, AssemblyResolver.AddSearchDirectories: Adding more searchDirectories C:\Program Files\dotnet\sdk\8.0.403\Extensions,C:\Program Files\dotnet\sdk\8.0.403
TpTrace Information: 0 : 17752, 1, 2024/11/18, 13:02:38.568, 3581967592828, vstest.console.dll, AssemblyResolver.AddSearchDirectories: Adding more searchDirectories C:\Program Files\dotnet\sdk\8.0.403\Extensions,C:\Program Files\dotnet\sdk\8.0.403
TpTrace Information: 0 : 17752, 1, 2024/11/18, 13:02:38.568, 3581967593341, vstest.console.dll, AssemblyResolver.AddSearchDirectories: Adding more searchDirectories C:\Program Files\dotnet\sdk\8.0.403\Extensions,C:\Program Files\dotnet\sdk\8.0.403
TpTrace Information: 0 : 17752, 1, 2024/11/18, 13:02:38.568, 3581967593854, vstest.console.dll, AssemblyResolver.AddSearchDirectories: Adding more searchDirectories C:\Program Files\dotnet\sdk\8.0.403\Extensions,C:\Program Files\dotnet\sdk\8.0.403
TpTrace Information: 0 : 17752, 1, 2024/11/18, 13:02:38.568, 3581967594382, vstest.console.dll, AssemblyResolver.AddSearchDirectories: Adding more searchDirectories C:\Program Files\dotnet\sdk\8.0.403\Extensions,C:\Program Files\dotnet\sdk\8.0.403
TpTrace Information: 0 : 17752, 1, 2024/11/18, 13:02:38.568, 3581967594917, vstest.console.dll, AssemblyResolver.AddSearchDirectories: Adding more searchDirectories C:\Program Files\dotnet\sdk\8.0.403\Extensions,C:\Program Files\dotnet\sdk\8.0.403
TpTrace Information: 0 : 17752, 1, 2024/11/18, 13:02:38.569, 3581967601734, vstest.console.dll, AssemblyResolver.OnResolve: Microsoft.Diagnostics.NETCore.Client: Resolving assembly.
TpTrace Information: 0 : 17752, 1, 2024/11/18, 13:02:38.569, 3581967602822, vstest.console.dll, AssemblyResolver.OnResolve: Microsoft.Diagnostics.NETCore.Client: Searching in: 'C:\Program Files\dotnet\sdk\8.0.403\Extensions'.
TpTrace Information: 0 : 17752, 1, 2024/11/18, 13:02:38.589, 3581967801603, vstest.console.dll, AssemblyResolver.OnResolve: Microsoft.Diagnostics.NETCore.Client: Loading assembly 'C:\Program Files\dotnet\sdk\8.0.403\Extensions\Microsoft.Diagnostics.NETCore.Client.dll'.
TpTrace Information: 0 : 17752, 1, 2024/11/18, 13:02:38.592, 3581967836852, vstest.console.dll, AssemblyResolver.OnResolve: Resolved assembly: Microsoft.Diagnostics.NETCore.Client, from path: C:\Program Files\dotnet\sdk\8.0.403\Extensions\Microsoft.Diagnostics.NETCore.Client.dll
TpTrace Verbose: 0 : 17752, 1, 2024/11/18, 13:02:38.597, 3581967885254, vstest.console.dll, MetadataReaderExtensionsHelper: Discovering extensions inside assembly 'Microsoft.Diagnostics.NETCore.Client, Version=0.2.10.30701, Culture=neutral, PublicKeyToken=31bf3856ad364e35' file path 'C:\Program Files\dotnet\sdk\8.0.403\Extensions\Microsoft.Diagnostics.NETCore.Client.dll'
TpTrace Information: 0 : 17752, 1, 2024/11/18, 13:02:38.607, 3581967986038, vstest.console.dll, AssemblyResolver.OnResolve: Microsoft.Bcl.AsyncInterfaces: Resolving assembly.
TpTrace Information: 0 : 17752, 1, 2024/11/18, 13:02:38.607, 3581967987234, vstest.console.dll, AssemblyResolver.OnResolve: Microsoft.Bcl.AsyncInterfaces: Searching in: 'C:\Program Files\dotnet\sdk\8.0.403\Extensions'.
TpTrace Information: 0 : 17752, 1, 2024/11/18, 13:02:38.607, 3581967988208, vstest.console.dll, AssemblyResolver.OnResolve: Microsoft.Bcl.AsyncInterfaces: Assembly path does not exist: 'C:\Program Files\dotnet\sdk\8.0.403\Extensions\Microsoft.Bcl.AsyncInterfaces.dll', returning.
TpTrace Information: 0 : 17752, 1, 2024/11/18, 13:02:38.607, 3581967989371, vstest.console.dll, AssemblyResolver.OnResolve: Microsoft.Bcl.AsyncInterfaces: Assembly path does not exist: 'C:\Program Files\dotnet\sdk\8.0.403\Extensions\Microsoft.Bcl.AsyncInterfaces.exe', returning.
TpTrace Information: 0 : 17752, 1, 2024/11/18, 13:02:38.608, 3581967989733, vstest.console.dll, AssemblyResolver.OnResolve: Microsoft.Bcl.AsyncInterfaces: Searching in: 'C:\Program Files\dotnet\sdk\8.0.403'.
TpTrace Information: 0 : 17752, 1, 2024/11/18, 13:02:38.608, 3581967990294, vstest.console.dll, AssemblyResolver.OnResolve: Microsoft.Bcl.AsyncInterfaces: Assembly path does not exist: 'C:\Program Files\dotnet\sdk\8.0.403\Microsoft.Bcl.AsyncInterfaces.dll', returning.
TpTrace Information: 0 : 17752, 1, 2024/11/18, 13:02:38.608, 3581967990860, vstest.console.dll, AssemblyResolver.OnResolve: Microsoft.Bcl.AsyncInterfaces: Assembly path does not exist: 'C:\Program Files\dotnet\sdk\8.0.403\Microsoft.Bcl.AsyncInterfaces.exe', returning.
TpTrace Information: 0 : 17752, 1, 2024/11/18, 13:02:38.608, 3581967991273, vstest.console.dll, AssemblyResolver.OnResolve: Microsoft.Bcl.AsyncInterfaces: Failed to load assembly.
TpTrace Verbose: 0 : 17752, 1, 2024/11/18, 13:02:38.608, 3581967991675, vstest.console.dll, CurrentDomainAssemblyResolve: Resolving assembly 'Microsoft.Bcl.AsyncInterfaces'.
TpTrace Information: 0 : 17752, 1, 2024/11/18, 13:02:38.608, 3581967992287, vstest.console.dll, AssemblyResolver.OnResolve: Microsoft.Bcl.AsyncInterfaces: Resolving assembly.
TpTrace Information: 0 : 17752, 1, 2024/11/18, 13:02:38.608, 3581967992686, vstest.console.dll, AssemblyResolver.OnResolve: Microsoft.Bcl.AsyncInterfaces: Resolved from cache.
TpTrace Verbose: 0 : 17752, 1, 2024/11/18, 13:02:38.608, 3581967993003, vstest.console.dll, CurrentDomainAssemblyResolve: Resolving assembly 'Microsoft.Bcl.AsyncInterfaces'.
TpTrace Verbose: 0 : 17752, 1, 2024/11/18, 13:02:38.608, 3581967993349, vstest.console.dll, CurrentDomainAssemblyResolve: Failed to resolve assembly 'Microsoft.Bcl.AsyncInterfaces'.
TpTrace Verbose: 0 : 17752, 1, 2024/11/18, 13:02:38.612, 3581968031043, vstest.console.dll, CurrentDomainAssemblyResolve: Failed to resolve assembly 'Microsoft.Bcl.AsyncInterfaces'.
TpTrace Warning: 0 : 17752, 1, 2024/11/18, 13:02:38.639, 3581968309179, vstest.console.dll, TestPluginDiscoverer: Failed to get types from assembly 'Microsoft.Diagnostics.NETCore.Client, Version=0.2.10.30701, Culture=neutral, PublicKeyToken=31bf3856ad364e35'. Error: System.Reflection.ReflectionTypeLoadException: Unable to load one or more of the requested types.
Could not load file or assembly 'Microsoft.Bcl.AsyncInterfaces, Version=6.0.0.0, Culture=neutral, PublicKeyToken=cc7b13ffcd2ddd51'. The system cannot find the file specified.
   at System.Reflection.RuntimeModule.GetTypes(RuntimeModule module)
   at System.Reflection.RuntimeModule.GetTypes()
   at Microsoft.VisualStudio.TestPlatform.Common.ExtensionFramework.TestPluginDiscoverer.GetTestExtensionsFromAssembly[TPluginInfo,TExtension](Assembly assembly, Dictionary`2 pluginInfos, String filePath) in /_/src/Microsoft.TestPlatform.Common/ExtensionFramework/TestPluginDiscoverer.cs:line 158
System.IO.FileNotFoundException: Could not load file or assembly 'Microsoft.Bcl.AsyncInterfaces, Version=6.0.0.0, Culture=neutral, PublicKeyToken=cc7b13ffcd2ddd51'. The system cannot find the file specified.
File name: 'Microsoft.Bcl.AsyncInterfaces, Version=6.0.0.0, Culture=neutral, PublicKeyToken=cc7b13ffcd2ddd51'
 ---> System.IO.FileNotFoundException: Could not load file or assembly 'Microsoft.Bcl.AsyncInterfaces, Culture=neutral, PublicKeyToken=null'. The system cannot find the file specified.
File name: 'Microsoft.Bcl.AsyncInterfaces, Culture=neutral, PublicKeyToken=null'
   at System.Reflection.RuntimeAssembly.InternalLoad(AssemblyName assemblyName, StackCrawlMark& stackMark, AssemblyLoadContext assemblyLoadContext, RuntimeAssembly requestingAssembly, Boolean throwOnFileNotFound)
   at System.Reflection.Assembly.Load(AssemblyName assemblyRef)
   at Microsoft.VisualStudio.TestPlatform.Common.ExtensionFramework.TestPluginCache.CurrentDomainAssemblyResolve(Object sender, AssemblyResolveEventArgs args) in /_/src/Microsoft.TestPlatform.Common/ExtensionFramework/TestPluginCache.cs:line 513
   at System.Runtime.Loader.AssemblyLoadContext.GetFirstResolvedAssemblyFromResolvingEvent(AssemblyName assemblyName)
   at System.Runtime.Loader.AssemblyLoadContext.ResolveUsingEvent(AssemblyName assemblyName)
   at System.Runtime.Loader.AssemblyLoadContext.ResolveUsingResolvingEvent(IntPtr gchManagedAssemblyLoadContext, AssemblyName assemblyName)
TpTrace Warning: 0 : 17752, 1, 2024/11/18, 13:02:38.640, 3581968314816, vstest.console.dll, LoaderExceptions: System.IO.FileNotFoundException: Could not load file or assembly 'Microsoft.Bcl.AsyncInterfaces, Version=6.0.0.0, Culture=neutral, PublicKeyToken=cc7b13ffcd2ddd51'. The system cannot find the file specified.
File name: 'Microsoft.Bcl.AsyncInterfaces, Version=6.0.0.0, Culture=neutral, PublicKeyToken=cc7b13ffcd2ddd51'
 ---> System.IO.FileNotFoundException: Could not load file or assembly 'Microsoft.Bcl.AsyncInterfaces, Culture=neutral, PublicKeyToken=null'. The system cannot find the file specified.
File name: 'Microsoft.Bcl.AsyncInterfaces, Culture=neutral, PublicKeyToken=null'
   at System.Reflection.RuntimeAssembly.InternalLoad(AssemblyName assemblyName, StackCrawlMark& stackMark, AssemblyLoadContext assemblyLoadContext, RuntimeAssembly requestingAssembly, Boolean throwOnFileNotFound)
   at System.Reflection.Assembly.Load(AssemblyName assemblyRef)
   at Microsoft.VisualStudio.TestPlatform.Common.ExtensionFramework.TestPluginCache.CurrentDomainAssemblyResolve(Object sender, AssemblyResolveEventArgs args) in /_/src/Microsoft.TestPlatform.Common/ExtensionFramework/TestPluginCache.cs:line 513
   at System.Runtime.Loader.AssemblyLoadContext.GetFirstResolvedAssemblyFromResolvingEvent(AssemblyName assemblyName)
   at System.Runtime.Loader.AssemblyLoadContext.ResolveUsingEvent(AssemblyName assemblyName)
   at System.Runtime.Loader.AssemblyLoadContext.ResolveUsingResolvingEvent(IntPtr gchManagedAssemblyLoadContext, AssemblyName assemblyName)
TpTrace Information: 0 : 17752, 1, 2024/11/18, 13:02:38.640, 3581968316892, vstest.console.dll, AssemblyResolver.OnResolve: Microsoft.TestPlatform.Extensions.BlameDataCollector: Resolving assembly.
TpTrace Information: 0 : 17752, 1, 2024/11/18, 13:02:38.640, 3581968317441, vstest.console.dll, AssemblyResolver.OnResolve: Microsoft.TestPlatform.Extensions.BlameDataCollector: Searching in: 'C:\Program Files\dotnet\sdk\8.0.403\Extensions'.
TpTrace Information: 0 : 17752, 1, 2024/11/18, 13:02:38.642, 3581968333848, vstest.console.dll, AssemblyResolver.OnResolve: Microsoft.TestPlatform.Extensions.BlameDataCollector: Loading assembly 'C:\Program Files\dotnet\sdk\8.0.403\Extensions\Microsoft.TestPlatform.Extensions.BlameDataCollector.dll'.
TpTrace Information: 0 : 17752, 1, 2024/11/18, 13:02:38.644, 3581968358214, vstest.console.dll, AssemblyResolver.OnResolve: Resolved assembly: Microsoft.TestPlatform.Extensions.BlameDataCollector, from path: C:\Program Files\dotnet\sdk\8.0.403\Extensions\Microsoft.TestPlatform.Extensions.BlameDataCollector.dll
TpTrace Verbose: 0 : 17752, 1, 2024/11/18, 13:02:38.645, 3581968359650, vstest.console.dll, MetadataReaderExtensionsHelper: Discovering extensions inside assembly 'Microsoft.TestPlatform.Extensions.BlameDataCollector, Version=15.0.0.0, Culture=neutral, PublicKeyToken=b03f5f7f11d50a3a' file path 'C:\Program Files\dotnet\sdk\8.0.403\Extensions\Microsoft.TestPlatform.Extensions.BlameDataCollector.dll'
TpTrace Information: 0 : 17752, 1, 2024/11/18, 13:02:38.648, 3581968390156, vstest.console.dll, AssemblyResolver.OnResolve: Microsoft.TestPlatform.Extensions.EventLogCollector: Resolving assembly.
TpTrace Information: 0 : 17752, 1, 2024/11/18, 13:02:38.648, 3581968391138, vstest.console.dll, AssemblyResolver.OnResolve: Microsoft.TestPlatform.Extensions.EventLogCollector: Searching in: 'C:\Program Files\dotnet\sdk\8.0.403\Extensions'.
TpTrace Information: 0 : 17752, 1, 2024/11/18, 13:02:38.649, 3581968402521, vstest.console.dll, AssemblyResolver.OnResolve: Microsoft.TestPlatform.Extensions.EventLogCollector: Loading assembly 'C:\Program Files\dotnet\sdk\8.0.403\Extensions\Microsoft.TestPlatform.Extensions.EventLogCollector.dll'.
TpTrace Information: 0 : 17752, 1, 2024/11/18, 13:02:38.650, 3581968414443, vstest.console.dll, AssemblyResolver.OnResolve: Resolved assembly: Microsoft.TestPlatform.Extensions.EventLogCollector, from path: C:\Program Files\dotnet\sdk\8.0.403\Extensions\Microsoft.TestPlatform.Extensions.EventLogCollector.dll
TpTrace Verbose: 0 : 17752, 1, 2024/11/18, 13:02:38.650, 3581968415610, vstest.console.dll, MetadataReaderExtensionsHelper: Discovering extensions inside assembly 'Microsoft.TestPlatform.Extensions.EventLogCollector, Version=15.0.0.0, Culture=neutral, PublicKeyToken=b03f5f7f11d50a3a' file path 'C:\Program Files\dotnet\sdk\8.0.403\Extensions\Microsoft.TestPlatform.Extensions.EventLogCollector.dll'
TpTrace Information: 0 : 17752, 1, 2024/11/18, 13:02:38.656, 3581968470778, vstest.console.dll, AssemblyResolver.OnResolve: Microsoft.TestPlatform.TestHostRuntimeProvider: Resolving assembly.
TpTrace Information: 0 : 17752, 1, 2024/11/18, 13:02:38.656, 3581968471826, vstest.console.dll, AssemblyResolver.OnResolve: Microsoft.TestPlatform.TestHostRuntimeProvider: Searching in: 'C:\Program Files\dotnet\sdk\8.0.403\Extensions'.
TpTrace Information: 0 : 17752, 1, 2024/11/18, 13:02:38.657, 3581968482986, vstest.console.dll, AssemblyResolver.OnResolve: Microsoft.TestPlatform.TestHostRuntimeProvider: Loading assembly 'C:\Program Files\dotnet\sdk\8.0.403\Extensions\Microsoft.TestPlatform.TestHostRuntimeProvider.dll'.
TpTrace Information: 0 : 17752, 1, 2024/11/18, 13:02:38.659, 3581968499878, vstest.console.dll, AssemblyResolver.OnResolve: Resolved assembly: Microsoft.TestPlatform.TestHostRuntimeProvider, from path: C:\Program Files\dotnet\sdk\8.0.403\Extensions\Microsoft.TestPlatform.TestHostRuntimeProvider.dll
TpTrace Verbose: 0 : 17752, 1, 2024/11/18, 13:02:38.659, 3581968500716, vstest.console.dll, MetadataReaderExtensionsHelper: Discovering extensions inside assembly 'Microsoft.TestPlatform.TestHostRuntimeProvider, Version=15.0.0.0, Culture=neutral, PublicKeyToken=b03f5f7f11d50a3a' file path 'C:\Program Files\dotnet\sdk\8.0.403\Extensions\Microsoft.TestPlatform.TestHostRuntimeProvider.dll'
TpTrace Information: 0 : 17752, 1, 2024/11/18, 13:02:38.661, 3581968526773, vstest.console.dll, GetTestExtensionFromType: Register extension with identifier data 'HostProvider://DefaultTestHost' and type 'Microsoft.VisualStudio.TestPlatform.CrossPlatEngine.Hosting.DefaultTestHostManager, Microsoft.TestPlatform.TestHostRuntimeProvider, Version=15.0.0.0, Culture=neutral, PublicKeyToken=b03f5f7f11d50a3a' inside file 'C:\Program Files\dotnet\sdk\8.0.403\Extensions\Microsoft.TestPlatform.TestHostRuntimeProvider.dll'
TpTrace Information: 0 : 17752, 1, 2024/11/18, 13:02:38.661, 3581968529513, vstest.console.dll, GetTestExtensionFromType: Register extension with identifier data 'HostProvider://DotnetTestHost' and type 'Microsoft.VisualStudio.TestPlatform.CrossPlatEngine.Hosting.DotnetTestHostManager, Microsoft.TestPlatform.TestHostRuntimeProvider, Version=15.0.0.0, Culture=neutral, PublicKeyToken=b03f5f7f11d50a3a' inside file 'C:\Program Files\dotnet\sdk\8.0.403\Extensions\Microsoft.TestPlatform.TestHostRuntimeProvider.dll'
TpTrace Information: 0 : 17752, 1, 2024/11/18, 13:02:38.662, 3581968530390, vstest.console.dll, AssemblyResolver.OnResolve: Microsoft.VisualStudio.TestPlatform.Extensions.Html.TestLogger: Resolving assembly.
TpTrace Information: 0 : 17752, 1, 2024/11/18, 13:02:38.662, 3581968530750, vstest.console.dll, AssemblyResolver.OnResolve: Microsoft.VisualStudio.TestPlatform.Extensions.Html.TestLogger: Searching in: 'C:\Program Files\dotnet\sdk\8.0.403\Extensions'.
TpTrace Information: 0 : 17752, 1, 2024/11/18, 13:02:38.663, 3581968541862, vstest.console.dll, AssemblyResolver.OnResolve: Microsoft.VisualStudio.TestPlatform.Extensions.Html.TestLogger: Loading assembly 'C:\Program Files\dotnet\sdk\8.0.403\Extensions\Microsoft.VisualStudio.TestPlatform.Extensions.Html.TestLogger.dll'.
TpTrace Information: 0 : 17752, 1, 2024/11/18, 13:02:38.664, 3581968555702, vstest.console.dll, AssemblyResolver.OnResolve: Resolved assembly: Microsoft.VisualStudio.TestPlatform.Extensions.Html.TestLogger, from path: C:\Program Files\dotnet\sdk\8.0.403\Extensions\Microsoft.VisualStudio.TestPlatform.Extensions.Html.TestLogger.dll
TpTrace Verbose: 0 : 17752, 1, 2024/11/18, 13:02:38.664, 3581968557263, vstest.console.dll, MetadataReaderExtensionsHelper: Discovering extensions inside assembly 'Microsoft.VisualStudio.TestPlatform.Extensions.Html.TestLogger, Version=15.0.0.0, Culture=neutral, PublicKeyToken=b03f5f7f11d50a3a' file path 'C:\Program Files\dotnet\sdk\8.0.403\Extensions\Microsoft.VisualStudio.TestPlatform.Extensions.Html.TestLogger.dll'
TpTrace Information: 0 : 17752, 1, 2024/11/18, 13:02:38.666, 3581968573110, vstest.console.dll, AssemblyResolver.OnResolve: Microsoft.VisualStudio.TestPlatform.Extensions.Trx.TestLogger: Resolving assembly.
TpTrace Information: 0 : 17752, 1, 2024/11/18, 13:02:38.666, 3581968573994, vstest.console.dll, AssemblyResolver.OnResolve: Microsoft.VisualStudio.TestPlatform.Extensions.Trx.TestLogger: Searching in: 'C:\Program Files\dotnet\sdk\8.0.403\Extensions'.
TpTrace Information: 0 : 17752, 1, 2024/11/18, 13:02:38.667, 3581968585293, vstest.console.dll, AssemblyResolver.OnResolve: Microsoft.VisualStudio.TestPlatform.Extensions.Trx.TestLogger: Loading assembly 'C:\Program Files\dotnet\sdk\8.0.403\Extensions\Microsoft.VisualStudio.TestPlatform.Extensions.Trx.TestLogger.dll'.
TpTrace Information: 0 : 17752, 1, 2024/11/18, 13:02:38.669, 3581968603994, vstest.console.dll, AssemblyResolver.OnResolve: Resolved assembly: Microsoft.VisualStudio.TestPlatform.Extensions.Trx.TestLogger, from path: C:\Program Files\dotnet\sdk\8.0.403\Extensions\Microsoft.VisualStudio.TestPlatform.Extensions.Trx.TestLogger.dll
TpTrace Verbose: 0 : 17752, 1, 2024/11/18, 13:02:38.669, 3581968605163, vstest.console.dll, MetadataReaderExtensionsHelper: Discovering extensions inside assembly 'Microsoft.VisualStudio.TestPlatform.Extensions.Trx.TestLogger, Version=15.0.0.0, Culture=neutral, PublicKeyToken=b03f5f7f11d50a3a' file path 'C:\Program Files\dotnet\sdk\8.0.403\Extensions\Microsoft.VisualStudio.TestPlatform.Extensions.Trx.TestLogger.dll'
TpTrace Verbose: 0 : 17752, 1, 2024/11/18, 13:02:38.671, 3581968628068, vstest.console.dll, TestPluginCache: Discovered the extensions using extension path ''.
TpTrace Verbose: 0 : 17752, 1, 2024/11/18, 13:02:38.671, 3581968629053, vstest.console.dll, TestPluginCache: Discoverers are ''.
TpTrace Verbose: 0 : 17752, 1, 2024/11/18, 13:02:38.671, 3581968629362, vstest.console.dll, TestPluginCache: Executors are ''.
TpTrace Verbose: 0 : 17752, 1, 2024/11/18, 13:02:38.672, 3581968629632, vstest.console.dll, TestPluginCache: Executors2 are ''.
TpTrace Verbose: 0 : 17752, 1, 2024/11/18, 13:02:38.672, 3581968629894, vstest.console.dll, TestPluginCache: Setting providers are ''.
TpTrace Verbose: 0 : 17752, 1, 2024/11/18, 13:02:38.672, 3581968630156, vstest.console.dll, TestPluginCache: Loggers are ''.
TpTrace Verbose: 0 : 17752, 1, 2024/11/18, 13:02:38.672, 3581968631693, vstest.console.dll, TestPluginCache: TestHosts are 'HostProvider://DefaultTestHost,HostProvider://DotnetTestHost'.
TpTrace Verbose: 0 : 17752, 1, 2024/11/18, 13:02:38.672, 3581968632253, vstest.console.dll, TestPluginCache: DataCollectors are ''.
TpTrace Information: 0 : 17752, 1, 2024/11/18, 13:02:38.700, 3581968913562, vstest.console.dll, RunTestsArgumentProcessor:Execute: Test run is starting.
TpTrace Verbose: 0 : 17752, 1, 2024/11/18, 13:02:38.700, 3581968914588, vstest.console.dll, RunTestsArgumentProcessor:Execute: Queuing Test run.
TpTrace Information: 0 : 17752, 1, 2024/11/18, 13:02:38.700, 3581968917733, vstest.console.dll, TestRequestManager.RunTests: run tests started.
TpTrace Information: 0 : 17752, 1, 2024/11/18, 13:02:38.703, 3581968941703, vstest.console.dll, AssemblyMetadataProvider.GetFrameworkName: Determined framework:'.NETCoreApp,Version=v8.0' for source: 'C:\Users\sandeep.kumar\source\repos\EShoppingApp\EShoppingTest\bin\Debug\net8.0\fine-code-coverage\build-output\EShoppingTest.dll'
TpTrace Information: 0 : 17752, 1, 2024/11/18, 13:02:38.703, 3581968944444, vstest.console.dll, Determined framework for all sources: .NETCoreApp,Version=v8.0
TpTrace Verbose: 0 : 17752, 1, 2024/11/18, 13:02:38.703, 3581968947972, vstest.console.dll, TestRequestManager.UpdateRunSettingsIfRequired: Default architecture: X64 IsDefaultTargetArchitecture: True, Current process architecture: X64 OperatingSystem: Windows.
TpTrace Information: 0 : 17752, 1, 2024/11/18, 13:02:38.707, 3581968980425, vstest.console.dll, AssemblyMetadataProvider.GetArchitecture: Determined architecture:AnyCPU info for assembly: C:\Users\sandeep.kumar\source\repos\EShoppingApp\EShoppingTest\bin\Debug\net8.0\fine-code-coverage\build-output\EShoppingTest.dll
TpTrace Information: 0 : 17752, 1, 2024/11/18, 13:02:38.707, 3581968981443, vstest.console.dll, Determined platform for source 'C:\Users\sandeep.kumar\source\repos\EShoppingApp\EShoppingTest\bin\Debug\net8.0\fine-code-coverage\build-output\EShoppingTest.dll' was AnyCPU and it will use the default plaform X64.
TpTrace Information: 0 : 17752, 1, 2024/11/18, 13:02:38.707, 3581968981807, vstest.console.dll, None of the sources provided any runnable platform, using the default platform: X64
TpTrace Information: 0 : 17752, 1, 2024/11/18, 13:02:38.707, 3581968983035, vstest.console.dll, Platform was updated to 'X64'.
TpTrace Information: 0 : 17752, 1, 2024/11/18, 13:02:38.710, 3581969018973, vstest.console.dll, InferRunSettingsHelper.IsTestSettingsEnabled: Unable to navigate to RunSettings/MSTest. Current node: RunSettings
TpTrace Information: 0 : 17752, 1, 2024/11/18, 13:02:38.711, 3581969025949, vstest.console.dll, AssemblyResolver.OnResolve: Microsoft.VisualStudio.TestPlatform.Fakes: Resolving assembly.
TpTrace Information: 0 : 17752, 1, 2024/11/18, 13:02:38.711, 3581969026718, vstest.console.dll, AssemblyResolver.OnResolve: Microsoft.VisualStudio.TestPlatform.Fakes: Searching in: 'C:\Program Files\dotnet\sdk\8.0.403\Extensions'.
TpTrace Information: 0 : 17752, 1, 2024/11/18, 13:02:38.711, 3581969027943, vstest.console.dll, AssemblyResolver.OnResolve: Microsoft.VisualStudio.TestPlatform.Fakes: Assembly path does not exist: 'C:\Program Files\dotnet\sdk\8.0.403\Extensions\Microsoft.VisualStudio.TestPlatform.Fakes.dll', returning.
TpTrace Information: 0 : 17752, 1, 2024/11/18, 13:02:38.711, 3581969028569, vstest.console.dll, AssemblyResolver.OnResolve: Microsoft.VisualStudio.TestPlatform.Fakes: Assembly path does not exist: 'C:\Program Files\dotnet\sdk\8.0.403\Extensions\Microsoft.VisualStudio.TestPlatform.Fakes.exe', returning.
TpTrace Information: 0 : 17752, 1, 2024/11/18, 13:02:38.711, 3581969028986, vstest.console.dll, AssemblyResolver.OnResolve: Microsoft.VisualStudio.TestPlatform.Fakes: Searching in: 'C:\Program Files\dotnet\sdk\8.0.403'.
TpTrace Information: 0 : 17752, 1, 2024/11/18, 13:02:38.712, 3581969029676, vstest.console.dll, AssemblyResolver.OnResolve: Microsoft.VisualStudio.TestPlatform.Fakes: Assembly path does not exist: 'C:\Program Files\dotnet\sdk\8.0.403\Microsoft.VisualStudio.TestPlatform.Fakes.dll', returning.
TpTrace Information: 0 : 17752, 1, 2024/11/18, 13:02:38.712, 3581969030281, vstest.console.dll, AssemblyResolver.OnResolve: Microsoft.VisualStudio.TestPlatform.Fakes: Assembly path does not exist: 'C:\Program Files\dotnet\sdk\8.0.403\Microsoft.VisualStudio.TestPlatform.Fakes.exe', returning.
TpTrace Information: 0 : 17752, 1, 2024/11/18, 13:02:38.712, 3581969030619, vstest.console.dll, AssemblyResolver.OnResolve: Microsoft.VisualStudio.TestPlatform.Fakes: Failed to load assembly.
TpTrace Information: 0 : 17752, 1, 2024/11/18, 13:02:38.712, 3581969033350, vstest.console.dll, Failed to load assembly Microsoft.VisualStudio.TestPlatform.Fakes, Version=17.0.0.0, Culture=neutral. Reason:System.IO.FileNotFoundException: Could not load file or assembly 'Microsoft.VisualStudio.TestPlatform.Fakes, Version=17.0.0.0, Culture=neutral, PublicKeyToken=null'. The system cannot find the file specified.
File name: 'Microsoft.VisualStudio.TestPlatform.Fakes, Version=17.0.0.0, Culture=neutral, PublicKeyToken=null'
   at System.Reflection.RuntimeAssembly.InternalLoad(AssemblyName assemblyName, StackCrawlMark& stackMark, AssemblyLoadContext assemblyLoadContext, RuntimeAssembly requestingAssembly, Boolean throwOnFileNotFound)
   at System.Reflection.Assembly.Load(AssemblyName assemblyRef)
   at Microsoft.VisualStudio.TestPlatform.Common.Utilities.FakesUtilities.LoadTestPlatformAssembly() in /_/src/Microsoft.TestPlatform.Common/Utilities/FakesUtilities.cs:line 272
TpTrace Verbose: 0 : 17752, 1, 2024/11/18, 13:02:38.715, 3581969068643, vstest.console.dll, TestPluginCache.DiscoverTestExtensions: finding test extensions in assemblies ends with: TestLogger.dll TPluginInfo: Microsoft.VisualStudio.TestPlatform.Common.ExtensionFramework.Utilities.TestLoggerPluginInformation TExtension: Microsoft.VisualStudio.TestPlatform.ObjectModel.Client.ITestLogger
TpTrace Verbose: 0 : 17752, 1, 2024/11/18, 13:02:38.716, 3581969069970, vstest.console.dll, TestPluginCache.GetExtensionPaths: Filtered extension paths: 
TpTrace Verbose: 0 : 17752, 1, 2024/11/18, 13:02:38.716, 3581969070407, vstest.console.dll, TestPluginCache.GetExtensionPaths: Added default extension paths: C:\Program Files\dotnet\sdk\8.0.403\Extensions\Microsoft.Diagnostics.NETCore.Client.dll
C:\Program Files\dotnet\sdk\8.0.403\Extensions\Microsoft.TestPlatform.Extensions.BlameDataCollector.dll
C:\Program Files\dotnet\sdk\8.0.403\Extensions\Microsoft.TestPlatform.Extensions.EventLogCollector.dll
C:\Program Files\dotnet\sdk\8.0.403\Extensions\Microsoft.TestPlatform.TestHostRuntimeProvider.dll
C:\Program Files\dotnet\sdk\8.0.403\Extensions\Microsoft.VisualStudio.TestPlatform.Extensions.Html.TestLogger.dll
C:\Program Files\dotnet\sdk\8.0.403\Extensions\Microsoft.VisualStudio.TestPlatform.Extensions.Trx.TestLogger.dll
TpTrace Verbose: 0 : 17752, 1, 2024/11/18, 13:02:38.716, 3581969070770, vstest.console.dll, TestPluginCache.GetExtensionPaths: Added unfilterableExtensionPaths: 
TpTrace Information: 0 : 17752, 1, 2024/11/18, 13:02:38.716, 3581969072283, vstest.console.dll, AssemblyResolver.AddSearchDirectories: Adding more searchDirectories C:\Program Files\dotnet\sdk\8.0.403\Extensions,C:\Program Files\dotnet\sdk\8.0.403
TpTrace Verbose: 0 : 17752, 1, 2024/11/18, 13:02:38.716, 3581969072780, vstest.console.dll, TestPluginCache.DiscoverTestExtensions: Discovering the extensions using extension path.
TpTrace Verbose: 0 : 17752, 1, 2024/11/18, 13:02:38.716, 3581969073172, vstest.console.dll, TestPluginCache.GetExtensionPaths: Filtered extension paths: 
TpTrace Verbose: 0 : 17752, 1, 2024/11/18, 13:02:38.716, 3581969073620, vstest.console.dll, TestPluginCache.GetExtensionPaths: Added default extension paths: C:\Program Files\dotnet\sdk\8.0.403\Extensions\Microsoft.Diagnostics.NETCore.Client.dll
C:\Program Files\dotnet\sdk\8.0.403\Extensions\Microsoft.TestPlatform.Extensions.BlameDataCollector.dll
C:\Program Files\dotnet\sdk\8.0.403\Extensions\Microsoft.TestPlatform.Extensions.EventLogCollector.dll
C:\Program Files\dotnet\sdk\8.0.403\Extensions\Microsoft.TestPlatform.TestHostRuntimeProvider.dll
C:\Program Files\dotnet\sdk\8.0.403\Extensions\Microsoft.VisualStudio.TestPlatform.Extensions.Html.TestLogger.dll
C:\Program Files\dotnet\sdk\8.0.403\Extensions\Microsoft.VisualStudio.TestPlatform.Extensions.Trx.TestLogger.dll
TpTrace Verbose: 0 : 17752, 1, 2024/11/18, 13:02:38.716, 3581969073980, vstest.console.dll, TestPluginCache.GetExtensionPaths: Added unfilterableExtensionPaths: 
TpTrace Verbose: 0 : 17752, 1, 2024/11/18, 13:02:38.716, 3581969074400, vstest.console.dll, TestPluginCache.DiscoverTestExtensions: Discovering the extensions using allExtensionPaths: C:\Program Files\dotnet\sdk\8.0.403\Extensions\Microsoft.Diagnostics.NETCore.Client.dll
C:\Program Files\dotnet\sdk\8.0.403\Extensions\Microsoft.TestPlatform.Extensions.BlameDataCollector.dll
C:\Program Files\dotnet\sdk\8.0.403\Extensions\Microsoft.TestPlatform.Extensions.EventLogCollector.dll
C:\Program Files\dotnet\sdk\8.0.403\Extensions\Microsoft.TestPlatform.TestHostRuntimeProvider.dll
C:\Program Files\dotnet\sdk\8.0.403\Extensions\Microsoft.VisualStudio.TestPlatform.Extensions.Html.TestLogger.dll
C:\Program Files\dotnet\sdk\8.0.403\Extensions\Microsoft.VisualStudio.TestPlatform.Extensions.Trx.TestLogger.dll
TpTrace Information: 0 : 17752, 1, 2024/11/18, 13:02:38.716, 3581969075534, vstest.console.dll, AssemblyResolver.AddSearchDirectories: Adding more searchDirectories C:\Program Files\dotnet\sdk\8.0.403\Extensions,C:\Program Files\dotnet\sdk\8.0.403
TpTrace Information: 0 : 17752, 1, 2024/11/18, 13:02:38.716, 3581969076019, vstest.console.dll, AssemblyResolver.AddSearchDirectories: Adding more searchDirectories C:\Program Files\dotnet\sdk\8.0.403\Extensions,C:\Program Files\dotnet\sdk\8.0.403
TpTrace Information: 0 : 17752, 1, 2024/11/18, 13:02:38.716, 3581969076369, vstest.console.dll, AssemblyResolver.AddSearchDirectories: Adding more searchDirectories C:\Program Files\dotnet\sdk\8.0.403\Extensions,C:\Program Files\dotnet\sdk\8.0.403
TpTrace Information: 0 : 17752, 1, 2024/11/18, 13:02:38.716, 3581969076717, vstest.console.dll, AssemblyResolver.AddSearchDirectories: Adding more searchDirectories C:\Program Files\dotnet\sdk\8.0.403\Extensions,C:\Program Files\dotnet\sdk\8.0.403
TpTrace Information: 0 : 17752, 1, 2024/11/18, 13:02:38.716, 3581969077124, vstest.console.dll, AssemblyResolver.AddSearchDirectories: Adding more searchDirectories C:\Program Files\dotnet\sdk\8.0.403\Extensions,C:\Program Files\dotnet\sdk\8.0.403
TpTrace Information: 0 : 17752, 1, 2024/11/18, 13:02:38.716, 3581969077526, vstest.console.dll, AssemblyResolver.AddSearchDirectories: Adding more searchDirectories C:\Program Files\dotnet\sdk\8.0.403\Extensions,C:\Program Files\dotnet\sdk\8.0.403
TpTrace Verbose: 0 : 17752, 1, 2024/11/18, 13:02:38.716, 3581969078794, vstest.console.dll, MetadataReaderExtensionsHelper: Discovering extensions inside assembly 'Microsoft.Diagnostics.NETCore.Client, Version=0.2.10.30701, Culture=neutral, PublicKeyToken=31bf3856ad364e35' file path 'C:\Program Files\dotnet\sdk\8.0.403\Extensions\Microsoft.Diagnostics.NETCore.Client.dll'
TpTrace Information: 0 : 17752, 1, 2024/11/18, 13:02:38.718, 3581969094715, vstest.console.dll, AssemblyResolver.OnResolve: Microsoft.Bcl.AsyncInterfaces: Resolving assembly.
TpTrace Information: 0 : 17752, 1, 2024/11/18, 13:02:38.718, 3581969095835, vstest.console.dll, AssemblyResolver.OnResolve: Microsoft.Bcl.AsyncInterfaces: Resolved from cache.
TpTrace Verbose: 0 : 17752, 1, 2024/11/18, 13:02:38.718, 3581969096371, vstest.console.dll, CurrentDomainAssemblyResolve: Resolving assembly 'Microsoft.Bcl.AsyncInterfaces'.
TpTrace Information: 0 : 17752, 1, 2024/11/18, 13:02:38.718, 3581969096991, vstest.console.dll, AssemblyResolver.OnResolve: Microsoft.Bcl.AsyncInterfaces: Resolving assembly.
TpTrace Information: 0 : 17752, 1, 2024/11/18, 13:02:38.718, 3581969097341, vstest.console.dll, AssemblyResolver.OnResolve: Microsoft.Bcl.AsyncInterfaces: Resolved from cache.
TpTrace Verbose: 0 : 17752, 1, 2024/11/18, 13:02:38.718, 3581969097665, vstest.console.dll, CurrentDomainAssemblyResolve: Resolving assembly 'Microsoft.Bcl.AsyncInterfaces'.
TpTrace Verbose: 0 : 17752, 1, 2024/11/18, 13:02:38.718, 3581969097989, vstest.console.dll, CurrentDomainAssemblyResolve: Failed to resolve assembly 'Microsoft.Bcl.AsyncInterfaces'.
TpTrace Verbose: 0 : 17752, 1, 2024/11/18, 13:02:38.719, 3581969099759, vstest.console.dll, CurrentDomainAssemblyResolve: Failed to resolve assembly 'Microsoft.Bcl.AsyncInterfaces'.
TpTrace Warning: 0 : 17752, 1, 2024/11/18, 13:02:38.719, 3581969103220, vstest.console.dll, TestPluginDiscoverer: Failed to get types from assembly 'Microsoft.Diagnostics.NETCore.Client, Version=0.2.10.30701, Culture=neutral, PublicKeyToken=31bf3856ad364e35'. Error: System.Reflection.ReflectionTypeLoadException: Unable to load one or more of the requested types.
Could not load file or assembly 'Microsoft.Bcl.AsyncInterfaces, Version=6.0.0.0, Culture=neutral, PublicKeyToken=cc7b13ffcd2ddd51'. The system cannot find the file specified.
   at System.Reflection.RuntimeModule.GetTypes(RuntimeModule module)
   at System.Reflection.RuntimeModule.GetTypes()
   at Microsoft.VisualStudio.TestPlatform.Common.ExtensionFramework.TestPluginDiscoverer.GetTestExtensionsFromAssembly[TPluginInfo,TExtension](Assembly assembly, Dictionary`2 pluginInfos, String filePath) in /_/src/Microsoft.TestPlatform.Common/ExtensionFramework/TestPluginDiscoverer.cs:line 158
System.IO.FileNotFoundException: Could not load file or assembly 'Microsoft.Bcl.AsyncInterfaces, Version=6.0.0.0, Culture=neutral, PublicKeyToken=cc7b13ffcd2ddd51'. The system cannot find the file specified.
File name: 'Microsoft.Bcl.AsyncInterfaces, Version=6.0.0.0, Culture=neutral, PublicKeyToken=cc7b13ffcd2ddd51'
 ---> System.IO.FileNotFoundException: Could not load file or assembly 'Microsoft.Bcl.AsyncInterfaces, Culture=neutral, PublicKeyToken=null'. The system cannot find the file specified.
File name: 'Microsoft.Bcl.AsyncInterfaces, Culture=neutral, PublicKeyToken=null'
   at System.Reflection.RuntimeAssembly.InternalLoad(AssemblyName assemblyName, StackCrawlMark& stackMark, AssemblyLoadContext assemblyLoadContext, RuntimeAssembly requestingAssembly, Boolean throwOnFileNotFound)
   at System.Reflection.Assembly.Load(AssemblyName assemblyRef)
   at Microsoft.VisualStudio.TestPlatform.Common.ExtensionFramework.TestPluginCache.CurrentDomainAssemblyResolve(Object sender, AssemblyResolveEventArgs args) in /_/src/Microsoft.TestPlatform.Common/ExtensionFramework/TestPluginCache.cs:line 513
   at System.Runtime.Loader.AssemblyLoadContext.GetFirstResolvedAssemblyFromResolvingEvent(AssemblyName assemblyName)
   at System.Runtime.Loader.AssemblyLoadContext.ResolveUsingEvent(AssemblyName assemblyName)
   at System.Runtime.Loader.AssemblyLoadContext.ResolveUsingResolvingEvent(IntPtr gchManagedAssemblyLoadContext, AssemblyName assemblyName)
TpTrace Warning: 0 : 17752, 1, 2024/11/18, 13:02:38.719, 3581969105143, vstest.console.dll, LoaderExceptions: System.IO.FileNotFoundException: Could not load file or assembly 'Microsoft.Bcl.AsyncInterfaces, Version=6.0.0.0, Culture=neutral, PublicKeyToken=cc7b13ffcd2ddd51'. The system cannot find the file specified.
File name: 'Microsoft.Bcl.AsyncInterfaces, Version=6.0.0.0, Culture=neutral, PublicKeyToken=cc7b13ffcd2ddd51'
 ---> System.IO.FileNotFoundException: Could not load file or assembly 'Microsoft.Bcl.AsyncInterfaces, Culture=neutral, PublicKeyToken=null'. The system cannot find the file specified.
File name: 'Microsoft.Bcl.AsyncInterfaces, Culture=neutral, PublicKeyToken=null'
   at System.Reflection.RuntimeAssembly.InternalLoad(AssemblyName assemblyName, StackCrawlMark& stackMark, AssemblyLoadContext assemblyLoadContext, RuntimeAssembly requestingAssembly, Boolean throwOnFileNotFound)
   at System.Reflection.Assembly.Load(AssemblyName assemblyRef)
   at Microsoft.VisualStudio.TestPlatform.Common.ExtensionFramework.TestPluginCache.CurrentDomainAssemblyResolve(Object sender, AssemblyResolveEventArgs args) in /_/src/Microsoft.TestPlatform.Common/ExtensionFramework/TestPluginCache.cs:line 513
   at System.Runtime.Loader.AssemblyLoadContext.GetFirstResolvedAssemblyFromResolvingEvent(AssemblyName assemblyName)
   at System.Runtime.Loader.AssemblyLoadContext.ResolveUsingEvent(AssemblyName assemblyName)
   at System.Runtime.Loader.AssemblyLoadContext.ResolveUsingResolvingEvent(IntPtr gchManagedAssemblyLoadContext, AssemblyName assemblyName)
TpTrace Verbose: 0 : 17752, 1, 2024/11/18, 13:02:38.719, 3581969106003, vstest.console.dll, MetadataReaderExtensionsHelper: Discovering extensions inside assembly 'Microsoft.TestPlatform.Extensions.BlameDataCollector, Version=15.0.0.0, Culture=neutral, PublicKeyToken=b03f5f7f11d50a3a' file path 'C:\Program Files\dotnet\sdk\8.0.403\Extensions\Microsoft.TestPlatform.Extensions.BlameDataCollector.dll'
TpTrace Information: 0 : 17752, 1, 2024/11/18, 13:02:38.720, 3581969117565, vstest.console.dll, GetTestExtensionFromType: Register extension with identifier data 'logger://Microsoft/TestPlatform/Extensions/Blame/v1' and type 'Microsoft.TestPlatform.Extensions.BlameDataCollector.BlameLogger, Microsoft.TestPlatform.Extensions.BlameDataCollector, Version=15.0.0.0, Culture=neutral, PublicKeyToken=b03f5f7f11d50a3a' inside file 'C:\Program Files\dotnet\sdk\8.0.403\Extensions\Microsoft.TestPlatform.Extensions.BlameDataCollector.dll'
TpTrace Verbose: 0 : 17752, 1, 2024/11/18, 13:02:38.720, 3581969118715, vstest.console.dll, MetadataReaderExtensionsHelper: Discovering extensions inside assembly 'Microsoft.TestPlatform.Extensions.EventLogCollector, Version=15.0.0.0, Culture=neutral, PublicKeyToken=b03f5f7f11d50a3a' file path 'C:\Program Files\dotnet\sdk\8.0.403\Extensions\Microsoft.TestPlatform.Extensions.EventLogCollector.dll'
TpTrace Verbose: 0 : 17752, 1, 2024/11/18, 13:02:38.721, 3581969126421, vstest.console.dll, MetadataReaderExtensionsHelper: Discovering extensions inside assembly 'Microsoft.TestPlatform.TestHostRuntimeProvider, Version=15.0.0.0, Culture=neutral, PublicKeyToken=b03f5f7f11d50a3a' file path 'C:\Program Files\dotnet\sdk\8.0.403\Extensions\Microsoft.TestPlatform.TestHostRuntimeProvider.dll'
TpTrace Verbose: 0 : 17752, 1, 2024/11/18, 13:02:38.722, 3581969133969, vstest.console.dll, MetadataReaderExtensionsHelper: Discovering extensions inside assembly 'Microsoft.VisualStudio.TestPlatform.Extensions.Html.TestLogger, Version=15.0.0.0, Culture=neutral, PublicKeyToken=b03f5f7f11d50a3a' file path 'C:\Program Files\dotnet\sdk\8.0.403\Extensions\Microsoft.VisualStudio.TestPlatform.Extensions.Html.TestLogger.dll'
TpTrace Information: 0 : 17752, 1, 2024/11/18, 13:02:38.723, 3581969146877, vstest.console.dll, GetTestExtensionFromType: Register extension with identifier data 'logger://Microsoft/TestPlatform/HtmlLogger/v1' and type 'Microsoft.VisualStudio.TestPlatform.Extensions.HtmlLogger.HtmlLogger, Microsoft.VisualStudio.TestPlatform.Extensions.Html.TestLogger, Version=15.0.0.0, Culture=neutral, PublicKeyToken=b03f5f7f11d50a3a' inside file 'C:\Program Files\dotnet\sdk\8.0.403\Extensions\Microsoft.VisualStudio.TestPlatform.Extensions.Html.TestLogger.dll'
TpTrace Verbose: 0 : 17752, 1, 2024/11/18, 13:02:38.723, 3581969148100, vstest.console.dll, MetadataReaderExtensionsHelper: Discovering extensions inside assembly 'Microsoft.VisualStudio.TestPlatform.Extensions.Trx.TestLogger, Version=15.0.0.0, Culture=neutral, PublicKeyToken=b03f5f7f11d50a3a' file path 'C:\Program Files\dotnet\sdk\8.0.403\Extensions\Microsoft.VisualStudio.TestPlatform.Extensions.Trx.TestLogger.dll'
TpTrace Information: 0 : 17752, 1, 2024/11/18, 13:02:38.725, 3581969163562, vstest.console.dll, GetTestExtensionFromType: Register extension with identifier data 'logger://Microsoft/TestPlatform/TrxLogger/v1' and type 'Microsoft.VisualStudio.TestPlatform.Extensions.TrxLogger.TrxLogger, Microsoft.VisualStudio.TestPlatform.Extensions.Trx.TestLogger, Version=15.0.0.0, Culture=neutral, PublicKeyToken=b03f5f7f11d50a3a' inside file 'C:\Program Files\dotnet\sdk\8.0.403\Extensions\Microsoft.VisualStudio.TestPlatform.Extensions.Trx.TestLogger.dll'
TpTrace Verbose: 0 : 17752, 1, 2024/11/18, 13:02:38.725, 3581969164495, vstest.console.dll, TestPluginCache: Discovered the extensions using extension path ''.
TpTrace Verbose: 0 : 17752, 1, 2024/11/18, 13:02:38.725, 3581969164836, vstest.console.dll, TestPluginCache: Discoverers are ''.
TpTrace Verbose: 0 : 17752, 1, 2024/11/18, 13:02:38.725, 3581969165114, vstest.console.dll, TestPluginCache: Executors are ''.
TpTrace Verbose: 0 : 17752, 1, 2024/11/18, 13:02:38.725, 3581969165382, vstest.console.dll, TestPluginCache: Executors2 are ''.
TpTrace Verbose: 0 : 17752, 1, 2024/11/18, 13:02:38.725, 3581969165669, vstest.console.dll, TestPluginCache: Setting providers are ''.
TpTrace Verbose: 0 : 17752, 1, 2024/11/18, 13:02:38.725, 3581969166512, vstest.console.dll, TestPluginCache: Loggers are 'logger://Microsoft/TestPlatform/Extensions/Blame/v1,logger://Microsoft/TestPlatform/HtmlLogger/v1,logger://Microsoft/TestPlatform/TrxLogger/v1'.
TpTrace Verbose: 0 : 17752, 1, 2024/11/18, 13:02:38.725, 3581969166962, vstest.console.dll, TestPluginCache: TestHosts are 'HostProvider://DefaultTestHost,HostProvider://DotnetTestHost'.
TpTrace Verbose: 0 : 17752, 1, 2024/11/18, 13:02:38.725, 3581969167259, vstest.console.dll, TestPluginCache: DataCollectors are ''.
TpTrace Information: 0 : 17752, 1, 2024/11/18, 13:02:38.726, 3581969175485, vstest.console.dll, TestPluginManager.CreateTestExtension: Attempting to load test extension: Microsoft.TestPlatform.Extensions.BlameDataCollector.BlameLogger
TpTrace Verbose: 0 : 17752, 1, 2024/11/18, 13:02:38.740, 3581969312999, vstest.console.dll, TestEngine: Initializing Parallel Execution as MaxCpuCount is set to: 1
TpTrace Information: 0 : 17752, 1, 2024/11/18, 13:02:38.741, 3581969328078, vstest.console.dll, TestPluginManager.CreateTestExtension: Attempting to load test extension: Microsoft.VisualStudio.TestPlatform.CrossPlatEngine.Hosting.DefaultTestHostManager
TpTrace Information: 0 : 17752, 1, 2024/11/18, 13:02:38.744, 3581969354198, vstest.console.dll, TestPluginManager.CreateTestExtension: Attempting to load test extension: Microsoft.VisualStudio.TestPlatform.CrossPlatEngine.Hosting.DotnetTestHostManager
TpTrace Verbose: 0 : 17752, 1, 2024/11/18, 13:02:38.744, 3581969356968, vstest.console.dll, TestHostManagerCallbacks.ctor: Forwarding output is enabled.
TpTrace Information: 0 : 17752, 1, 2024/11/18, 13:02:38.745, 3581969360460, vstest.console.dll, InferRunSettingsHelper.IsTestSettingsEnabled: Unable to navigate to RunSettings/MSTest. Current node: RunSettings
TpTrace Verbose: 0 : 17752, 1, 2024/11/18, 13:02:38.747, 3581969383052, vstest.console.dll, ParallelOperationManager.ClearSlots: Clearing all slots. Slots should accept more work: True
TpTrace Verbose: 0 : 17752, 1, 2024/11/18, 13:02:38.748, 3581969389912, vstest.console.dll, ParallelOperationManager.SetOccupiedSlotCount: Setting slot counts AvailableSlotCount = 1, OccupiedSlotCount = 0.
TpTrace Verbose: 0 : 17752, 1, 2024/11/18, 13:02:38.748, 3581969392869, vstest.console.dll, Occupied slots:

TpTrace Verbose: 0 : 17752, 1, 2024/11/18, 13:02:38.751, 3581969424489, vstest.console.dll, TestEngine.GetExecutionManager: Chosen execution manager 'Microsoft.VisualStudio.TestPlatform.CrossPlatEngine.Client.Parallel.ParallelProxyExecutionManager, Microsoft.TestPlatform.CrossPlatEngine, Version=15.0.0.0, Culture=neutral, PublicKeyToken=b03f5f7f11d50a3a' ParallelLevel '1'.
TpTrace Verbose: 0 : 17752, 1, 2024/11/18, 13:02:38.751, 3581969426664, vstest.console.dll, TestPlatform.GetSkipDefaultAdapters: Not skipping default adapters SkipDefaultAdapters was false.
TpTrace Verbose: 0 : 17752, 1, 2024/11/18, 13:02:38.751, 3581969427760, vstest.console.dll, TestRunRequest.ExecuteAsync: Creating test run request.
TpTrace Verbose: 0 : 17752, 1, 2024/11/18, 13:02:38.752, 3581969430213, vstest.console.dll, TestRunRequest.ExecuteAsync: Starting.
TpTrace Information: 0 : 17752, 1, 2024/11/18, 13:02:38.753, 3581969445941, vstest.console.dll, TestRunRequest.ExecuteAsync: Starting run with settings:TestRunCriteria:
   KeepAlive=False,FrequencyOfRunStatsChangeEvent=10,RunStatsChangeEventTimeout=00:00:01.5000000,TestCaseFilter=,TestExecutorLauncher=
   Settingsxml=<RunSettings>
  <RunConfiguration>
    <ResultsDirectory>C:\Users\sandeep.kumar\source\repos\EShoppingApp\EShoppingTest\bin\Debug\net8.0\fine-code-coverage\coverage-tool-output</ResultsDirectory>
    <TargetPlatform>X64</TargetPlatform>
    <TargetFrameworkVersion>.NETCoreApp,Version=v8.0</TargetFrameworkVersion>
    <DesignMode>False</DesignMode>
    <CollectSourceInformation>False</CollectSourceInformation>
  </RunConfiguration>
  <LoggerRunSettings>
    <Loggers>
      <Logger friendlyName="blame" enabled="True" />
      <Logger friendlyName="Console" uri="logger://microsoft/TestPlatform/ConsoleLogger/v1" assemblyQualifiedName="Microsoft.VisualStudio.TestPlatform.CommandLine.Internal.ConsoleLogger, vstest.console, Version=15.0.0.0, Culture=neutral, PublicKeyToken=b03f5f7f11d50a3a" codeBase="C:\Program Files\dotnet\sdk\8.0.403\vstest.console.dll" enabled="True" />
    </Loggers>
  </LoggerRunSettings>
  <DataCollectionRunSettings>
    <DataCollectors>
      <DataCollector friendlyName="blame" enabled="True">
        <Configuration>
          <ResultsDirectory>C:\Users\sandeep.kumar\source\repos\EShoppingApp\EShoppingTest\bin\Debug\net8.0\fine-code-coverage\coverage-tool-output</ResultsDirectory>
        </Configuration>
      </DataCollector>
    </DataCollectors>
  </DataCollectionRunSettings>
</RunSettings>

TpTrace Verbose: 0 : 17752, 1, 2024/11/18, 13:02:38.753, 3581969446940, vstest.console.dll, TestRunRequest.ExecuteAsync: Wait for the first run request is over.
TpTrace Verbose: 0 : 17752, 1, 2024/11/18, 13:02:38.754, 3581969449922, vstest.console.dll, MulticastDelegateUtilities.SafeInvoke: TestRun.TestRunStart: Invoking callbacks was skipped because there are no subscribers.
TpTrace Verbose: 0 : 17752, 4, 2024/11/18, 13:02:38.754, 3581969453017, vstest.console.dll, MulticastDelegateUtilities.SafeInvoke: InternalTestLoggerEvents.SendTestRunStart: Invoking callback 1/1 for Microsoft.VisualStudio.TestPlatform.CommandLine.Internal.ConsoleLogger., took 0 ms.
TpTrace Verbose: 0 : 17752, 1, 2024/11/18, 13:02:38.755, 3581969460198, vstest.console.dll, ParallelProxyExecutionManager: Start execution. Total sources: 1
TpTrace Verbose: 0 : 17752, 1, 2024/11/18, 13:02:38.755, 3581969463667, vstest.console.dll, ParallelOperationManager.StartWork: Starting adding 1 workloads.
TpTrace Verbose: 0 : 17752, 1, 2024/11/18, 13:02:38.755, 3581969464370, vstest.console.dll, ParallelOperationManager.ClearSlots: Clearing all slots. Slots should accept more work: True
TpTrace Verbose: 0 : 17752, 1, 2024/11/18, 13:02:38.755, 3581969465084, vstest.console.dll, ParallelOperationManager.SetOccupiedSlotCount: Setting slot counts AvailableSlotCount = 1, OccupiedSlotCount = 0.
TpTrace Verbose: 0 : 17752, 1, 2024/11/18, 13:02:38.755, 3581969465635, vstest.console.dll, Occupied slots:

TpTrace Verbose: 0 : 17752, 1, 2024/11/18, 13:02:38.756, 3581969478125, vstest.console.dll, TestHostManagerCallbacks.ctor: Forwarding output is enabled.
TpTrace Verbose: 0 : 17752, 1, 2024/11/18, 13:02:38.757, 3581969480476, vstest.console.dll, TestRequestSender is acting as server.
TpTrace Verbose: 0 : 17752, 1, 2024/11/18, 13:02:38.759, 3581969505032, vstest.console.dll, ParallelOperationManager.RunWorkInParallel: Adding 1 workload to slot, remaining workloads 0.
TpTrace Verbose: 0 : 17752, 1, 2024/11/18, 13:02:38.759, 3581969506124, vstest.console.dll, ParallelOperationManager.SetOccupiedSlotCount: Setting slot counts AvailableSlotCount = 0, OccupiedSlotCount = 1.
TpTrace Verbose: 0 : 17752, 1, 2024/11/18, 13:02:38.759, 3581969507550, vstest.console.dll, Occupied slots:
0: C:\Users\sandeep.kumar\source\repos\EShoppingApp\EShoppingTest\bin\Debug\net8.0\fine-code-coverage\build-output\EShoppingTest.dll
TpTrace Verbose: 0 : 17752, 1, 2024/11/18, 13:02:38.760, 3581969519182, vstest.console.dll, ParallelOperationManager.RunWorkInParallel: Started host in slot number 0 for work (source): C:\Users\sandeep.kumar\source\repos\EShoppingApp\EShoppingTest\bin\Debug\net8.0\fine-code-coverage\build-output\EShoppingTest.dll.
TpTrace Verbose: 0 : 17752, 1, 2024/11/18, 13:02:38.762, 3581969529844, vstest.console.dll, ParallelOperationManager.RunWorkInParallel: We started 1 work items, which is the max parallel level. Won't start more work.
TpTrace Verbose: 0 : 17752, 1, 2024/11/18, 13:02:38.762, 3581969530669, vstest.console.dll, ParallelOperationManager.RunWorkInParallel: We started 1 work items in here, returning True.
TpTrace Information: 0 : 17752, 1, 2024/11/18, 13:02:38.762, 3581969531146, vstest.console.dll, TestRunRequest.ExecuteAsync: Started.
TpTrace Verbose: 0 : 17752, 5, 2024/11/18, 13:02:38.762, 3581969531237, vstest.console.dll, ParallelProxyExecutionManager.StartTestRunOnConcurrentManager: Initializing uninitialized client. Started clients: 0
TpTrace Verbose: 0 : 17752, 5, 2024/11/18, 13:02:38.762, 3581969532956, vstest.console.dll, DataCollectionRequestSender.InitializeCommunication : Initialize communication. 
TpTrace Verbose: 0 : 17752, 1, 2024/11/18, 13:02:38.762, 3581969537866, vstest.console.dll, TestRunRequest.WaitForCompletion: Waiting with timeout -1.
TpTrace Information: 0 : 17752, 5, 2024/11/18, 13:02:38.774, 3581969653231, vstest.console.dll, Listening on Endpoint : 127.0.0.1:63620
TpTrace Verbose: 0 : 17752, 5, 2024/11/18, 13:02:38.781, 3581969725377, vstest.console.dll, DotnetDataCollectionLauncher: Adding  --runtimeconfig "C:\Program Files\dotnet\sdk\8.0.403\datacollector.runtimeconfig.json" in args
TpTrace Verbose: 0 : 17752, 5, 2024/11/18, 13:02:38.781, 3581969727998, vstest.console.dll, DotnetDataCollectionLauncher: Adding  --depsfile "C:\Program Files\dotnet\sdk\8.0.403\datacollector.deps.json" in args
TpTrace Verbose: 0 : 17752, 5, 2024/11/18, 13:02:38.783, 3581969741263, vstest.console.dll, DotnetDataCollectionLauncher: Full path of dotnet.exe is C:\Program Files\dotnet\dotnet.exe
TpTrace Information: 0 : 17752, 5, 2024/11/18, 13:02:38.795, 3581969862689, vstest.console.dll, ProxyDataCollectionManager.Initialize: Launched datacollector processId: 17680 port: 63620
TpTrace Information: 0 : 17752, 5, 2024/11/18, 13:02:38.795, 3581969864835, vstest.console.dll, ProxyDataCollectionManager.Initialize: waiting for connection with timeout: 90 seconds
TpTrace Verbose: 0 : 17752, 5, 2024/11/18, 13:02:38.795, 3581969865612, vstest.console.dll, DataCollectionRequestSender.WaitForRequestHandlerConnection : Waiting for connection with timeout: 90000
TpTrace Information: 0 : 17752, 7, 2024/11/18, 13:02:39.041, 3581972320892, vstest.console.dll, Using the buffer size of 16384 bytes
TpTrace Verbose: 0 : 17752, 5, 2024/11/18, 13:02:39.041, 3581972321140, vstest.console.dll, SocketCommunicationManager.WaitForClientConnection took: 245 ms, with 90000 ms timeout, and finished with True.
TpTrace Information: 0 : 17752, 7, 2024/11/18, 13:02:39.041, 3581972322589, vstest.console.dll, Accepted Client request and set the flag
TpTrace Verbose: 0 : 17752, 5, 2024/11/18, 13:02:39.041, 3581972324225, vstest.console.dll, ProxyDataCollectionManager.InvokeDataCollectionServiceAction: Starting.
TpTrace Information: 0 : 17752, 5, 2024/11/18, 13:02:39.041, 3581972325386, vstest.console.dll, ProxyDataCollectionManager.BeforeTestRunStart: Get environment variable and port for datacollector processId: 17680 port: 63620
TpTrace Verbose: 0 : 17752, 5, 2024/11/18, 13:02:39.041, 3581972327054, vstest.console.dll, DataCollectionRequestSender.SendBeforeTestRunStartAndGetResult: Send BeforeTestRunStart message with settingsXml <RunSettings><RunConfiguration><ResultsDirectory>C:\Users\sandeep.kumar\source\repos\EShoppingApp\EShoppingTest\bin\Debug\net8.0\fine-code-coverage\coverage-tool-output</ResultsDirectory><TargetPlatform>X64</TargetPlatform><TargetFrameworkVersion>.NETCoreApp,Version=v8.0</TargetFrameworkVersion><DesignMode>False</DesignMode><CollectSourceInformation>False</CollectSourceInformation><TestAdaptersPaths>C:\Program Files\dotnet\sdk\8.0.403\Extensions</TestAdaptersPaths></RunConfiguration><LoggerRunSettings><Loggers><Logger friendlyName="blame" enabled="True" /><Logger friendlyName="Console" uri="logger://microsoft/TestPlatform/ConsoleLogger/v1" assemblyQualifiedName="Microsoft.VisualStudio.TestPlatform.CommandLine.Internal.ConsoleLogger, vstest.console, Version=15.0.0.0, Culture=neutral, PublicKeyToken=b03f5f7f11d50a3a" codeBase="C:\Program Files\dotnet\sdk\8.0.403\vstest.console.dll" enabled="True" /></Loggers></LoggerRunSettings><DataCollectionRunSettings><DataCollectors><DataCollector friendlyName="blame" enabled="True"><Configuration><ResultsDirectory>C:\Users\sandeep.kumar\source\repos\EShoppingApp\EShoppingTest\bin\Debug\net8.0\fine-code-coverage\coverage-tool-output</ResultsDirectory></Configuration></DataCollector></DataCollectors></DataCollectionRunSettings></RunSettings> and sources System.Collections.Generic.List`1[System.String]: 
TpTrace Verbose: 0 : 17752, 5, 2024/11/18, 13:02:39.117, 3581973087050, vstest.console.dll, DataCollectionRequestSender.SendBeforeTestRunStartAndGetResult: Received message: (DataCollection.SendMessage) -> {"MessageType":"DataCollection.SendMessage","Payload":{"FriendlyName":null,"Uri":null,"TestCaseId":"00000000-0000-0000-0000-000000000000","Message":"Logging DataCollector Diagnostics in file: C:\\Users\\sandeep.kumar\\source\\repos\\EShoppingApp\\EShoppingTest\\bin\\Debug\\net8.0\\fine-code-coverage\\coverage-tool-output\\diagnostics.datacollector.24-11-18_13-02-38_78108_5.log","Level":0}}
TpTrace Verbose: 0 : 17752, 5, 2024/11/18, 13:02:39.230, 3581974219113, vstest.console.dll, DataCollectionRequestSender.SendBeforeTestRunStartAndGetResult: Received message: (DataCollection.BeforeTestRunStartResult) -> {"MessageType":"DataCollection.BeforeTestRunStartResult","Payload":{"EnvironmentVariables":{},"DataCollectionEventsPort":63622}}
TpTrace Information: 0 : 17752, 5, 2024/11/18, 13:02:39.235, 3581974265427, vstest.console.dll, ProxyDataCollectionManager.BeforeTestRunStart: SendBeforeTestRunStartAndGetResult successful, env variable from datacollector:   and testhost port: 63622
TpTrace Information: 0 : 17752, 5, 2024/11/18, 13:02:39.235, 3581974266776, vstest.console.dll, ProxyDataCollectionManager.InvokeDataCollectionServiceAction: Completed.
TpTrace Verbose: 0 : 17752, 5, 2024/11/18, 13:02:39.235, 3581974267289, vstest.console.dll, ParallelProxyExecutionManager.StartTestRunOnConcurrentManager: Initializing test run. Started clients: 0
TpTrace Verbose: 0 : 17752, 5, 2024/11/18, 13:02:39.235, 3581974268226, vstest.console.dll, ProxyExecutionManager: Test host is always Lazy initialize.
TpTrace Verbose: 0 : 17752, 5, 2024/11/18, 13:02:39.236, 3581974270473, vstest.console.dll, TestRequestSender.InitializeCommunication: initialize communication. 
TpTrace Information: 0 : 17752, 5, 2024/11/18, 13:02:39.236, 3581974275124, vstest.console.dll, SocketServer.Start: Listening on endpoint : 127.0.0.1:63623
TpTrace Verbose: 0 : 17752, 5, 2024/11/18, 13:02:39.237, 3581974282369, vstest.console.dll, DotnetTestHostmanager.GetTestHostProcessStartInfo: Platform environment 'X64' target architecture 'X64' framework '.NETCoreApp,Version=v8.0' OS 'Windows'
TpTrace Verbose: 0 : 17752, 5, 2024/11/18, 13:02:39.237, 3581974285192, vstest.console.dll, DotnetTestHostmanager: Adding  --runtimeconfig "C:\Users\sandeep.kumar\source\repos\EShoppingApp\EShoppingTest\bin\Debug\net8.0\fine-code-coverage\build-output\EShoppingTest.runtimeconfig.json" in args
TpTrace Verbose: 0 : 17752, 5, 2024/11/18, 13:02:39.238, 3581974290077, vstest.console.dll, DotnetTestHostmanager: Adding  --depsfile "C:\Users\sandeep.kumar\source\repos\EShoppingApp\EShoppingTest\bin\Debug\net8.0\fine-code-coverage\build-output\EShoppingTest.deps.json" in args
TpTrace Verbose: 0 : 17752, 5, 2024/11/18, 13:02:39.238, 3581974293096, vstest.console.dll, DotnetTestHostmanager.IsWinOnArm: Current PROCESSOR_ARCHITECTURE from environment variable 'AMD64'
TpTrace Verbose: 0 : 17752, 5, 2024/11/18, 13:02:39.238, 3581974296531, vstest.console.dll, DotnetTestHostmanager.IsWinOnArm: Is Windows on ARM 'False'
TpTrace Verbose: 0 : 17752, 5, 2024/11/18, 13:02:39.238, 3581974297558, vstest.console.dll, DotnetTestHostManager: testhost.exe found at path: C:\Users\sandeep.kumar\source\repos\EShoppingApp\EShoppingTest\bin\Debug\net8.0\fine-code-coverage\build-output\testhost.exe
TpTrace Verbose: 0 : 17752, 5, 2024/11/18, 13:02:39.238, 3581974298124, vstest.console.dll, DotnetTestHostmanager: Full path of host exe is C:\Users\sandeep.kumar\source\repos\EShoppingApp\EShoppingTest\bin\Debug\net8.0\fine-code-coverage\build-output\testhost.exe
TpTrace Verbose: 0 : 17752, 5, 2024/11/18, 13:02:39.238, 3581974299278, vstest.console.dll, DotnetTestHostmanager.LaunchTestHostAsync: Found 'VSTEST_WINAPPHOST_DOTNET_ROOT' in env variables, value 'C:\Program Files\dotnet', forwarding to 'DOTNET_ROOT'
TpTrace Verbose: 0 : 17752, 5, 2024/11/18, 13:02:39.239, 3581974301350, vstest.console.dll, DotnetTestHostManager: Starting process 'C:\Users\sandeep.kumar\source\repos\EShoppingApp\EShoppingTest\bin\Debug\net8.0\fine-code-coverage\build-output\testhost.exe' with command line ' --runtimeconfig "C:\Users\sandeep.kumar\source\repos\EShoppingApp\EShoppingTest\bin\Debug\net8.0\fine-code-coverage\build-output\EShoppingTest.runtimeconfig.json" --depsfile "C:\Users\sandeep.kumar\source\repos\EShoppingApp\EShoppingTest\bin\Debug\net8.0\fine-code-coverage\build-output\EShoppingTest.deps.json" --port 63623 --endpoint 127.0.0.1:063623 --role client --parentprocessid 17752 --diag "C:\Users\sandeep.kumar\source\repos\EShoppingApp\EShoppingTest\bin\Debug\net8.0\fine-code-coverage\coverage-tool-output\diagnostics.host.24-11-18_13-02-39_23692_5.log" --tracelevel 4 --datacollectionport 63622 --telemetryoptedin false'
TpTrace Verbose: 0 : 17752, 5, 2024/11/18, 13:02:39.258, 3581974494403, vstest.console.dll, MulticastDelegateUtilities.SafeInvoke: HostProviderEvents.OnHostLaunched: Invoking callback 1/2 for Microsoft.VisualStudio.TestPlatform.CrossPlatEngine.Client.ProxyExecutionManagerWithDataCollection., took 1 ms.
TpTrace Verbose: 0 : 17752, 5, 2024/11/18, 13:02:39.258, 3581974497711, vstest.console.dll, Test Runtime launched
TpTrace Verbose: 0 : 17752, 5, 2024/11/18, 13:02:39.258, 3581974498550, vstest.console.dll, MulticastDelegateUtilities.SafeInvoke: HostProviderEvents.OnHostLaunched: Invoking callback 2/2 for Microsoft.VisualStudio.TestPlatform.CrossPlatEngine.Client.ProxyOperationManager., took 0 ms.
TpTrace Verbose: 0 : 17752, 5, 2024/11/18, 13:02:39.259, 3581974500129, vstest.console.dll, TestRequestSender.WaitForRequestHandlerConnection: waiting for connection with timeout: 90000.
TpTrace Verbose: 0 : 17752, 5, 2024/11/18, 13:02:39.584, 3581977752044, vstest.console.dll, TestRequestSender.WaitForRequestHandlerConnection: waiting took 325 ms, with timeout 90000 ms, and result 0, which is success.
TpTrace Verbose: 0 : 17752, 5, 2024/11/18, 13:02:39.585, 3581977768204, vstest.console.dll, TestRequestSender.CheckVersionWithTestHost: Sending check version message: {"MessageType":"ProtocolVersion","Payload":7}
TpTrace Verbose: 0 : 17752, 13, 2024/11/18, 13:02:39.586, 3581977770171, vstest.console.dll, MulticastDelegateUtilities.SafeInvoke: SocketServer: ClientConnected: Invoking callback 1/1 for Microsoft.VisualStudio.TestPlatform.CommunicationUtilities.TestRequestSender., took 1 ms.
TpTrace Verbose: 0 : 17752, 13, 2024/11/18, 13:02:39.586, 3581977771353, vstest.console.dll, SocketServer.OnClientConnected: Client connected for endPoint: 127.0.0.1:63623, starting MessageLoopAsync:
TpTrace Verbose: 0 : 17752, 13, 2024/11/18, 13:02:39.587, 3581977780729, vstest.console.dll, TcpClientExtensions.MessageLoopAsync: Polling on remoteEndPoint: 127.0.0.1:63624 localEndPoint: 127.0.0.1:63623 after 0 ms
TpTrace Verbose: 0 : 17752, 13, 2024/11/18, 13:02:39.752, 3581979431340, vstest.console.dll, TcpClientExtensions.MessageLoopAsync: NotifyDataAvailable remoteEndPoint: 127.0.0.1:63624 localEndPoint: 127.0.0.1:63623
TpTrace Verbose: 0 : 17752, 13, 2024/11/18, 13:02:39.752, 3581979434226, vstest.console.dll, TestRequestSender.CheckVersionWithTestHost: onMessageReceived received message: (ProtocolVersion) -> {"MessageType":"ProtocolVersion","Payload":7}
TpTrace Verbose: 0 : 17752, 13, 2024/11/18, 13:02:39.753, 3581979444530, vstest.console.dll, MulticastDelegateUtilities.SafeInvoke: LengthPrefixCommunicationChannel: MessageReceived: Invoking callback 1/1 for Microsoft.VisualStudio.TestPlatform.CommunicationUtilities.TestRequestSender+<>c__DisplayClass29_0., took 1 ms.
TpTrace Verbose: 0 : 17752, 5, 2024/11/18, 13:02:39.753, 3581979445981, vstest.console.dll, TestPluginCache.GetExtensionPaths: Filtered extension paths: 
TpTrace Verbose: 0 : 17752, 13, 2024/11/18, 13:02:39.753, 3581979446480, vstest.console.dll, TcpClientExtensions.MessageLoopAsync: Polling on remoteEndPoint: 127.0.0.1:63624 localEndPoint: 127.0.0.1:63623 after 166 ms
TpTrace Verbose: 0 : 17752, 5, 2024/11/18, 13:02:39.753, 3581979447020, vstest.console.dll, TestPluginCache.GetExtensionPaths: Added default extension paths: C:\Program Files\dotnet\sdk\8.0.403\Extensions\Microsoft.Diagnostics.NETCore.Client.dll
C:\Program Files\dotnet\sdk\8.0.403\Extensions\Microsoft.TestPlatform.Extensions.BlameDataCollector.dll
C:\Program Files\dotnet\sdk\8.0.403\Extensions\Microsoft.TestPlatform.Extensions.EventLogCollector.dll
C:\Program Files\dotnet\sdk\8.0.403\Extensions\Microsoft.TestPlatform.TestHostRuntimeProvider.dll
C:\Program Files\dotnet\sdk\8.0.403\Extensions\Microsoft.VisualStudio.TestPlatform.Extensions.Html.TestLogger.dll
C:\Program Files\dotnet\sdk\8.0.403\Extensions\Microsoft.VisualStudio.TestPlatform.Extensions.Trx.TestLogger.dll
TpTrace Verbose: 0 : 17752, 5, 2024/11/18, 13:02:39.753, 3581979448774, vstest.console.dll, TestPluginCache.GetExtensionPaths: Added unfilterableExtensionPaths: 
TpTrace Verbose: 0 : 17752, 5, 2024/11/18, 13:02:39.758, 3581979493454, vstest.console.dll, TestRequestSender.InitializeExecution: Sending initialize execution with message: {"Version":7,"MessageType":"TestExecution.Initialize","Payload":["C:\\Users\\sandeep.kumar\\source\\repos\\EShoppingApp\\EShoppingTest\\bin\\Debug\\net8.0\\fine-code-coverage\\build-output\\NUnit3.TestAdapter.dll"]}
TpTrace Verbose: 0 : 17752, 5, 2024/11/18, 13:02:39.758, 3581979496871, vstest.console.dll, ParallelProxyExecutionManager.StartTestRunOnConcurrentManager: Execution starting. Started clients: 1
TpTrace Verbose: 0 : 17752, 5, 2024/11/18, 13:02:39.759, 3581979501025, vstest.console.dll, TestRunRequest:SendTestRunMessage: Starting.
TpTrace Verbose: 0 : 17752, 13, 2024/11/18, 13:02:39.759, 3581979501840, vstest.console.dll, TcpClientExtensions.MessageLoopAsync: NotifyDataAvailable remoteEndPoint: 127.0.0.1:63624 localEndPoint: 127.0.0.1:63623
TpTrace Verbose: 0 : 17752, 5, 2024/11/18, 13:02:39.759, 3581979503573, vstest.console.dll, MulticastDelegateUtilities.SafeInvoke: TestRun.LogMessages: Invoking callback 1/1 for Microsoft.VisualStudio.TestPlatform.CommandLine.TestRunResultAggregator., took 0 ms.
TpTrace Information: 0 : 17752, 5, 2024/11/18, 13:02:39.759, 3581979504509, vstest.console.dll, TestRunRequest:SendTestRunMessage: Completed.
TpTrace Verbose: 0 : 17752, 4, 2024/11/18, 13:02:39.759, 3581979506120, vstest.console.dll, MulticastDelegateUtilities.SafeInvoke: InternalTestLoggerEvents.SendTestRunMessage: Invoking callback 1/1 for Microsoft.VisualStudio.TestPlatform.CommandLine.Internal.ConsoleLogger., took 0 ms.
TpTrace Warning: 0 : 17752, 5, 2024/11/18, 13:02:39.760, 3581979510592, vstest.console.dll, InferRunSettingsHelper.MakeRunsettingsCompatible: Removing the following settings: TargetPlatform from RunSettings file. To use those settings please move to latest version of Microsoft.NET.Test.Sdk
TpTrace Verbose: 0 : 17752, 13, 2024/11/18, 13:02:39.760, 3581979518928, vstest.console.dll, TestRequestSender.OnExecutionMessageReceived: Received message: {"Version":7,"MessageType":"TestSession.Message","Payload":{"MessageLevel":0,"Message":"Logging TestHost Diagnostics in file: C:\\Users\\sandeep.kumar\\source\\repos\\EShoppingApp\\EShoppingTest\\bin\\Debug\\net8.0\\fine-code-coverage\\coverage-tool-output\\diagnostics.host.24-11-18_13-02-39_23692_5.log"}}
TpTrace Verbose: 0 : 17752, 13, 2024/11/18, 13:02:39.764, 3581979549886, vstest.console.dll, TestRunRequest:SendTestRunMessage: Starting.
TpTrace Verbose: 0 : 17752, 13, 2024/11/18, 13:02:39.764, 3581979552083, vstest.console.dll, MulticastDelegateUtilities.SafeInvoke: TestRun.LogMessages: Invoking callback 1/1 for Microsoft.VisualStudio.TestPlatform.CommandLine.TestRunResultAggregator., took 0 ms.
TpTrace Verbose: 0 : 17752, 4, 2024/11/18, 13:02:39.764, 3581979552215, vstest.console.dll, MulticastDelegateUtilities.SafeInvoke: InternalTestLoggerEvents.SendTestRunMessage: Invoking callback 1/1 for Microsoft.VisualStudio.TestPlatform.CommandLine.Internal.ConsoleLogger., took 0 ms.
TpTrace Information: 0 : 17752, 13, 2024/11/18, 13:02:39.764, 3581979552882, vstest.console.dll, TestRunRequest:SendTestRunMessage: Completed.
TpTrace Verbose: 0 : 17752, 13, 2024/11/18, 13:02:39.764, 3581979554957, vstest.console.dll, MulticastDelegateUtilities.SafeInvoke: LengthPrefixCommunicationChannel: MessageReceived: Invoking callback 1/1 for Microsoft.VisualStudio.TestPlatform.CommunicationUtilities.TestRequestSender+<>c__DisplayClass34_0., took 3 ms.
TpTrace Verbose: 0 : 17752, 13, 2024/11/18, 13:02:39.764, 3581979555866, vstest.console.dll, TcpClientExtensions.MessageLoopAsync: Polling on remoteEndPoint: 127.0.0.1:63624 localEndPoint: 127.0.0.1:63623 after 10 ms
TpTrace Verbose: 0 : 17752, 5, 2024/11/18, 13:02:39.773, 3581979646695, vstest.console.dll, TestRequestSender.StartTestRun: Sending test run with message: {"Version":7,"MessageType":"TestExecution.StartWithSources","Payload":{"AdapterSourceMap":{"_none_":["C:\\Users\\sandeep.kumar\\source\\repos\\EShoppingApp\\EShoppingTest\\bin\\Debug\\net8.0\\fine-code-coverage\\build-output\\EShoppingTest.dll"]},"RunSettings":"<RunSettings>\r\n  <RunConfiguration>\r\n    <ResultsDirectory>C:\\Users\\sandeep.kumar\\source\\repos\\EShoppingApp\\EShoppingTest\\bin\\Debug\\net8.0\\fine-code-coverage\\coverage-tool-output</ResultsDirectory>\r\n    <TargetFrameworkVersion>.NETCoreApp,Version=v8.0</TargetFrameworkVersion>\r\n    <DesignMode>False</DesignMode>\r\n    <CollectSourceInformation>False</CollectSourceInformation>\r\n  </RunConfiguration>\r\n  <LoggerRunSettings>\r\n    <Loggers>\r\n      <Logger friendlyName=\"blame\" enabled=\"True\" />\r\n      <Logger friendlyName=\"Console\" uri=\"logger://microsoft/TestPlatform/ConsoleLogger/v1\" assemblyQualifiedName=\"Microsoft.VisualStudio.TestPlatform.CommandLine.Internal.ConsoleLogger, vstest.console, Version=15.0.0.0, Culture=neutral, PublicKeyToken=b03f5f7f11d50a3a\" codeBase=\"C:\\Program Files\\dotnet\\sdk\\8.0.403\\vstest.console.dll\" enabled=\"True\" />\r\n    </Loggers>\r\n  </LoggerRunSettings>\r\n  <DataCollectionRunSettings>\r\n    <DataCollectors>\r\n      <DataCollector friendlyName=\"blame\" enabled=\"True\">\r\n        <Configuration>\r\n          <ResultsDirectory>C:\\Users\\sandeep.kumar\\source\\repos\\EShoppingApp\\EShoppingTest\\bin\\Debug\\net8.0\\fine-code-coverage\\coverage-tool-output</ResultsDirectory>\r\n        </Configuration>\r\n      </DataCollector>\r\n    </DataCollectors>\r\n  </DataCollectionRunSettings>\r\n</RunSettings>","TestExecutionContext":{"FrequencyOfRunStatsChangeEvent":10,"RunStatsChangeEventTimeout":"00:00:01.5000000","InIsolation":false,"KeepAlive":false,"AreTestCaseLevelEventsRequired":false,"IsDebug":false,"TestCaseFilter":null,"FilterOptions":null},"Package":null}}
TpTrace Verbose: 0 : 17752, 5, 2024/11/18, 13:02:39.774, 3581979650349, vstest.console.dll, ParallelProxyExecutionManager.StartTestRunOnConcurrentManager: Execution started. Started clients: 1
TpTrace Verbose: 0 : 17752, 13, 2024/11/18, 13:02:40.025, 3581982160857, vstest.console.dll, TcpClientExtensions.MessageLoopAsync: NotifyDataAvailable remoteEndPoint: 127.0.0.1:63624 localEndPoint: 127.0.0.1:63623
TpTrace Verbose: 0 : 17752, 13, 2024/11/18, 13:02:40.025, 3581982163203, vstest.console.dll, TestRequestSender.OnExecutionMessageReceived: Received message: {"Version":7,"MessageType":"TestSession.Message","Payload":{"MessageLevel":0,"Message":"NUnit Adapter 4.4.0.0: Test execution started"}}
TpTrace Verbose: 0 : 17752, 13, 2024/11/18, 13:02:40.025, 3581982166527, vstest.console.dll, TestRunRequest:SendTestRunMessage: Starting.
TpTrace Verbose: 0 : 17752, 13, 2024/11/18, 13:02:40.025, 3581982167858, vstest.console.dll, MulticastDelegateUtilities.SafeInvoke: TestRun.LogMessages: Invoking callback 1/1 for Microsoft.VisualStudio.TestPlatform.CommandLine.TestRunResultAggregator., took 0 ms.
TpTrace Verbose: 0 : 17752, 4, 2024/11/18, 13:02:40.025, 3581982168483, vstest.console.dll, MulticastDelegateUtilities.SafeInvoke: InternalTestLoggerEvents.SendTestRunMessage: Invoking callback 1/1 for Microsoft.VisualStudio.TestPlatform.CommandLine.Internal.ConsoleLogger., took 0 ms.
TpTrace Information: 0 : 17752, 13, 2024/11/18, 13:02:40.026, 3581982170162, vstest.console.dll, TestRunRequest:SendTestRunMessage: Completed.
TpTrace Verbose: 0 : 17752, 13, 2024/11/18, 13:02:40.026, 3581982172576, vstest.console.dll, MulticastDelegateUtilities.SafeInvoke: LengthPrefixCommunicationChannel: MessageReceived: Invoking callback 1/1 for Microsoft.VisualStudio.TestPlatform.CommunicationUtilities.TestRequestSender+<>c__DisplayClass34_0., took 0 ms.
TpTrace Verbose: 0 : 17752, 13, 2024/11/18, 13:02:40.026, 3581982173576, vstest.console.dll, TcpClientExtensions.MessageLoopAsync: Polling on remoteEndPoint: 127.0.0.1:63624 localEndPoint: 127.0.0.1:63623 after 261 ms
TpTrace Verbose: 0 : 17752, 13, 2024/11/18, 13:02:40.057, 3581982488756, vstest.console.dll, TcpClientExtensions.MessageLoopAsync: NotifyDataAvailable remoteEndPoint: 127.0.0.1:63624 localEndPoint: 127.0.0.1:63623
TpTrace Verbose: 0 : 17752, 13, 2024/11/18, 13:02:40.058, 3581982490714, vstest.console.dll, TestRequestSender.OnExecutionMessageReceived: Received message: {"Version":7,"MessageType":"TestSession.Message","Payload":{"MessageLevel":0,"Message":"Running all tests in C:\\Users\\sandeep.kumar\\source\\repos\\EShoppingApp\\EShoppingTest\\bin\\Debug\\net8.0\\fine-code-coverage\\build-output\\EShoppingTest.dll"}}
TpTrace Verbose: 0 : 17752, 13, 2024/11/18, 13:02:40.058, 3581982492095, vstest.console.dll, TestRunRequest:SendTestRunMessage: Starting.
TpTrace Verbose: 0 : 17752, 13, 2024/11/18, 13:02:40.058, 3581982492905, vstest.console.dll, MulticastDelegateUtilities.SafeInvoke: TestRun.LogMessages: Invoking callback 1/1 for Microsoft.VisualStudio.TestPlatform.CommandLine.TestRunResultAggregator., took 0 ms.
TpTrace Information: 0 : 17752, 13, 2024/11/18, 13:02:40.058, 3581982493360, vstest.console.dll, TestRunRequest:SendTestRunMessage: Completed.
TpTrace Verbose: 0 : 17752, 13, 2024/11/18, 13:02:40.058, 3581982493836, vstest.console.dll, MulticastDelegateUtilities.SafeInvoke: LengthPrefixCommunicationChannel: MessageReceived: Invoking callback 1/1 for Microsoft.VisualStudio.TestPlatform.CommunicationUtilities.TestRequestSender+<>c__DisplayClass34_0., took 0 ms.
TpTrace Verbose: 0 : 17752, 4, 2024/11/18, 13:02:40.058, 3581982493835, vstest.console.dll, MulticastDelegateUtilities.SafeInvoke: InternalTestLoggerEvents.SendTestRunMessage: Invoking callback 1/1 for Microsoft.VisualStudio.TestPlatform.CommandLine.Internal.ConsoleLogger., took 0 ms.
TpTrace Verbose: 0 : 17752, 13, 2024/11/18, 13:02:40.058, 3581982494295, vstest.console.dll, TcpClientExtensions.MessageLoopAsync: Polling on remoteEndPoint: 127.0.0.1:63624 localEndPoint: 127.0.0.1:63623 after 31 ms
TpTrace Verbose: 0 : 17752, 13, 2024/11/18, 13:02:40.231, 3581984225160, vstest.console.dll, TcpClientExtensions.MessageLoopAsync: NotifyDataAvailable remoteEndPoint: 127.0.0.1:63624 localEndPoint: 127.0.0.1:63623
TpTrace Verbose: 0 : 17752, 13, 2024/11/18, 13:02:40.231, 3581984227647, vstest.console.dll, TestRequestSender.OnExecutionMessageReceived: Received message: {"Version":7,"MessageType":"TestSession.Message","Payload":{"MessageLevel":0,"Message":"   NUnit3TestExecutor discovered 13 of 13 NUnit test cases using Current Discovery mode, Non-Explicit run"}}
TpTrace Verbose: 0 : 17752, 13, 2024/11/18, 13:02:40.232, 3581984229594, vstest.console.dll, TestRunRequest:SendTestRunMessage: Starting.
TpTrace Verbose: 0 : 17752, 13, 2024/11/18, 13:02:40.232, 3581984230642, vstest.console.dll, MulticastDelegateUtilities.SafeInvoke: TestRun.LogMessages: Invoking callback 1/1 for Microsoft.VisualStudio.TestPlatform.CommandLine.TestRunResultAggregator., took 0 ms.
TpTrace Information: 0 : 17752, 13, 2024/11/18, 13:02:40.232, 3581984231227, vstest.console.dll, TestRunRequest:SendTestRunMessage: Completed.
TpTrace Verbose: 0 : 17752, 4, 2024/11/18, 13:02:40.232, 3581984231525, vstest.console.dll, MulticastDelegateUtilities.SafeInvoke: InternalTestLoggerEvents.SendTestRunMessage: Invoking callback 1/1 for Microsoft.VisualStudio.TestPlatform.CommandLine.Internal.ConsoleLogger., took 0 ms.
TpTrace Verbose: 0 : 17752, 13, 2024/11/18, 13:02:40.232, 3581984231823, vstest.console.dll, MulticastDelegateUtilities.SafeInvoke: LengthPrefixCommunicationChannel: MessageReceived: Invoking callback 1/1 for Microsoft.VisualStudio.TestPlatform.CommunicationUtilities.TestRequestSender+<>c__DisplayClass34_0., took 0 ms.
TpTrace Verbose: 0 : 17752, 13, 2024/11/18, 13:02:40.232, 3581984235118, vstest.console.dll, TcpClientExtensions.MessageLoopAsync: Polling on remoteEndPoint: 127.0.0.1:63624 localEndPoint: 127.0.0.1:63623 after 173 ms
TpTrace Verbose: 0 : 17752, 13, 2024/11/18, 13:02:41.243, 3581994349471, vstest.console.dll, TcpClientExtensions.MessageLoopAsync: Polling on remoteEndPoint: 127.0.0.1:63624 localEndPoint: 127.0.0.1:63623 after 1011 ms
TpTrace Verbose: 0 : 17752, 13, 2024/11/18, 13:02:41.449, 3581996408892, vstest.console.dll, TcpClientExtensions.MessageLoopAsync: NotifyDataAvailable remoteEndPoint: 127.0.0.1:63624 localEndPoint: 127.0.0.1:63623
TpTrace Verbose: 0 : 17752, 13, 2024/11/18, 13:02:41.450, 3581996413287, vstest.console.dll, TestRequestSender.OnExecutionMessageReceived: Received message: {"Version":7,"MessageType":"TestExecution.StatsChange","Payload":{"NewTestResults":[{"TestCase":{"Id":"2d35ca4d-ee71-62bc-981a-9cdd9c8ba417","FullyQualifiedName":"EFCoreTest.UserRepositoryTest.TesGet","DisplayName":"TesGet","ExecutorUri":"executor://NUnit3TestExecutor","Source":"C:\\Users\\sandeep.kumar\\source\\repos\\EShoppingApp\\EShoppingTest\\bin\\Debug\\net8.0\\fine-code-coverage\\build-output\\EShoppingTest.dll","CodeFilePath":null,"LineNumber":0,"Properties":[{"Key":{"Id":"NUnit.Seed","Label":"Seed","Category":"","Description":"","Attributes":0,"ValueType":"System.String"},"Value":"814661421"}]},"Attachments":[],"Outcome":2,"ErrorMessage":"EShoppingApp.Exceptions.CouldNotAddException : Could not add User","ErrorStackTrace":"   at EFCoreFirstAPI.Repositories.UserRepository.Add(User entity) in C:\\Users\\sandeep.kumar\\source\\repos\\EShoppingApp\\EShoppingApp\\Repositories\\UserRepository.cs:line 30\r\n   at EFCoreTest.UserRepositoryTest.TesGet() in C:\\Users\\sandeep.kumar\\source\\repos\\EShoppingApp\\EShoppingTest\\UserRepositoryTest.cs:line 61\r\n   at NUnit.Framework.Internal.TaskAwaitAdapter.GenericAdapter`1.GetResult()\r\n   at NUnit.Framework.Internal.AsyncToSyncAdapter.Await(Func`1 invoke)\r\n   at NUnit.Framework.Internal.Commands.TestMethodCommand.RunTestMethod(TestExecutionContext context)\r\n   at NUnit.Framework.Internal.Commands.TestMethodCommand.Execute(TestExecutionContext context)\r\n   at NUnit.Framework.Internal.Commands.BeforeAndAfterTestCommand.<>c__DisplayClass1_0.<Execute>b__0()\r\n   at NUnit.Framework.Internal.Commands.DelegatingTestCommand.RunTestMethodInThreadAbortSafeZone(TestExecutionContext context, Action action)\n","DisplayName":"TesGet","Messages":[],"ComputerName":"5CD112KHSJ","Duration":"00:00:00.9261820","StartTime":"2024-11-18T07:32:40.2679148+00:00","EndTime":"2024-11-18T07:32:41.1939546+00:00","Properties":[{"Key":{"Id":"NUnit.Seed","Label":"Seed","Category":"","Description":"","Attributes":0,"ValueType":"System.String"},"Value":"814661421"}]},{"TestCase":{"Id":"ab9faae5-3e81-6884-8973-60d783bdae92","FullyQualifiedName":"EFCoreTest.UserRepositoryTest.TestAdd","DisplayName":"TestAdd","ExecutorUri":"executor://NUnit3TestExecutor","Source":"C:\\Users\\sandeep.kumar\\source\\repos\\EShoppingApp\\EShoppingTest\\bin\\Debug\\net8.0\\fine-code-coverage\\build-output\\EShoppingTest.dll","CodeFilePath":null,"LineNumber":0,"Properties":[{"Key":{"Id":"NUnit.Seed","Label":"Seed","Category":"","Description":"","Attributes":0,"ValueType":"System.String"},"Value":"151957517"}]},"Attachments":[],"Outcome":2,"ErrorMessage":"EShoppingApp.Exceptions.CouldNotAddException : Could not add User","ErrorStackTrace":"   at EFCoreFirstAPI.Repositories.UserRepository.Add(User entity) in C:\\Users\\sandeep.kumar\\source\\repos\\EShoppingApp\\EShoppingApp\\Repositories\\UserRepository.cs:line 30\r\n   at EFCoreTest.UserRepositoryTest.TestAdd() in C:\\Users\\sandeep.kumar\\source\\repos\\EShoppingApp\\EShoppingTest\\UserRepositoryTest.cs:line 46\r\n   at NUnit.Framework.Internal.TaskAwaitAdapter.GenericAdapter`1.GetResult()\r\n   at NUnit.Framework.Internal.AsyncToSyncAdapter.Await(Func`1 invoke)\r\n   at NUnit.Framework.Internal.Commands.TestMethodCommand.RunTestMethod(TestExecutionContext context)\r\n   at NUnit.Framework.Internal.Commands.TestMethodCommand.Execute(TestExecutionContext context)\r\n   at NUnit.Framework.Internal.Commands.BeforeAndAfterTestCommand.<>c__DisplayClass1_0.<Execute>b__0()\r\n   at NUnit.Framework.Internal.Commands.DelegatingTestCommand.RunTestMethodInThreadAbortSafeZone(TestExecutionContext context, Action action)\n","DisplayName":"TestAdd","Messages":[],"ComputerName":"5CD112KHSJ","Duration":"00:00:00.0440470","StartTime":"2024-11-18T07:32:41.1960947+00:00","EndTime":"2024-11-18T07:32:41.2401414+00:00","Properties":[{"Key":{"Id":"NUnit.Seed","Label":"Seed","Category":"","Description":"","Attributes":0,"ValueType":"System.String"},"Value":"151957517"}]},{"TestCase":{"Id":"168f5e12-37b9-ac99-490b-98fd671407d5","FullyQualifiedName":"EShoppingTest.CustomerRepositoryTest.Add_ShouldAddCustomer","DisplayName":"Add_ShouldAddCustomer","ExecutorUri":"executor://NUnit3TestExecutor","Source":"C:\\Users\\sandeep.kumar\\source\\repos\\EShoppingApp\\EShoppingTest\\bin\\Debug\\net8.0\\fine-code-coverage\\build-output\\EShoppingTest.dll","CodeFilePath":null,"LineNumber":0,"Properties":[{"Key":{"Id":"NUnit.Seed","Label":"Seed","Category":"","Description":"","Attributes":0,"ValueType":"System.String"},"Value":"1081405782"}]},"Attachments":[],"Outcome":2,"ErrorMessage":"EShoppingApp.Exceptions.CouldNotAddException : Could not add Customer","ErrorStackTrace":"   at EShoppingApp.Repositories.CustomerRepository.Add(Customer entity) in C:\\Users\\sandeep.kumar\\source\\repos\\EShoppingApp\\EShoppingApp\\Repositories\\CustomerRepository.cs:line 31\r\n   at EShoppingTest.CustomerRepositoryTest.Add_ShouldAddCustomer() in C:\\Users\\sandeep.kumar\\source\\repos\\EShoppingApp\\EShoppingTest\\CustomerRepositoryTest.cs:line 52\r\n   at NUnit.Framework.Internal.TaskAwaitAdapter.GenericAdapter`1.GetResult()\r\n   at NUnit.Framework.Internal.AsyncToSyncAdapter.Await(Func`1 invoke)\r\n   at NUnit.Framework.Internal.Commands.TestMethodCommand.RunTestMethod(TestExecutionContext context)\r\n   at NUnit.Framework.Internal.Commands.TestMethodCommand.Execute(TestExecutionContext context)\r\n   at NUnit.Framework.Internal.Commands.BeforeAndAfterTestCommand.<>c__DisplayClass1_0.<Execute>b__0()\r\n   at NUnit.Framework.Internal.Commands.DelegatingTestCommand.RunTestMethodInThreadAbortSafeZone(TestExecutionContext context, Action action)\n","DisplayName":"Add_ShouldAddCustomer","Messages":[],"ComputerName":"5CD112KHSJ","Duration":"00:00:00.1223260","StartTime":"2024-11-18T07:32:41.243174+00:00","EndTime":"2024-11-18T07:32:41.3654987+00:00","Properties":[{"Key":{"Id":"NUnit.Seed","Label":"Seed","Category":"","Description":"","Attributes":0,"ValueType":"System.String"},"Value":"1081405782"}]}],"TestRunStatistics":{"ExecutedTests":3,"Stats":{"Failed":3}},"ActiveTests":[{"Id":"f5e5d1ad-30a3-0774-e627-4f05f9ca46ff","FullyQualifiedName":"EShoppingTest.OrderRepositoryTest.TestAddOrder","DisplayName":"TestAddOrder","ExecutorUri":"executor://NUnit3TestExecutor","Source":"C:\\Users\\sandeep.kumar\\source\\repos\\EShoppingApp\\EShoppingTest\\bin\\Debug\\net8.0\\fine-code-coverage\\build-output\\EShoppingTest.dll","CodeFilePath":null,"LineNumber":0,"Properties":[{"Key":{"Id":"NUnit.Seed","Label":"Seed","Category":"","Description":"","Attributes":0,"ValueType":"System.String"},"Value":"1263874014"}]}]}}
TpTrace Verbose: 0 : 17752, 13, 2024/11/18, 13:02:41.493, 3581996847184, vstest.console.dll, TestRunRequest:SendTestRunStatsChange: Starting.
TpTrace Verbose: 0 : 17752, 13, 2024/11/18, 13:02:41.494, 3581996849654, vstest.console.dll, InProgress is TestAddOrder
TpTrace Verbose: 0 : 17752, 13, 2024/11/18, 13:02:41.494, 3581996852264, vstest.console.dll, MulticastDelegateUtilities.SafeInvoke: TestRun.RunStatsChanged: Invoking callbacks was skipped because there are no subscribers.
TpTrace Information: 0 : 17752, 13, 2024/11/18, 13:02:41.494, 3581996853016, vstest.console.dll, TestRunRequest:SendTestRunStatsChange: Completed.
TpTrace Verbose: 0 : 17752, 13, 2024/11/18, 13:02:41.494, 3581996853616, vstest.console.dll, MulticastDelegateUtilities.SafeInvoke: LengthPrefixCommunicationChannel: MessageReceived: Invoking callback 1/1 for Microsoft.VisualStudio.TestPlatform.CommunicationUtilities.TestRequestSender+<>c__DisplayClass34_0., took 44 ms.
TpTrace Verbose: 0 : 17752, 13, 2024/11/18, 13:02:41.494, 3581996854210, vstest.console.dll, TcpClientExtensions.MessageLoopAsync: Polling on remoteEndPoint: 127.0.0.1:63624 localEndPoint: 127.0.0.1:63623 after 250 ms
TpTrace Verbose: 0 : 17752, 4, 2024/11/18, 13:02:41.497, 3581996889469, vstest.console.dll, MulticastDelegateUtilities.SafeInvoke: InternalTestLoggerEvents.SendTestResult: Invoking callback 1/1 for Microsoft.VisualStudio.TestPlatform.CommandLine.Internal.ConsoleLogger., took 3 ms.
TpTrace Verbose: 0 : 17752, 4, 2024/11/18, 13:02:41.498, 3581996898734, vstest.console.dll, MulticastDelegateUtilities.SafeInvoke: InternalTestLoggerEvents.SendTestResult: Invoking callback 1/1 for Microsoft.VisualStudio.TestPlatform.CommandLine.Internal.ConsoleLogger., took 0 ms.
TpTrace Verbose: 0 : 17752, 4, 2024/11/18, 13:02:41.499, 3581996902282, vstest.console.dll, MulticastDelegateUtilities.SafeInvoke: InternalTestLoggerEvents.SendTestResult: Invoking callback 1/1 for Microsoft.VisualStudio.TestPlatform.CommandLine.Internal.ConsoleLogger., took 0 ms.
TpTrace Verbose: 0 : 17752, 13, 2024/11/18, 13:02:41.842, 3582000334243, vstest.console.dll, TcpClientExtensions.MessageLoopAsync: NotifyDataAvailable remoteEndPoint: 127.0.0.1:63624 localEndPoint: 127.0.0.1:63623
TpTrace Verbose: 0 : 17752, 13, 2024/11/18, 13:02:41.842, 3582000339441, vstest.console.dll, TestRequestSender.OnExecutionMessageReceived: Received message: {"Version":7,"MessageType":"TestExecution.StatsChange","Payload":{"NewTestResults":[{"TestCase":{"Id":"f5e5d1ad-30a3-0774-e627-4f05f9ca46ff","FullyQualifiedName":"EShoppingTest.OrderRepositoryTest.TestAddOrder","DisplayName":"TestAddOrder","ExecutorUri":"executor://NUnit3TestExecutor","Source":"C:\\Users\\sandeep.kumar\\source\\repos\\EShoppingApp\\EShoppingTest\\bin\\Debug\\net8.0\\fine-code-coverage\\build-output\\EShoppingTest.dll","CodeFilePath":null,"LineNumber":0,"Properties":[{"Key":{"Id":"NUnit.Seed","Label":"Seed","Category":"","Description":"","Attributes":0,"ValueType":"System.String"},"Value":"1263874014"}]},"Attachments":[],"Outcome":1,"ErrorMessage":null,"ErrorStackTrace":null,"DisplayName":"TestAddOrder","Messages":[],"ComputerName":"5CD112KHSJ","Duration":"00:00:00.0598020","StartTime":"2024-11-18T07:32:41.3669819+00:00","EndTime":"2024-11-18T07:32:41.4267828+00:00","Properties":[{"Key":{"Id":"NUnit.Seed","Label":"Seed","Category":"","Description":"","Attributes":0,"ValueType":"System.String"},"Value":"1263874014"}]},{"TestCase":{"Id":"45d5986c-b230-f5fb-c39c-58341c58504d","FullyQualifiedName":"EShoppingTest.OrderRepositoryTest.TestDeleteOrder","DisplayName":"TestDeleteOrder","ExecutorUri":"executor://NUnit3TestExecutor","Source":"C:\\Users\\sandeep.kumar\\source\\repos\\EShoppingApp\\EShoppingTest\\bin\\Debug\\net8.0\\fine-code-coverage\\build-output\\EShoppingTest.dll","CodeFilePath":null,"LineNumber":0,"Properties":[{"Key":{"Id":"NUnit.Seed","Label":"Seed","Category":"","Description":"","Attributes":0,"ValueType":"System.String"},"Value":"1972034235"}]},"Attachments":[],"Outcome":1,"ErrorMessage":null,"ErrorStackTrace":null,"DisplayName":"TestDeleteOrder","Messages":[],"ComputerName":"5CD112KHSJ","Duration":"00:00:00.2638050","StartTime":"2024-11-18T07:32:41.4268172+00:00","EndTime":"2024-11-18T07:32:41.690622+00:00","Properties":[{"Key":{"Id":"NUnit.Seed","Label":"Seed","Category":"","Description":"","Attributes":0,"ValueType":"System.String"},"Value":"1972034235"}]},{"TestCase":{"Id":"440826e3-79d8-ec4c-9eb9-b697f52b8643","FullyQualifiedName":"EShoppingTest.OrderRepositoryTest.TestDeleteOrder_NotFound","DisplayName":"TestDeleteOrder_NotFound","ExecutorUri":"executor://NUnit3TestExecutor","Source":"C:\\Users\\sandeep.kumar\\source\\repos\\EShoppingApp\\EShoppingTest\\bin\\Debug\\net8.0\\fine-code-coverage\\build-output\\EShoppingTest.dll","CodeFilePath":null,"LineNumber":0,"Properties":[{"Key":{"Id":"NUnit.Seed","Label":"Seed","Category":"","Description":"","Attributes":0,"ValueType":"System.String"},"Value":"519359929"}]},"Attachments":[],"Outcome":1,"ErrorMessage":null,"ErrorStackTrace":null,"DisplayName":"TestDeleteOrder_NotFound","Messages":[],"ComputerName":"5CD112KHSJ","Duration":"00:00:00.0098060","StartTime":"2024-11-18T07:32:41.6909891+00:00","EndTime":"2024-11-18T07:32:41.7007948+00:00","Properties":[{"Key":{"Id":"NUnit.Seed","Label":"Seed","Category":"","Description":"","Attributes":0,"ValueType":"System.String"},"Value":"519359929"}]},{"TestCase":{"Id":"c12fa16b-13a8-23c0-01c6-4b726e5cccab","FullyQualifiedName":"EShoppingTest.OrderRepositoryTest.TestGetOrder","DisplayName":"TestGetOrder","ExecutorUri":"executor://NUnit3TestExecutor","Source":"C:\\Users\\sandeep.kumar\\source\\repos\\EShoppingApp\\EShoppingTest\\bin\\Debug\\net8.0\\fine-code-coverage\\build-output\\EShoppingTest.dll","CodeFilePath":null,"LineNumber":0,"Properties":[{"Key":{"Id":"NUnit.Seed","Label":"Seed","Category":"","Description":"","Attributes":0,"ValueType":"System.String"},"Value":"236365120"}]},"Attachments":[],"Outcome":1,"ErrorMessage":null,"ErrorStackTrace":null,"DisplayName":"TestGetOrder","Messages":[],"ComputerName":"5CD112KHSJ","Duration":"00:00:00.0027540","StartTime":"2024-11-18T07:32:41.7056433+00:00","EndTime":"2024-11-18T07:32:41.7083971+00:00","Properties":[{"Key":{"Id":"NUnit.Seed","Label":"Seed","Category":"","Description":"","Attributes":0,"ValueType":"System.String"},"Value":"236365120"}]},{"TestCase":{"Id":"98af3719-2546-cbe4-30ae-b68efc189757","FullyQualifiedName":"EShoppingTest.OrderRepositoryTest.TestGetOrder_NotFound","DisplayName":"TestGetOrder_NotFound","ExecutorUri":"executor://NUnit3TestExecutor","Source":"C:\\Users\\sandeep.kumar\\source\\repos\\EShoppingApp\\EShoppingTest\\bin\\Debug\\net8.0\\fine-code-coverage\\build-output\\EShoppingTest.dll","CodeFilePath":null,"LineNumber":0,"Properties":[{"Key":{"Id":"NUnit.Seed","Label":"Seed","Category":"","Description":"","Attributes":0,"ValueType":"System.String"},"Value":"852033315"}]},"Attachments":[],"Outcome":1,"ErrorMessage":null,"ErrorStackTrace":null,"DisplayName":"TestGetOrder_NotFound","Messages":[],"ComputerName":"5CD112KHSJ","Duration":"00:00:00.0029910","StartTime":"2024-11-18T07:32:41.7089343+00:00","EndTime":"2024-11-18T07:32:41.7119255+00:00","Properties":[{"Key":{"Id":"NUnit.Seed","Label":"Seed","Category":"","Description":"","Attributes":0,"ValueType":"System.String"},"Value":"852033315"}]},{"TestCase":{"Id":"02e2ee11-69be-e313-6ce1-ad64ce7d9d61","FullyQualifiedName":"EShoppingTest.ProductControllerTest.AddProductTest","DisplayName":"AddProductTest","ExecutorUri":"executor://NUnit3TestExecutor","Source":"C:\\Users\\sandeep.kumar\\source\\repos\\EShoppingApp\\EShoppingTest\\bin\\Debug\\net8.0\\fine-code-coverage\\build-output\\EShoppingTest.dll","CodeFilePath":null,"LineNumber":0,"Properties":[{"Key":{"Id":"NUnit.Seed","Label":"Seed","Category":"","Description":"","Attributes":0,"ValueType":"System.String"},"Value":"1231469004"}]},"Attachments":[],"Outcome":1,"ErrorMessage":null,"ErrorStackTrace":null,"DisplayName":"AddProductTest","Messages":[],"ComputerName":"5CD112KHSJ","Duration":"00:00:00.0804190","StartTime":"2024-11-18T07:32:41.7125646+00:00","EndTime":"2024-11-18T07:32:41.7929831+00:00","Properties":[{"Key":{"Id":"NUnit.Seed","Label":"Seed","Category":"","Description":"","Attributes":0,"ValueType":"System.String"},"Value":"1231469004"}]},{"TestCase":{"Id":"978bb2f1-49b5-ce8e-d955-342abd5d57b4","FullyQualifiedName":"EShoppingTest.ProductRepositoryTest.TestAdd(\"TestAdd1\",120,4,\"\",\"Test description for Product\",1)","DisplayName":"TestAdd(\"TestAdd1\",120,4,\"\",\"Test description for Product\",1)","ExecutorUri":"executor://NUnit3TestExecutor","Source":"C:\\Users\\sandeep.kumar\\source\\repos\\EShoppingApp\\EShoppingTest\\bin\\Debug\\net8.0\\fine-code-coverage\\build-output\\EShoppingTest.dll","CodeFilePath":null,"LineNumber":0,"Properties":[{"Key":{"Id":"NUnit.Seed","Label":"Seed","Category":"","Description":"","Attributes":0,"ValueType":"System.String"},"Value":"1217072476"}]},"Attachments":[],"Outcome":2,"ErrorMessage":"  Expected: 1\r\n  But was:  2\r\n","ErrorStackTrace":"   at EShoppingTest.ProductRepositoryTest.TestAdd(String name, Single price, Int32 quantity, String image, String desc, Int32 id) in C:\\Users\\sandeep.kumar\\source\\repos\\EShoppingApp\\EShoppingTest\\ProductRepositoryTest.cs:line 55\r\n   at NUnit.Framework.Internal.TaskAwaitAdapter.GenericAdapter`1.GetResult()\r\n   at NUnit.Framework.Internal.AsyncToSyncAdapter.Await(Func`1 invoke)\r\n   at NUnit.Framework.Internal.Commands.TestMethodCommand.RunTestMethod(TestExecutionContext context)\r\n   at NUnit.Framework.Internal.Commands.TestMethodCommand.Execute(TestExecutionContext context)\r\n   at NUnit.Framework.Internal.Commands.BeforeAndAfterTestCommand.<>c__DisplayClass1_0.<Execute>b__0()\r\n   at NUnit.Framework.Internal.Commands.DelegatingTestCommand.RunTestMethodInThreadAbortSafeZone(TestExecutionContext context, Action action)\r\n\n1)    at EShoppingTest.ProductRepositoryTest.TestAdd(String name, Single price, Int32 quantity, String image, String desc, Int32 id) in C:\\Users\\sandeep.kumar\\source\\repos\\EShoppingApp\\EShoppingTest\\ProductRepositoryTest.cs:line 55\r\n   at System.Runtime.CompilerServices.AsyncMethodBuilderCore.Start[TStateMachine](TStateMachine& stateMachine)\r\n   at EShoppingTest.ProductRepositoryTest.TestAdd(String name, Single price, Int32 quantity, String image, String desc, Int32 id)\r\n\n","DisplayName":"TestAdd(\"TestAdd1\",120,4,\"\",\"Test description for Product\",1)","Messages":[],"ComputerName":"5CD112KHSJ","Duration":"00:00:00.0325950","StartTime":"2024-11-18T07:32:41.793208+00:00","EndTime":"2024-11-18T07:32:41.8258016+00:00","Properties":[{"Key":{"Id":"NUnit.Seed","Label":"Seed","Category":"","Description":"","Attributes":0,"ValueType":"System.String"},"Value":"1217072476"}]},{"TestCase":{"Id":"bab71c37-e291-bb0c-92b5-b473e2384ec0","FullyQualifiedName":"EShoppingTest.ProductRepositoryTest.TestAddException(\"TestAdd1\",120,4,\"\",\"Test description for Product\",1)","DisplayName":"TestAddException(\"TestAdd1\",120,4,\"\",\"Test description for Product\",1)","ExecutorUri":"executor://NUnit3TestExecutor","Source":"C:\\Users\\sandeep.kumar\\source\\repos\\EShoppingApp\\EShoppingTest\\bin\\Debug\\net8.0\\fine-code-coverage\\build-output\\EShoppingTest.dll","CodeFilePath":null,"LineNumber":0,"Properties":[{"Key":{"Id":"NUnit.Seed","Label":"Seed","Category":"","Description":"","Attributes":0,"ValueType":"System.String"},"Value":"392234896"}]},"Attachments":[],"Outcome":1,"ErrorMessage":null,"ErrorStackTrace":null,"DisplayName":"TestAddException(\"TestAdd1\",120,4,\"\",\"Test description for Product\",1)","Messages":[],"ComputerName":"5CD112KHSJ","Duration":"00:00:00.0029400","StartTime":"2024-11-18T07:32:41.8258881+00:00","EndTime":"2024-11-18T07:32:41.828827+00:00","Properties":[{"Key":{"Id":"NUnit.Seed","Label":"Seed","Category":"","Description":"","Attributes":0,"ValueType":"System.String"},"Value":"392234896"}]},{"TestCase":{"Id":"13e660d5-ad9b-3963-3b9a-4b829c800996","FullyQualifiedName":"EShoppingTest.ProductServiceTest.AddNewProductTest","DisplayName":"AddNewProductTest","ExecutorUri":"executor://NUnit3TestExecutor","Source":"C:\\Users\\sandeep.kumar\\source\\repos\\EShoppingApp\\EShoppingTest\\bin\\Debug\\net8.0\\fine-code-coverage\\build-output\\EShoppingTest.dll","CodeFilePath":null,"LineNumber":0,"Properties":[{"Key":{"Id":"NUnit.Seed","Label":"Seed","Category":"","Description":"","Attributes":0,"ValueType":"System.String"},"Value":"38755793"}]},"Attachments":[],"Outcome":1,"ErrorMessage":null,"ErrorStackTrace":null,"DisplayName":"AddNewProductTest","Messages":[],"ComputerName":"5CD112KHSJ","Duration":"00:00:00.0048800","StartTime":"2024-11-18T07:32:41.8315528+00:00","EndTime":"2024-11-18T07:32:41.8364324+00:00","Properties":[{"Key":{"Id":"NUnit.Seed","Label":"Seed","Category":"","Description":"","Attributes":0,"ValueType":"System.String"},"Value":"38755793"}]}],"TestRunStatistics":{"ExecutedTests":12,"Stats":{"Failed":4,"Passed":8}},"ActiveTests":[{"Id":"885d420d-43e0-bded-5daa-b581698aa62e","FullyQualifiedName":"EShoppingTest.Tests.Test1","DisplayName":"Test1","ExecutorUri":"executor://NUnit3TestExecutor","Source":"C:\\Users\\sandeep.kumar\\source\\repos\\EShoppingApp\\EShoppingTest\\bin\\Debug\\net8.0\\fine-code-coverage\\build-output\\EShoppingTest.dll","CodeFilePath":null,"LineNumber":0,"Properties":[{"Key":{"Id":"NUnit.Seed","Label":"Seed","Category":"","Description":"","Attributes":0,"ValueType":"System.String"},"Value":"1140241567"}]}]}}
TpTrace Verbose: 0 : 17752, 13, 2024/11/18, 13:02:41.846, 3582000376335, vstest.console.dll, TestRunRequest:SendTestRunStatsChange: Starting.
TpTrace Verbose: 0 : 17752, 13, 2024/11/18, 13:02:41.846, 3582000377958, vstest.console.dll, InProgress is Test1
TpTrace Verbose: 0 : 17752, 13, 2024/11/18, 13:02:41.846, 3582000379226, vstest.console.dll, MulticastDelegateUtilities.SafeInvoke: TestRun.RunStatsChanged: Invoking callbacks was skipped because there are no subscribers.
TpTrace Information: 0 : 17752, 13, 2024/11/18, 13:02:41.847, 3582000379821, vstest.console.dll, TestRunRequest:SendTestRunStatsChange: Completed.
TpTrace Verbose: 0 : 17752, 4, 2024/11/18, 13:02:41.847, 3582000379900, vstest.console.dll, MulticastDelegateUtilities.SafeInvoke: InternalTestLoggerEvents.SendTestResult: Invoking callback 1/1 for Microsoft.VisualStudio.TestPlatform.CommandLine.Internal.ConsoleLogger., took 0 ms.
TpTrace Verbose: 0 : 17752, 13, 2024/11/18, 13:02:41.847, 3582000380447, vstest.console.dll, MulticastDelegateUtilities.SafeInvoke: LengthPrefixCommunicationChannel: MessageReceived: Invoking callback 1/1 for Microsoft.VisualStudio.TestPlatform.CommunicationUtilities.TestRequestSender+<>c__DisplayClass34_0., took 4 ms.
TpTrace Verbose: 0 : 17752, 4, 2024/11/18, 13:02:41.847, 3582000381629, vstest.console.dll, MulticastDelegateUtilities.SafeInvoke: InternalTestLoggerEvents.SendTestResult: Invoking callback 1/1 for Microsoft.VisualStudio.TestPlatform.CommandLine.Internal.ConsoleLogger., took 0 ms.
TpTrace Verbose: 0 : 17752, 13, 2024/11/18, 13:02:41.847, 3582000382478, vstest.console.dll, TcpClientExtensions.MessageLoopAsync: Polling on remoteEndPoint: 127.0.0.1:63624 localEndPoint: 127.0.0.1:63623 after 352 ms
TpTrace Verbose: 0 : 17752, 4, 2024/11/18, 13:02:41.847, 3582000383228, vstest.console.dll, MulticastDelegateUtilities.SafeInvoke: InternalTestLoggerEvents.SendTestResult: Invoking callback 1/1 for Microsoft.VisualStudio.TestPlatform.CommandLine.Internal.ConsoleLogger., took 0 ms.
TpTrace Verbose: 0 : 17752, 4, 2024/11/18, 13:02:41.847, 3582000384495, vstest.console.dll, MulticastDelegateUtilities.SafeInvoke: InternalTestLoggerEvents.SendTestResult: Invoking callback 1/1 for Microsoft.VisualStudio.TestPlatform.CommandLine.Internal.ConsoleLogger., took 0 ms.
TpTrace Verbose: 0 : 17752, 4, 2024/11/18, 13:02:41.847, 3582000385091, vstest.console.dll, MulticastDelegateUtilities.SafeInvoke: InternalTestLoggerEvents.SendTestResult: Invoking callback 1/1 for Microsoft.VisualStudio.TestPlatform.CommandLine.Internal.ConsoleLogger., took 0 ms.
TpTrace Verbose: 0 : 17752, 4, 2024/11/18, 13:02:41.847, 3582000385730, vstest.console.dll, MulticastDelegateUtilities.SafeInvoke: InternalTestLoggerEvents.SendTestResult: Invoking callback 1/1 for Microsoft.VisualStudio.TestPlatform.CommandLine.Internal.ConsoleLogger., took 0 ms.
TpTrace Verbose: 0 : 17752, 4, 2024/11/18, 13:02:41.847, 3582000388875, vstest.console.dll, MulticastDelegateUtilities.SafeInvoke: InternalTestLoggerEvents.SendTestResult: Invoking callback 1/1 for Microsoft.VisualStudio.TestPlatform.CommandLine.Internal.ConsoleLogger., took 0 ms.
TpTrace Verbose: 0 : 17752, 4, 2024/11/18, 13:02:41.848, 3582000389699, vstest.console.dll, MulticastDelegateUtilities.SafeInvoke: InternalTestLoggerEvents.SendTestResult: Invoking callback 1/1 for Microsoft.VisualStudio.TestPlatform.CommandLine.Internal.ConsoleLogger., took 0 ms.
TpTrace Verbose: 0 : 17752, 4, 2024/11/18, 13:02:41.848, 3582000390741, vstest.console.dll, MulticastDelegateUtilities.SafeInvoke: InternalTestLoggerEvents.SendTestResult: Invoking callback 1/1 for Microsoft.VisualStudio.TestPlatform.CommandLine.Internal.ConsoleLogger., took 0 ms.
TpTrace Verbose: 0 : 17752, 13, 2024/11/18, 13:02:41.864, 3582000551097, vstest.console.dll, TcpClientExtensions.MessageLoopAsync: NotifyDataAvailable remoteEndPoint: 127.0.0.1:63624 localEndPoint: 127.0.0.1:63623
TpTrace Verbose: 0 : 17752, 13, 2024/11/18, 13:02:41.864, 3582000555133, vstest.console.dll, TestRequestSender.OnExecutionMessageReceived: Received message: {"Version":7,"MessageType":"TestSession.Message","Payload":{"MessageLevel":0,"Message":"NUnit Adapter 4.4.0.0: Test execution complete"}}
TpTrace Verbose: 0 : 17752, 13, 2024/11/18, 13:02:41.864, 3582000559166, vstest.console.dll, TestRunRequest:SendTestRunMessage: Starting.
TpTrace Verbose: 0 : 17752, 13, 2024/11/18, 13:02:41.865, 3582000560629, vstest.console.dll, MulticastDelegateUtilities.SafeInvoke: TestRun.LogMessages: Invoking callback 1/1 for Microsoft.VisualStudio.TestPlatform.CommandLine.TestRunResultAggregator., took 0 ms.
TpTrace Verbose: 0 : 17752, 4, 2024/11/18, 13:02:41.865, 3582000561004, vstest.console.dll, MulticastDelegateUtilities.SafeInvoke: InternalTestLoggerEvents.SendTestRunMessage: Invoking callback 1/1 for Microsoft.VisualStudio.TestPlatform.CommandLine.Internal.ConsoleLogger., took 0 ms.
TpTrace Information: 0 : 17752, 13, 2024/11/18, 13:02:41.865, 3582000561403, vstest.console.dll, TestRunRequest:SendTestRunMessage: Completed.
TpTrace Verbose: 0 : 17752, 13, 2024/11/18, 13:02:41.865, 3582000563219, vstest.console.dll, MulticastDelegateUtilities.SafeInvoke: LengthPrefixCommunicationChannel: MessageReceived: Invoking callback 1/1 for Microsoft.VisualStudio.TestPlatform.CommunicationUtilities.TestRequestSender+<>c__DisplayClass34_0., took 0 ms.
TpTrace Verbose: 0 : 17752, 13, 2024/11/18, 13:02:41.865, 3582000563857, vstest.console.dll, TcpClientExtensions.MessageLoopAsync: Polling on remoteEndPoint: 127.0.0.1:63624 localEndPoint: 127.0.0.1:63623 after 18 ms
TpTrace Verbose: 0 : 17752, 13, 2024/11/18, 13:02:41.884, 3582000753454, vstest.console.dll, TcpClientExtensions.MessageLoopAsync: NotifyDataAvailable remoteEndPoint: 127.0.0.1:63624 localEndPoint: 127.0.0.1:63623
TpTrace Verbose: 0 : 17752, 13, 2024/11/18, 13:02:41.884, 3582000756329, vstest.console.dll, TestRequestSender.OnExecutionMessageReceived: Received message: {"Version":7,"MessageType":"TestExecution.Completed","Payload":{"TestRunCompleteArgs":{"TestRunStatistics":{"ExecutedTests":13,"Stats":{"Failed":4,"Passed":9}},"IsCanceled":false,"IsAborted":false,"Error":null,"AttachmentSets":[],"InvokedDataCollectors":[],"ElapsedTimeInRunningTests":"00:00:01.8859496","Metrics":{},"DiscoveredExtensions":{"TestDiscoverers":["NUnit.VisualStudio.TestAdapter.NUnit3TestDiscoverer, NUnit3.TestAdapter, Version=4.4.0.0, Culture=neutral, PublicKeyToken=4cb40d35494691ac"],"TestExecutors":["executor://NUnit3TestExecutor"],"TestExecutors2":[],"TestSettingsProviders":[]}},"LastRunTests":{"NewTestResults":[{"TestCase":{"Id":"885d420d-43e0-bded-5daa-b581698aa62e","FullyQualifiedName":"EShoppingTest.Tests.Test1","DisplayName":"Test1","ExecutorUri":"executor://NUnit3TestExecutor","Source":"C:\\Users\\sandeep.kumar\\source\\repos\\EShoppingApp\\EShoppingTest\\bin\\Debug\\net8.0\\fine-code-coverage\\build-output\\EShoppingTest.dll","CodeFilePath":null,"LineNumber":0,"Properties":[{"Key":{"Id":"NUnit.Seed","Label":"Seed","Category":"","Description":"","Attributes":0,"ValueType":"System.String"},"Value":"1140241567"}]},"Attachments":[],"Outcome":1,"ErrorMessage":null,"ErrorStackTrace":null,"DisplayName":"Test1","Messages":[],"ComputerName":"5CD112KHSJ","Duration":"00:00:00.0012510","StartTime":"2024-11-18T07:32:41.8366042+00:00","EndTime":"2024-11-18T07:32:41.8378553+00:00","Properties":[{"Key":{"Id":"NUnit.Seed","Label":"Seed","Category":"","Description":"","Attributes":0,"ValueType":"System.String"},"Value":"1140241567"}]}],"TestRunStatistics":{"ExecutedTests":13,"Stats":{"Failed":4,"Passed":9}},"ActiveTests":[]},"RunAttachments":[],"ExecutorUris":["executor://nunit3testexecutor/"]}}
TpTrace Verbose: 0 : 17752, 13, 2024/11/18, 13:02:41.884, 3582000757707, vstest.console.dll, TestRequestSender.EndSession: Sending end session.
TpTrace Verbose: 0 : 17752, 13, 2024/11/18, 13:02:41.885, 3582000760305, vstest.console.dll, ProxyOperationManager.Close: waiting for test host to exit for 100 ms
TpTrace Verbose: 0 : 17752, 7, 2024/11/18, 13:02:41.904, 3582000957095, vstest.console.dll, TestHostManagerCallbacks.StandardOutputReceivedCallback Test host standard output line: 
TpTrace Warning: 0 : 17752, 12, 2024/11/18, 13:02:41.904, 3582000957219, vstest.console.dll, TestHostManagerCallbacks.ErrorReceivedCallback Test host standard error line: 
TpTrace Verbose: 0 : 17752, 7, 2024/11/18, 13:02:41.922, 3582001135047, vstest.console.dll, TestHostProvider.ExitCallBack: Host exited starting callback.
TpTrace Information: 0 : 17752, 7, 2024/11/18, 13:02:41.922, 3582001137334, vstest.console.dll, TestHostManagerCallbacks.ExitCallBack: Testhost processId: 18408 exited with exitcode: 0 error: ''
TpTrace Verbose: 0 : 17752, 7, 2024/11/18, 13:02:41.922, 3582001138193, vstest.console.dll, DotnetTestHostManager.OnHostExited: invoking OnHostExited callback
TpTrace Verbose: 0 : 17752, 7, 2024/11/18, 13:02:41.922, 3582001139001, vstest.console.dll, CrossPlatEngine.TestHostManagerHostExited: calling on client process exit callback.
TpTrace Information: 0 : 17752, 7, 2024/11/18, 13:02:41.923, 3582001139808, vstest.console.dll, TestRequestSender.OnClientProcessExit: Test host process exited. Standard error: 
TpTrace Information: 0 : 17752, 7, 2024/11/18, 13:02:41.923, 3582001140379, vstest.console.dll, SocketServer.Stop: Stop server endPoint: 127.0.0.1:63623
TpTrace Information: 0 : 17752, 13, 2024/11/18, 13:02:41.923, 3582001140473, vstest.console.dll, SocketServer.Stop: Stop server endPoint: 127.0.0.1:63623
TpTrace Information: 0 : 17752, 7, 2024/11/18, 13:02:41.923, 3582001140814, vstest.console.dll, SocketServer.Stop: Cancellation requested. Stopping message loop.
TpTrace Information: 0 : 17752, 13, 2024/11/18, 13:02:41.923, 3582001142606, vstest.console.dll, SocketServer.Stop: Cancellation requested. Stopping message loop.
TpTrace Information: 0 : 17752, 13, 2024/11/18, 13:02:41.923, 3582001145167, vstest.console.dll, Closing the connection
TpTrace Verbose: 0 : 17752, 7, 2024/11/18, 13:02:41.923, 3582001145613, vstest.console.dll, MulticastDelegateUtilities.SafeInvoke: HostProviderEvents.OnHostExited: Invoking callback 1/1 for Microsoft.VisualStudio.TestPlatform.CrossPlatEngine.Client.ProxyOperationManager., took 0 ms.
TpTrace Verbose: 0 : 17752, 13, 2024/11/18, 13:02:41.923, 3582001148986, vstest.console.dll, ProxyDataCollectionManager.InvokeDataCollectionServiceAction: Starting.
TpTrace Information: 0 : 17752, 13, 2024/11/18, 13:02:41.924, 3582001149862, vstest.console.dll, ProxyDataCollectionManager.AfterTestRunEnd: Get attachment set and invoked data collectors processId: 17680 port: 63620
TpTrace Verbose: 0 : 17752, 13, 2024/11/18, 13:02:41.924, 3582001150721, vstest.console.dll, DataCollectionRequestSender.SendAfterTestRunStartAndGetResult: Send AfterTestRunEnd message with isCancelled: False
TpTrace Verbose: 0 : 17752, 13, 2024/11/18, 13:02:41.933, 3582001239697, vstest.console.dll, DataCollectionRequestSender.SendAfterTestRunStartAndGetResult: Received message: (DataCollection.AfterTestRunEndResult) -> {"MessageType":"DataCollection.AfterTestRunEndResult","Payload":{"AttachmentSets":[],"InvokedDataCollectors":[{"Uri":"datacollector://Microsoft/TestPlatform/Extensions/Blame/v1","FriendlyName":"Blame","AssemblyQualifiedName":"Microsoft.TestPlatform.Extensions.BlameDataCollector.BlameCollector, Microsoft.TestPlatform.Extensions.BlameDataCollector, Version=15.0.0.0, Culture=neutral, PublicKeyToken=b03f5f7f11d50a3a","FilePath":"C:\\Program Files\\dotnet\\sdk\\8.0.403\\Extensions\\Microsoft.TestPlatform.Extensions.BlameDataCollector.dll","HasAttachmentProcessor":false}],"Metrics":{}}}
TpTrace Information: 0 : 17752, 13, 2024/11/18, 13:02:41.940, 3582001309904, vstest.console.dll, ProxyDataCollectionManager.InvokeDataCollectionServiceAction: Completed.
TpTrace Warning: 0 : 17752, 10, 2024/11/18, 13:02:41.942, 3582001331074, vstest.console.dll, DataCollectionLauncher.ErrorReceivedCallback datacollector standard error line: 
TpTrace Information: 0 : 17752, 10, 2024/11/18, 13:02:41.958, 3582001497444, vstest.console.dll, DataCollectionLauncher.ExitCallBack: Data collector exited with exitcode: 0 error: ''
TpTrace Verbose: 0 : 17752, 13, 2024/11/18, 13:02:41.980, 3582001715884, vstest.console.dll, TestRunRequest:SendTestRunStatsChange: Starting.
TpTrace Verbose: 0 : 17752, 13, 2024/11/18, 13:02:41.980, 3582001717940, vstest.console.dll, MulticastDelegateUtilities.SafeInvoke: TestRun.RunStatsChanged: Invoking callbacks was skipped because there are no subscribers.
TpTrace Information: 0 : 17752, 13, 2024/11/18, 13:02:41.980, 3582001718630, vstest.console.dll, TestRunRequest:SendTestRunStatsChange: Completed.
TpTrace Verbose: 0 : 17752, 4, 2024/11/18, 13:02:41.980, 3582001718932, vstest.console.dll, MulticastDelegateUtilities.SafeInvoke: InternalTestLoggerEvents.SendTestResult: Invoking callback 1/1 for Microsoft.VisualStudio.TestPlatform.CommandLine.Internal.ConsoleLogger., took 0 ms.
TpTrace Verbose: 0 : 17752, 13, 2024/11/18, 13:02:41.981, 3582001726953, vstest.console.dll, ParallelProxyExecutionManager: HandlePartialRunComplete: Total workloads = 1, Total started clients = 1 Total completed clients = 1, Run complete = True, Run canceled: False.
TpTrace Verbose: 0 : 17752, 13, 2024/11/18, 13:02:41.981, 3582001727985, vstest.console.dll, ParallelProxyExecutionManager: HandlePartialRunComplete: All runs completed stopping all managers.
TpTrace Verbose: 0 : 17752, 13, 2024/11/18, 13:02:41.981, 3582001728634, vstest.console.dll, ParallelOperationManager.StopAllManagers: Stopping all managers.
TpTrace Verbose: 0 : 17752, 13, 2024/11/18, 13:02:41.981, 3582001729075, vstest.console.dll, ParallelOperationManager.ClearSlots: Clearing all slots. Slots should accept more work: False
TpTrace Verbose: 0 : 17752, 13, 2024/11/18, 13:02:41.982, 3582001729673, vstest.console.dll, ParallelOperationManager.SetOccupiedSlotCount: Setting slot counts AvailableSlotCount = 1, OccupiedSlotCount = 0.
TpTrace Verbose: 0 : 17752, 13, 2024/11/18, 13:02:41.982, 3582001730323, vstest.console.dll, Occupied slots:

TpTrace Verbose: 0 : 17752, 4, 2024/11/18, 13:02:41.990, 3582001813030, vstest.console.dll, MulticastDelegateUtilities.SafeInvoke: InternalTestLoggerEvents.SendTestRunComplete: Invoking callback 1/2 for Microsoft.TestPlatform.Extensions.BlameDataCollector.BlameLogger., took 0 ms.
TpTrace Verbose: 0 : 17752, 4, 2024/11/18, 13:02:41.996, 3582001873063, vstest.console.dll, MulticastDelegateUtilities.SafeInvoke: InternalTestLoggerEvents.SendTestRunComplete: Invoking callback 2/2 for Microsoft.VisualStudio.TestPlatform.CommandLine.Internal.ConsoleLogger., took 5 ms.
TpTrace Verbose: 0 : 17752, 13, 2024/11/18, 13:02:41.996, 3582001877248, vstest.console.dll, TestRunRequest:TestRunComplete: Starting. IsAborted:False IsCanceled:False.
TpTrace Verbose: 0 : 17752, 13, 2024/11/18, 13:02:41.997, 3582001880090, vstest.console.dll, ParallelOperationManager.DoActionOnAllManagers: Calling an action on all managers.
TpTrace Verbose: 0 : 17752, 13, 2024/11/18, 13:02:41.998, 3582001894909, vstest.console.dll, TestLoggerManager.HandleTestRunComplete: Ignoring as the object is disposed.
TpTrace Verbose: 0 : 17752, 13, 2024/11/18, 13:02:41.998, 3582001898610, vstest.console.dll, MulticastDelegateUtilities.SafeInvoke: TestRun.TestRunComplete: Invoking callback 1/2 for Microsoft.VisualStudio.TestPlatform.CommandLine.TestRunResultAggregator., took 0 ms.
TpTrace Verbose: 0 : 17752, 13, 2024/11/18, 13:02:41.999, 3582001900778, vstest.console.dll, MulticastDelegateUtilities.SafeInvoke: TestRun.TestRunComplete: Invoking callback 2/2 for Microsoft.VisualStudio.TestPlatform.CommandLine.Processors.RunTestsArgumentExecutor+TestRunRequestEventsRegistrar., took 0 ms.
TpTrace Information: 0 : 17752, 13, 2024/11/18, 13:02:41.999, 3582001902474, vstest.console.dll, TestRunRequest:TestRunComplete: Completed.
TpTrace Verbose: 0 : 17752, 1, 2024/11/18, 13:02:41.999, 3582001902625, vstest.console.dll, TestRunRequest.Dispose: Starting.
TpTrace Verbose: 0 : 17752, 13, 2024/11/18, 13:02:41.999, 3582001903360, vstest.console.dll, TestRequestSender.SetOperationComplete: Setting operation complete.
TpTrace Information: 0 : 17752, 1, 2024/11/18, 13:02:41.999, 3582001904277, vstest.console.dll, TestRunRequest.Dispose: Completed.
TpTrace Information: 0 : 17752, 13, 2024/11/18, 13:02:41.999, 3582001905095, vstest.console.dll, SocketServer.Stop: Stop server endPoint: 127.0.0.1:63623
TpTrace Information: 0 : 17752, 13, 2024/11/18, 13:02:41.999, 3582001905633, vstest.console.dll, SocketServer.Stop: Cancellation requested. Stopping message loop.
TpTrace Information: 0 : 17752, 1, 2024/11/18, 13:02:41.999, 3582001905836, vstest.console.dll, TestRequestManager.RunTests: run tests completed.
TpTrace Verbose: 0 : 17752, 13, 2024/11/18, 13:02:41.999, 3582001906130, vstest.console.dll, MulticastDelegateUtilities.SafeInvoke: LengthPrefixCommunicationChannel: MessageReceived: Invoking callback 1/1 for Microsoft.VisualStudio.TestPlatform.CommunicationUtilities.TestRequestSender+<>c__DisplayClass34_0., took 115 ms.
TpTrace Information: 0 : 17752, 1, 2024/11/18, 13:02:41.999, 3582001907060, vstest.console.dll, RunTestsArgumentProcessor:Execute: Test run is completed.
TpTrace Information: 0 : 17752, 13, 2024/11/18, 13:02:41.999, 3582001907138, vstest.console.dll, SocketServer.PrivateStop: Stopping server endPoint: 127.0.0.1:63623 error: 
TpTrace Verbose: 0 : 17752, 1, 2024/11/18, 13:02:42.000, 3582001910544, vstest.console.dll, Executor.Execute: Exiting with exit code of 1
TpTrace Verbose: 0 : 17752, 13, 2024/11/18, 13:02:42.000, 3582001912617, vstest.console.dll, LengthPrefixCommunicationChannel.Dispose: Dispose reader and writer.
TpTrace Information: 0 : 17752, 13, 2024/11/18, 13:02:42.000, 3582001913895, vstest.console.dll, SocketServer.Stop: Raise disconnected event endPoint: 127.0.0.1:63623 error: 
TpTrace Verbose: 0 : 17752, 13, 2024/11/18, 13:02:42.000, 3582001915308, vstest.console.dll, TestRequestSender: OnTestRunAbort: Operation is already complete. Skip error message.
